[    77.808] (--) Log file renamed from "/home/hubbi/.local/share/xorg/Xorg.pid-2230.log" to "/home/hubbi/.local/share/xorg/Xorg.0.log"
[    77.809] 
X.Org X Server 1.19.6
Release Date: 2017-12-20
[    77.809] X Protocol Version 11, Revision 0
[    77.809] Build Operating System: Linux 4.4.0-119-generic x86_64 Ubuntu
[    77.809] Current Operating System: Linux bionic-nexus 4.15.0-20-generic #21-Ubuntu SMP Tue Apr 24 06:16:15 UTC 2018 x86_64
[    77.809] Kernel command line: BOOT_IMAGE=/boot/vmlinuz-4.15.0-20-generic root=UUID=6cdee300-87ec-4dce-b53f-e7def69a62b4 ro quiet splash vt.handoff=1
[    77.809] Build Date: 13 April 2018  08:07:36PM
[    77.809] xorg-server 2:1.19.6-1ubuntu4 (For technical support please see http://www.ubuntu.com/support) 
[    77.809] Current version of pixman: 0.34.0
[    77.809] 	Before reporting problems, check http://wiki.x.org
	to make sure that you have the latest version.
[    77.809] Markers: (--) probed, (**) from config file, (==) default setting,
	(++) from command line, (!!) notice, (II) informational,
	(WW) warning, (EE) error, (NI) not implemented, (??) unknown.
[    77.809] (==) Log file: "/home/hubbi/.local/share/xorg/Xorg.0.log", Time: Thu May 24 21:20:14 2018
[    77.870] (==) Using system config directory "/usr/share/X11/xorg.conf.d"
[    77.870] (==) No Layout section.  Using the first Screen section.
[    77.870] (==) No screen section available. Using defaults.
[    77.870] (**) |-->Screen "Default Screen Section" (0)
[    77.870] (**) |   |-->Monitor "<default monitor>"
[    77.871] (==) No monitor specified for screen "Default Screen Section".
	Using a default monitor configuration.
[    77.871] (==) Automatically adding devices
[    77.871] (==) Automatically enabling devices
[    77.871] (==) Automatically adding GPU devices
[    77.871] (==) Automatically binding GPU devices
[    77.871] (==) Max clients allowed: 256, resource mask: 0x1fffff
[    77.871] (WW) The directory "/usr/share/fonts/X11/cyrillic" does not exist.
[    77.871] 	Entry deleted from font path.
[    77.871] (WW) The directory "/usr/share/fonts/X11/100dpi/" does not exist.
[    77.871] 	Entry deleted from font path.
[    77.871] (WW) The directory "/usr/share/fonts/X11/75dpi/" does not exist.
[    77.871] 	Entry deleted from font path.
[    77.871] (WW) The directory "/usr/share/fonts/X11/100dpi" does not exist.
[    77.871] 	Entry deleted from font path.
[    77.871] (WW) The directory "/usr/share/fonts/X11/75dpi" does not exist.
[    77.871] 	Entry deleted from font path.
[    77.871] (==) FontPath set to:
	/usr/share/fonts/X11/misc,
	/usr/share/fonts/X11/Type1,
	built-ins
[    77.871] (==) ModulePath set to "/usr/lib/xorg/modules"
[    77.871] (II) The server relies on udev to provide the list of input devices.
	If no devices become available, reconfigure udev or disable AutoAddDevices.
[    77.871] (II) Loader magic: 0x564e4b3b2020
[    77.871] (II) Module ABI versions:
[    77.871] 	X.Org ANSI C Emulation: 0.4
[    77.871] 	X.Org Video Driver: 23.0
[    77.871] 	X.Org XInput driver : 24.1
[    77.871] 	X.Org Server Extension : 10.0
[    77.872] (++) using VT number 2

[    77.874] (II) systemd-logind: took control of session /org/freedesktop/login1/session/_33
[    77.875] (II) xfree86: Adding drm device (/dev/dri/card0)
[    77.876] (II) systemd-logind: got fd for /dev/dri/card0 226:0 fd 12 paused 0
[    77.876] (II) xfree86: Adding drm device (/dev/dri/card1)
[    77.879] (II) systemd-logind: got fd for /dev/dri/card1 226:1 fd 13 paused 0
[    77.882] (--) PCI:*(0:0:2:0) 8086:1916:1043:1b1d rev 7, Mem @ 0xdd000000/16777216, 0xb0000000/268435456, I/O @ 0x0000f000/64, BIOS @ 0x????????/131072
[    77.882] (--) PCI: (0:1:0:0) 10de:1347:1043:1b1d rev 162, Mem @ 0xde000000/16777216, 0xc0000000/268435456, 0xd0000000/33554432, I/O @ 0x0000e000/128, BIOS @ 0x????????/524288
[    77.882] (II) LoadModule: "glx"
[    77.882] (II) Loading /usr/lib/xorg/modules/extensions/libglx.so
[    77.883] (II) Module glx: vendor="X.Org Foundation"
[    77.883] 	compiled for 1.19.6, module version = 1.0.0
[    77.883] 	ABI class: X.Org Server Extension, version 10.0
[    77.883] (==) Matched nouveau as autoconfigured driver 0
[    77.883] (==) Matched modesetting as autoconfigured driver 1
[    77.883] (==) Matched fbdev as autoconfigured driver 2
[    77.883] (==) Matched vesa as autoconfigured driver 3
[    77.883] (==) Assigned the driver to the xf86ConfigLayout
[    77.883] (II) LoadModule: "nouveau"
[    77.884] (II) Loading /usr/lib/xorg/modules/drivers/nouveau_drv.so
[    77.884] (II) Module nouveau: vendor="X.Org Foundation"
[    77.884] 	compiled for 1.19.3, module version = 1.0.15
[    77.884] 	Module class: X.Org Video Driver
[    77.884] 	ABI class: X.Org Video Driver, version 23.0
[    77.884] (II) LoadModule: "modesetting"
[    77.884] (II) Loading /usr/lib/xorg/modules/drivers/modesetting_drv.so
[    77.884] (II) Module modesetting: vendor="X.Org Foundation"
[    77.884] 	compiled for 1.19.6, module version = 1.19.6
[    77.884] 	Module class: X.Org Video Driver
[    77.884] 	ABI class: X.Org Video Driver, version 23.0
[    77.884] (II) LoadModule: "fbdev"
[    77.884] (II) Loading /usr/lib/xorg/modules/drivers/fbdev_drv.so
[    77.884] (II) Module fbdev: vendor="X.Org Foundation"
[    77.884] 	compiled for 1.19.3, module version = 0.4.4
[    77.884] 	Module class: X.Org Video Driver
[    77.884] 	ABI class: X.Org Video Driver, version 23.0
[    77.884] (II) LoadModule: "vesa"
[    77.885] (II) Loading /usr/lib/xorg/modules/drivers/vesa_drv.so
[    77.885] (II) Module vesa: vendor="X.Org Foundation"
[    77.885] 	compiled for 1.19.3, module version = 2.3.4
[    77.885] 	Module class: X.Org Video Driver
[    77.885] 	ABI class: X.Org Video Driver, version 23.0
[    77.885] (II) NOUVEAU driver Date:   Fri Apr 21 14:41:17 2017 -0400
[    77.885] (II) NOUVEAU driver for NVIDIA chipset families :
[    77.885] 	RIVA TNT        (NV04)
[    77.885] 	RIVA TNT2       (NV05)
[    77.885] 	GeForce 256     (NV10)
[    77.885] 	GeForce 2       (NV11, NV15)
[    77.885] 	GeForce 4MX     (NV17, NV18)
[    77.885] 	GeForce 3       (NV20)
[    77.885] 	GeForce 4Ti     (NV25, NV28)
[    77.885] 	GeForce FX      (NV3x)
[    77.885] 	GeForce 6       (NV4x)
[    77.885] 	GeForce 7       (G7x)
[    77.885] 	GeForce 8       (G8x)
[    77.885] 	GeForce GTX 200 (NVA0)
[    77.885] 	GeForce GTX 400 (NVC0)
[    77.885] (II) modesetting: Driver for Modesetting Kernel Drivers: kms
[    77.885] (II) FBDEV: driver for framebuffer: fbdev
[    77.885] (II) VESA: driver for VESA chipsets: vesa
[    77.885] xf86EnableIOPorts: failed to set IOPL for I/O (Operation not permitted)
[    77.885] (II) modeset(0): using drv /dev/dri/card0
[    77.885] (WW) Falling back to old probe method for fbdev
[    77.885] (II) Loading sub module "fbdevhw"
[    77.885] (II) LoadModule: "fbdevhw"
[    77.886] (II) Loading /usr/lib/xorg/modules/libfbdevhw.so
[    77.886] (II) Module fbdevhw: vendor="X.Org Foundation"
[    77.886] 	compiled for 1.19.6, module version = 0.0.2
[    77.886] 	ABI class: X.Org Video Driver, version 23.0
[    77.886] (EE) open /dev/fb0: Permission denied
[    77.886] (WW) Falling back to old probe method for vesa
[    77.886] (II) [drm] nouveau interface version: 1.3.1
[    77.886] (WW) VGA arbiter: cannot open kernel arbiter, no multi-card support
[    77.886] (II) modeset(0): Creating default Display subsection in Screen section
	"Default Screen Section" for depth/fbbpp 24/32
[    77.886] (==) modeset(0): Depth 24, (==) framebuffer bpp 32
[    77.886] (==) modeset(0): RGB weight 888
[    77.886] (==) modeset(0): Default visual is TrueColor
[    77.886] (II) Loading sub module "glamoregl"
[    77.886] (II) LoadModule: "glamoregl"
[    77.886] (II) Loading /usr/lib/xorg/modules/libglamoregl.so
[    77.891] (II) Module glamoregl: vendor="X.Org Foundation"
[    77.891] 	compiled for 1.19.6, module version = 1.0.0
[    77.891] 	ABI class: X.Org ANSI C Emulation, version 0.4
[    77.891] (II) glamor: OpenGL accelerated X.org driver based.
[    77.908] (II) glamor: EGL version 1.4 (DRI2):
[    77.912] (II) modeset(0): glamor initialized
[    77.915] (II) modeset(0): Output eDP-1 has no monitor section
[    77.915] (II) modeset(0): Output DP-1 has no monitor section
[    77.927] (II) modeset(0): Output HDMI-1 has no monitor section
[    77.938] (II) modeset(0): Output HDMI-2 has no monitor section
[    77.941] (II) modeset(0): EDID for output eDP-1
[    77.941] (II) modeset(0): Manufacturer: SHP  Model: 1442  Serial#: 0
[    77.941] (II) modeset(0): Year: 2015  Week: 23
[    77.941] (II) modeset(0): EDID Version: 1.4
[    77.941] (II) modeset(0): Digital Display Input
[    77.941] (II) modeset(0): 8 bits per channel
[    77.941] (II) modeset(0): Digital interface is DisplayPort
[    77.941] (II) modeset(0): Max Image Size [cm]: horiz.: 29  vert.: 17
[    77.941] (II) modeset(0): Gamma: 2.20
[    77.941] (II) modeset(0): No DPMS capabilities specified
[    77.941] (II) modeset(0): Supported color encodings: RGB 4:4:4 
[    77.941] (II) modeset(0): Default color space is primary color space
[    77.941] (II) modeset(0): First detailed timing is preferred mode
[    77.941] (II) modeset(0): Preferred mode is native pixel format and refresh rate
[    77.941] (II) modeset(0): redX: 0.640 redY: 0.329   greenX: 0.300 greenY: 0.600
[    77.941] (II) modeset(0): blueX: 0.149 blueY: 0.060   whiteX: 0.312 whiteY: 0.328
[    77.941] (II) modeset(0): Manufacturer's mask: 0
[    77.941] (II) modeset(0): Supported detailed timing:
[    77.941] (II) modeset(0): clock: 138.5 MHz   Image Size:  294 x 165 mm
[    77.941] (II) modeset(0): h_active: 1920  h_sync: 1968  h_sync_end 2000 h_blank_end 2080 h_border: 0
[    77.941] (II) modeset(0): v_active: 1080  v_sync: 1083  v_sync_end 1088 v_blanking: 1111 v_border: 0
[    77.941] (II) modeset(0): Supported detailed timing:
[    77.941] (II) modeset(0): clock: 110.9 MHz   Image Size:  294 x 165 mm
[    77.941] (II) modeset(0): h_active: 1920  h_sync: 1968  h_sync_end 2000 h_blank_end 2080 h_border: 0
[    77.941] (II) modeset(0): v_active: 1080  v_sync: 1083  v_sync_end 1088 v_blanking: 1111 v_border: 0
[    77.941] (II) modeset(0): Monitor name: LQ133M1JW14
[    77.941] (II) modeset(0): EDID (in hex):
[    77.941] (II) modeset(0): 	00ffffffffffff004d10421400000000
[    77.941] (II) modeset(0): 	17190104a51d117806de50a3544c9926
[    77.941] (II) modeset(0): 	0f505400000001010101010101010101
[    77.941] (II) modeset(0): 	0101010101011a3680a070381f403020
[    77.941] (II) modeset(0): 	350026a510000018542b80a070381f40
[    77.941] (II) modeset(0): 	3020350026a510000018000000100000
[    77.941] (II) modeset(0): 	000000000000000000000000000000fc
[    77.941] (II) modeset(0): 	004c513133334d314a5731340a2000df
[    77.941] (II) modeset(0): Printing probed modes for output eDP-1
[    77.941] (II) modeset(0): Modeline "1920x1080"x59.9  138.50  1920 1968 2000 2080  1080 1083 1088 1111 -hsync -vsync (66.6 kHz eP)
[    77.941] (II) modeset(0): Modeline "1920x1080"x48.0  110.92  1920 1968 2000 2080  1080 1083 1088 1111 -hsync -vsync (53.3 kHz e)
[    77.941] (II) modeset(0): Modeline "1680x1050"x60.0  146.25  1680 1784 1960 2240  1050 1053 1059 1089 -hsync +vsync (65.3 kHz d)
[    77.941] (II) modeset(0): Modeline "1680x1050"x59.9  119.00  1680 1728 1760 1840  1050 1053 1059 1080 +hsync -vsync (64.7 kHz d)
[    77.941] (II) modeset(0): Modeline "1600x1024"x60.2  103.12  1600 1600 1656 1664  1024 1024 1029 1030 +hsync +vsync (62.0 kHz d)
[    77.941] (II) modeset(0): Modeline "1400x1050"x60.0  122.00  1400 1488 1640 1880  1050 1052 1064 1082 +hsync +vsync (64.9 kHz d)
[    77.941] (II) modeset(0): Modeline "1600x900"x120.0  246.00  1600 1728 1900 2200  900 901 904 932 doublescan -hsync +vsync (111.8 kHz d)
[    77.941] (II) modeset(0): Modeline "1600x900"x119.9  186.50  1600 1624 1640 1680  900 901 904 926 doublescan +hsync -vsync (111.0 kHz d)
[    77.941] (II) modeset(0): Modeline "1600x900"x59.9  118.25  1600 1696 1856 2112  900 903 908 934 -hsync +vsync (56.0 kHz d)
[    77.941] (II) modeset(0): Modeline "1600x900"x59.8   97.50  1600 1648 1680 1760  900 903 908 926 +hsync -vsync (55.4 kHz d)
[    77.941] (II) modeset(0): Modeline "1280x1024"x60.0  108.00  1280 1328 1440 1688  1024 1025 1028 1066 +hsync +vsync (64.0 kHz d)
[    77.941] (II) modeset(0): Modeline "1440x900"x59.9  106.50  1440 1520 1672 1904  900 903 909 934 -hsync +vsync (55.9 kHz d)
[    77.941] (II) modeset(0): Modeline "1400x900"x60.0  103.50  1400 1480 1624 1848  900 903 913 934 -hsync +vsync (56.0 kHz d)
[    77.941] (II) modeset(0): Modeline "1400x900"x59.9   86.50  1400 1448 1480 1560  900 903 913 926 +hsync -vsync (55.4 kHz d)
[    77.941] (II) modeset(0): Modeline "1280x960"x60.0  108.00  1280 1376 1488 1800  960 961 964 1000 +hsync +vsync (60.0 kHz d)
[    77.941] (II) modeset(0): Modeline "1440x810"x120.0  198.12  1440 1548 1704 1968  810 811 814 839 doublescan -hsync +vsync (100.7 kHz d)
[    77.941] (II) modeset(0): Modeline "1440x810"x119.9  151.88  1440 1464 1480 1520  810 811 814 833 doublescan +hsync -vsync (99.9 kHz d)
[    77.941] (II) modeset(0): Modeline "1368x768"x59.9   85.25  1368 1440 1576 1784  768 771 781 798 -hsync +vsync (47.8 kHz d)
[    77.941] (II) modeset(0): Modeline "1368x768"x59.9   72.25  1368 1416 1448 1528  768 771 781 790 +hsync -vsync (47.3 kHz d)
[    77.941] (II) modeset(0): Modeline "1360x768"x59.8   84.75  1360 1432 1568 1776  768 771 781 798 -hsync +vsync (47.7 kHz d)
[    77.941] (II) modeset(0): Modeline "1360x768"x60.0   72.00  1360 1408 1440 1520  768 771 781 790 +hsync -vsync (47.4 kHz d)
[    77.941] (II) modeset(0): Modeline "1280x800"x120.0  174.25  1280 1380 1516 1752  800 801 804 829 doublescan -hsync +vsync (99.5 kHz d)
[    77.941] (II) modeset(0): Modeline "1280x800"x119.9  134.25  1280 1304 1320 1360  800 801 804 823 doublescan +hsync -vsync (98.7 kHz d)
[    77.941] (II) modeset(0): Modeline "1280x800"x59.8   83.50  1280 1352 1480 1680  800 803 809 831 -hsync +vsync (49.7 kHz d)
[    77.941] (II) modeset(0): Modeline "1280x800"x59.9   71.00  1280 1328 1360 1440  800 803 809 823 +hsync -vsync (49.3 kHz d)
[    77.941] (II) modeset(0): Modeline "1152x864"x60.0   81.62  1152 1216 1336 1520  864 865 868 895 -hsync +vsync (53.7 kHz d)
[    77.941] (II) modeset(0): Modeline "1280x720"x120.0  156.12  1280 1376 1512 1744  720 721 724 746 doublescan -hsync +vsync (89.5 kHz d)
[    77.941] (II) modeset(0): Modeline "1280x720"x120.0  120.75  1280 1304 1320 1360  720 721 724 740 doublescan +hsync -vsync (88.8 kHz d)
[    77.941] (II) modeset(0): Modeline "1280x720"x59.9   74.50  1280 1344 1472 1664  720 723 728 748 -hsync +vsync (44.8 kHz d)
[    77.941] (II) modeset(0): Modeline "1280x720"x59.7   63.75  1280 1328 1360 1440  720 723 728 741 +hsync -vsync (44.3 kHz d)
[    77.941] (II) modeset(0): Modeline "1024x768"x120.1  133.47  1024 1100 1212 1400  768 768 770 794 doublescan -hsync +vsync (95.3 kHz d)
[    77.941] (II) modeset(0): Modeline "1024x768"x60.0   65.00  1024 1048 1184 1344  768 771 777 806 -hsync -vsync (48.4 kHz d)
[    77.941] (II) modeset(0): Modeline "960x720"x120.0  117.00  960 1024 1128 1300  720 720 722 750 doublescan -hsync +vsync (90.0 kHz d)
[    77.941] (II) modeset(0): Modeline "928x696"x120.1  109.15  928 976 1088 1264  696 696 698 719 doublescan -hsync +vsync (86.4 kHz d)
[    77.941] (II) modeset(0): Modeline "896x672"x120.0  102.40  896 960 1060 1224  672 672 674 697 doublescan -hsync +vsync (83.7 kHz d)
[    77.941] (II) modeset(0): Modeline "1024x576"x119.9   98.50  1024 1092 1200 1376  576 577 580 597 doublescan -hsync +vsync (71.6 kHz d)
[    77.941] (II) modeset(0): Modeline "1024x576"x119.9   78.38  1024 1048 1064 1104  576 577 580 592 doublescan +hsync -vsync (71.0 kHz d)
[    77.941] (II) modeset(0): Modeline "1024x576"x59.9   46.50  1024 1064 1160 1296  576 579 584 599 -hsync +vsync (35.9 kHz d)
[    77.941] (II) modeset(0): Modeline "1024x576"x59.8   42.00  1024 1072 1104 1184  576 579 584 593 +hsync -vsync (35.5 kHz d)
[    77.941] (II) modeset(0): Modeline "960x600"x119.9   96.62  960 1028 1128 1296  600 601 604 622 doublescan -hsync +vsync (74.6 kHz d)
[    77.941] (II) modeset(0): Modeline "960x600"x120.0   77.00  960 984 1000 1040  600 601 604 617 doublescan +hsync -vsync (74.0 kHz d)
[    77.941] (II) modeset(0): Modeline "960x540"x119.9   86.50  960 1024 1124 1288  540 541 544 560 doublescan -hsync +vsync (67.2 kHz d)
[    77.941] (II) modeset(0): Modeline "960x540"x120.0   69.25  960 984 1000 1040  540 541 544 555 doublescan +hsync -vsync (66.6 kHz d)
[    77.941] (II) modeset(0): Modeline "960x540"x59.6   40.75  960 992 1088 1216  540 543 548 562 -hsync +vsync (33.5 kHz d)
[    77.941] (II) modeset(0): Modeline "960x540"x59.8   37.25  960 1008 1040 1120  540 543 548 556 +hsync -vsync (33.3 kHz d)
[    77.941] (II) modeset(0): Modeline "800x600"x120.0   81.00  800 832 928 1080  600 600 602 625 doublescan +hsync +vsync (75.0 kHz d)
[    77.941] (II) modeset(0): Modeline "800x600"x60.3   40.00  800 840 968 1056  600 601 605 628 +hsync +vsync (37.9 kHz d)
[    77.941] (II) modeset(0): Modeline "800x600"x56.2   36.00  800 824 896 1024  600 601 603 625 +hsync +vsync (35.2 kHz d)
[    77.941] (II) modeset(0): Modeline "840x525"x120.0   73.12  840 892 980 1120  525 526 529 544 doublescan -hsync +vsync (65.3 kHz d)
[    77.941] (II) modeset(0): Modeline "840x525"x119.8   59.50  840 864 880 920  525 526 529 540 doublescan +hsync -vsync (64.7 kHz d)
[    77.941] (II) modeset(0): Modeline "864x486"x59.9   32.50  864 888 968 1072  486 489 494 506 -hsync +vsync (30.3 kHz d)
[    77.941] (II) modeset(0): Modeline "864x486"x59.6   30.50  864 912 944 1024  486 489 494 500 +hsync -vsync (29.8 kHz d)
[    77.941] (II) modeset(0): Modeline "800x512"x120.3   51.56  800 800 828 832  512 512 514 515 doublescan +hsync +vsync (62.0 kHz d)
[    77.941] (II) modeset(0): Modeline "700x525"x120.0   61.00  700 744 820 940  525 526 532 541 doublescan +hsync +vsync (64.9 kHz d)
[    77.942] (II) modeset(0): Modeline "800x450"x119.9   59.12  800 848 928 1056  450 451 454 467 doublescan -hsync +vsync (56.0 kHz d)
[    77.942] (II) modeset(0): Modeline "800x450"x119.6   48.75  800 824 840 880  450 451 454 463 doublescan +hsync -vsync (55.4 kHz d)
[    77.942] (II) modeset(0): Modeline "640x512"x120.0   54.00  640 664 720 844  512 512 514 533 doublescan +hsync +vsync (64.0 kHz d)
[    77.942] (II) modeset(0): Modeline "720x450"x119.8   53.25  720 760 836 952  450 451 454 467 doublescan -hsync +vsync (55.9 kHz d)
[    77.942] (II) modeset(0): Modeline "700x450"x119.9   51.75  700 740 812 924  450 451 456 467 doublescan -hsync +vsync (56.0 kHz d)
[    77.942] (II) modeset(0): Modeline "700x450"x119.8   43.25  700 724 740 780  450 451 456 463 doublescan +hsync -vsync (55.4 kHz d)
[    77.942] (II) modeset(0): Modeline "640x480"x120.0   54.00  640 688 744 900  480 480 482 500 doublescan +hsync +vsync (60.0 kHz d)
[    77.942] (II) modeset(0): Modeline "640x480"x59.9   25.18  640 656 752 800  480 490 492 525 -hsync -vsync (31.5 kHz d)
[    77.942] (II) modeset(0): Modeline "720x405"x59.5   22.50  720 744 808 896  405 408 413 422 -hsync +vsync (25.1 kHz d)
[    77.942] (II) modeset(0): Modeline "720x405"x59.0   21.75  720 768 800 880  405 408 413 419 +hsync -vsync (24.7 kHz d)
[    77.942] (II) modeset(0): Modeline "684x384"x119.8   42.62  684 720 788 892  384 385 390 399 doublescan -hsync +vsync (47.8 kHz d)
[    77.942] (II) modeset(0): Modeline "684x384"x119.7   36.12  684 708 724 764  384 385 390 395 doublescan +hsync -vsync (47.3 kHz d)
[    77.942] (II) modeset(0): Modeline "680x384"x119.6   42.38  680 716 784 888  384 385 390 399 doublescan -hsync +vsync (47.7 kHz d)
[    77.942] (II) modeset(0): Modeline "680x384"x119.9   36.00  680 704 720 760  384 385 390 395 doublescan +hsync -vsync (47.4 kHz d)
[    77.942] (II) modeset(0): Modeline "640x400"x119.8   41.75  640 676 740 840  400 401 404 415 doublescan -hsync +vsync (49.7 kHz d)
[    77.942] (II) modeset(0): Modeline "640x400"x120.0   35.50  640 664 680 720  400 401 404 411 doublescan +hsync -vsync (49.3 kHz d)
[    77.942] (II) modeset(0): Modeline "576x432"x120.1   40.81  576 608 668 760  432 432 434 447 doublescan -hsync +vsync (53.7 kHz d)
[    77.942] (II) modeset(0): Modeline "640x360"x119.7   37.25  640 672 736 832  360 361 364 374 doublescan -hsync +vsync (44.8 kHz d)
[    77.942] (II) modeset(0): Modeline "640x360"x119.7   31.88  640 664 680 720  360 361 364 370 doublescan +hsync -vsync (44.3 kHz d)
[    77.942] (II) modeset(0): Modeline "640x360"x59.8   18.00  640 664 720 800  360 363 368 376 -hsync +vsync (22.5 kHz d)
[    77.942] (II) modeset(0): Modeline "640x360"x59.3   17.75  640 688 720 800  360 363 368 374 +hsync -vsync (22.2 kHz d)
[    77.942] (II) modeset(0): Modeline "512x384"x120.0   32.50  512 524 592 672  384 385 388 403 doublescan -hsync -vsync (48.4 kHz d)
[    77.942] (II) modeset(0): Modeline "512x288"x120.0   23.25  512 532 580 648  288 289 292 299 doublescan -hsync +vsync (35.9 kHz d)
[    77.942] (II) modeset(0): Modeline "512x288"x119.8   21.00  512 536 552 592  288 289 292 296 doublescan +hsync -vsync (35.5 kHz d)
[    77.942] (II) modeset(0): Modeline "480x270"x119.3   20.38  480 496 544 608  270 271 274 281 doublescan -hsync +vsync (33.5 kHz d)
[    77.942] (II) modeset(0): Modeline "480x270"x119.6   18.62  480 504 520 560  270 271 274 278 doublescan +hsync -vsync (33.3 kHz d)
[    77.942] (II) modeset(0): Modeline "400x300"x120.6   20.00  400 420 484 528  300 300 302 314 doublescan +hsync +vsync (37.9 kHz d)
[    77.942] (II) modeset(0): Modeline "400x300"x112.7   18.00  400 412 448 512  300 300 301 312 doublescan +hsync +vsync (35.2 kHz d)
[    77.942] (II) modeset(0): Modeline "432x243"x119.8   16.25  432 444 484 536  243 244 247 253 doublescan -hsync +vsync (30.3 kHz d)
[    77.942] (II) modeset(0): Modeline "432x243"x119.1   15.25  432 456 472 512  243 244 247 250 doublescan +hsync -vsync (29.8 kHz d)
[    77.942] (II) modeset(0): Modeline "320x240"x120.1   12.59  320 328 376 400  240 245 246 262 doublescan -hsync -vsync (31.5 kHz d)
[    77.942] (II) modeset(0): Modeline "360x202"x119.0   11.25  360 372 404 448  202 204 206 211 doublescan -hsync +vsync (25.1 kHz d)
[    77.942] (II) modeset(0): Modeline "360x202"x118.3   10.88  360 384 400 440  202 204 206 209 doublescan +hsync -vsync (24.7 kHz d)
[    77.942] (II) modeset(0): Modeline "320x180"x119.7    9.00  320 332 360 400  180 181 184 188 doublescan -hsync +vsync (22.5 kHz d)
[    77.942] (II) modeset(0): Modeline "320x180"x118.6    8.88  320 344 360 400  180 181 184 187 doublescan +hsync -vsync (22.2 kHz d)
[    77.942] (II) modeset(0): EDID for output DP-1
[    77.953] (II) modeset(0): EDID for output HDMI-1
[    77.965] (II) modeset(0): EDID for output HDMI-2
[    77.965] (II) modeset(0): Output eDP-1 connected
[    77.965] (II) modeset(0): Output DP-1 disconnected
[    77.965] (II) modeset(0): Output HDMI-1 disconnected
[    77.965] (II) modeset(0): Output HDMI-2 disconnected
[    77.965] (II) modeset(0): Using exact sizes for initial modes
[    77.965] (II) modeset(0): Output eDP-1 using initial mode 1920x1080 +0+0
[    77.965] (==) modeset(0): Using gamma correction (1.0, 1.0, 1.0)
[    77.965] (==) modeset(0): DPI set to (96, 96)
[    77.965] (II) Loading sub module "fb"
[    77.965] (II) LoadModule: "fb"
[    77.966] (II) Loading /usr/lib/xorg/modules/libfb.so
[    77.966] (II) Module fb: vendor="X.Org Foundation"
[    77.966] 	compiled for 1.19.6, module version = 1.0.0
[    77.966] 	ABI class: X.Org ANSI C Emulation, version 0.4
[    77.966] (II) Loading sub module "dri2"
[    77.966] (II) LoadModule: "dri2"
[    77.966] (II) Module "dri2" already built-in
[    77.967] (--) NOUVEAU(G0): Chipset: "NVIDIA NV118"
[    77.967] (==) NOUVEAU(G0): Depth 24, (--) framebuffer bpp 32
[    77.967] (==) NOUVEAU(G0): RGB weight 888
[    77.967] (==) NOUVEAU(G0): Default visual is TrueColor
[    77.967] (==) NOUVEAU(G0): Using HW cursor
[    77.967] (==) NOUVEAU(G0): Allowed maximum DRI level 2.
[    77.967] (==) NOUVEAU(G0): GLX sync to VBlank enabled.
[    77.967] (==) NOUVEAU(G0): Page flipping enabled
[    77.967] (==) NOUVEAU(G0): Swap limit set to 1 [Max allowed 2]
[    77.967] (==) NOUVEAU(G0): Page flipping synced to vblank by kernel.
[    77.967] (==) NOUVEAU(G0): Using gamma correction (1.0, 1.0, 1.0)
[    77.967] (--) NOUVEAU(G0): Virtual size is 1024x768 (pitch 0)
[    77.967] (**) NOUVEAU(G0):  Mode "1920x1080": 173.0 MHz (scaled from 0.0 MHz), 67.2 kHz, 60.0 Hz
[    77.967] (II) NOUVEAU(G0): Modeline "1920x1080"x60.0  173.00  1920 2048 2248 2576  1080 1083 1088 1120 -hsync +vsync (67.2 kHz)
[    77.967] (==) NOUVEAU(G0): DPI set to (96, 96)
[    77.967] (II) Loading sub module "fb"
[    77.967] (II) LoadModule: "fb"
[    77.968] (II) Loading /usr/lib/xorg/modules/libfb.so
[    77.968] (II) Module fb: vendor="X.Org Foundation"
[    77.968] 	compiled for 1.19.6, module version = 1.0.0
[    77.968] 	ABI class: X.Org ANSI C Emulation, version 0.4
[    77.968] (II) Loading sub module "shadowfb"
[    77.968] (II) LoadModule: "shadowfb"
[    77.968] (II) Loading /usr/lib/xorg/modules/libshadowfb.so
[    77.969] (II) Module shadowfb: vendor="X.Org Foundation"
[    77.969] 	compiled for 1.19.6, module version = 1.0.0
[    77.969] 	ABI class: X.Org ANSI C Emulation, version 0.4
[    77.969] (II) UnloadModule: "fbdev"
[    77.969] (II) Unloading fbdev
[    77.969] (II) UnloadSubModule: "fbdevhw"
[    77.969] (II) Unloading fbdevhw
[    77.969] (II) UnloadModule: "vesa"
[    77.969] (II) Unloading vesa
[    77.969] (==) Depth 24 pixmap format is 32 bpp
[    78.019] (II) NOUVEAU(G0): Channel setup complete.
[    78.019] (II) NOUVEAU(G0): [COPY] async initialised.
[    78.020] (II) NOUVEAU(G0): Hardware support for Present enabled
[    78.020] (II) NOUVEAU(G0): [DRI2] Setup complete
[    78.020] (II) NOUVEAU(G0): [DRI2]   DRI driver: nouveau
[    78.020] (II) NOUVEAU(G0): [DRI2]   VDPAU driver: nouveau
[    78.020] (II) Loading sub module "exa"
[    78.020] (II) LoadModule: "exa"
[    78.020] (II) Loading /usr/lib/xorg/modules/libexa.so
[    78.021] (II) Module exa: vendor="X.Org Foundation"
[    78.021] 	compiled for 1.19.6, module version = 2.6.0
[    78.021] 	ABI class: X.Org Video Driver, version 23.0
[    78.021] (II) EXA(256): Driver allocated offscreen pixmaps
[    78.021] (II) EXA(256): Driver registered support for the following operations:
[    78.021] (II)         Solid
[    78.021] (II)         Copy
[    78.021] (II)         Composite (RENDER acceleration)
[    78.021] (II)         UploadToScreen
[    78.021] (II)         DownloadFromScreen
[    78.021] (==) NOUVEAU(G0): Backing store enabled
[    78.021] (==) NOUVEAU(G0): Silken mouse enabled
[    78.021] (II) NOUVEAU(G0): [XvMC] Associated with Nouveau GeForce 8/9 Textured Video.
[    78.021] (EE) NOUVEAU(G0): [XvMC] Failed to initialize extension.
[    78.021] (==) NOUVEAU(G0): DPMS enabled
[    78.021] (II) NOUVEAU(G0): RandR 1.2 enabled, ignore the following RandR disabled message.
[    78.091] (==) modeset(0): Backing store enabled
[    78.091] (==) modeset(0): Silken mouse enabled
[    78.091] (II) modeset(0): RandR 1.2 enabled, ignore the following RandR disabled message.
[    78.164] (==) modeset(0): DPMS enabled
[    78.164] (II) modeset(0): [DRI2] Setup complete
[    78.165] (II) modeset(0): [DRI2]   DRI driver: i965
[    78.165] (II) modeset(0): [DRI2]   VDPAU driver: i965
[    78.165] (--) RandR disabled
[    78.218] (II) SELinux: Disabled on system
[    78.241] (II) AIGLX: enabled GLX_MESA_copy_sub_buffer
[    78.241] (II) AIGLX: enabled GLX_ARB_create_context
[    78.241] (II) AIGLX: enabled GLX_ARB_create_context_profile
[    78.241] (II) AIGLX: enabled GLX_EXT_create_context_es{,2}_profile
[    78.241] (II) AIGLX: enabled GLX_INTEL_swap_event
[    78.241] (II) AIGLX: enabled GLX_SGI_swap_control
[    78.241] (II) AIGLX: enabled GLX_EXT_framebuffer_sRGB
[    78.241] (II) AIGLX: enabled GLX_ARB_fbconfig_float
[    78.241] (II) AIGLX: enabled GLX_EXT_fbconfig_packed_float
[    78.241] (II) AIGLX: GLX_EXT_texture_from_pixmap backed by buffer objects
[    78.241] (II) AIGLX: enabled GLX_ARB_create_context_robustness
[    78.242] (II) AIGLX: Loaded and initialized i965
[    78.242] (II) GLX: Initialized DRI2 GL provider for screen 0
[    78.243] (II) NOUVEAU(G0): NVEnterVT is called.
[    78.248] (II) modeset(0): Damage tracking initialized
[    78.248] (II) modeset(0): Setting screen physical size to 508 x 285
[    78.281] (II) config/udev: Adding input device Power Button (/dev/input/event2)
[    78.281] (**) Power Button: Applying InputClass "libinput keyboard catchall"
[    78.281] (II) LoadModule: "libinput"
[    78.281] (II) Loading /usr/lib/xorg/modules/input/libinput_drv.so
[    78.282] (II) Module libinput: vendor="X.Org Foundation"
[    78.282] 	compiled for 1.19.6, module version = 0.27.1
[    78.282] 	Module class: X.Org XInput Driver
[    78.282] 	ABI class: X.Org XInput driver, version 24.1
[    78.282] (II) Using input driver 'libinput' for 'Power Button'
[    78.283] (II) systemd-logind: got fd for /dev/input/event2 13:66 fd 22 paused 0
[    78.283] (**) Power Button: always reports core events
[    78.283] (**) Option "Device" "/dev/input/event2"
[    78.283] (**) Option "_source" "server/udev"
[    78.283] (II) event2  - Power Button: is tagged by udev as: Keyboard
[    78.283] (II) event2  - Power Button: device is a keyboard
[    78.284] (II) event2  - Power Button: device removed
[    78.284] (**) Option "config_info" "udev:/sys/devices/LNXSYSTM:00/LNXPWRBN:00/input/input2/event2"
[    78.284] (II) XINPUT: Adding extended input device "Power Button" (type: KEYBOARD, id 6)
[    78.284] (**) Option "xkb_model" "pc105"
[    78.284] (**) Option "xkb_layout" "us"
[    78.284] (**) Option "xkb_variant" "dvorak"
[    78.302] (II) event2  - Power Button: is tagged by udev as: Keyboard
[    78.303] (II) event2  - Power Button: device is a keyboard
[    78.303] (II) config/udev: Adding input device Asus Wireless Radio Control (/dev/input/event8)
[    78.303] (**) Asus Wireless Radio Control: Applying InputClass "libinput keyboard catchall"
[    78.303] (II) Using input driver 'libinput' for 'Asus Wireless Radio Control'
[    78.303] (II) systemd-logind: got fd for /dev/input/event8 13:72 fd 25 paused 0
[    78.303] (**) Asus Wireless Radio Control: always reports core events
[    78.303] (**) Option "Device" "/dev/input/event8"
[    78.303] (**) Option "_source" "server/udev"
[    78.304] (II) event8  - Asus Wireless Radio Control: is tagged by udev as: Keyboard
[    78.304] (II) event8  - Asus Wireless Radio Control: device is a keyboard
[    78.304] (II) event8  - Asus Wireless Radio Control: device removed
[    78.304] (**) Option "config_info" "udev:/sys/devices/LNXSYSTM:00/LNXSYBUS:00/ATK4002:00/input/input15/event8"
[    78.304] (II) XINPUT: Adding extended input device "Asus Wireless Radio Control" (type: KEYBOARD, id 7)
[    78.304] (**) Option "xkb_model" "pc105"
[    78.304] (**) Option "xkb_layout" "us"
[    78.304] (**) Option "xkb_variant" "dvorak"
[    78.305] (II) event8  - Asus Wireless Radio Control: is tagged by udev as: Keyboard
[    78.305] (II) event8  - Asus Wireless Radio Control: device is a keyboard
[    78.305] (II) config/udev: Adding input device Video Bus (/dev/input/event6)
[    78.305] (**) Video Bus: Applying InputClass "libinput keyboard catchall"
[    78.305] (II) Using input driver 'libinput' for 'Video Bus'
[    78.305] (II) systemd-logind: got fd for /dev/input/event6 13:70 fd 26 paused 0
[    78.305] (**) Video Bus: always reports core events
[    78.305] (**) Option "Device" "/dev/input/event6"
[    78.306] (**) Option "_source" "server/udev"
[    78.306] (II) event6  - Video Bus: is tagged by udev as: Keyboard
[    78.306] (II) event6  - Video Bus: device is a keyboard
[    78.306] (II) event6  - Video Bus: device removed
[    78.306] (**) Option "config_info" "udev:/sys/devices/LNXSYSTM:00/LNXSYBUS:00/PNP0A08:00/LNXVIDEO:00/input/input13/event6"
[    78.306] (II) XINPUT: Adding extended input device "Video Bus" (type: KEYBOARD, id 8)
[    78.306] (**) Option "xkb_model" "pc105"
[    78.306] (**) Option "xkb_layout" "us"
[    78.306] (**) Option "xkb_variant" "dvorak"
[    78.306] (II) event6  - Video Bus: is tagged by udev as: Keyboard
[    78.306] (II) event6  - Video Bus: device is a keyboard
[    78.307] (II) config/udev: Adding input device Video Bus (/dev/input/event7)
[    78.307] (**) Video Bus: Applying InputClass "libinput keyboard catchall"
[    78.307] (II) Using input driver 'libinput' for 'Video Bus'
[    78.308] (II) systemd-logind: got fd for /dev/input/event7 13:71 fd 27 paused 0
[    78.308] (**) Video Bus: always reports core events
[    78.308] (**) Option "Device" "/dev/input/event7"
[    78.308] (**) Option "_source" "server/udev"
[    78.308] (II) event7  - Video Bus: is tagged by udev as: Keyboard
[    78.308] (II) event7  - Video Bus: device is a keyboard
[    78.308] (II) event7  - Video Bus: device removed
[    78.308] (**) Option "config_info" "udev:/sys/devices/LNXSYSTM:00/LNXSYBUS:00/PNP0A08:00/device:22/LNXVIDEO:01/input/input14/event7"
[    78.308] (II) XINPUT: Adding extended input device "Video Bus" (type: KEYBOARD, id 9)
[    78.308] (**) Option "xkb_model" "pc105"
[    78.308] (**) Option "xkb_layout" "us"
[    78.308] (**) Option "xkb_variant" "dvorak"
[    78.309] (II) event7  - Video Bus: is tagged by udev as: Keyboard
[    78.309] (II) event7  - Video Bus: device is a keyboard
[    78.309] (II) config/udev: Adding input device Lid Switch (/dev/input/event0)
[    78.309] (II) No input driver specified, ignoring this device.
[    78.309] (II) This device may have been added with another device file.
[    78.310] (II) config/udev: Adding input device Sleep Button (/dev/input/event1)
[    78.310] (**) Sleep Button: Applying InputClass "libinput keyboard catchall"
[    78.310] (II) Using input driver 'libinput' for 'Sleep Button'
[    78.311] (II) systemd-logind: got fd for /dev/input/event1 13:65 fd 28 paused 0
[    78.311] (**) Sleep Button: always reports core events
[    78.311] (**) Option "Device" "/dev/input/event1"
[    78.311] (**) Option "_source" "server/udev"
[    78.311] (II) event1  - Sleep Button: is tagged by udev as: Keyboard
[    78.311] (II) event1  - Sleep Button: device is a keyboard
[    78.311] (II) event1  - Sleep Button: device removed
[    78.311] (**) Option "config_info" "udev:/sys/devices/LNXSYSTM:00/LNXSYBUS:00/PNP0C0E:00/input/input1/event1"
[    78.312] (II) XINPUT: Adding extended input device "Sleep Button" (type: KEYBOARD, id 10)
[    78.312] (**) Option "xkb_model" "pc105"
[    78.312] (**) Option "xkb_layout" "us"
[    78.312] (**) Option "xkb_variant" "dvorak"
[    78.312] (II) event1  - Sleep Button: is tagged by udev as: Keyboard
[    78.312] (II) event1  - Sleep Button: device is a keyboard
[    78.313] (II) config/udev: Adding input device Logitech M325 (/dev/input/event5)
[    78.313] (**) Logitech M325: Applying InputClass "libinput pointer catchall"
[    78.313] (II) Using input driver 'libinput' for 'Logitech M325'
[    78.314] (II) systemd-logind: got fd for /dev/input/event5 13:69 fd 29 paused 0
[    78.314] (**) Logitech M325: always reports core events
[    78.314] (**) Option "Device" "/dev/input/event5"
[    78.314] (**) Option "_source" "server/udev"
[    78.314] (II) event5  - Logitech M325: is tagged by udev as: Mouse
[    78.314] (II) event5  - Logitech M325: device set to 600 DPI
[    78.314] (II) event5  - Logitech M325: device is a pointer
[    78.314] (II) event5  - Logitech M325: device removed
[    78.314] (**) Option "config_info" "udev:/sys/devices/pci0000:00/0000:00:14.0/usb1/1-2/1-2:1.2/0003:046D:C52B.0003/0003:046D:400A.0004/input/input12/event5"
[    78.314] (II) XINPUT: Adding extended input device "Logitech M325" (type: MOUSE, id 11)
[    78.315] (**) Option "AccelerationScheme" "none"
[    78.315] (**) Logitech M325: (accel) selected scheme none/0
[    78.315] (**) Logitech M325: (accel) acceleration factor: 2.000
[    78.315] (**) Logitech M325: (accel) acceleration threshold: 4
[    78.315] (II) event5  - Logitech M325: is tagged by udev as: Mouse
[    78.315] (II) event5  - Logitech M325: device set to 600 DPI
[    78.315] (II) event5  - Logitech M325: device is a pointer
[    78.316] (II) config/udev: Adding input device Logitech M325 (/dev/input/mouse1)
[    78.316] (II) No input driver specified, ignoring this device.
[    78.316] (II) This device may have been added with another device file.
[    78.316] (II) config/udev: Adding input device USB2.0 UVC HD Webcam: USB2.0 UV (/dev/input/event17)
[    78.316] (**) USB2.0 UVC HD Webcam: USB2.0 UV: Applying InputClass "libinput keyboard catchall"
[    78.316] (II) Using input driver 'libinput' for 'USB2.0 UVC HD Webcam: USB2.0 UV'
[    78.317] (II) systemd-logind: got fd for /dev/input/event17 13:81 fd 30 paused 0
[    78.317] (**) USB2.0 UVC HD Webcam: USB2.0 UV: always reports core events
[    78.317] (**) Option "Device" "/dev/input/event17"
[    78.317] (**) Option "_source" "server/udev"
[    78.318] (II) event17 - USB2.0 UVC HD Webcam: USB2.0 UV: is tagged by udev as: Keyboard
[    78.318] (II) event17 - USB2.0 UVC HD Webcam: USB2.0 UV: device is a keyboard
[    78.318] (II) event17 - USB2.0 UVC HD Webcam: USB2.0 UV: device removed
[    78.318] (**) Option "config_info" "udev:/sys/devices/pci0000:00/0000:00:14.0/usb1/1-5/1-5:1.0/input/input24/event17"
[    78.318] (II) XINPUT: Adding extended input device "USB2.0 UVC HD Webcam: USB2.0 UV" (type: KEYBOARD, id 12)
[    78.318] (**) Option "xkb_model" "pc105"
[    78.318] (**) Option "xkb_layout" "us"
[    78.318] (**) Option "xkb_variant" "dvorak"
[    78.318] (II) event17 - USB2.0 UVC HD Webcam: USB2.0 UV: is tagged by udev as: Keyboard
[    78.318] (II) event17 - USB2.0 UVC HD Webcam: USB2.0 UV: device is a keyboard
[    78.319] (II) config/udev: Adding input device HDA Intel PCH Mic (/dev/input/event10)
[    78.319] (II) No input driver specified, ignoring this device.
[    78.319] (II) This device may have been added with another device file.
[    78.319] (II) config/udev: Adding input device HDA Intel PCH Headphone (/dev/input/event11)
[    78.319] (II) No input driver specified, ignoring this device.
[    78.319] (II) This device may have been added with another device file.
[    78.320] (II) config/udev: Adding input device HDA Intel PCH HDMI/DP,pcm=3 (/dev/input/event12)
[    78.320] (II) No input driver specified, ignoring this device.
[    78.320] (II) This device may have been added with another device file.
[    78.320] (II) config/udev: Adding input device HDA Intel PCH HDMI/DP,pcm=7 (/dev/input/event13)
[    78.320] (II) No input driver specified, ignoring this device.
[    78.320] (II) This device may have been added with another device file.
[    78.320] (II) config/udev: Adding input device HDA Intel PCH HDMI/DP,pcm=8 (/dev/input/event14)
[    78.320] (II) No input driver specified, ignoring this device.
[    78.320] (II) This device may have been added with another device file.
[    78.321] (II) config/udev: Adding input device HDA Intel PCH HDMI/DP,pcm=9 (/dev/input/event15)
[    78.321] (II) No input driver specified, ignoring this device.
[    78.321] (II) This device may have been added with another device file.
[    78.321] (II) config/udev: Adding input device HDA Intel PCH HDMI/DP,pcm=10 (/dev/input/event16)
[    78.321] (II) No input driver specified, ignoring this device.
[    78.321] (II) This device may have been added with another device file.
[    78.322] (II) config/udev: Adding input device Asus WMI hotkeys (/dev/input/event9)
[    78.322] (**) Asus WMI hotkeys: Applying InputClass "libinput keyboard catchall"
[    78.322] (II) Using input driver 'libinput' for 'Asus WMI hotkeys'
[    78.322] (II) systemd-logind: got fd for /dev/input/event9 13:73 fd 31 paused 0
[    78.322] (**) Asus WMI hotkeys: always reports core events
[    78.323] (**) Option "Device" "/dev/input/event9"
[    78.323] (**) Option "_source" "server/udev"
[    78.323] (II) event9  - Asus WMI hotkeys: is tagged by udev as: Keyboard
[    78.323] (II) event9  - Asus WMI hotkeys: device is a keyboard
[    78.323] (II) event9  - Asus WMI hotkeys: device removed
[    78.323] (**) Option "config_info" "udev:/sys/devices/platform/asus-nb-wmi/input/input16/event9"
[    78.323] (II) XINPUT: Adding extended input device "Asus WMI hotkeys" (type: KEYBOARD, id 13)
[    78.323] (**) Option "xkb_model" "pc105"
[    78.323] (**) Option "xkb_layout" "us"
[    78.323] (**) Option "xkb_variant" "dvorak"
[    78.324] (II) event9  - Asus WMI hotkeys: is tagged by udev as: Keyboard
[    78.324] (II) event9  - Asus WMI hotkeys: device is a keyboard
[    78.324] (II) config/udev: Adding input device AT Translated Set 2 keyboard (/dev/input/event3)
[    78.324] (**) AT Translated Set 2 keyboard: Applying InputClass "libinput keyboard catchall"
[    78.324] (II) Using input driver 'libinput' for 'AT Translated Set 2 keyboard'
[    78.325] (II) systemd-logind: got fd for /dev/input/event3 13:67 fd 32 paused 0
[    78.325] (**) AT Translated Set 2 keyboard: always reports core events
[    78.325] (**) Option "Device" "/dev/input/event3"
[    78.325] (**) Option "_source" "server/udev"
[    78.325] (II) event3  - AT Translated Set 2 keyboard: is tagged by udev as: Keyboard
[    78.325] (II) event3  - AT Translated Set 2 keyboard: device is a keyboard
[    78.325] (II) event3  - AT Translated Set 2 keyboard: device removed
[    78.325] (**) Option "config_info" "udev:/sys/devices/platform/i8042/serio0/input/input3/event3"
[    78.325] (II) XINPUT: Adding extended input device "AT Translated Set 2 keyboard" (type: KEYBOARD, id 14)
[    78.325] (**) Option "xkb_model" "pc105"
[    78.325] (**) Option "xkb_layout" "us"
[    78.325] (**) Option "xkb_variant" "dvorak"
[    78.326] (II) event3  - AT Translated Set 2 keyboard: is tagged by udev as: Keyboard
[    78.326] (II) event3  - AT Translated Set 2 keyboard: device is a keyboard
[    78.326] (II) config/udev: Adding input device FocalTechPS/2 FocalTech Touchpad (/dev/input/event4)
[    78.326] (**) FocalTechPS/2 FocalTech Touchpad: Applying InputClass "libinput touchpad catchall"
[    78.326] (II) Using input driver 'libinput' for 'FocalTechPS/2 FocalTech Touchpad'
[    78.327] (II) systemd-logind: got fd for /dev/input/event4 13:68 fd 33 paused 0
[    78.327] (**) FocalTechPS/2 FocalTech Touchpad: always reports core events
[    78.327] (**) Option "Device" "/dev/input/event4"
[    78.327] (**) Option "_source" "server/udev"
[    78.328] (II) event4  - FocalTechPS/2 FocalTech Touchpad: is tagged by udev as: Touchpad
[    78.328] (II) event4  - FocalTechPS/2 FocalTech Touchpad: no resolution or size hints, assuming a size of 69x50mm
[    78.328] (II) event4  - FocalTechPS/2 FocalTech Touchpad: device is a touchpad
[    78.328] (II) event4  - FocalTechPS/2 FocalTech Touchpad: device removed
[    78.328] (**) Option "config_info" "udev:/sys/devices/platform/i8042/serio4/input/input11/event4"
[    78.328] (II) XINPUT: Adding extended input device "FocalTechPS/2 FocalTech Touchpad" (type: TOUCHPAD, id 15)
[    78.329] (**) Option "AccelerationScheme" "none"
[    78.329] (**) FocalTechPS/2 FocalTech Touchpad: (accel) selected scheme none/0
[    78.329] (**) FocalTechPS/2 FocalTech Touchpad: (accel) acceleration factor: 2.000
[    78.329] (**) FocalTechPS/2 FocalTech Touchpad: (accel) acceleration threshold: 4
[    78.329] (II) event4  - FocalTechPS/2 FocalTech Touchpad: is tagged by udev as: Touchpad
[    78.329] (II) event4  - FocalTechPS/2 FocalTech Touchpad: no resolution or size hints, assuming a size of 69x50mm
[    78.329] (II) event4  - FocalTechPS/2 FocalTech Touchpad: device is a touchpad
[    78.329] (II) config/udev: Adding input device FocalTechPS/2 FocalTech Touchpad (/dev/input/mouse0)
[    78.329] (II) No input driver specified, ignoring this device.
[    78.329] (II) This device may have been added with another device file.
[    79.543] (II) modeset(0): EDID vendor "SHP", prod id 5186
[    79.543] (II) modeset(0): Printing DDC gathered Modelines:
[    79.543] (II) modeset(0): Modeline "1920x1080"x0.0  138.50  1920 1968 2000 2080  1080 1083 1088 1111 -hsync -vsync (66.6 kHz eP)
[    79.543] (II) modeset(0): Modeline "1920x1080"x0.0  110.92  1920 1968 2000 2080  1080 1083 1088 1111 -hsync -vsync (53.3 kHz e)
