2018-05-17 22:32:15,437 [INFO]:[MainThread] Starting Safe Eyes
2018-05-17 22:32:15,597 [INFO]:[MainThread] Initialize the break screen
2018-05-17 22:32:15,597 [INFO]:[MainThread] Load all the plugins
2018-05-17 22:32:15,597 [INFO]:[MainThread] Initialize the core
2018-05-17 22:32:15,598 [INFO]:[MainThread] Successfully loaded <module 'donotdisturb.plugin' from '/usr/lib/python3/dist-packages/safeeyes/plugins/donotdisturb/plugin.py'>
2018-05-17 22:32:16,043 [INFO]:[MainThread] Successfully loaded <module 'notification.plugin' from '/usr/lib/python3/dist-packages/safeeyes/plugins/notification/plugin.py'>
2018-05-17 22:32:16,048 [INFO]:[MainThread] Successfully loaded <module 'audiblealert.plugin' from '/usr/lib/python3/dist-packages/safeeyes/plugins/audiblealert/plugin.py'>
2018-05-17 22:32:16,056 [INFO]:[MainThread] Successfully loaded <module 'trayicon.plugin' from '/usr/lib/python3/dist-packages/safeeyes/plugins/trayicon/plugin.py'>
2018-05-17 22:32:16,062 [INFO]:[MainThread] Successfully loaded <module 'screensaver.plugin' from '/usr/lib/python3/dist-packages/safeeyes/plugins/screensaver/plugin.py'>
2018-05-17 22:32:16,065 [INFO]:[MainThread] Successfully loaded <module 'healthstats.plugin' from '/usr/lib/python3/dist-packages/safeeyes/plugins/healthstats/plugin.py'>
2018-05-17 22:32:16,219 [INFO]:[MainThread] Setting up an RPC server on port 7200
2018-05-17 22:32:16,219 [INFO]:[MainThread] Start the RPC server
2018-05-17 22:32:16,220 [INFO]:[MainThread] Start Safe Eyes core
2018-05-17 22:32:16,220 [INFO]:[Thread-2] Update next break information
2018-05-17 22:32:16,237 [INFO]:[Thread-2] Waiting for 15 minutes until next break
2018-05-17 22:32:20,456 [INFO]:[MainThread] Show Settings dialog
2018-05-17 22:32:49,763 [INFO]:[MainThread] Saving settings to safeeyes.json
2018-05-17 22:32:49,763 [INFO]:[MainThread] Disable Safe Eyes
2018-05-17 22:32:49,764 [INFO]:[MainThread] Stop Safe Eye core
2018-05-17 22:32:49,764 [INFO]:[Thread-2] Pre-break waiting is over
2018-05-17 22:32:49,765 [INFO]:[MainThread] Initialize SafeEyesCore with modified settings
2018-05-17 22:32:49,765 [INFO]:[MainThread] Initialize the core
2018-05-17 22:32:49,765 [INFO]:[MainThread] Initialize the break screen
2018-05-17 22:32:49,768 [INFO]:[MainThread] Enable Safe Eyes
2018-05-17 22:32:50,768 [INFO]:[Thread-4] Start Safe Eyes core
2018-05-17 22:32:50,770 [INFO]:[Thread-5] Update next break information
2018-05-17 22:32:50,771 [INFO]:[Thread-5] Waiting for 15 minutes until next break
2018-05-17 22:47:50,772 [INFO]:[Thread-5] Pre-break waiting is over
2018-05-17 22:47:50,774 [INFO]:[MainThread] Show the notification
2018-05-17 22:47:50,798 [ERROR]:[MainThread] Failed to show the notification
2018-05-17 22:47:50,800 [INFO]:[Thread-6] Wait for 10 seconds before the break
2018-05-17 22:48:00,801 [INFO]:[MainThread] Searching for full-screen application
2018-05-17 22:48:00,827 [INFO]:[MainThread] Close pre-break notification
2018-05-17 22:48:00,836 [INFO]:[Thread-8] Lock the keyboard
2018-05-17 22:48:00,836 [INFO]:[MainThread] Show break screens in all displays
2018-05-17 22:48:20,862 [INFO]:[MainThread] Break is terminated automatically
2018-05-17 22:48:20,863 [INFO]:[MainThread] Close the break screen(s)
2018-05-17 22:48:20,863 [INFO]:[MainThread] Unlock the keyboard
2018-05-17 22:48:20,864 [INFO]:[MainThread] Playing audible alert
2018-05-17 22:48:20,927 [INFO]:[Thread-9] Update next break information
2018-05-17 22:48:20,929 [INFO]:[Thread-9] Waiting for 15 minutes until next break
2018-05-17 23:03:20,929 [INFO]:[Thread-9] Pre-break waiting is over
2018-05-17 23:03:20,929 [INFO]:[MainThread] Show the notification
2018-05-17 23:03:20,931 [ERROR]:[MainThread] Failed to show the notification
2018-05-17 23:03:20,931 [INFO]:[Thread-10] Wait for 10 seconds before the break
2018-05-17 23:03:30,932 [INFO]:[MainThread] Searching for full-screen application
2018-05-17 23:03:30,932 [INFO]:[MainThread] Close pre-break notification
2018-05-17 23:03:30,934 [INFO]:[Thread-12] Lock the keyboard
2018-05-17 23:03:30,934 [INFO]:[MainThread] Show break screens in all displays
2018-05-17 23:03:33,437 [INFO]:[MainThread] User skipped the break
2018-05-17 23:03:33,437 [INFO]:[MainThread] User skipped the break
2018-05-17 23:03:33,438 [INFO]:[MainThread] Close the break screen(s)
2018-05-17 23:03:33,438 [INFO]:[MainThread] Unlock the keyboard
2018-05-17 23:03:33,937 [INFO]:[Thread-13] Update next break information
2018-05-17 23:03:33,938 [INFO]:[Thread-13] Waiting for 15 minutes until next break
2018-05-17 23:18:33,938 [INFO]:[Thread-13] Pre-break waiting is over
2018-05-17 23:18:33,939 [INFO]:[MainThread] Show the notification
2018-05-17 23:18:33,945 [ERROR]:[MainThread] Failed to show the notification
2018-05-17 23:18:33,946 [INFO]:[Thread-14] Wait for 10 seconds before the break
2018-05-17 23:18:43,947 [INFO]:[MainThread] Searching for full-screen application
2018-05-17 23:18:43,966 [INFO]:[MainThread] Close pre-break notification
2018-05-17 23:18:43,974 [INFO]:[Thread-16] Lock the keyboard
2018-05-17 23:18:43,974 [INFO]:[MainThread] Show break screens in all displays
2018-05-17 23:19:04,000 [INFO]:[MainThread] Break is terminated automatically
2018-05-17 23:19:04,000 [INFO]:[MainThread] Close the break screen(s)
2018-05-17 23:19:04,001 [INFO]:[MainThread] Unlock the keyboard
2018-05-17 23:19:04,002 [INFO]:[MainThread] Playing audible alert
2018-05-17 23:19:04,009 [INFO]:[Thread-17] Update next break information
2018-05-17 23:19:04,010 [INFO]:[Thread-17] Waiting for 15 minutes until next break
2018-05-17 23:34:04,011 [INFO]:[Thread-17] Pre-break waiting is over
2018-05-17 23:34:04,013 [INFO]:[MainThread] Show the notification
2018-05-17 23:34:04,020 [ERROR]:[MainThread] Failed to show the notification
2018-05-17 23:34:04,021 [INFO]:[Thread-18] Wait for 10 seconds before the break
2018-05-17 23:34:14,023 [INFO]:[MainThread] Searching for full-screen application
2018-05-17 23:34:14,044 [INFO]:[MainThread] Close pre-break notification
2018-05-17 23:34:14,052 [INFO]:[Thread-20] Lock the keyboard
2018-05-17 23:34:14,052 [INFO]:[MainThread] Show break screens in all displays
2018-05-17 23:34:34,077 [INFO]:[MainThread] Break is terminated automatically
2018-05-17 23:34:34,078 [INFO]:[MainThread] Close the break screen(s)
2018-05-17 23:34:34,078 [INFO]:[MainThread] Unlock the keyboard
2018-05-17 23:34:34,079 [INFO]:[MainThread] Playing audible alert
2018-05-17 23:34:34,100 [INFO]:[Thread-21] Update next break information
2018-05-17 23:34:34,107 [INFO]:[Thread-21] Waiting for 15 minutes until next break
2018-05-17 23:49:34,108 [INFO]:[Thread-21] Pre-break waiting is over
2018-05-17 23:49:34,127 [INFO]:[MainThread] Show the notification
2018-05-17 23:49:34,133 [ERROR]:[MainThread] Failed to show the notification
2018-05-17 23:49:34,134 [INFO]:[Thread-22] Wait for 10 seconds before the break
2018-05-17 23:49:44,136 [INFO]:[MainThread] Searching for full-screen application
2018-05-17 23:49:44,233 [INFO]:[MainThread] Close pre-break notification
2018-05-17 23:49:44,241 [INFO]:[Thread-24] Lock the keyboard
2018-05-17 23:49:44,244 [INFO]:[MainThread] Show break screens in all displays
2018-05-17 23:50:44,322 [INFO]:[MainThread] Break is terminated automatically
2018-05-17 23:50:44,323 [INFO]:[MainThread] Close the break screen(s)
2018-05-17 23:50:44,323 [INFO]:[MainThread] Unlock the keyboard
2018-05-17 23:50:44,324 [INFO]:[MainThread] Playing audible alert
2018-05-17 23:50:44,402 [INFO]:[Thread-25] Update next break information
2018-05-17 23:50:44,404 [INFO]:[Thread-25] Waiting for 15 minutes until next break
2018-05-18 00:05:44,405 [INFO]:[Thread-25] Pre-break waiting is over
2018-05-18 00:05:44,406 [INFO]:[MainThread] Show the notification
2018-05-18 00:05:44,412 [ERROR]:[MainThread] Failed to show the notification
2018-05-18 00:05:44,413 [INFO]:[Thread-26] Wait for 10 seconds before the break
2018-05-18 00:05:54,414 [INFO]:[MainThread] Searching for full-screen application
2018-05-18 00:05:54,469 [INFO]:[MainThread] Close pre-break notification
2018-05-18 00:05:54,472 [INFO]:[Thread-28] Lock the keyboard
2018-05-18 00:05:54,472 [INFO]:[MainThread] Show break screens in all displays
2018-05-18 00:06:14,499 [INFO]:[MainThread] Break is terminated automatically
2018-05-18 00:06:14,500 [INFO]:[MainThread] Close the break screen(s)
2018-05-18 00:06:14,500 [INFO]:[MainThread] Unlock the keyboard
2018-05-18 00:06:14,501 [INFO]:[MainThread] Playing audible alert
2018-05-18 00:06:14,512 [INFO]:[Thread-29] Update next break information
2018-05-18 00:06:14,513 [INFO]:[Thread-29] Waiting for 15 minutes until next break
2018-05-18 00:21:14,514 [INFO]:[Thread-29] Pre-break waiting is over
2018-05-18 00:21:14,515 [INFO]:[MainThread] Show the notification
2018-05-18 00:21:14,523 [ERROR]:[MainThread] Failed to show the notification
2018-05-18 00:21:14,524 [INFO]:[Thread-30] Wait for 10 seconds before the break
2018-05-18 00:21:24,525 [INFO]:[MainThread] Searching for full-screen application
2018-05-18 00:21:24,740 [INFO]:[MainThread] Close pre-break notification
2018-05-18 00:21:24,746 [INFO]:[Thread-32] Lock the keyboard
2018-05-18 00:21:24,747 [INFO]:[MainThread] Show break screens in all displays
2018-05-18 00:21:44,773 [INFO]:[MainThread] Break is terminated automatically
2018-05-18 00:21:44,774 [INFO]:[MainThread] Close the break screen(s)
2018-05-18 00:21:44,774 [INFO]:[MainThread] Unlock the keyboard
2018-05-18 00:21:44,775 [INFO]:[MainThread] Playing audible alert
2018-05-18 00:21:44,791 [INFO]:[Thread-33] Update next break information
2018-05-18 00:21:44,794 [INFO]:[Thread-33] Waiting for 15 minutes until next break
2018-05-18 00:36:44,795 [INFO]:[Thread-33] Pre-break waiting is over
2018-05-18 00:36:44,796 [INFO]:[MainThread] Show the notification
2018-05-18 00:36:44,802 [ERROR]:[MainThread] Failed to show the notification
2018-05-18 00:36:44,803 [INFO]:[Thread-34] Wait for 10 seconds before the break
2018-05-18 00:36:54,804 [INFO]:[MainThread] Searching for full-screen application
2018-05-18 00:36:54,897 [INFO]:[MainThread] Close pre-break notification
2018-05-18 00:36:54,905 [INFO]:[Thread-36] Lock the keyboard
2018-05-18 00:36:54,906 [INFO]:[MainThread] Show break screens in all displays
2018-05-18 00:37:14,931 [INFO]:[MainThread] Break is terminated automatically
2018-05-18 00:37:14,932 [INFO]:[MainThread] Close the break screen(s)
2018-05-18 00:37:14,932 [INFO]:[MainThread] Unlock the keyboard
2018-05-18 00:37:14,933 [INFO]:[MainThread] Playing audible alert
2018-05-18 00:37:14,941 [INFO]:[Thread-37] Update next break information
2018-05-18 00:37:14,942 [INFO]:[Thread-37] Waiting for 15 minutes until next break
2018-05-18 00:52:14,943 [INFO]:[Thread-37] Pre-break waiting is over
2018-05-18 00:52:14,961 [INFO]:[MainThread] Show the notification
2018-05-18 00:52:14,968 [ERROR]:[MainThread] Failed to show the notification
2018-05-18 00:52:14,969 [INFO]:[Thread-38] Wait for 10 seconds before the break
2018-05-18 00:52:24,971 [INFO]:[MainThread] Searching for full-screen application
2018-05-18 00:52:24,994 [INFO]:[MainThread] Close pre-break notification
2018-05-18 00:52:25,003 [INFO]:[Thread-40] Lock the keyboard
2018-05-18 00:52:25,003 [INFO]:[MainThread] Show break screens in all displays
2018-05-18 00:52:45,029 [INFO]:[MainThread] Break is terminated automatically
2018-05-18 00:52:45,030 [INFO]:[MainThread] Close the break screen(s)
2018-05-18 00:52:45,030 [INFO]:[MainThread] Unlock the keyboard
2018-05-18 00:52:45,031 [INFO]:[MainThread] Playing audible alert
2018-05-18 00:52:45,038 [INFO]:[Thread-41] Update next break information
2018-05-18 00:52:45,039 [INFO]:[Thread-41] Waiting for 15 minutes until next break
2018-05-18 01:07:45,039 [INFO]:[Thread-41] Pre-break waiting is over
2018-05-18 01:07:45,041 [INFO]:[MainThread] Show the notification
2018-05-18 01:07:45,045 [ERROR]:[MainThread] Failed to show the notification
2018-05-18 01:07:45,045 [INFO]:[Thread-42] Wait for 10 seconds before the break
2018-05-18 01:07:55,046 [INFO]:[MainThread] Searching for full-screen application
2018-05-18 01:07:55,053 [INFO]:[MainThread] Close pre-break notification
2018-05-18 01:07:55,055 [INFO]:[Thread-44] Lock the keyboard
2018-05-18 01:07:55,056 [INFO]:[MainThread] Show break screens in all displays
2018-05-18 01:08:55,134 [INFO]:[MainThread] Break is terminated automatically
2018-05-18 01:08:55,135 [INFO]:[MainThread] Close the break screen(s)
2018-05-18 01:08:55,135 [INFO]:[MainThread] Unlock the keyboard
2018-05-18 01:08:55,136 [INFO]:[MainThread] Playing audible alert
2018-05-18 01:08:55,143 [INFO]:[Thread-45] Update next break information
2018-05-18 01:08:55,144 [INFO]:[Thread-45] Waiting for 15 minutes until next break
2018-05-18 01:23:55,144 [INFO]:[Thread-45] Pre-break waiting is over
2018-05-18 01:23:55,145 [INFO]:[MainThread] Show the notification
2018-05-18 01:23:55,146 [ERROR]:[MainThread] Failed to show the notification
2018-05-18 01:23:55,147 [INFO]:[Thread-46] Wait for 10 seconds before the break
2018-05-18 01:24:05,147 [INFO]:[MainThread] Searching for full-screen application
2018-05-18 01:24:05,160 [INFO]:[MainThread] Close pre-break notification
2018-05-18 01:24:05,166 [INFO]:[Thread-48] Lock the keyboard
2018-05-18 01:24:05,168 [INFO]:[MainThread] Show break screens in all displays
2018-05-18 01:24:25,190 [INFO]:[MainThread] Break is terminated automatically
2018-05-18 01:24:25,191 [INFO]:[MainThread] Close the break screen(s)
2018-05-18 01:24:25,191 [INFO]:[MainThread] Unlock the keyboard
2018-05-18 01:24:25,192 [INFO]:[MainThread] Playing audible alert
2018-05-18 01:24:25,204 [INFO]:[Thread-49] Update next break information
2018-05-18 01:24:25,206 [INFO]:[Thread-49] Waiting for 15 minutes until next break
2018-05-18 01:39:25,207 [INFO]:[Thread-49] Pre-break waiting is over
2018-05-18 01:39:25,208 [INFO]:[MainThread] Show the notification
2018-05-18 01:39:25,215 [ERROR]:[MainThread] Failed to show the notification
2018-05-18 01:39:25,216 [INFO]:[Thread-50] Wait for 10 seconds before the break
2018-05-18 01:39:35,217 [INFO]:[MainThread] Searching for full-screen application
2018-05-18 01:39:35,239 [INFO]:[MainThread] Close pre-break notification
2018-05-18 01:39:35,247 [INFO]:[Thread-52] Lock the keyboard
2018-05-18 01:39:35,248 [INFO]:[MainThread] Show break screens in all displays
2018-05-18 01:39:55,274 [INFO]:[MainThread] Break is terminated automatically
2018-05-18 01:39:55,274 [INFO]:[MainThread] Close the break screen(s)
2018-05-18 01:39:55,275 [INFO]:[MainThread] Unlock the keyboard
2018-05-18 01:39:55,276 [INFO]:[MainThread] Playing audible alert
2018-05-18 01:39:55,289 [INFO]:[Thread-53] Update next break information
2018-05-18 01:39:55,292 [INFO]:[Thread-53] Waiting for 15 minutes until next break
2018-05-18 01:54:55,294 [INFO]:[Thread-53] Pre-break waiting is over
2018-05-18 01:54:55,370 [INFO]:[MainThread] Show the notification
2018-05-18 01:54:55,376 [ERROR]:[MainThread] Failed to show the notification
2018-05-18 01:54:55,378 [INFO]:[Thread-54] Wait for 10 seconds before the break
2018-05-18 01:55:05,379 [INFO]:[MainThread] Searching for full-screen application
2018-05-18 01:55:05,398 [INFO]:[MainThread] Close pre-break notification
2018-05-18 01:55:05,405 [INFO]:[Thread-56] Lock the keyboard
2018-05-18 01:55:05,406 [INFO]:[MainThread] Show break screens in all displays
2018-05-18 01:55:25,431 [INFO]:[MainThread] Break is terminated automatically
2018-05-18 01:55:25,432 [INFO]:[MainThread] Close the break screen(s)
2018-05-18 01:55:25,433 [INFO]:[MainThread] Unlock the keyboard
2018-05-18 01:55:25,434 [INFO]:[MainThread] Playing audible alert
2018-05-18 01:55:25,448 [INFO]:[Thread-57] Update next break information
2018-05-18 01:55:25,450 [INFO]:[Thread-57] Waiting for 15 minutes until next break
2018-05-18 02:10:25,452 [INFO]:[Thread-57] Pre-break waiting is over
2018-05-18 02:10:25,453 [INFO]:[MainThread] Show the notification
2018-05-18 02:10:25,458 [ERROR]:[MainThread] Failed to show the notification
2018-05-18 02:10:25,458 [INFO]:[Thread-58] Wait for 10 seconds before the break
2018-05-18 02:10:35,459 [INFO]:[MainThread] Searching for full-screen application
2018-05-18 02:10:35,475 [INFO]:[MainThread] Close pre-break notification
2018-05-18 02:10:35,481 [INFO]:[Thread-60] Lock the keyboard
2018-05-18 02:10:35,481 [INFO]:[MainThread] Show break screens in all displays
2018-05-18 02:10:55,507 [INFO]:[MainThread] Break is terminated automatically
2018-05-18 02:10:55,508 [INFO]:[MainThread] Close the break screen(s)
2018-05-18 02:10:55,508 [INFO]:[MainThread] Unlock the keyboard
2018-05-18 02:10:55,509 [INFO]:[MainThread] Playing audible alert
2018-05-18 02:10:55,516 [INFO]:[Thread-61] Update next break information
2018-05-18 02:10:55,517 [INFO]:[Thread-61] Waiting for 15 minutes until next break
2018-05-18 02:25:55,517 [INFO]:[Thread-61] Pre-break waiting is over
2018-05-18 02:25:55,517 [INFO]:[MainThread] Show the notification
2018-05-18 02:25:55,519 [ERROR]:[MainThread] Failed to show the notification
2018-05-18 02:25:55,520 [INFO]:[Thread-62] Wait for 10 seconds before the break
2018-05-18 02:26:05,521 [INFO]:[MainThread] Searching for full-screen application
2018-05-18 02:26:05,538 [INFO]:[MainThread] Close pre-break notification
2018-05-18 02:26:05,544 [INFO]:[Thread-64] Lock the keyboard
2018-05-18 02:26:05,544 [INFO]:[MainThread] Show break screens in all displays
2018-05-18 02:27:05,627 [INFO]:[MainThread] Break is terminated automatically
2018-05-18 02:27:05,627 [INFO]:[MainThread] Close the break screen(s)
2018-05-18 02:27:05,627 [INFO]:[MainThread] Unlock the keyboard
2018-05-18 02:27:05,628 [INFO]:[MainThread] Playing audible alert
2018-05-18 02:27:05,635 [INFO]:[Thread-65] Update next break information
2018-05-18 02:27:05,636 [INFO]:[Thread-65] Waiting for 15 minutes until next break
2018-05-18 02:42:05,637 [INFO]:[Thread-65] Pre-break waiting is over
2018-05-18 02:42:05,638 [INFO]:[MainThread] Show the notification
2018-05-18 02:42:05,642 [ERROR]:[MainThread] Failed to show the notification
2018-05-18 02:42:05,643 [INFO]:[Thread-66] Wait for 10 seconds before the break
2018-05-18 02:42:15,645 [INFO]:[MainThread] Searching for full-screen application
2018-05-18 02:42:15,661 [INFO]:[MainThread] Close pre-break notification
2018-05-18 02:42:15,666 [INFO]:[Thread-68] Lock the keyboard
2018-05-18 02:42:15,666 [INFO]:[MainThread] Show break screens in all displays
2018-05-18 02:42:35,693 [INFO]:[MainThread] Break is terminated automatically
2018-05-18 02:42:35,693 [INFO]:[MainThread] Close the break screen(s)
2018-05-18 02:42:35,693 [INFO]:[MainThread] Unlock the keyboard
2018-05-18 02:42:35,693 [INFO]:[MainThread] Playing audible alert
2018-05-18 02:42:35,698 [INFO]:[Thread-69] Update next break information
2018-05-18 02:42:35,699 [INFO]:[Thread-69] Waiting for 15 minutes until next break
2018-05-18 02:57:35,699 [INFO]:[Thread-69] Pre-break waiting is over
2018-05-18 02:57:35,700 [INFO]:[MainThread] Show the notification
2018-05-18 02:57:35,705 [ERROR]:[MainThread] Failed to show the notification
2018-05-18 02:57:35,706 [INFO]:[Thread-70] Wait for 10 seconds before the break
2018-05-18 02:57:45,707 [INFO]:[MainThread] Searching for full-screen application
2018-05-18 02:57:45,717 [INFO]:[MainThread] Close pre-break notification
2018-05-18 02:57:45,719 [INFO]:[Thread-72] Lock the keyboard
2018-05-18 02:57:45,719 [INFO]:[MainThread] Show break screens in all displays
2018-05-18 02:58:05,746 [INFO]:[MainThread] Break is terminated automatically
2018-05-18 02:58:05,746 [INFO]:[MainThread] Close the break screen(s)
2018-05-18 02:58:05,746 [INFO]:[MainThread] Unlock the keyboard
2018-05-18 02:58:05,747 [INFO]:[MainThread] Playing audible alert
2018-05-18 02:58:05,757 [INFO]:[Thread-73] Update next break information
2018-05-18 02:58:05,758 [INFO]:[Thread-73] Waiting for 15 minutes until next break
2018-05-18 03:13:05,758 [INFO]:[Thread-73] Pre-break waiting is over
2018-05-18 03:13:05,758 [INFO]:[MainThread] Show the notification
2018-05-18 03:13:05,760 [ERROR]:[MainThread] Failed to show the notification
2018-05-18 03:13:05,760 [INFO]:[Thread-74] Wait for 10 seconds before the break
2018-05-18 03:13:15,761 [INFO]:[MainThread] Searching for full-screen application
2018-05-18 03:13:15,774 [INFO]:[MainThread] Close pre-break notification
2018-05-18 03:13:15,777 [INFO]:[Thread-76] Lock the keyboard
2018-05-18 03:13:15,777 [INFO]:[MainThread] Show break screens in all displays
2018-05-18 03:13:35,806 [INFO]:[MainThread] Break is terminated automatically
2018-05-18 03:13:35,806 [INFO]:[MainThread] Close the break screen(s)
2018-05-18 03:13:35,806 [INFO]:[MainThread] Unlock the keyboard
2018-05-18 03:13:35,807 [INFO]:[MainThread] Playing audible alert
2018-05-18 03:13:35,817 [INFO]:[Thread-77] Update next break information
2018-05-18 03:13:35,819 [INFO]:[Thread-77] Waiting for 15 minutes until next break
2018-05-18 03:28:35,820 [INFO]:[Thread-77] Pre-break waiting is over
2018-05-18 03:28:35,821 [INFO]:[MainThread] Show the notification
2018-05-18 03:28:35,826 [ERROR]:[MainThread] Failed to show the notification
2018-05-18 03:28:35,828 [INFO]:[Thread-78] Wait for 10 seconds before the break
2018-05-18 03:28:45,829 [INFO]:[MainThread] Searching for full-screen application
2018-05-18 03:28:45,846 [INFO]:[MainThread] Close pre-break notification
2018-05-18 03:28:45,851 [INFO]:[Thread-80] Lock the keyboard
2018-05-18 03:28:45,852 [INFO]:[MainThread] Show break screens in all displays
2018-05-18 03:29:05,879 [INFO]:[MainThread] Break is terminated automatically
2018-05-18 03:29:05,879 [INFO]:[MainThread] Close the break screen(s)
2018-05-18 03:29:05,880 [INFO]:[MainThread] Unlock the keyboard
2018-05-18 03:29:05,880 [INFO]:[MainThread] Playing audible alert
2018-05-18 03:29:05,886 [INFO]:[Thread-81] Update next break information
2018-05-18 03:29:05,887 [INFO]:[Thread-81] Waiting for 15 minutes until next break
2018-05-18 03:32:11,719 [INFO]:[Thread-82] Take a break due to external request
2018-05-18 03:32:11,719 [INFO]:[Thread-82] Stop the scheduler
2018-05-18 03:32:11,719 [INFO]:[Thread-81] Pre-break waiting is over
2018-05-18 03:32:12,721 [INFO]:[MainThread] Searching for full-screen application
2018-05-18 03:32:12,739 [INFO]:[MainThread] Close pre-break notification
2018-05-18 03:32:12,743 [INFO]:[Thread-84] Lock the keyboard
2018-05-18 03:32:12,744 [INFO]:[MainThread] Show break screens in all displays
2018-05-18 03:32:14,346 [INFO]:[MainThread] User skipped the break
2018-05-18 03:32:14,347 [INFO]:[MainThread] User skipped the break
2018-05-18 03:32:14,347 [INFO]:[MainThread] Close the break screen(s)
2018-05-18 03:32:14,348 [INFO]:[MainThread] Unlock the keyboard
2018-05-18 03:32:14,746 [INFO]:[Thread-85] Update next break information
2018-05-18 03:32:14,748 [INFO]:[Thread-85] Waiting for 15 minutes until next break
2018-05-18 03:32:19,440 [INFO]:[MainThread] Disable Safe Eyes
2018-05-18 03:32:19,442 [INFO]:[MainThread] Stop Safe Eye core
2018-05-18 03:32:19,442 [INFO]:[Thread-85] Pre-break waiting is over
2018-05-18 12:42:51,581 [INFO]:[MainThread] Enable Safe Eyes
2018-05-18 12:42:51,585 [INFO]:[MainThread] Start Safe Eyes core
2018-05-18 12:42:51,586 [INFO]:[Thread-86] Update next break information
2018-05-18 12:42:51,587 [INFO]:[Thread-86] Waiting for 15 minutes until next break
2018-05-18 12:57:51,588 [INFO]:[Thread-86] Pre-break waiting is over
2018-05-18 12:57:51,616 [INFO]:[MainThread] Show the notification
2018-05-18 12:57:51,623 [ERROR]:[MainThread] Failed to show the notification
2018-05-18 12:57:51,624 [INFO]:[Thread-87] Wait for 10 seconds before the break
2018-05-18 12:58:01,625 [INFO]:[MainThread] Searching for full-screen application
2018-05-18 12:58:01,637 [INFO]:[MainThread] Close pre-break notification
2018-05-18 12:58:01,639 [INFO]:[Thread-89] Lock the keyboard
2018-05-18 12:58:01,640 [INFO]:[MainThread] Show break screens in all displays
2018-05-18 12:58:21,668 [INFO]:[MainThread] Break is terminated automatically
2018-05-18 12:58:21,669 [INFO]:[MainThread] Close the break screen(s)
2018-05-18 12:58:21,669 [INFO]:[MainThread] Unlock the keyboard
2018-05-18 12:58:21,670 [INFO]:[MainThread] Playing audible alert
2018-05-18 12:58:21,687 [INFO]:[Thread-90] Update next break information
2018-05-18 12:58:21,689 [INFO]:[Thread-90] Waiting for 15 minutes until next break
2018-05-18 13:13:21,690 [INFO]:[Thread-90] Pre-break waiting is over
2018-05-18 13:13:21,691 [INFO]:[MainThread] Show the notification
2018-05-18 13:13:21,693 [ERROR]:[MainThread] Failed to show the notification
2018-05-18 13:13:21,694 [INFO]:[Thread-91] Wait for 10 seconds before the break
2018-05-18 13:13:31,695 [INFO]:[MainThread] Searching for full-screen application
2018-05-18 13:13:31,715 [INFO]:[MainThread] Close pre-break notification
2018-05-18 13:13:31,723 [INFO]:[Thread-93] Lock the keyboard
2018-05-18 13:13:31,724 [INFO]:[MainThread] Show break screens in all displays
2018-05-18 13:13:51,749 [INFO]:[MainThread] Break is terminated automatically
2018-05-18 13:13:51,749 [INFO]:[MainThread] Close the break screen(s)
2018-05-18 13:13:51,749 [INFO]:[MainThread] Unlock the keyboard
2018-05-18 13:13:51,750 [INFO]:[MainThread] Playing audible alert
2018-05-18 13:13:51,762 [INFO]:[Thread-94] Update next break information
2018-05-18 13:13:51,762 [INFO]:[Thread-94] Waiting for 15 minutes until next break
2018-05-18 13:28:51,768 [INFO]:[Thread-94] Pre-break waiting is over
2018-05-18 13:28:51,768 [INFO]:[MainThread] Show the notification
2018-05-18 13:28:51,773 [ERROR]:[MainThread] Failed to show the notification
2018-05-18 13:28:51,773 [INFO]:[Thread-95] Wait for 10 seconds before the break
2018-05-18 13:29:01,778 [INFO]:[MainThread] Searching for full-screen application
2018-05-18 13:29:01,786 [INFO]:[MainThread] Close pre-break notification
2018-05-18 13:29:01,789 [INFO]:[Thread-97] Lock the keyboard
2018-05-18 13:29:01,789 [INFO]:[MainThread] Show break screens in all displays
2018-05-18 13:29:03,557 [INFO]:[MainThread] User skipped the break
2018-05-18 13:29:03,558 [INFO]:[MainThread] User skipped the break
2018-05-18 13:29:03,558 [INFO]:[MainThread] Close the break screen(s)
2018-05-18 13:29:03,559 [INFO]:[MainThread] Unlock the keyboard
2018-05-18 13:29:03,791 [INFO]:[Thread-98] Update next break information
2018-05-18 13:29:03,792 [INFO]:[Thread-98] Waiting for 15 minutes until next break
2018-05-18 13:44:03,792 [INFO]:[Thread-98] Pre-break waiting is over
2018-05-18 13:44:03,793 [INFO]:[MainThread] Show the notification
2018-05-18 13:44:03,801 [ERROR]:[MainThread] Failed to show the notification
2018-05-18 13:44:03,802 [INFO]:[Thread-99] Wait for 10 seconds before the break
2018-05-18 13:44:13,804 [INFO]:[MainThread] Searching for full-screen application
2018-05-18 13:44:13,832 [INFO]:[MainThread] Close pre-break notification
2018-05-18 13:44:13,840 [INFO]:[Thread-101] Lock the keyboard
2018-05-18 13:44:13,840 [INFO]:[MainThread] Show break screens in all displays
2018-05-18 13:44:22,552 [INFO]:[MainThread] User skipped the break
2018-05-18 13:44:22,552 [INFO]:[MainThread] User skipped the break
2018-05-18 13:44:22,553 [INFO]:[MainThread] Close the break screen(s)
2018-05-18 13:44:22,553 [INFO]:[MainThread] Unlock the keyboard
2018-05-18 13:44:22,851 [INFO]:[Thread-102] Update next break information
2018-05-18 13:44:22,852 [INFO]:[Thread-102] Waiting for 15 minutes until next break
2018-05-18 13:50:54,065 [INFO]:[MainThread] Stop Safe Eyes due to system suspend
2018-05-18 13:50:54,066 [INFO]:[MainThread] Disable Safe Eyes
2018-05-18 13:50:54,068 [INFO]:[MainThread] Stop Safe Eye core
2018-05-18 13:50:54,070 [INFO]:[Thread-102] Pre-break waiting is over
2018-05-18 14:21:24,736 [INFO]:[MainThread] Resume Safe Eyes after system wakeup
2018-05-18 14:21:24,736 [INFO]:[MainThread] Enable Safe Eyes
2018-05-18 14:21:24,743 [INFO]:[MainThread] Start Safe Eyes core
2018-05-18 14:21:24,744 [INFO]:[Thread-103] Update next break information
2018-05-18 14:21:24,744 [INFO]:[Thread-103] Waiting for 15 minutes until next break
2018-05-18 14:36:24,745 [INFO]:[Thread-103] Pre-break waiting is over
2018-05-18 14:36:24,746 [INFO]:[MainThread] Show the notification
2018-05-18 14:36:24,752 [ERROR]:[MainThread] Failed to show the notification
2018-05-18 14:36:24,753 [INFO]:[Thread-104] Wait for 10 seconds before the break
2018-05-18 14:36:34,754 [INFO]:[MainThread] Searching for full-screen application
2018-05-18 14:36:34,774 [INFO]:[MainThread] Close pre-break notification
2018-05-18 14:36:34,780 [INFO]:[Thread-106] Lock the keyboard
2018-05-18 14:36:34,781 [INFO]:[MainThread] Show break screens in all displays
2018-05-18 14:36:54,802 [INFO]:[MainThread] Break is terminated automatically
2018-05-18 14:36:54,803 [INFO]:[MainThread] Close the break screen(s)
2018-05-18 14:36:54,803 [INFO]:[MainThread] Unlock the keyboard
2018-05-18 14:36:54,804 [INFO]:[MainThread] Playing audible alert
2018-05-18 14:36:54,815 [INFO]:[Thread-107] Update next break information
2018-05-18 14:36:54,817 [INFO]:[Thread-107] Waiting for 15 minutes until next break
2018-05-18 14:51:54,818 [INFO]:[Thread-107] Pre-break waiting is over
2018-05-18 14:51:54,819 [INFO]:[MainThread] Show the notification
2018-05-18 14:51:54,827 [ERROR]:[MainThread] Failed to show the notification
2018-05-18 14:51:54,829 [INFO]:[Thread-108] Wait for 10 seconds before the break
2018-05-18 14:52:04,830 [INFO]:[MainThread] Searching for full-screen application
2018-05-18 14:52:04,838 [INFO]:[MainThread] Close pre-break notification
2018-05-18 14:52:04,840 [INFO]:[Thread-110] Lock the keyboard
2018-05-18 14:52:04,840 [INFO]:[MainThread] Show break screens in all displays
2018-05-18 14:52:24,866 [INFO]:[MainThread] Break is terminated automatically
2018-05-18 14:52:24,867 [INFO]:[MainThread] Close the break screen(s)
2018-05-18 14:52:24,867 [INFO]:[MainThread] Unlock the keyboard
2018-05-18 14:52:24,868 [INFO]:[MainThread] Playing audible alert
2018-05-18 14:52:24,879 [INFO]:[Thread-111] Update next break information
2018-05-18 14:52:24,884 [INFO]:[Thread-111] Waiting for 15 minutes until next break
2018-05-18 15:07:24,884 [INFO]:[Thread-111] Pre-break waiting is over
2018-05-18 15:07:24,885 [INFO]:[MainThread] Show the notification
2018-05-18 15:07:24,891 [ERROR]:[MainThread] Failed to show the notification
2018-05-18 15:07:24,893 [INFO]:[Thread-112] Wait for 10 seconds before the break
2018-05-18 15:07:34,894 [INFO]:[MainThread] Searching for full-screen application
2018-05-18 15:07:34,900 [INFO]:[MainThread] Close pre-break notification
2018-05-18 15:07:34,902 [INFO]:[Thread-114] Lock the keyboard
2018-05-18 15:07:34,902 [INFO]:[MainThread] Show break screens in all displays
2018-05-18 15:07:54,927 [INFO]:[MainThread] Break is terminated automatically
2018-05-18 15:07:54,928 [INFO]:[MainThread] Close the break screen(s)
2018-05-18 15:07:54,928 [INFO]:[MainThread] Unlock the keyboard
2018-05-18 15:07:54,929 [INFO]:[MainThread] Playing audible alert
2018-05-18 15:07:54,935 [INFO]:[Thread-115] Update next break information
2018-05-18 15:07:54,936 [INFO]:[Thread-115] Waiting for 15 minutes until next break
2018-05-18 15:15:52,129 [INFO]:[MainThread] Stop Safe Eyes due to system suspend
2018-05-18 15:15:52,130 [INFO]:[MainThread] Disable Safe Eyes
2018-05-18 15:15:52,131 [INFO]:[MainThread] Stop Safe Eye core
2018-05-18 15:15:52,132 [INFO]:[Thread-115] Pre-break waiting is over
2018-05-18 16:22:51,682 [INFO]:[MainThread] Resume Safe Eyes after system wakeup
2018-05-18 16:22:51,683 [INFO]:[MainThread] Enable Safe Eyes
2018-05-18 16:22:51,688 [INFO]:[MainThread] Start Safe Eyes core
2018-05-18 16:22:51,694 [INFO]:[Thread-116] Update next break information
2018-05-18 16:22:51,696 [INFO]:[Thread-116] Waiting for 15 minutes until next break
2018-05-18 16:29:23,567 [INFO]:[MainThread] Stop Safe Eyes due to system suspend
2018-05-18 16:29:23,568 [INFO]:[MainThread] Disable Safe Eyes
2018-05-18 16:29:23,589 [INFO]:[MainThread] Stop Safe Eye core
2018-05-18 16:29:23,589 [INFO]:[Thread-116] Pre-break waiting is over
2018-05-18 21:18:24,330 [INFO]:[MainThread] Resume Safe Eyes after system wakeup
2018-05-18 21:18:24,330 [INFO]:[MainThread] Enable Safe Eyes
2018-05-18 21:18:24,332 [INFO]:[MainThread] Start Safe Eyes core
2018-05-18 21:18:24,336 [INFO]:[Thread-117] Update next break information
2018-05-18 21:18:24,340 [INFO]:[Thread-117] Waiting for 15 minutes until next break
2018-05-18 21:33:24,341 [INFO]:[Thread-117] Pre-break waiting is over
2018-05-18 21:33:24,342 [INFO]:[MainThread] Show the notification
2018-05-18 21:33:24,349 [ERROR]:[MainThread] Failed to show the notification
2018-05-18 21:33:24,350 [INFO]:[Thread-118] Wait for 10 seconds before the break
2018-05-18 21:33:34,352 [INFO]:[MainThread] Searching for full-screen application
2018-05-18 21:33:34,368 [INFO]:[MainThread] Close pre-break notification
2018-05-18 21:33:34,374 [INFO]:[Thread-120] Lock the keyboard
2018-05-18 21:33:34,375 [INFO]:[MainThread] Show break screens in all displays
2018-05-18 21:33:36,738 [INFO]:[MainThread] User skipped the break
2018-05-18 21:33:36,739 [INFO]:[MainThread] User skipped the break
2018-05-18 21:33:36,739 [INFO]:[MainThread] Close the break screen(s)
2018-05-18 21:33:36,740 [INFO]:[MainThread] Unlock the keyboard
2018-05-18 21:33:37,379 [INFO]:[Thread-121] Update next break information
2018-05-18 21:33:37,382 [INFO]:[Thread-121] Waiting for 15 minutes until next break
2018-05-18 21:33:41,390 [INFO]:[MainThread] Disable Safe Eyes
2018-05-18 21:33:41,398 [INFO]:[MainThread] Stop Safe Eye core
2018-05-18 21:33:41,399 [INFO]:[Thread-121] Pre-break waiting is over
2018-05-18 22:05:08,592 [INFO]:[MainThread] Enable Safe Eyes
2018-05-18 22:05:08,596 [INFO]:[MainThread] Start Safe Eyes core
2018-05-18 22:05:08,597 [INFO]:[Thread-122] Update next break information
2018-05-18 22:05:08,599 [INFO]:[Thread-122] Waiting for 15 minutes until next break
2018-05-18 22:20:08,600 [INFO]:[Thread-122] Pre-break waiting is over
2018-05-18 22:20:08,601 [INFO]:[MainThread] Show the notification
2018-05-18 22:20:08,609 [ERROR]:[MainThread] Failed to show the notification
2018-05-18 22:20:08,610 [INFO]:[Thread-123] Wait for 10 seconds before the break
2018-05-18 22:20:18,612 [INFO]:[MainThread] Searching for full-screen application
2018-05-18 22:20:18,637 [INFO]:[MainThread] Close pre-break notification
2018-05-18 22:20:18,647 [INFO]:[Thread-125] Lock the keyboard
2018-05-18 22:20:18,660 [INFO]:[MainThread] Show break screens in all displays
2018-05-18 22:20:38,674 [INFO]:[MainThread] Break is terminated automatically
2018-05-18 22:20:38,674 [INFO]:[MainThread] Close the break screen(s)
2018-05-18 22:20:38,675 [INFO]:[MainThread] Unlock the keyboard
2018-05-18 22:20:38,676 [INFO]:[MainThread] Playing audible alert
2018-05-18 22:20:38,743 [INFO]:[Thread-126] Update next break information
2018-05-18 22:20:38,744 [INFO]:[Thread-126] Waiting for 15 minutes until next break
2018-05-18 22:35:38,745 [INFO]:[Thread-126] Pre-break waiting is over
2018-05-18 22:35:38,746 [INFO]:[MainThread] Show the notification
2018-05-18 22:35:38,752 [ERROR]:[MainThread] Failed to show the notification
2018-05-18 22:35:38,753 [INFO]:[Thread-127] Wait for 10 seconds before the break
2018-05-18 22:35:48,755 [INFO]:[MainThread] Searching for full-screen application
2018-05-18 22:35:48,775 [INFO]:[MainThread] Close pre-break notification
2018-05-18 22:35:48,778 [INFO]:[Thread-129] Lock the keyboard
2018-05-18 22:35:48,778 [INFO]:[MainThread] Show break screens in all displays
2018-05-18 22:36:08,804 [INFO]:[MainThread] Break is terminated automatically
2018-05-18 22:36:08,805 [INFO]:[MainThread] Close the break screen(s)
2018-05-18 22:36:08,805 [INFO]:[MainThread] Unlock the keyboard
2018-05-18 22:36:08,807 [INFO]:[MainThread] Playing audible alert
2018-05-18 22:36:08,833 [INFO]:[Thread-130] Update next break information
2018-05-18 22:36:08,850 [INFO]:[Thread-130] Waiting for 15 minutes until next break
2018-05-18 22:51:08,852 [INFO]:[Thread-130] Pre-break waiting is over
2018-05-18 22:51:08,907 [INFO]:[MainThread] Show the notification
2018-05-18 22:51:08,913 [ERROR]:[MainThread] Failed to show the notification
2018-05-18 22:51:08,914 [INFO]:[Thread-131] Wait for 10 seconds before the break
2018-05-18 22:51:18,915 [INFO]:[MainThread] Searching for full-screen application
2018-05-18 22:51:18,932 [INFO]:[MainThread] Close pre-break notification
2018-05-18 22:51:18,939 [INFO]:[Thread-133] Lock the keyboard
2018-05-18 22:51:18,940 [INFO]:[MainThread] Show break screens in all displays
2018-05-18 22:51:38,962 [INFO]:[MainThread] Break is terminated automatically
2018-05-18 22:51:38,963 [INFO]:[MainThread] Close the break screen(s)
2018-05-18 22:51:38,964 [INFO]:[MainThread] Unlock the keyboard
2018-05-18 22:51:38,964 [INFO]:[MainThread] Playing audible alert
2018-05-18 22:51:38,982 [INFO]:[Thread-134] Update next break information
2018-05-18 22:51:38,997 [INFO]:[Thread-134] Waiting for 15 minutes until next break
2018-05-18 23:06:39,004 [INFO]:[Thread-134] Pre-break waiting is over
2018-05-18 23:06:39,006 [INFO]:[MainThread] Show the notification
2018-05-18 23:06:39,015 [ERROR]:[MainThread] Failed to show the notification
2018-05-18 23:06:39,027 [INFO]:[Thread-135] Wait for 10 seconds before the break
2018-05-18 23:06:46,216 [INFO]:[MainThread] Disable Safe Eyes
2018-05-18 23:06:46,218 [INFO]:[MainThread] Stop Safe Eye core
2018-05-22 11:12:41,733 [INFO]:[MainThread] Enable Safe Eyes
2018-05-22 11:12:41,799 [INFO]:[MainThread] Start Safe Eyes core
2018-05-22 11:12:41,805 [INFO]:[Thread-136] Update next break information
2018-05-22 11:12:41,808 [INFO]:[Thread-136] Waiting for 15 minutes until next break
2018-05-22 11:27:41,811 [INFO]:[Thread-136] Pre-break waiting is over
2018-05-22 11:27:41,812 [INFO]:[MainThread] Show the notification
2018-05-22 11:27:41,845 [ERROR]:[MainThread] Failed to show the notification
2018-05-22 11:27:41,846 [INFO]:[Thread-137] Wait for 10 seconds before the break
2018-05-22 11:27:51,847 [INFO]:[MainThread] Searching for full-screen application
2018-05-22 11:27:51,858 [INFO]:[MainThread] Close pre-break notification
2018-05-22 11:27:51,860 [INFO]:[Thread-139] Lock the keyboard
2018-05-22 11:27:51,861 [INFO]:[MainThread] Show break screens in all displays
2018-05-22 11:28:11,888 [INFO]:[MainThread] Break is terminated automatically
2018-05-22 11:28:11,888 [INFO]:[MainThread] Close the break screen(s)
2018-05-22 11:28:11,889 [INFO]:[MainThread] Unlock the keyboard
2018-05-22 11:28:11,889 [INFO]:[MainThread] Playing audible alert
2018-05-22 11:28:11,973 [INFO]:[Thread-140] Update next break information
2018-05-22 11:28:11,975 [INFO]:[Thread-140] Waiting for 15 minutes until next break
2018-05-22 11:43:11,977 [INFO]:[Thread-140] Pre-break waiting is over
2018-05-22 11:43:11,977 [INFO]:[MainThread] Show the notification
2018-05-22 11:43:11,982 [ERROR]:[MainThread] Failed to show the notification
2018-05-22 11:43:11,984 [INFO]:[Thread-141] Wait for 10 seconds before the break
2018-05-22 11:43:21,985 [INFO]:[MainThread] Searching for full-screen application
2018-05-22 11:43:21,993 [INFO]:[MainThread] Close pre-break notification
2018-05-22 11:43:21,996 [INFO]:[Thread-143] Lock the keyboard
2018-05-22 11:43:21,996 [INFO]:[MainThread] Show break screens in all displays
2018-05-22 11:44:22,075 [INFO]:[MainThread] Break is terminated automatically
2018-05-22 11:44:22,076 [INFO]:[MainThread] Close the break screen(s)
2018-05-22 11:44:22,076 [INFO]:[MainThread] Unlock the keyboard
2018-05-22 11:44:22,077 [INFO]:[MainThread] Playing audible alert
2018-05-22 11:44:22,095 [INFO]:[Thread-144] Update next break information
2018-05-22 11:44:22,104 [INFO]:[Thread-144] Waiting for 15 minutes until next break
2018-05-22 11:59:22,105 [INFO]:[Thread-144] Pre-break waiting is over
2018-05-22 11:59:22,105 [INFO]:[MainThread] Show the notification
2018-05-22 11:59:22,112 [ERROR]:[MainThread] Failed to show the notification
2018-05-22 11:59:22,112 [INFO]:[Thread-145] Wait for 10 seconds before the break
2018-05-22 11:59:32,113 [INFO]:[MainThread] Searching for full-screen application
2018-05-22 11:59:32,124 [INFO]:[MainThread] Close pre-break notification
2018-05-22 11:59:32,126 [INFO]:[Thread-147] Lock the keyboard
2018-05-22 11:59:32,126 [INFO]:[MainThread] Show break screens in all displays
2018-05-22 11:59:52,154 [INFO]:[MainThread] Break is terminated automatically
2018-05-22 11:59:52,154 [INFO]:[MainThread] Close the break screen(s)
2018-05-22 11:59:52,154 [INFO]:[MainThread] Unlock the keyboard
2018-05-22 11:59:52,155 [INFO]:[MainThread] Playing audible alert
2018-05-22 11:59:52,165 [INFO]:[Thread-148] Update next break information
2018-05-22 11:59:52,166 [INFO]:[Thread-148] Waiting for 15 minutes until next break
2018-05-22 12:08:37,549 [INFO]:[MainThread] Stop Safe Eyes due to system suspend
2018-05-22 12:08:37,549 [INFO]:[MainThread] Disable Safe Eyes
2018-05-22 12:08:37,558 [INFO]:[MainThread] Stop Safe Eye core
2018-05-22 12:08:37,558 [INFO]:[Thread-148] Pre-break waiting is over
2018-05-22 12:11:46,804 [INFO]:[MainThread] Resume Safe Eyes after system wakeup
2018-05-22 12:11:46,805 [INFO]:[MainThread] Enable Safe Eyes
2018-05-22 12:11:46,806 [INFO]:[MainThread] Start Safe Eyes core
2018-05-22 12:11:46,818 [INFO]:[Thread-149] Update next break information
2018-05-22 12:11:46,838 [INFO]:[Thread-149] Waiting for 15 minutes until next break
2018-05-22 12:26:46,838 [INFO]:[Thread-149] Pre-break waiting is over
2018-05-22 12:26:46,839 [INFO]:[MainThread] Show the notification
2018-05-22 12:26:46,849 [ERROR]:[MainThread] Failed to show the notification
2018-05-22 12:26:46,850 [INFO]:[Thread-150] Wait for 10 seconds before the break
2018-05-22 12:26:56,852 [INFO]:[MainThread] Searching for full-screen application
2018-05-22 12:26:56,870 [INFO]:[MainThread] Close pre-break notification
2018-05-22 12:26:56,876 [INFO]:[Thread-152] Lock the keyboard
2018-05-22 12:26:56,876 [INFO]:[MainThread] Show break screens in all displays
2018-05-22 12:27:02,942 [INFO]:[MainThread] User skipped the break
2018-05-22 12:27:02,942 [INFO]:[MainThread] User skipped the break
2018-05-22 12:27:02,943 [INFO]:[MainThread] Close the break screen(s)
2018-05-22 12:27:02,943 [INFO]:[MainThread] Unlock the keyboard
2018-05-22 12:27:03,886 [INFO]:[Thread-153] Update next break information
2018-05-22 12:27:03,888 [INFO]:[Thread-153] Waiting for 15 minutes until next break
2018-05-22 12:42:03,888 [INFO]:[Thread-153] Pre-break waiting is over
2018-05-22 12:42:03,889 [INFO]:[MainThread] Show the notification
2018-05-22 12:42:03,896 [ERROR]:[MainThread] Failed to show the notification
2018-05-22 12:42:03,897 [INFO]:[Thread-154] Wait for 10 seconds before the break
2018-05-22 12:42:13,899 [INFO]:[MainThread] Searching for full-screen application
2018-05-22 12:42:13,922 [INFO]:[MainThread] Close pre-break notification
2018-05-22 12:42:13,928 [INFO]:[Thread-156] Lock the keyboard
2018-05-22 12:42:13,929 [INFO]:[MainThread] Show break screens in all displays
2018-05-22 12:42:15,885 [INFO]:[MainThread] User skipped the break
2018-05-22 12:42:15,885 [INFO]:[MainThread] User skipped the break
2018-05-22 12:42:15,886 [INFO]:[MainThread] Close the break screen(s)
2018-05-22 12:42:15,886 [INFO]:[MainThread] Unlock the keyboard
2018-05-22 12:42:15,930 [INFO]:[Thread-157] Update next break information
2018-05-22 12:42:15,932 [INFO]:[Thread-157] Waiting for 15 minutes until next break
2018-05-22 12:57:15,932 [INFO]:[Thread-157] Pre-break waiting is over
2018-05-22 12:57:15,932 [INFO]:[MainThread] Show the notification
2018-05-22 12:57:15,935 [ERROR]:[MainThread] Failed to show the notification
2018-05-22 12:57:15,935 [INFO]:[Thread-158] Wait for 10 seconds before the break
2018-05-22 12:57:21,860 [INFO]:[MainThread] Disable Safe Eyes
2018-05-22 12:57:21,866 [INFO]:[MainThread] Stop Safe Eye core
2018-05-22 13:14:06,500 [INFO]:[MainThread] Enable Safe Eyes
2018-05-22 13:14:06,505 [INFO]:[MainThread] Start Safe Eyes core
2018-05-22 13:14:06,506 [INFO]:[Thread-159] Update next break information
2018-05-22 13:14:06,508 [INFO]:[Thread-159] Waiting for 15 minutes until next break
2018-05-22 13:29:06,509 [INFO]:[Thread-159] Pre-break waiting is over
2018-05-22 13:29:06,509 [INFO]:[MainThread] Show the notification
2018-05-22 13:29:06,511 [ERROR]:[MainThread] Failed to show the notification
2018-05-22 13:29:06,512 [INFO]:[Thread-160] Wait for 10 seconds before the break
2018-05-22 13:29:16,513 [INFO]:[MainThread] Searching for full-screen application
2018-05-22 13:29:16,514 [INFO]:[MainThread] Close pre-break notification
2018-05-22 13:29:16,520 [INFO]:[Thread-162] Lock the keyboard
2018-05-22 13:29:16,520 [INFO]:[MainThread] Show break screens in all displays
2018-05-22 13:29:36,547 [INFO]:[MainThread] Break is terminated automatically
2018-05-22 13:29:36,547 [INFO]:[MainThread] Close the break screen(s)
2018-05-22 13:29:36,548 [INFO]:[MainThread] Unlock the keyboard
2018-05-22 13:29:36,549 [INFO]:[MainThread] Playing audible alert
2018-05-22 13:29:36,562 [INFO]:[Thread-163] Update next break information
2018-05-22 13:29:36,564 [INFO]:[Thread-163] Waiting for 15 minutes until next break
2018-05-22 13:44:36,565 [INFO]:[Thread-163] Pre-break waiting is over
2018-05-22 13:44:36,565 [INFO]:[MainThread] Show the notification
2018-05-22 13:44:36,568 [ERROR]:[MainThread] Failed to show the notification
2018-05-22 13:44:36,569 [INFO]:[Thread-164] Wait for 10 seconds before the break
2018-05-22 13:44:46,570 [INFO]:[MainThread] Searching for full-screen application
2018-05-22 13:44:46,585 [INFO]:[MainThread] Close pre-break notification
2018-05-22 13:44:46,590 [INFO]:[Thread-166] Lock the keyboard
2018-05-22 13:44:46,591 [INFO]:[MainThread] Show break screens in all displays
2018-05-22 13:44:48,257 [INFO]:[MainThread] User postponed the break
2018-05-22 13:44:48,258 [INFO]:[MainThread] User postponed the break
2018-05-22 13:44:48,258 [INFO]:[MainThread] Close the break screen(s)
2018-05-22 13:44:48,258 [INFO]:[MainThread] Unlock the keyboard
2018-05-22 13:44:48,593 [INFO]:[Thread-167] Update next break information
2018-05-22 13:44:48,595 [INFO]:[Thread-167] Waiting for 5 minutes until next break
2018-05-22 13:49:48,596 [INFO]:[Thread-167] Pre-break waiting is over
2018-05-22 13:49:48,597 [INFO]:[MainThread] Show the notification
2018-05-22 13:49:48,599 [ERROR]:[MainThread] Failed to show the notification
2018-05-22 13:49:48,600 [INFO]:[Thread-168] Wait for 10 seconds before the break
2018-05-22 13:49:58,601 [INFO]:[MainThread] Searching for full-screen application
2018-05-22 13:49:58,613 [INFO]:[MainThread] Close pre-break notification
2018-05-22 13:49:58,616 [INFO]:[Thread-170] Lock the keyboard
2018-05-22 13:49:58,616 [INFO]:[MainThread] Show break screens in all displays
2018-05-22 13:50:00,028 [INFO]:[MainThread] User postponed the break
2018-05-22 13:50:00,029 [INFO]:[MainThread] User postponed the break
2018-05-22 13:50:00,029 [INFO]:[MainThread] Close the break screen(s)
2018-05-22 13:50:00,029 [INFO]:[MainThread] Unlock the keyboard
2018-05-22 13:50:00,619 [INFO]:[Thread-171] Update next break information
2018-05-22 13:50:00,621 [INFO]:[Thread-171] Waiting for 5 minutes until next break
2018-05-22 13:55:00,623 [INFO]:[Thread-171] Pre-break waiting is over
2018-05-22 13:55:00,623 [INFO]:[MainThread] Show the notification
2018-05-22 13:55:00,625 [ERROR]:[MainThread] Failed to show the notification
2018-05-22 13:55:00,625 [INFO]:[Thread-172] Wait for 10 seconds before the break
2018-05-22 13:55:10,626 [INFO]:[MainThread] Searching for full-screen application
2018-05-22 13:55:10,644 [INFO]:[MainThread] Close pre-break notification
2018-05-22 13:55:10,651 [INFO]:[Thread-174] Lock the keyboard
2018-05-22 13:55:10,651 [INFO]:[MainThread] Show break screens in all displays
2018-05-22 13:56:10,733 [INFO]:[MainThread] Break is terminated automatically
2018-05-22 13:56:10,733 [INFO]:[MainThread] Close the break screen(s)
2018-05-22 13:56:10,734 [INFO]:[MainThread] Unlock the keyboard
2018-05-22 13:56:10,734 [INFO]:[MainThread] Playing audible alert
2018-05-22 13:56:10,748 [INFO]:[Thread-175] Update next break information
2018-05-22 13:56:10,750 [INFO]:[Thread-175] Waiting for 15 minutes until next break
2018-05-22 14:11:10,750 [INFO]:[Thread-175] Pre-break waiting is over
2018-05-22 14:11:10,750 [INFO]:[MainThread] Show the notification
2018-05-22 14:11:10,752 [ERROR]:[MainThread] Failed to show the notification
2018-05-22 14:11:10,752 [INFO]:[Thread-176] Wait for 10 seconds before the break
2018-05-22 14:11:20,754 [INFO]:[MainThread] Searching for full-screen application
2018-05-22 14:11:20,771 [INFO]:[MainThread] Close pre-break notification
2018-05-22 14:11:20,776 [INFO]:[Thread-178] Lock the keyboard
2018-05-22 14:11:20,777 [INFO]:[MainThread] Show break screens in all displays
2018-05-22 14:11:40,804 [INFO]:[MainThread] Break is terminated automatically
2018-05-22 14:11:40,805 [INFO]:[MainThread] Close the break screen(s)
2018-05-22 14:11:40,805 [INFO]:[MainThread] Unlock the keyboard
2018-05-22 14:11:40,806 [INFO]:[MainThread] Playing audible alert
2018-05-22 14:11:40,819 [INFO]:[Thread-179] Update next break information
2018-05-22 14:11:40,820 [INFO]:[Thread-179] Waiting for 15 minutes until next break
2018-05-22 14:26:40,821 [INFO]:[Thread-179] Pre-break waiting is over
2018-05-22 14:26:40,822 [INFO]:[MainThread] Show the notification
2018-05-22 14:26:40,828 [ERROR]:[MainThread] Failed to show the notification
2018-05-22 14:26:40,829 [INFO]:[Thread-180] Wait for 10 seconds before the break
2018-05-22 14:26:50,830 [INFO]:[MainThread] Searching for full-screen application
2018-05-22 14:26:50,846 [INFO]:[MainThread] Close pre-break notification
2018-05-22 14:26:50,852 [INFO]:[Thread-182] Lock the keyboard
2018-05-22 14:26:50,853 [INFO]:[MainThread] Show break screens in all displays
2018-05-22 14:27:10,878 [INFO]:[MainThread] Break is terminated automatically
2018-05-22 14:27:10,878 [INFO]:[MainThread] Close the break screen(s)
2018-05-22 14:27:10,878 [INFO]:[MainThread] Unlock the keyboard
2018-05-22 14:27:10,879 [INFO]:[MainThread] Playing audible alert
2018-05-22 14:27:10,891 [INFO]:[Thread-183] Update next break information
2018-05-22 14:27:10,894 [INFO]:[Thread-183] Waiting for 15 minutes until next break
2018-05-22 14:42:10,895 [INFO]:[Thread-183] Pre-break waiting is over
2018-05-22 14:42:10,896 [INFO]:[MainThread] Show the notification
2018-05-22 14:42:10,902 [ERROR]:[MainThread] Failed to show the notification
2018-05-22 14:42:10,903 [INFO]:[Thread-184] Wait for 10 seconds before the break
2018-05-22 14:42:20,904 [INFO]:[MainThread] Searching for full-screen application
2018-05-22 14:42:20,914 [INFO]:[MainThread] Close pre-break notification
2018-05-22 14:42:20,917 [INFO]:[Thread-186] Lock the keyboard
2018-05-22 14:42:20,917 [INFO]:[MainThread] Show break screens in all displays
2018-05-22 14:42:40,944 [INFO]:[MainThread] Break is terminated automatically
2018-05-22 14:42:40,944 [INFO]:[MainThread] Close the break screen(s)
2018-05-22 14:42:40,945 [INFO]:[MainThread] Unlock the keyboard
2018-05-22 14:42:40,945 [INFO]:[MainThread] Playing audible alert
2018-05-22 14:42:40,957 [INFO]:[Thread-187] Update next break information
2018-05-22 14:42:40,959 [INFO]:[Thread-187] Waiting for 15 minutes until next break
2018-05-22 14:57:40,960 [INFO]:[Thread-187] Pre-break waiting is over
2018-05-22 14:57:40,961 [INFO]:[MainThread] Show the notification
2018-05-22 14:57:40,966 [ERROR]:[MainThread] Failed to show the notification
2018-05-22 14:57:40,967 [INFO]:[Thread-188] Wait for 10 seconds before the break
2018-05-22 14:57:50,968 [INFO]:[MainThread] Searching for full-screen application
2018-05-22 14:57:50,979 [INFO]:[MainThread] Close pre-break notification
2018-05-22 14:57:50,982 [INFO]:[Thread-190] Lock the keyboard
2018-05-22 14:57:50,982 [INFO]:[MainThread] Show break screens in all displays
2018-05-22 14:57:53,471 [INFO]:[MainThread] User postponed the break
2018-05-22 14:57:53,471 [INFO]:[MainThread] User postponed the break
2018-05-22 14:57:53,471 [INFO]:[MainThread] Close the break screen(s)
2018-05-22 14:57:53,471 [INFO]:[MainThread] Unlock the keyboard
2018-05-22 14:57:53,987 [INFO]:[Thread-191] Update next break information
2018-05-22 14:57:53,990 [INFO]:[Thread-191] Waiting for 5 minutes until next break
2018-05-22 15:02:53,991 [INFO]:[Thread-191] Pre-break waiting is over
2018-05-22 15:02:53,991 [INFO]:[MainThread] Show the notification
2018-05-22 15:02:53,996 [ERROR]:[MainThread] Failed to show the notification
2018-05-22 15:02:53,997 [INFO]:[Thread-192] Wait for 10 seconds before the break
2018-05-22 15:03:03,998 [INFO]:[MainThread] Searching for full-screen application
2018-05-22 15:03:04,016 [INFO]:[MainThread] Close pre-break notification
2018-05-22 15:03:04,022 [INFO]:[Thread-194] Lock the keyboard
2018-05-22 15:03:04,026 [INFO]:[MainThread] Show break screens in all displays
2018-05-22 15:03:05,503 [INFO]:[MainThread] User postponed the break
2018-05-22 15:03:05,503 [INFO]:[MainThread] User postponed the break
2018-05-22 15:03:05,503 [INFO]:[MainThread] Close the break screen(s)
2018-05-22 15:03:05,503 [INFO]:[MainThread] Unlock the keyboard
2018-05-22 15:03:06,024 [INFO]:[Thread-195] Update next break information
2018-05-22 15:03:06,025 [INFO]:[Thread-195] Waiting for 5 minutes until next break
2018-05-22 15:08:06,025 [INFO]:[Thread-195] Pre-break waiting is over
2018-05-22 15:08:06,026 [INFO]:[MainThread] Show the notification
2018-05-22 15:08:06,029 [ERROR]:[MainThread] Failed to show the notification
2018-05-22 15:08:06,029 [INFO]:[Thread-196] Wait for 10 seconds before the break
2018-05-22 15:08:16,030 [INFO]:[MainThread] Searching for full-screen application
2018-05-22 15:08:16,031 [INFO]:[MainThread] Close pre-break notification
2018-05-22 15:08:16,035 [INFO]:[Thread-198] Lock the keyboard
2018-05-22 15:08:16,035 [INFO]:[MainThread] Show break screens in all displays
2018-05-22 15:08:27,418 [INFO]:[MainThread] User skipped the break
2018-05-22 15:08:27,418 [INFO]:[MainThread] User skipped the break
2018-05-22 15:08:27,419 [INFO]:[MainThread] Close the break screen(s)
2018-05-22 15:08:27,419 [INFO]:[MainThread] Unlock the keyboard
2018-05-22 15:08:28,051 [INFO]:[Thread-199] Update next break information
2018-05-22 15:08:28,052 [INFO]:[Thread-199] Waiting for 15 minutes until next break
2018-05-22 15:23:28,057 [INFO]:[Thread-199] Pre-break waiting is over
2018-05-22 15:23:28,058 [INFO]:[MainThread] Show the notification
2018-05-22 15:23:28,062 [ERROR]:[MainThread] Failed to show the notification
2018-05-22 15:23:28,063 [INFO]:[Thread-200] Wait for 10 seconds before the break
2018-05-22 15:23:38,064 [INFO]:[MainThread] Searching for full-screen application
2018-05-22 15:23:38,070 [INFO]:[MainThread] Close pre-break notification
2018-05-22 15:23:38,072 [INFO]:[Thread-202] Lock the keyboard
2018-05-22 15:23:38,072 [INFO]:[MainThread] Show break screens in all displays
2018-05-22 15:23:47,391 [INFO]:[MainThread] User skipped the break
2018-05-22 15:23:47,392 [INFO]:[MainThread] User skipped the break
2018-05-22 15:23:47,392 [INFO]:[MainThread] Close the break screen(s)
2018-05-22 15:23:47,393 [INFO]:[MainThread] Unlock the keyboard
2018-05-22 15:23:48,086 [INFO]:[Thread-203] Update next break information
2018-05-22 15:23:48,088 [INFO]:[Thread-203] Waiting for 15 minutes until next break
2018-05-22 15:38:48,089 [INFO]:[Thread-203] Pre-break waiting is over
2018-05-22 15:38:48,090 [INFO]:[MainThread] Show the notification
2018-05-22 15:38:48,095 [ERROR]:[MainThread] Failed to show the notification
2018-05-22 15:38:48,096 [INFO]:[Thread-204] Wait for 10 seconds before the break
2018-05-22 15:38:54,962 [INFO]:[MainThread] Disable Safe Eyes
2018-05-22 15:38:54,970 [INFO]:[MainThread] Stop Safe Eye core
2018-05-24 02:34:19,508 [INFO]:[MainThread] Enable Safe Eyes
2018-05-24 02:34:19,573 [INFO]:[MainThread] Start Safe Eyes core
2018-05-24 02:34:19,574 [INFO]:[Thread-205] Update next break information
2018-05-24 02:34:19,574 [INFO]:[Thread-205] Waiting for 15 minutes until next break
2018-05-24 02:49:19,574 [INFO]:[Thread-205] Pre-break waiting is over
2018-05-24 02:49:19,575 [INFO]:[MainThread] Show the notification
2018-05-24 02:49:19,611 [ERROR]:[MainThread] Failed to show the notification
2018-05-24 02:49:19,612 [INFO]:[Thread-206] Wait for 10 seconds before the break
2018-05-24 02:49:29,613 [INFO]:[MainThread] Searching for full-screen application
2018-05-24 02:49:29,932 [INFO]:[MainThread] Close pre-break notification
2018-05-24 02:49:29,934 [INFO]:[Thread-208] Lock the keyboard
2018-05-24 02:49:29,935 [INFO]:[MainThread] Show break screens in all displays
2018-05-24 02:49:49,962 [INFO]:[MainThread] Break is terminated automatically
2018-05-24 02:49:49,963 [INFO]:[MainThread] Close the break screen(s)
2018-05-24 02:49:49,963 [INFO]:[MainThread] Unlock the keyboard
2018-05-24 02:49:49,963 [INFO]:[MainThread] Playing audible alert
2018-05-24 02:49:50,044 [INFO]:[Thread-209] Update next break information
2018-05-24 02:49:50,046 [INFO]:[Thread-209] Waiting for 15 minutes until next break
2018-05-24 03:04:50,048 [INFO]:[Thread-209] Pre-break waiting is over
2018-05-24 03:04:50,049 [INFO]:[MainThread] Show the notification
2018-05-24 03:04:50,054 [ERROR]:[MainThread] Failed to show the notification
2018-05-24 03:04:50,055 [INFO]:[Thread-210] Wait for 10 seconds before the break
2018-05-24 03:05:00,056 [INFO]:[MainThread] Searching for full-screen application
2018-05-24 03:05:00,063 [INFO]:[MainThread] Close pre-break notification
2018-05-24 03:05:00,121 [INFO]:[Thread-212] Lock the keyboard
2018-05-24 03:05:00,122 [INFO]:[MainThread] Show break screens in all displays
2018-05-24 03:05:20,149 [INFO]:[MainThread] Break is terminated automatically
2018-05-24 03:05:20,149 [INFO]:[MainThread] Close the break screen(s)
2018-05-24 03:05:20,149 [INFO]:[MainThread] Unlock the keyboard
2018-05-24 03:05:20,150 [INFO]:[MainThread] Playing audible alert
2018-05-24 03:05:20,154 [INFO]:[Thread-213] Update next break information
2018-05-24 03:05:20,154 [INFO]:[Thread-213] Waiting for 15 minutes until next break
2018-05-24 03:20:20,155 [INFO]:[Thread-213] Pre-break waiting is over
2018-05-24 03:20:20,156 [INFO]:[MainThread] Show the notification
2018-05-24 03:20:20,160 [ERROR]:[MainThread] Failed to show the notification
2018-05-24 03:20:20,161 [INFO]:[Thread-214] Wait for 10 seconds before the break
2018-05-24 03:20:30,162 [INFO]:[MainThread] Searching for full-screen application
2018-05-24 03:20:30,170 [INFO]:[MainThread] Close pre-break notification
2018-05-24 03:20:30,173 [INFO]:[Thread-216] Lock the keyboard
2018-05-24 03:20:30,173 [INFO]:[MainThread] Show break screens in all displays
2018-05-24 03:20:50,200 [INFO]:[MainThread] Break is terminated automatically
2018-05-24 03:20:50,201 [INFO]:[MainThread] Close the break screen(s)
2018-05-24 03:20:50,201 [INFO]:[MainThread] Unlock the keyboard
2018-05-24 03:20:50,202 [INFO]:[MainThread] Playing audible alert
2018-05-24 03:20:50,208 [INFO]:[Thread-217] Update next break information
2018-05-24 03:20:50,209 [INFO]:[Thread-217] Waiting for 15 minutes until next break
2018-05-24 03:34:45,415 [INFO]:[MainThread] Disable Safe Eyes
2018-05-24 03:34:45,422 [INFO]:[MainThread] Stop Safe Eye core
2018-05-24 03:34:45,423 [INFO]:[Thread-217] Pre-break waiting is over
2018-05-24 09:42:23,232 [INFO]:[MainThread] Enable Safe Eyes
2018-05-24 09:42:23,293 [INFO]:[MainThread] Start Safe Eyes core
2018-05-24 09:42:23,294 [INFO]:[Thread-218] Update next break information
2018-05-24 09:42:23,295 [INFO]:[Thread-218] Waiting for 15 minutes until next break
2018-05-24 09:57:23,298 [INFO]:[Thread-218] Pre-break waiting is over
2018-05-24 09:57:23,299 [INFO]:[MainThread] Show the notification
2018-05-24 09:57:23,334 [ERROR]:[MainThread] Failed to show the notification
2018-05-24 09:57:23,336 [INFO]:[Thread-219] Wait for 10 seconds before the break
2018-05-24 09:57:33,338 [INFO]:[MainThread] Searching for full-screen application
2018-05-24 09:57:33,429 [INFO]:[MainThread] Close pre-break notification
2018-05-24 09:57:33,439 [INFO]:[Thread-221] Lock the keyboard
2018-05-24 09:57:33,440 [INFO]:[MainThread] Show break screens in all displays
2018-05-24 09:57:53,467 [INFO]:[MainThread] Break is terminated automatically
2018-05-24 09:57:53,468 [INFO]:[MainThread] Close the break screen(s)
2018-05-24 09:57:53,468 [INFO]:[MainThread] Unlock the keyboard
2018-05-24 09:57:53,469 [INFO]:[MainThread] Playing audible alert
2018-05-24 09:57:53,540 [INFO]:[Thread-222] Update next break information
2018-05-24 09:57:53,542 [INFO]:[Thread-222] Waiting for 15 minutes until next break
2018-05-24 10:12:53,543 [INFO]:[Thread-222] Pre-break waiting is over
2018-05-24 10:12:53,544 [INFO]:[MainThread] Show the notification
2018-05-24 10:12:53,554 [ERROR]:[MainThread] Failed to show the notification
2018-05-24 10:12:53,556 [INFO]:[Thread-223] Wait for 10 seconds before the break
2018-05-24 10:13:03,557 [INFO]:[MainThread] Searching for full-screen application
2018-05-24 10:13:03,580 [INFO]:[MainThread] Close pre-break notification
2018-05-24 10:13:03,601 [INFO]:[Thread-225] Lock the keyboard
2018-05-24 10:13:03,602 [INFO]:[MainThread] Show break screens in all displays
2018-05-24 10:13:06,192 [INFO]:[MainThread] User postponed the break
2018-05-24 10:13:06,193 [INFO]:[MainThread] User postponed the break
2018-05-24 10:13:06,193 [INFO]:[MainThread] Close the break screen(s)
2018-05-24 10:13:06,193 [INFO]:[MainThread] Unlock the keyboard
2018-05-24 10:13:06,606 [INFO]:[Thread-226] Update next break information
2018-05-24 10:13:06,609 [INFO]:[Thread-226] Waiting for 5 minutes until next break
2018-05-24 10:18:06,610 [INFO]:[Thread-226] Pre-break waiting is over
2018-05-24 10:18:06,611 [INFO]:[MainThread] Show the notification
2018-05-24 10:18:06,617 [ERROR]:[MainThread] Failed to show the notification
2018-05-24 10:18:06,619 [INFO]:[Thread-227] Wait for 10 seconds before the break
2018-05-24 10:18:16,620 [INFO]:[MainThread] Searching for full-screen application
2018-05-24 10:18:16,639 [INFO]:[MainThread] Close pre-break notification
2018-05-24 10:18:16,646 [INFO]:[Thread-229] Lock the keyboard
2018-05-24 10:18:16,646 [INFO]:[MainThread] Show break screens in all displays
2018-05-24 10:19:16,725 [INFO]:[MainThread] Break is terminated automatically
2018-05-24 10:19:16,726 [INFO]:[MainThread] Close the break screen(s)
2018-05-24 10:19:16,726 [INFO]:[MainThread] Unlock the keyboard
2018-05-24 10:19:16,727 [INFO]:[MainThread] Playing audible alert
2018-05-24 10:19:16,757 [INFO]:[Thread-230] Update next break information
2018-05-24 10:19:16,761 [INFO]:[Thread-230] Waiting for 15 minutes until next break
2018-05-24 10:21:33,485 [INFO]:[MainThread] Stop Safe Eyes due to system suspend
2018-05-24 10:21:33,485 [INFO]:[MainThread] Disable Safe Eyes
2018-05-24 10:21:33,486 [INFO]:[MainThread] Stop Safe Eye core
2018-05-24 10:21:33,502 [INFO]:[Thread-230] Pre-break waiting is over
2018-05-24 11:59:25,998 [INFO]:[MainThread] Resume Safe Eyes after system wakeup
2018-05-24 11:59:25,998 [INFO]:[MainThread] Enable Safe Eyes
2018-05-24 11:59:26,007 [INFO]:[MainThread] Start Safe Eyes core
2018-05-24 11:59:26,017 [INFO]:[Thread-231] Update next break information
2018-05-24 11:59:26,025 [INFO]:[Thread-231] Waiting for 15 minutes until next break
2018-05-24 12:14:26,026 [INFO]:[Thread-231] Pre-break waiting is over
2018-05-24 12:14:26,027 [INFO]:[MainThread] Show the notification
2018-05-24 12:14:26,031 [ERROR]:[MainThread] Failed to show the notification
2018-05-24 12:14:26,032 [INFO]:[Thread-232] Wait for 10 seconds before the break
2018-05-24 12:14:36,033 [INFO]:[MainThread] Searching for full-screen application
2018-05-24 12:14:36,044 [INFO]:[MainThread] Close pre-break notification
2018-05-24 12:14:36,049 [INFO]:[Thread-234] Lock the keyboard
2018-05-24 12:14:36,049 [INFO]:[MainThread] Show break screens in all displays
2018-05-24 12:14:56,074 [INFO]:[MainThread] Break is terminated automatically
2018-05-24 12:14:56,075 [INFO]:[MainThread] Close the break screen(s)
2018-05-24 12:14:56,075 [INFO]:[MainThread] Unlock the keyboard
2018-05-24 12:14:56,076 [INFO]:[MainThread] Playing audible alert
2018-05-24 12:14:56,092 [INFO]:[Thread-235] Update next break information
2018-05-24 12:14:56,095 [INFO]:[Thread-235] Waiting for 15 minutes until next break
2018-05-24 12:29:56,096 [INFO]:[Thread-235] Pre-break waiting is over
2018-05-24 12:29:56,097 [INFO]:[MainThread] Show the notification
2018-05-24 12:29:56,101 [ERROR]:[MainThread] Failed to show the notification
2018-05-24 12:29:56,101 [INFO]:[Thread-236] Wait for 10 seconds before the break
2018-05-24 12:30:06,102 [INFO]:[MainThread] Searching for full-screen application
2018-05-24 12:30:06,113 [INFO]:[MainThread] Close pre-break notification
2018-05-24 12:30:06,116 [INFO]:[Thread-238] Lock the keyboard
2018-05-24 12:30:06,116 [INFO]:[MainThread] Show break screens in all displays
2018-05-24 12:30:26,143 [INFO]:[MainThread] Break is terminated automatically
2018-05-24 12:30:26,144 [INFO]:[MainThread] Close the break screen(s)
2018-05-24 12:30:26,144 [INFO]:[MainThread] Unlock the keyboard
2018-05-24 12:30:26,145 [INFO]:[MainThread] Playing audible alert
2018-05-24 12:30:26,195 [INFO]:[Thread-239] Update next break information
2018-05-24 12:30:26,197 [INFO]:[Thread-239] Waiting for 15 minutes until next break
2018-05-24 12:45:26,202 [INFO]:[Thread-239] Pre-break waiting is over
2018-05-24 12:45:26,203 [INFO]:[MainThread] Show the notification
2018-05-24 12:45:26,209 [ERROR]:[MainThread] Failed to show the notification
2018-05-24 12:45:26,211 [INFO]:[Thread-240] Wait for 10 seconds before the break
2018-05-24 12:45:36,213 [INFO]:[MainThread] Searching for full-screen application
2018-05-24 12:45:36,232 [INFO]:[MainThread] Close pre-break notification
2018-05-24 12:45:36,239 [INFO]:[Thread-242] Lock the keyboard
2018-05-24 12:45:36,240 [INFO]:[MainThread] Show break screens in all displays
2018-05-24 12:45:38,079 [INFO]:[MainThread] User skipped the break
2018-05-24 12:45:38,079 [INFO]:[MainThread] User skipped the break
2018-05-24 12:45:38,079 [INFO]:[MainThread] Close the break screen(s)
2018-05-24 12:45:38,079 [INFO]:[MainThread] Unlock the keyboard
2018-05-24 12:45:38,240 [INFO]:[Thread-243] Update next break information
2018-05-24 12:45:38,241 [INFO]:[Thread-243] Waiting for 15 minutes until next break
2018-05-24 13:00:38,241 [INFO]:[Thread-243] Pre-break waiting is over
2018-05-24 13:00:38,242 [INFO]:[MainThread] Show the notification
2018-05-24 13:00:38,247 [ERROR]:[MainThread] Failed to show the notification
2018-05-24 13:00:38,249 [INFO]:[Thread-244] Wait for 10 seconds before the break
2018-05-24 13:00:48,250 [INFO]:[MainThread] Searching for full-screen application
2018-05-24 13:00:48,266 [INFO]:[MainThread] Close pre-break notification
2018-05-24 13:00:48,273 [INFO]:[Thread-246] Lock the keyboard
2018-05-24 13:00:48,273 [INFO]:[MainThread] Show break screens in all displays
2018-05-24 13:01:08,298 [INFO]:[MainThread] Break is terminated automatically
2018-05-24 13:01:08,299 [INFO]:[MainThread] Close the break screen(s)
2018-05-24 13:01:08,299 [INFO]:[MainThread] Unlock the keyboard
2018-05-24 13:01:08,300 [INFO]:[MainThread] Playing audible alert
2018-05-24 13:01:08,363 [INFO]:[Thread-247] Update next break information
2018-05-24 13:01:08,365 [INFO]:[Thread-247] Waiting for 15 minutes until next break
2018-05-24 13:16:08,366 [INFO]:[Thread-247] Pre-break waiting is over
2018-05-24 13:16:08,366 [INFO]:[MainThread] Show the notification
2018-05-24 13:16:08,369 [ERROR]:[MainThread] Failed to show the notification
2018-05-24 13:16:08,369 [INFO]:[Thread-248] Wait for 10 seconds before the break
2018-05-24 13:16:18,370 [INFO]:[MainThread] Searching for full-screen application
2018-05-24 13:16:18,389 [INFO]:[MainThread] Close pre-break notification
2018-05-24 13:16:18,395 [INFO]:[Thread-250] Lock the keyboard
2018-05-24 13:16:18,395 [INFO]:[MainThread] Show break screens in all displays
2018-05-24 13:17:18,468 [INFO]:[MainThread] Break is terminated automatically
2018-05-24 13:17:18,468 [INFO]:[MainThread] Close the break screen(s)
2018-05-24 13:17:18,469 [INFO]:[MainThread] Unlock the keyboard
2018-05-24 13:17:18,469 [INFO]:[MainThread] Playing audible alert
2018-05-24 13:17:18,480 [INFO]:[Thread-251] Update next break information
2018-05-24 13:17:18,483 [INFO]:[Thread-251] Waiting for 15 minutes until next break
2018-05-24 13:32:18,484 [INFO]:[Thread-251] Pre-break waiting is over
2018-05-24 13:32:18,484 [INFO]:[MainThread] Show the notification
2018-05-24 13:32:18,486 [ERROR]:[MainThread] Failed to show the notification
2018-05-24 13:32:18,487 [INFO]:[Thread-252] Wait for 10 seconds before the break
2018-05-24 13:32:28,488 [INFO]:[MainThread] Searching for full-screen application
2018-05-24 13:32:28,510 [INFO]:[MainThread] Close pre-break notification
2018-05-24 13:32:28,515 [INFO]:[Thread-254] Lock the keyboard
2018-05-24 13:32:28,516 [INFO]:[MainThread] Show break screens in all displays
2018-05-24 13:32:48,540 [INFO]:[MainThread] Break is terminated automatically
2018-05-24 13:32:48,540 [INFO]:[MainThread] Close the break screen(s)
2018-05-24 13:32:48,540 [INFO]:[MainThread] Unlock the keyboard
2018-05-24 13:32:48,541 [INFO]:[MainThread] Playing audible alert
2018-05-24 13:32:48,568 [INFO]:[Thread-255] Update next break information
2018-05-24 13:32:48,570 [INFO]:[Thread-255] Waiting for 15 minutes until next break
2018-05-24 13:47:48,571 [INFO]:[Thread-255] Pre-break waiting is over
2018-05-24 13:47:48,618 [INFO]:[MainThread] Show the notification
2018-05-24 13:47:48,624 [ERROR]:[MainThread] Failed to show the notification
2018-05-24 13:47:48,625 [INFO]:[Thread-256] Wait for 10 seconds before the break
2018-05-24 13:47:58,627 [INFO]:[MainThread] Searching for full-screen application
2018-05-24 13:47:58,646 [INFO]:[MainThread] Close pre-break notification
2018-05-24 13:47:58,653 [INFO]:[Thread-258] Lock the keyboard
2018-05-24 13:47:58,654 [INFO]:[MainThread] Show break screens in all displays
2018-05-24 13:48:08,401 [INFO]:[MainThread] User skipped the break
2018-05-24 13:48:08,402 [INFO]:[MainThread] User skipped the break
2018-05-24 13:48:08,402 [INFO]:[MainThread] Close the break screen(s)
2018-05-24 13:48:08,402 [INFO]:[MainThread] Unlock the keyboard
2018-05-24 13:48:08,667 [INFO]:[Thread-259] Update next break information
2018-05-24 13:48:08,668 [INFO]:[Thread-259] Waiting for 15 minutes until next break
2018-05-24 14:03:08,668 [INFO]:[Thread-259] Pre-break waiting is over
2018-05-24 14:03:08,670 [INFO]:[MainThread] Show the notification
2018-05-24 14:03:08,676 [ERROR]:[MainThread] Failed to show the notification
2018-05-24 14:03:08,677 [INFO]:[Thread-260] Wait for 10 seconds before the break
2018-05-24 14:03:18,679 [INFO]:[MainThread] Searching for full-screen application
2018-05-24 14:03:18,706 [INFO]:[MainThread] Close pre-break notification
2018-05-24 14:03:18,717 [INFO]:[Thread-262] Lock the keyboard
2018-05-24 14:03:18,718 [INFO]:[MainThread] Show break screens in all displays
2018-05-24 14:03:38,745 [INFO]:[MainThread] Break is terminated automatically
2018-05-24 14:03:38,745 [INFO]:[MainThread] Close the break screen(s)
2018-05-24 14:03:38,745 [INFO]:[MainThread] Unlock the keyboard
2018-05-24 14:03:38,746 [INFO]:[MainThread] Playing audible alert
2018-05-24 14:03:38,757 [INFO]:[Thread-263] Update next break information
2018-05-24 14:03:38,758 [INFO]:[Thread-263] Waiting for 15 minutes until next break
2018-05-24 14:18:38,759 [INFO]:[Thread-263] Pre-break waiting is over
2018-05-24 14:18:38,760 [INFO]:[MainThread] Show the notification
2018-05-24 14:18:38,766 [ERROR]:[MainThread] Failed to show the notification
2018-05-24 14:18:38,768 [INFO]:[Thread-264] Wait for 10 seconds before the break
2018-05-24 14:18:48,769 [INFO]:[MainThread] Searching for full-screen application
2018-05-24 14:18:48,791 [INFO]:[MainThread] Close pre-break notification
2018-05-24 14:18:48,799 [INFO]:[Thread-266] Lock the keyboard
2018-05-24 14:18:48,800 [INFO]:[MainThread] Show break screens in all displays
2018-05-24 14:19:08,829 [INFO]:[MainThread] Break is terminated automatically
2018-05-24 14:19:08,830 [INFO]:[MainThread] Close the break screen(s)
2018-05-24 14:19:08,830 [INFO]:[MainThread] Unlock the keyboard
2018-05-24 14:19:08,831 [INFO]:[MainThread] Playing audible alert
2018-05-24 14:19:08,862 [INFO]:[Thread-267] Update next break information
2018-05-24 14:19:08,874 [INFO]:[Thread-267] Waiting for 15 minutes until next break
2018-05-24 14:34:08,875 [INFO]:[Thread-267] Pre-break waiting is over
2018-05-24 14:34:08,875 [INFO]:[MainThread] Show the notification
2018-05-24 14:34:08,877 [ERROR]:[MainThread] Failed to show the notification
2018-05-24 14:34:08,877 [INFO]:[Thread-268] Wait for 10 seconds before the break
2018-05-24 14:34:18,878 [INFO]:[MainThread] Searching for full-screen application
2018-05-24 14:34:18,901 [INFO]:[MainThread] Close pre-break notification
2018-05-24 14:34:18,909 [INFO]:[Thread-270] Lock the keyboard
2018-05-24 14:34:18,910 [INFO]:[MainThread] Show break screens in all displays
2018-05-24 14:35:18,989 [INFO]:[MainThread] Break is terminated automatically
2018-05-24 14:35:18,990 [INFO]:[MainThread] Close the break screen(s)
2018-05-24 14:35:18,990 [INFO]:[MainThread] Unlock the keyboard
2018-05-24 14:35:18,991 [INFO]:[MainThread] Playing audible alert
2018-05-24 14:35:19,015 [INFO]:[Thread-271] Update next break information
2018-05-24 14:35:19,030 [INFO]:[Thread-271] Waiting for 15 minutes until next break
2018-05-24 14:50:19,031 [INFO]:[Thread-271] Pre-break waiting is over
2018-05-24 14:50:19,033 [INFO]:[MainThread] Show the notification
2018-05-24 14:50:19,040 [ERROR]:[MainThread] Failed to show the notification
2018-05-24 14:50:19,041 [INFO]:[Thread-272] Wait for 10 seconds before the break
2018-05-24 14:50:29,043 [INFO]:[MainThread] Searching for full-screen application
2018-05-24 14:50:29,065 [INFO]:[MainThread] Close pre-break notification
2018-05-24 14:50:29,073 [INFO]:[Thread-274] Lock the keyboard
2018-05-24 14:50:29,074 [INFO]:[MainThread] Show break screens in all displays
2018-05-24 14:50:49,102 [INFO]:[MainThread] Break is terminated automatically
2018-05-24 14:50:49,103 [INFO]:[MainThread] Close the break screen(s)
2018-05-24 14:50:49,104 [INFO]:[MainThread] Unlock the keyboard
2018-05-24 14:50:49,105 [INFO]:[MainThread] Playing audible alert
2018-05-24 14:50:49,124 [INFO]:[Thread-275] Update next break information
2018-05-24 14:50:49,127 [INFO]:[Thread-275] Waiting for 15 minutes until next break
2018-05-24 15:05:49,128 [INFO]:[Thread-275] Pre-break waiting is over
2018-05-24 15:05:49,130 [INFO]:[MainThread] Show the notification
2018-05-24 15:05:49,139 [ERROR]:[MainThread] Failed to show the notification
2018-05-24 15:05:49,141 [INFO]:[Thread-276] Wait for 10 seconds before the break
2018-05-24 15:05:59,143 [INFO]:[MainThread] Searching for full-screen application
2018-05-24 15:05:59,155 [INFO]:[MainThread] Close pre-break notification
2018-05-24 15:05:59,161 [INFO]:[Thread-278] Lock the keyboard
2018-05-24 15:05:59,161 [INFO]:[MainThread] Show break screens in all displays
2018-05-24 15:06:19,190 [INFO]:[MainThread] Break is terminated automatically
2018-05-24 15:06:19,190 [INFO]:[MainThread] Close the break screen(s)
2018-05-24 15:06:19,191 [INFO]:[MainThread] Unlock the keyboard
2018-05-24 15:06:19,192 [INFO]:[MainThread] Playing audible alert
2018-05-24 15:06:19,224 [INFO]:[Thread-279] Update next break information
2018-05-24 15:06:19,230 [INFO]:[Thread-279] Waiting for 15 minutes until next break
