
######## EXCEPTION (Linux): Signal Segmentation fault (11), address is (nil) from 0x283fe929
12/21/17 16:15:55
unkown(0) +4114729 bytes ()
unkown(0) +4114269 bytes ()
unkown(0) +4111242 bytes ()
unkown(0) +4143626 bytes ()
unkown(0) +4080608 bytes ()
unkown(0) +1688903 bytes ()
unkown(0) +1689645 bytes ()
addr2line -C 0x9995ea8 -e /mnt/data/hubbi/Misc/steam.ubuntu/steam/steamapps/common/Europa(0) +379 bytes (GfxDraw)
addr2line -C 0x971160b -e /mnt/data/hubbi/Misc/steam.ubuntu/steam/steamapps/common/Europa(0) +9431 bytes (CBitmapFont::RenderToTexture(GfxDeferredContextGFX*, TextureGFX*, CVector2<int>&, CVector2<int>&, CString const&, TextureGFX*, unsigned int, unsigned int, CVector2<unsigned int> const&, FontFormatting, bool, unsigned int, bool, bool))
addr2line -C 0x97a884b -e /mnt/data/hubbi/Misc/steam.ubuntu/steam/steamapps/common/Europa(0) +2149 bytes (CTextSprite::SetText(CGraphics*, CString const&, CString const&, CString const&, unsigned short, unsigned short, CVector2<unsigned int>, FontFormatting, bool))
addr2line -C 0x97a7e3b -e /mnt/data/hubbi/Misc/steam.ubuntu/steam/steamapps/common/Europa(0) +245 bytes (CTextSprite::Activate())
addr2line -C 0x9720d74 -e /mnt/data/hubbi/Misc/steam.ubuntu/steam/steamapps/common/Europa(0) +32 bytes (CButtonStandard::Show())
addr2line -C 0x973a4f9 -e /mnt/data/hubbi/Misc/steam.ubuntu/steam/steamapps/common/Europa(0) +15 bytes (ShowFunctor::operator()(CGuiObject*))
addr2line -C 0x972f7f0 -e /mnt/data/hubbi/Misc/steam.ubuntu/steam/steamapps/common/Europa(0) +124 bytes (CFixedWindow::ApplyFunctorToSubObjects(SGuiObjectFunctor&))
addr2line -C 0x972fd0c -e /mnt/data/hubbi/Misc/steam.ubuntu/steam/steamapps/common/Europa(0) +128 bytes (CFixedWindow::Show())
addr2line -C 0x972fd70 -e /mnt/data/hubbi/Misc/steam.ubuntu/steam/steamapps/common/Europa(6) +18 bytes (non-virtual thunk to CFixedWindow::Show())
addr2line -C 0x973a4f9 -e /mnt/data/hubbi/Misc/steam.ubuntu/steam/steamapps/common/Europa(0) +15 bytes (ShowFunctor::operator()(CGuiObject*))
addr2line -C 0x972f8bf -e /mnt/data/hubbi/Misc/steam.ubuntu/steam/steamapps/common/Europa(0) +331 bytes (CFixedWindow::ApplyFunctorToSubObjects(SGuiObjectFunctor&))
addr2line -C 0x972fd0c -e /mnt/data/hubbi/Misc/steam.ubuntu/steam/steamapps/common/Europa(0) +128 bytes (CFixedWindow::Show())
addr2line -C 0x933eb66 -e /mnt/data/hubbi/Misc/steam.ubuntu/steam/steamapps/common/Europa(0) +3402 bytes (CFrontEnd::RestoreDeviceObjects())
addr2line -C 0x96794c4 -e /mnt/data/hubbi/Misc/steam.ubuntu/steam/steamapps/common/Europa(0) +504 bytes (CApplication::UpdateOneFrame(bool))
addr2line -C 0x96796c9 -e /mnt/data/hubbi/Misc/steam.ubuntu/steam/steamapps/common/Europa(0) +39 bytes (CApplication::Run())
addr2line -C 0x8ceb284 -e /mnt/data/hubbi/Misc/steam.ubuntu/steam/steamapps/common/Europa(0) +14120 bytes (main)
unkown(0) +246 bytes (__libc_start_main)
addr2line -C 0x872f5d8 -e /mnt/data/hubbi/Misc/steam.ubuntu/steam/steamapps/common/Europa(0) +0 bytes ()


######## EXCEPTION (Linux): Signal Segmentation fault (11), address is (nil) from 0x2841a929
12/21/17 16:17:40
unkown(0) +4114729 bytes ()
unkown(0) +4114269 bytes ()
unkown(0) +4111242 bytes ()
unkown(0) +4143626 bytes ()
unkown(0) +4080608 bytes ()
unkown(0) +1688903 bytes ()
unkown(0) +1689645 bytes ()
addr2line -C 0x9995ea8 -e /mnt/data/hubbi/Misc/steam.ubuntu/steam/steamapps/common/Europa(0) +379 bytes (GfxDraw)
addr2line -C 0x971160b -e /mnt/data/hubbi/Misc/steam.ubuntu/steam/steamapps/common/Europa(0) +9431 bytes (CBitmapFont::RenderToTexture(GfxDeferredContextGFX*, TextureGFX*, CVector2<int>&, CVector2<int>&, CString const&, TextureGFX*, unsigned int, unsigned int, CVector2<unsigned int> const&, FontFormatting, bool, unsigned int, bool, bool))
addr2line -C 0x97a884b -e /mnt/data/hubbi/Misc/steam.ubuntu/steam/steamapps/common/Europa(0) +2149 bytes (CTextSprite::SetText(CGraphics*, CString const&, CString const&, CString const&, unsigned short, unsigned short, CVector2<unsigned int>, FontFormatting, bool))
addr2line -C 0x97a7e3b -e /mnt/data/hubbi/Misc/steam.ubuntu/steam/steamapps/common/Europa(0) +245 bytes (CTextSprite::Activate())
addr2line -C 0x9720d74 -e /mnt/data/hubbi/Misc/steam.ubuntu/steam/steamapps/common/Europa(0) +32 bytes (CButtonStandard::Show())
addr2line -C 0x973a4f9 -e /mnt/data/hubbi/Misc/steam.ubuntu/steam/steamapps/common/Europa(0) +15 bytes (ShowFunctor::operator()(CGuiObject*))
addr2line -C 0x972f7f0 -e /mnt/data/hubbi/Misc/steam.ubuntu/steam/steamapps/common/Europa(0) +124 bytes (CFixedWindow::ApplyFunctorToSubObjects(SGuiObjectFunctor&))
addr2line -C 0x972fd0c -e /mnt/data/hubbi/Misc/steam.ubuntu/steam/steamapps/common/Europa(0) +128 bytes (CFixedWindow::Show())
addr2line -C 0x972fd70 -e /mnt/data/hubbi/Misc/steam.ubuntu/steam/steamapps/common/Europa(0) +18 bytes (non-virtual thunk to CFixedWindow::Show())
addr2line -C 0x973a4f9 -e /mnt/data/hubbi/Misc/steam.ubuntu/steam/steamapps/common/Europa(0) +15 bytes (ShowFunctor::operator()(CGuiObject*))
addr2line -C 0x972f8bf -e /mnt/data/hubbi/Misc/steam.ubuntu/steam/steamapps/common/Europa(0) +331 bytes (CFixedWindow::ApplyFunctorToSubObjects(SGuiObjectFunctor&))
addr2line -C 0x972fd0c -e /mnt/data/hubbi/Misc/steam.ubuntu/steam/steamapps/common/Europa(0) +128 bytes (CFixedWindow::Show())
addr2line -C 0x933eb66 -e /mnt/data/hubbi/Misc/steam.ubuntu/steam/steamapps/common/Europa(0) +3402 bytes (CFrontEnd::RestoreDeviceObjects())
addr2line -C 0x96794c4 -e /mnt/data/hubbi/Misc/steam.ubuntu/steam/steamapps/common/Europa(0) +504 bytes (CApplication::UpdateOneFrame(bool))
addr2line -C 0x96796c9 -e /mnt/data/hubbi/Misc/steam.ubuntu/steam/steamapps/common/Europa(0) +39 bytes (CApplication::Run())
addr2line -C 0x8ceb284 -e /mnt/data/hubbi/Misc/steam.ubuntu/steam/steamapps/common/Europa(0) +14120 bytes (main)
unkown(0) +246 bytes (__libc_start_main)
addr2line -C 0x872f5d8 -e /mnt/data/hubbi/Misc/steam.ubuntu/steam/steamapps/common/Europa(0) +0 bytes ()


######## EXCEPTION (Linux): Signal Segmentation fault (11), address is (nil) from 0x2833e08d
12/21/17 16:18:09
unkown(0) +4186253 bytes ()
unkown(0) +6329529 bytes ()
unkown(0) +4143717 bytes ()
unkown(0) +4080608 bytes ()
unkown(0) +1688903 bytes ()
unkown(0) +1689645 bytes ()
addr2line -C 0x9995ea8 -e /mnt/data/hubbi/Misc/steam.ubuntu/steam/steamapps/common/Europa(0) +379 bytes (GfxDraw)
addr2line -C 0x9315f16 -e /mnt/data/hubbi/Misc/steam.ubuntu/steam/steamapps/common/Europa(0) +922 bytes (CEU3Graphics::ShowBasicLoadText(CString const&, bool, bool))
addr2line -C 0x93fe8e8 -e /mnt/data/hubbi/Misc/steam.ubuntu/steam/steamapps/common/Europa(0) +524 bytes (RenderLoadScreen(CEU3Graphics&, CString const&, bool, bool))
addr2line -C 0x94ea61f -e /mnt/data/hubbi/Misc/steam.ubuntu/steam/steamapps/common/Europa(0) +189 bytes (CPdxMap::DisplayLogMessage(char const*) const)
addr2line -C 0x94ea4e9 -e /mnt/data/hubbi/Misc/steam.ubuntu/steam/steamapps/common/Europa(0) +449 bytes (CPdxMap::Load(bool, bool))
addr2line -C 0x9309aed -e /mnt/data/hubbi/Misc/steam.ubuntu/steam/steamapps/common/Europa(0) +661 bytes (CEU3GraphicalMap::CEU3GraphicalMap(CEU3Graphics&))
addr2line -C 0x8837874 -e /mnt/data/hubbi/Misc/steam.ubuntu/steam/steamapps/common/Europa(0) +92 bytes (CEU4Application::InitMap())
addr2line -C 0x933df0e -e /mnt/data/hubbi/Misc/steam.ubuntu/steam/steamapps/common/Europa(0) +242 bytes (CFrontEnd::RestoreDeviceObjects())
addr2line -C 0x96794c4 -e /mnt/data/hubbi/Misc/steam.ubuntu/steam/steamapps/common/Europa(0) +504 bytes (CApplication::UpdateOneFrame(bool))
addr2line -C 0x96796c9 -e /mnt/data/hubbi/Misc/steam.ubuntu/steam/steamapps/common/Europa(0) +39 bytes (CApplication::Run())
addr2line -C 0x8ceb284 -e /mnt/data/hubbi/Misc/steam.ubuntu/steam/steamapps/common/Europa(0) +14120 bytes (main)
unkown(0) +246 bytes (__libc_start_main)
addr2line -C 0x872f5d8 -e /mnt/data/hubbi/Misc/steam.ubuntu/steam/steamapps/common/Europa(0) +0 bytes ()


######## EXCEPTION (Linux): Signal Segmentation fault (11), address is (nil) from 0x283b5929
12/21/17 17:17:27
unkown(0) +4114729 bytes ()
unkown(0) +4114269 bytes ()
unkown(0) +4111242 bytes ()
unkown(0) +4143626 bytes ()
unkown(0) +4080608 bytes ()
unkown(0) +1688903 bytes ()
unkown(0) +1689645 bytes ()
addr2line -C 0x9995ea8 -e /mnt/data/hubbi/Misc/steam.ubuntu/steam/steamapps/common/Europa(0) +379 bytes (GfxDraw)
addr2line -C 0x971160b -e /mnt/data/hubbi/Misc/steam.ubuntu/steam/steamapps/common/Europa(0) +9431 bytes (CBitmapFont::RenderToTexture(GfxDeferredContextGFX*, TextureGFX*, CVector2<int>&, CVector2<int>&, CString const&, TextureGFX*, unsigned int, unsigned int, CVector2<unsigned int> const&, FontFormatting, bool, unsigned int, bool, bool))
addr2line -C 0x97a884b -e /mnt/data/hubbi/Misc/steam.ubuntu/steam/steamapps/common/Europa(0) +2149 bytes (CTextSprite::SetText(CGraphics*, CString const&, CString const&, CString const&, unsigned short, unsigned short, CVector2<unsigned int>, FontFormatting, bool))
addr2line -C 0x97a7e3b -e /mnt/data/hubbi/Misc/steam.ubuntu/steam/steamapps/common/Europa(0) +245 bytes (CTextSprite::Activate())
addr2line -C 0x9720d74 -e /mnt/data/hubbi/Misc/steam.ubuntu/steam/steamapps/common/Europa(0) +32 bytes (CButtonStandard::Show())
addr2line -C 0x973a4f9 -e /mnt/data/hubbi/Misc/steam.ubuntu/steam/steamapps/common/Europa(0) +15 bytes (ShowFunctor::operator()(CGuiObject*))
addr2line -C 0x972f7f0 -e /mnt/data/hubbi/Misc/steam.ubuntu/steam/steamapps/common/Europa(0) +124 bytes (CFixedWindow::ApplyFunctorToSubObjects(SGuiObjectFunctor&))
addr2line -C 0x972fd0c -e /mnt/data/hubbi/Misc/steam.ubuntu/steam/steamapps/common/Europa(0) +128 bytes (CFixedWindow::Show())
addr2line -C 0x972fd70 -e /mnt/data/hubbi/Misc/steam.ubuntu/steam/steamapps/common/Europa(0) +18 bytes (non-virtual thunk to CFixedWindow::Show())
addr2line -C 0x973a4f9 -e /mnt/data/hubbi/Misc/steam.ubuntu/steam/steamapps/common/Europa(0) +15 bytes (ShowFunctor::operator()(CGuiObject*))
addr2line -C 0x972f8bf -e /mnt/data/hubbi/Misc/steam.ubuntu/steam/steamapps/common/Europa(0) +331 bytes (CFixedWindow::ApplyFunctorToSubObjects(SGuiObjectFunctor&))
addr2line -C 0x972fd0c -e /mnt/data/hubbi/Misc/steam.ubuntu/steam/steamapps/common/Europa(0) +128 bytes (CFixedWindow::Show())
addr2line -C 0x933eb66 -e /mnt/data/hubbi/Misc/steam.ubuntu/steam/steamapps/common/Europa(0) +3402 bytes (CFrontEnd::RestoreDeviceObjects())
addr2line -C 0x96794c4 -e /mnt/data/hubbi/Misc/steam.ubuntu/steam/steamapps/common/Europa(0) +504 bytes (CApplication::UpdateOneFrame(bool))
addr2line -C 0x96796c9 -e /mnt/data/hubbi/Misc/steam.ubuntu/steam/steamapps/common/Europa(0) +39 bytes (CApplication::Run())
addr2line -C 0x8ceb284 -e /mnt/data/hubbi/Misc/steam.ubuntu/steam/steamapps/common/Europa(0) +14120 bytes (main)
unkown(0) +246 bytes (__libc_start_main)
addr2line -C 0x872f5d8 -e /mnt/data/hubbi/Misc/steam.ubuntu/steam/steamapps/common/Europa(0) +0 bytes ()


######## EXCEPTION (Linux): Signal Segmentation fault (11), address is (nil) from 0x2836e08d
12/21/17 17:18:53
unkown(0) +4186253 bytes ()
unkown(0) +6329529 bytes ()
unkown(0) +4143717 bytes ()
unkown(0) +4080608 bytes ()
unkown(0) +1688903 bytes ()
unkown(0) +1689645 bytes ()
addr2line -C 0x9995ea8 -e /mnt/data/hubbi/Misc/steam.ubuntu/steam/steamapps/common/Europa(0) +379 bytes (GfxDraw)
addr2line -C 0x9315f16 -e /mnt/data/hubbi/Misc/steam.ubuntu/steam/steamapps/common/Europa(0) +922 bytes (CEU3Graphics::ShowBasicLoadText(CString const&, bool, bool))
addr2line -C 0x93fe8e8 -e /mnt/data/hubbi/Misc/steam.ubuntu/steam/steamapps/common/Europa(0) +524 bytes (RenderLoadScreen(CEU3Graphics&, CString const&, bool, bool))
addr2line -C 0x94ea61f -e /mnt/data/hubbi/Misc/steam.ubuntu/steam/steamapps/common/Europa(0) +189 bytes (CPdxMap::DisplayLogMessage(char const*) const)
addr2line -C 0x94ea4e9 -e /mnt/data/hubbi/Misc/steam.ubuntu/steam/steamapps/common/Europa(0) +449 bytes (CPdxMap::Load(bool, bool))
addr2line -C 0x9309aed -e /mnt/data/hubbi/Misc/steam.ubuntu/steam/steamapps/common/Europa(0) +661 bytes (CEU3GraphicalMap::CEU3GraphicalMap(CEU3Graphics&))
addr2line -C 0x8837874 -e /mnt/data/hubbi/Misc/steam.ubuntu/steam/steamapps/common/Europa(0) +92 bytes (CEU4Application::InitMap())
addr2line -C 0x933df0e -e /mnt/data/hubbi/Misc/steam.ubuntu/steam/steamapps/common/Europa(0) +242 bytes (CFrontEnd::RestoreDeviceObjects())
addr2line -C 0x96794c4 -e /mnt/data/hubbi/Misc/steam.ubuntu/steam/steamapps/common/Europa(0) +504 bytes (CApplication::UpdateOneFrame(bool))
addr2line -C 0x96796c9 -e /mnt/data/hubbi/Misc/steam.ubuntu/steam/steamapps/common/Europa(0) +39 bytes (CApplication::Run())
addr2line -C 0x8ceb284 -e /mnt/data/hubbi/Misc/steam.ubuntu/steam/steamapps/common/Europa(0) +14120 bytes (main)
unkown(0) +246 bytes (__libc_start_main)
addr2line -C 0x872f5d8 -e /mnt/data/hubbi/Misc/steam.ubuntu/steam/steamapps/common/Europa(0) +0 bytes ()


######## EXCEPTION (Linux): Signal Floating point exception (8), address is 0x973bc04 from 0x973bc04
12/21/17 20:56:04
addr2line -C 0x973bc04 -e /mnt/data/hubbi/Misc/steam.ubuntu/steam/steamapps/common/Europa(0) +1252 bytes (CGraphics::CGraphics(SWindowHandle, CGraphicsSettings&))
addr2line -C 0x9314fa6 -e /mnt/data/hubbi/Misc/steam.ubuntu/steam/steamapps/common/Europa(0) +42 bytes (CEU3Graphics::CEU3Graphics(SWindowHandle, CGraphicsSettings&))
addr2line -C 0x88280ff -e /mnt/data/hubbi/Misc/steam.ubuntu/steam/steamapps/common/Europa(0) +2633 bytes (CEU4Application::InitInMainThread(bool, double&))
addr2line -C 0x8ceb11a -e /mnt/data/hubbi/Misc/steam.ubuntu/steam/steamapps/common/Europa(0) +13758 bytes (main)
unkown(0) +246 bytes (__libc_start_main)
addr2line -C 0x872f5d8 -e /mnt/data/hubbi/Misc/steam.ubuntu/steam/steamapps/common/Europa(0) +0 bytes ()


######## EXCEPTION (Linux): Signal Floating point exception (8), address is 0x973bc04 from 0x973bc04
12/26/17 11:17:49
addr2line -C 0x973bc04 -e /mnt/data/hubbi/Misc/steam.ubuntu/steam/steamapps/common/Europa(0) +1252 bytes (CGraphics::CGraphics(SWindowHandle, CGraphicsSettings&))
addr2line -C 0x9314fa6 -e /mnt/data/hubbi/Misc/steam.ubuntu/steam/steamapps/common/Europa(0) +42 bytes (CEU3Graphics::CEU3Graphics(SWindowHandle, CGraphicsSettings&))
addr2line -C 0x88280ff -e /mnt/data/hubbi/Misc/steam.ubuntu/steam/steamapps/common/Europa(0) +2633 bytes (CEU4Application::InitInMainThread(bool, double&))
addr2line -C 0x8ceb11a -e /mnt/data/hubbi/Misc/steam.ubuntu/steam/steamapps/common/Europa(0) +13758 bytes (main)
unkown(0) +246 bytes (__libc_start_main)
addr2line -C 0x872f5d8 -e /mnt/data/hubbi/Misc/steam.ubuntu/steam/steamapps/common/Europa(0) +0 bytes ()


######## EXCEPTION (Linux): Signal Floating point exception (8), address is 0x973bc04 from 0x973bc04
12/26/17 11:18:31
addr2line -C 0x973bc04 -e /mnt/data/hubbi/Misc/steam.ubuntu/steam/steamapps/common/Europa(0) +1252 bytes (CGraphics::CGraphics(SWindowHandle, CGraphicsSettings&))
addr2line -C 0x9314fa6 -e /mnt/data/hubbi/Misc/steam.ubuntu/steam/steamapps/common/Europa(0) +42 bytes (CEU3Graphics::CEU3Graphics(SWindowHandle, CGraphicsSettings&))
addr2line -C 0x88280ff -e /mnt/data/hubbi/Misc/steam.ubuntu/steam/steamapps/common/Europa(0) +2633 bytes (CEU4Application::InitInMainThread(bool, double&))
addr2line -C 0x8ceb11a -e /mnt/data/hubbi/Misc/steam.ubuntu/steam/steamapps/common/Europa(0) +13758 bytes (main)
unkown(0) +246 bytes (__libc_start_main)
addr2line -C 0x872f5d8 -e /mnt/data/hubbi/Misc/steam.ubuntu/steam/steamapps/common/Europa(0) +0 bytes ()


######## EXCEPTION (Linux): Signal Floating point exception (8), address is 0x973bc04 from 0x973bc04
02/05/18 22:34:44
addr2line -C 0x973bc04 -e /mnt/data/hubbi/Misc/steam.ubuntu/steam/steamapps/common/Europa(0) +1252 bytes (CGraphics::CGraphics(SWindowHandle, CGraphicsSettings&))
addr2line -C 0x9314fa6 -e /mnt/data/hubbi/Misc/steam.ubuntu/steam/steamapps/common/Europa(0) +42 bytes (CEU3Graphics::CEU3Graphics(SWindowHandle, CGraphicsSettings&))
addr2line -C 0x88280ff -e /mnt/data/hubbi/Misc/steam.ubuntu/steam/steamapps/common/Europa(0) +2633 bytes (CEU4Application::InitInMainThread(bool, double&))
addr2line -C 0x8ceb11a -e /mnt/data/hubbi/Misc/steam.ubuntu/steam/steamapps/common/Europa(0) +13758 bytes (main)
unkown(0) +246 bytes (__libc_start_main)
addr2line -C 0x872f5d8 -e /mnt/data/hubbi/Misc/steam.ubuntu/steam/steamapps/common/Europa(0) +0 bytes ()

