[country.cpp:6653]: AST had no default sub-unit defined for 'Infantry' Assigning Eastern Archers
[country.cpp:6653]: AST had no default sub-unit defined for 'Cavalry' Assigning Eastern Steppe Cavalry
[country.cpp:6653]: CRI had no default sub-unit defined for 'Infantry' Assigning Eastern Archers
[country.cpp:6653]: CRI had no default sub-unit defined for 'Cavalry' Assigning Eastern Steppe Cavalry
[country.cpp:6653]: KAZ had no default sub-unit defined for 'Infantry' Assigning Eastern Archers
[country.cpp:6653]: KAZ had no default sub-unit defined for 'Cavalry' Assigning Eastern Steppe Cavalry
[country.cpp:6653]: QAS had no default sub-unit defined for 'Infantry' Assigning Eastern Archers
[country.cpp:6653]: QAS had no default sub-unit defined for 'Cavalry' Assigning Eastern Steppe Cavalry
[country.cpp:6653]: NOG had no default sub-unit defined for 'Infantry' Assigning Eastern Archers
[country.cpp:6653]: NOG had no default sub-unit defined for 'Cavalry' Assigning Eastern Steppe Cavalry
[country.cpp:6653]: SIB had no default sub-unit defined for 'Infantry' Assigning Eastern Archers
[country.cpp:6653]: SIB had no default sub-unit defined for 'Cavalry' Assigning Eastern Steppe Cavalry
[country.cpp:6653]: BSH had no default sub-unit defined for 'Infantry' Assigning Eastern Archers
[country.cpp:6653]: BSH had no default sub-unit defined for 'Cavalry' Assigning Eastern Steppe Cavalry
[country.cpp:6653]: GOL had no default sub-unit defined for 'Infantry' Assigning Eastern Archers
[country.cpp:6653]: GOL had no default sub-unit defined for 'Cavalry' Assigning Eastern Steppe Cavalry
[country.cpp:6653]: GLH had no default sub-unit defined for 'Infantry' Assigning Eastern Archers
[country.cpp:6653]: GLH had no default sub-unit defined for 'Cavalry' Assigning Eastern Steppe Cavalry
[country.cpp:6653]: AKK had no default sub-unit defined for 'Cavalry' Assigning Charge Cavalry
[country.cpp:6653]: AKK had no default sub-unit defined for 'Infantry' Assigning Muslim Archer
[country.cpp:6653]: KZH had no default sub-unit defined for 'Infantry' Assigning Eastern Archers
[country.cpp:6653]: KZH had no default sub-unit defined for 'Cavalry' Assigning Eastern Steppe Cavalry
[country.cpp:6653]: SHY had no default sub-unit defined for 'Infantry' Assigning Eastern Archers
[country.cpp:6653]: SHY had no default sub-unit defined for 'Cavalry' Assigning Eastern Steppe Cavalry
[country.cpp:6653]: QAR had no default sub-unit defined for 'Cavalry' Assigning Charge Cavalry
[country.cpp:6653]: QAR had no default sub-unit defined for 'Infantry' Assigning Muslim Archer
[country.cpp:6653]: TIM had no default sub-unit defined for 'Cavalry' Assigning Charge Cavalry
[country.cpp:6653]: TIM had no default sub-unit defined for 'Infantry' Assigning Muslim Archer
[country.cpp:6653]: TRS had no default sub-unit defined for 'Cavalry' Assigning Charge Cavalry
[country.cpp:6653]: TRS had no default sub-unit defined for 'Infantry' Assigning Muslim Archer
[country.cpp:6653]: CHG had no default sub-unit defined for 'Infantry' Assigning Eastern Archers
[country.cpp:6653]: CHG had no default sub-unit defined for 'Cavalry' Assigning Eastern Steppe Cavalry
[country.cpp:6653]: KHA had no default sub-unit defined for 'Infantry' Assigning Eastern Archers
[country.cpp:6653]: KHA had no default sub-unit defined for 'Cavalry' Assigning Eastern Steppe Cavalry
[country.cpp:6653]: MCH had no default sub-unit defined for 'Infantry' Assigning Eastern Archers
[country.cpp:6653]: MCH had no default sub-unit defined for 'Cavalry' Assigning Eastern Steppe Cavalry
[country.cpp:6653]: OIR had no default sub-unit defined for 'Infantry' Assigning Eastern Archers
[country.cpp:6653]: OIR had no default sub-unit defined for 'Cavalry' Assigning Eastern Steppe Cavalry
[country.cpp:6653]: MYR had no default sub-unit defined for 'Infantry' Assigning Eastern Archers
[country.cpp:6653]: MYR had no default sub-unit defined for 'Cavalry' Assigning Eastern Steppe Cavalry
[country.cpp:6653]: MHX had no default sub-unit defined for 'Infantry' Assigning Eastern Archers
[country.cpp:6653]: MHX had no default sub-unit defined for 'Cavalry' Assigning Eastern Steppe Cavalry
[country.cpp:6653]: MJZ had no default sub-unit defined for 'Infantry' Assigning Eastern Archers
[country.cpp:6653]: MJZ had no default sub-unit defined for 'Cavalry' Assigning Eastern Steppe Cavalry
[country.cpp:6653]: KRC had no default sub-unit defined for 'Infantry' Assigning Eastern Archers
[country.cpp:6653]: KRC had no default sub-unit defined for 'Cavalry' Assigning Eastern Steppe Cavalry
[country.cpp:6653]: KLK had no default sub-unit defined for 'Infantry' Assigning Eastern Archers
[country.cpp:6653]: KLK had no default sub-unit defined for 'Cavalry' Assigning Eastern Steppe Cavalry
[country.cpp:6653]: HMI had no default sub-unit defined for 'Infantry' Assigning Eastern Archers
[country.cpp:6653]: HMI had no default sub-unit defined for 'Cavalry' Assigning Eastern Steppe Cavalry
[country.cpp:6653]: ZUN had no default sub-unit defined for 'Infantry' Assigning Eastern Archers
[country.cpp:6653]: ZUN had no default sub-unit defined for 'Cavalry' Assigning Eastern Steppe Cavalry
[country.cpp:6653]: CHH had no default sub-unit defined for 'Infantry' Assigning Eastern Archers
[country.cpp:6653]: CHH had no default sub-unit defined for 'Cavalry' Assigning Eastern Steppe Cavalry
[country.cpp:6653]: KSD had no default sub-unit defined for 'Infantry' Assigning Eastern Archers
[country.cpp:6653]: KSD had no default sub-unit defined for 'Cavalry' Assigning Eastern Steppe Cavalry
[country.cpp:6653]: SYG had no default sub-unit defined for 'Infantry' Assigning Eastern Archers
[country.cpp:6653]: SYG had no default sub-unit defined for 'Cavalry' Assigning Eastern Steppe Cavalry
[country.cpp:6653]: ROM had no default sub-unit defined for 'Infantry' Assigning Latin Medieval Infantry
[country.cpp:6653]: ROM had no default sub-unit defined for 'Cavalry' Assigning Latin Knights
