Log: Log file open, 03/16/18 21:11:17
Log: WinSock: version 1.1 (1.1), MaxSocks=255, MaxUdp=255
Log: Version: 8636
Log: Compiled (32-bit): Jul  9 2015 14:00:43
Log: Changelist: 1055911
Log: Command line: -ONETHREAD -FULLSCREEN
Log: Base directory: \mnt\data\hubbi\Misc\steam.ubuntu\steam\steamapps\common\Borderlands 2\steamassets\Binaries\Win32\
[0000.35] Log: CPU Page size=4096, Processors=4
[0000.35] Log: High frequency timer resolution =1000.000000 MHz
[0000.35] Log: Memory total: Physical=7.2GB Pagefile=7.2GB Virtual=9.6GB
[0000.35] Log: STEAMWORKS initialized 1
[0000.35] Log: Presizing for 0 objects not considered by GC, pre-allocating 0 bytes.
[0000.35] Log: Presizing GObjAvailable to 262144 slots (~1048576 bytes)
[0000.35] Log: Object subsystem initialized
[0000.36] Log:   Steamworks-provided language string: english
[0000.50] Log: OS stats:
[0000.50] Log: 	Windows XP 
[0000.50] Log: 	RemoteDesktop=0
[0000.50] Log: Memory stats:
[0000.50] Log: 	Physical: 7404MB
[0000.50] Log: 	Virtual: 9788MB
[0000.50] Log: 	PageFile: 7404MB
[0000.50] Log: CPU stats:
[0000.50] Log: 	MeasuredPerformanceTime: -1.000 (stored result)
[0000.50] Log: 	Hyperthreaded: 0
[0000.50] Log: 	NumProcessorsPerCPU: 1
[0000.50] Log: 	NumLogicalProcessors: 4
[0000.50] Log: 	NumPhysicalProcessors: 8
[0000.50] Log: 	MaxSpeed: 3100
[0000.50] Log: 	CurrentSpeed: 2600
[0000.50] Log: 	CoresPerProcessor: 8
[0000.50] Log: 	IsOnBattery: 0
[0000.50] Log: 	BatteryLevel: 100
[0000.50] Log: 	Manufacturer: Intel
[0000.50] Log: 	CPUName: Unknown INTEL CPU
[0000.50] Log: 	L1CacheSize: 16
[0000.50] Log: 	L2CacheSize: 1024
[0000.50] Log: 	Architecture: x86
[0000.50] Log: GPU stats:
[0000.50] Log: 	VendorID: 00008086
[0000.50] Log: 	DeviceID: 00001916
[0000.50] Log: 	DriverVersion: 0.0.0.0
[0000.50] Log: 	DeviceName: Unknown Video Card
[0000.50] Log: 	DriverName: Unknown Video Driver
[0000.50] Log: 	PixelShaderVersion: 3
[0000.50] Log: 	VertexShaderVersion: 3
[0000.50] Log: 	VRAMQuantity: 1024
[0000.50] Log: 	DedicatedVRAM: 1024
[0000.50] Log: 	AdapterCount: 1
[0000.50] Log: 	SupportsHardwareTnL: 1
[0000.50] Log: 	IsLowMemoryXPMachine: 0
[0000.50] Log: Machine  detected compatibility level: Composite: 1. CPU: 5. GPU: 1.
[0000.50] Log: Previous detected compatibility level: Composite: 1. CPU: 5. GPU: 1.
[0000.50] Log: Shader platform (RHI): PC-D3D-SM3
[0000.58] Log: PhysX GPU Support: DISABLED
[0000.58] Log: Initializing FaceFX...
[0000.58] Log: FaceFX 1.7.4 initialized.
[0005.55] Log: Finished loading startup packages in 4.84 seconds
[0005.56] Log: 154655 objects as part of root set at end of initial load.
[0005.56] Log: Initializing Engine...
[0005.58] Log: UEngine initialized
[0005.63] Log: AK Audio Device initialized.
[0005.63] Log: Client initialized
[0007.35] Log: Initializing Steamworks
[0007.89] Log: Primary PhysX scene will be in software.
[0007.89] Log: Creating Primary PhysX Scene.
[0007.91] Log: Bringing World menumap.TheWorld up for play (0) at 2018.02.16-21.11.24
[0007.91] Log: Bringing up level for play took: 0.034294
[0008.01] Log: Game engine initialized
[0008.04] Log: Initializing Engine Completed
[0012.42] Log: >>>>>>>>>>>>>> Initial startup: 12.42s <<<<<<<<<<<<<<<
[0049.03] Log: Primary PhysX scene will be in software.
[0049.03] Log: Creating Primary PhysX Scene.
[0049.05] Log: Bringing World ExampleEntry.TheWorld up for play (0) at 2018.02.16-21.12.05
[0049.05] Log: Bringing up level for play took: 0.019306
[0049.15] Log: Primary PhysX scene will be in software.
[0049.15] Log: Creating Primary PhysX Scene.
[0049.17] Log: Bringing World Loader.TheWorld up for play (0) at 2018.02.16-21.12.06
[0049.17] Log: Bringing up level for play took: 0.026739
[0049.17] Log: Using cached profile data instead of reading
[0049.18] Log: Using cached profile data instead of reading
[0670.73] Log: Wrote profile (590 bytes) to disk.
[1066.82] Log: Wrote profile (590 bytes) to disk.
[1067.42] Log: Primary PhysX scene will be in software.
[1067.42] Log: Creating Primary PhysX Scene.
[1067.44] Log: Bringing World menumap.TheWorld up for play (0) at 2018.02.16-21.29.04
[1067.45] Log: Bringing up level for play took: 0.039890
[1067.45] Log: Using cached profile data instead of reading
[1067.46] Log: Using cached profile data instead of reading
[1071.35] Log: Closing by request
[1071.39] Log: Preparing to exit.
[1072.10] Log: Game engine shut down
[1072.18] Log: Windows client shut down
[1072.26] Log: AK Audio shut down.
[1072.44] Log: Object subsystem successfully closed.
[1072.54] Log: Shutting down FaceFX...
[1072.54] Log: FaceFX shutdown.
[1072.54] Log: Exiting.
[1072.55] Log: Log file closed, 03/16/18 21:29:09
