Log: Log file open, 03/16/18 22:08:08
Log: WinSock: version 1.1 (1.1), MaxSocks=255, MaxUdp=255
Log: Version: 8636
Log: Compiled (32-bit): Jul  9 2015 14:00:43
Log: Changelist: 1055911
Log: Command line: -ONETHREAD -FULLSCREEN
Log: Base directory: \mnt\data\hubbi\Misc\steam.ubuntu\steam\steamapps\common\Borderlands 2\steamassets\Binaries\Win32\
[0000.34] Log: CPU Page size=4096, Processors=4
[0000.34] Log: High frequency timer resolution =1000.000000 MHz
[0000.34] Log: Memory total: Physical=7.2GB Pagefile=7.2GB Virtual=9.6GB
[0000.34] Log: STEAMWORKS initialized 1
[0000.34] Log: Presizing for 0 objects not considered by GC, pre-allocating 0 bytes.
[0000.34] Log: Presizing GObjAvailable to 262144 slots (~1048576 bytes)
[0000.34] Log: Object subsystem initialized
[0000.34] Log:   Steamworks-provided language string: english
[0000.46] Log: OS stats:
[0000.46] Log: 	Windows XP 
[0000.46] Log: 	RemoteDesktop=0
[0000.46] Log: Memory stats:
[0000.46] Log: 	Physical: 7404MB
[0000.46] Log: 	Virtual: 9788MB
[0000.46] Log: 	PageFile: 7404MB
[0000.46] Log: CPU stats:
[0000.46] Log: 	MeasuredPerformanceTime: -1.000 (stored result)
[0000.46] Log: 	Hyperthreaded: 0
[0000.46] Log: 	NumProcessorsPerCPU: 1
[0000.46] Log: 	NumLogicalProcessors: 4
[0000.46] Log: 	NumPhysicalProcessors: 8
[0000.46] Log: 	MaxSpeed: 3100
[0000.46] Log: 	CurrentSpeed: 2600
[0000.46] Log: 	CoresPerProcessor: 8
[0000.46] Log: 	IsOnBattery: 0
[0000.46] Log: 	BatteryLevel: 100
[0000.46] Log: 	Manufacturer: Intel
[0000.46] Log: 	CPUName: Unknown INTEL CPU
[0000.46] Log: 	L1CacheSize: 16
[0000.46] Log: 	L2CacheSize: 1024
[0000.46] Log: 	Architecture: x86
[0000.46] Log: GPU stats:
[0000.46] Log: 	VendorID: 00008086
[0000.46] Log: 	DeviceID: 00001916
[0000.46] Log: 	DriverVersion: 0.0.0.0
[0000.46] Log: 	DeviceName: Unknown Video Card
[0000.46] Log: 	DriverName: Unknown Video Driver
[0000.46] Log: 	PixelShaderVersion: 3
[0000.46] Log: 	VertexShaderVersion: 3
[0000.46] Log: 	VRAMQuantity: 1024
[0000.46] Log: 	DedicatedVRAM: 1024
[0000.46] Log: 	AdapterCount: 1
[0000.46] Log: 	SupportsHardwareTnL: 1
[0000.46] Log: 	IsLowMemoryXPMachine: 0
[0000.46] Log: Machine  detected compatibility level: Composite: 1. CPU: 5. GPU: 1.
[0000.46] Log: Previous detected compatibility level: Composite: 1. CPU: 5. GPU: 1.
[0000.46] Log: Shader platform (RHI): PC-D3D-SM3
[0000.58] Log: PhysX GPU Support: DISABLED
[0000.58] Log: Initializing FaceFX...
[0000.58] Log: FaceFX 1.7.4 initialized.
[0005.35] Log: Finished loading startup packages in 4.64 seconds
[0005.35] Log: 154655 objects as part of root set at end of initial load.
[0005.35] Log: Initializing Engine...
[0005.37] Log: UEngine initialized
[0005.44] Log: AK Audio Device initialized.
[0005.45] Log: Client initialized
[0007.70] Log: Initializing Steamworks
[0008.41] Log: Primary PhysX scene will be in software.
[0008.41] Log: Creating Primary PhysX Scene.
[0008.43] Log: Bringing World menumap.TheWorld up for play (0) at 2018.02.16-22.08.16
[0008.44] Log: Bringing up level for play took: 0.040297
[0008.56] Log: Game engine initialized
[0008.60] Log: Initializing Engine Completed
[0031.44] Log: >>>>>>>>>>>>>> Initial startup: 31.44s <<<<<<<<<<<<<<<
[0609.16] Log: Primary PhysX scene will be in software.
[0609.16] Log: Creating Primary PhysX Scene.
[0609.17] Log: Bringing World ExampleEntry.TheWorld up for play (0) at 2018.02.16-22.18.17
[0609.17] Log: Bringing up level for play took: 0.019237
[0609.27] Log: Primary PhysX scene will be in software.
[0609.27] Log: Creating Primary PhysX Scene.
[0609.29] Log: Bringing World Loader.TheWorld up for play (0) at 2018.02.16-22.18.17
[0609.30] Log: Bringing up level for play took: 0.026655
[0609.30] Log: Using cached profile data instead of reading
[0609.30] Log: Using cached profile data instead of reading
[1298.02] Log: Wrote profile (590 bytes) to disk.
[1592.59] Log: Primary PhysX scene will be in software.
[1592.59] Log: Creating Primary PhysX Scene.
[1970.42] Log: Wrote profile (590 bytes) to disk.
[2332.30] Log: Wrote profile (591 bytes) to disk.
[2861.30] Log: Wrote profile (592 bytes) to disk.
[2941.89] Log: Primary PhysX scene will be in software.
[2941.89] Log: Creating Primary PhysX Scene.
[3165.19] Log: Primary PhysX scene will be in software.
[3165.19] Log: Creating Primary PhysX Scene.
[3322.26] Log: Primary PhysX scene will be in software.
[3322.26] Log: Creating Primary PhysX Scene.
[3453.04] Log: Primary PhysX scene will be in software.
[3453.04] Log: Creating Primary PhysX Scene.
[3656.47] Log: Wrote profile (595 bytes) to disk.
[4780.83] Log: Wrote profile (595 bytes) to disk.
[5750.26] Log: Wrote profile (595 bytes) to disk.
[5822.45] Log: Primary PhysX scene will be in software.
[5822.45] Log: Creating Primary PhysX Scene.
[6030.28] Log: Primary PhysX scene will be in software.
[6030.28] Log: Creating Primary PhysX Scene.
[6030.29] Log: Bringing World menumap.TheWorld up for play (0) at 2018.02.16-23.48.38
[6030.30] Log: Bringing up level for play took: 0.038605
[6030.30] Log: Using cached profile data instead of reading
[6030.31] Log: Using cached profile data instead of reading
[6034.23] Log: Closing by request
[6034.28] Log: Preparing to exit.
[6034.98] Log: Game engine shut down
[6035.11] Log: Windows client shut down
[6035.21] Log: AK Audio shut down.
[6035.39] Log: Object subsystem successfully closed.
[6035.40] Log: Shutting down FaceFX...
[6035.40] Log: FaceFX shutdown.
[6035.40] Log: Exiting.
[6035.41] Log: Log file closed, 03/16/18 23:48:43
