Log: Log file open, 03/15/18 22:59:17
Log: WinSock: version 1.1 (1.1), MaxSocks=255, MaxUdp=255
Log: Version: 8636
Log: Compiled (32-bit): Jul  9 2015 14:00:43
Log: Changelist: 1055911
Log: Command line: -ONETHREAD -FULLSCREEN
Log: Base directory: \mnt\data\hubbi\Misc\steam.ubuntu\steam\steamapps\common\Borderlands 2\steamassets\Binaries\Win32\
[0001.24] Log: CPU Page size=4096, Processors=4
[0001.24] Log: High frequency timer resolution =1000.000000 MHz
[0001.24] Log: Memory total: Physical=7.2GB Pagefile=7.2GB Virtual=9.6GB
[0001.24] Log: STEAMWORKS initialized 1
[0001.24] Log: Presizing for 0 objects not considered by GC, pre-allocating 0 bytes.
[0001.24] Log: Presizing GObjAvailable to 262144 slots (~1048576 bytes)
[0001.31] Log: Object subsystem initialized
[0001.31] Log:   Steamworks-provided language string: english
[0001.52] Log: OS stats:
[0001.52] Log: 	Windows XP 
[0001.52] Log: 	RemoteDesktop=0
[0001.52] Log: Memory stats:
[0001.52] Log: 	Physical: 7404MB
[0001.52] Log: 	Virtual: 9788MB
[0001.52] Log: 	PageFile: 7404MB
[0001.52] Log: CPU stats:
[0001.52] Log: 	MeasuredPerformanceTime: -1.000 (measured now)
[0001.52] Log: 	Hyperthreaded: 0
[0001.52] Log: 	NumProcessorsPerCPU: 1
[0001.52] Log: 	NumLogicalProcessors: 4
[0001.52] Log: 	NumPhysicalProcessors: 8
[0001.52] Log: 	MaxSpeed: 3100
[0001.52] Log: 	CurrentSpeed: 2600
[0001.52] Log: 	CoresPerProcessor: 8
[0001.52] Log: 	IsOnBattery: 0
[0001.52] Log: 	BatteryLevel: 100
[0001.52] Log: 	Manufacturer: Intel
[0001.52] Log: 	CPUName: Unknown INTEL CPU
[0001.52] Log: 	L1CacheSize: 16
[0001.52] Log: 	L2CacheSize: 1024
[0001.52] Log: 	Architecture: x86
[0001.52] Log: GPU stats:
[0001.52] Log: 	VendorID: 00008086
[0001.52] Log: 	DeviceID: 00001916
[0001.52] Log: 	DriverVersion: 0.0.0.0
[0001.52] Log: 	DeviceName: Unknown Video Card
[0001.52] Log: 	DriverName: Unknown Video Driver
[0001.52] Log: 	PixelShaderVersion: 3
[0001.52] Log: 	VertexShaderVersion: 3
[0001.52] Log: 	VRAMQuantity: 1024
[0001.52] Log: 	DedicatedVRAM: 1024
[0001.52] Log: 	AdapterCount: 1
[0001.52] Log: 	SupportsHardwareTnL: 1
[0001.52] Log: 	IsLowMemoryXPMachine: 0
[0001.52] Log: Machine  detected compatibility level: Composite: 1. CPU: 5. GPU: 1.
[0001.52] Log: Previous detected compatibility level: Composite: 0. CPU: 0. GPU: 0.
[0001.55] Log: Writing new compatibility level to ini. Composite: 1. CPU: 5. GPU: 1.
[0001.58] Log: Shader platform (RHI): PC-D3D-SM3
[0004.96] Log: PhysX GPU Support: DISABLED
[0004.98] Log: Initializing FaceFX...
[0004.98] Log: FaceFX 1.7.4 initialized.
[0011.61] Log: Finished loading startup packages in 6.37 seconds
[0011.61] Log: 154655 objects as part of root set at end of initial load.
[0011.61] Log: Initializing Engine...
[0011.80] Log: UEngine initialized
[0012.52] Log: AK Audio Device initialized.
[0012.53] Log: Client initialized
[0014.42] Log: Initializing Steamworks
[0015.29] Log: Primary PhysX scene will be in software.
[0015.29] Log: Creating Primary PhysX Scene.
[0015.35] Log: Bringing World menumap.TheWorld up for play (0) at 2018.02.15-22.59.31
[0015.43] Log: Bringing up level for play took: 0.152348
[0016.05] Log: Game engine initialized
[0016.28] Log: Initializing Engine Completed
[0038.93] Log: >>>>>>>>>>>>>> Initial startup: 38.93s <<<<<<<<<<<<<<<
[0541.32] Log: Primary PhysX scene will be in software.
[0541.32] Log: Creating Primary PhysX Scene.
[0541.34] Log: Bringing World ExampleEntry.TheWorld up for play (0) at 2018.02.15-23.08.17
[0541.34] Log: Bringing up level for play took: 0.018871
[0541.48] Log: Primary PhysX scene will be in software.
[0541.48] Log: Creating Primary PhysX Scene.
[0541.53] Log: Bringing World Loader.TheWorld up for play (0) at 2018.02.15-23.08.18
[0541.53] Log: Bringing up level for play took: 0.055592
[0541.53] Log: Using cached profile data instead of reading
[0541.53] Log: Using cached profile data instead of reading
[1072.98] Log: Wrote profile (577 bytes) to disk.
[1074.49] Log: Primary PhysX scene will be in software.
[1074.49] Log: Creating Primary PhysX Scene.
[1074.51] Log: Bringing World menumap.TheWorld up for play (0) at 2018.02.15-23.17.11
[1074.52] Log: Bringing up level for play took: 0.032662
[1074.52] Log: Using cached profile data instead of reading
[1074.56] Log: Using cached profile data instead of reading
[1543.29] Log: Setting resolution to 1360 x 768. Fullscreen: 1, WindowedFullscreen: 0
[1546.03] Log: Int ResX set to 1360
[1546.03] Log: Int ResY set to 768
[1546.03] Log: Switch Fullscreen set to 1
[1548.78] Log: Wrote profile (577 bytes) to disk.
[1597.07] Log: Primary PhysX scene will be in software.
[1597.07] Log: Creating Primary PhysX Scene.
[1597.09] Log: Bringing World ExampleEntry.TheWorld up for play (0) at 2018.02.15-23.25.53
[1597.09] Log: Bringing up level for play took: 0.018400
[1597.20] Log: Primary PhysX scene will be in software.
[1597.20] Log: Creating Primary PhysX Scene.
[1597.21] Log: Bringing World Loader.TheWorld up for play (0) at 2018.02.15-23.25.53
[1597.22] Log: Bringing up level for play took: 0.023437
[1597.22] Log: Using cached profile data instead of reading
[1597.22] Log: Using cached profile data instead of reading
[2146.06] Log: Wrote profile (577 bytes) to disk.
[2146.70] Log: Primary PhysX scene will be in software.
[2146.70] Log: Creating Primary PhysX Scene.
[2146.71] Log: Bringing World menumap.TheWorld up for play (0) at 2018.02.15-23.35.03
[2146.72] Log: Bringing up level for play took: 0.032526
[2146.72] Log: Using cached profile data instead of reading
[2146.78] Log: Using cached profile data instead of reading
[2153.51] Log: Closing by request
[2154.08] Log: Preparing to exit.
[2154.77] Log: Game engine shut down
[2154.86] Log: Windows client shut down
[2154.96] Log: AK Audio shut down.
[2155.13] Log: Object subsystem successfully closed.
[2155.22] Log: Shutting down FaceFX...
[2155.22] Log: FaceFX shutdown.
[2155.22] Log: Exiting.
[2155.25] Log: Log file closed, 03/15/18 23:35:11
