[24.361] , Discovering Base Game Map Scripts, 0.001227
[27.106] , CreateCoreDatabase, 2.708668
[31.691] , 	cvAudioManager::LoadExtraContentScripts, 3.044709
[31.692] , cvAudioSystem::Startup, 3.044773
[32.707] , DISCOVERING MODS, 0.711929
[34.233] , 	Generate BaseGame Loc Database., 1.518790
[34.240] , 		Get Package Files, 0.006640
[35.111] , 		Generate Specific DLC Database, 0.870652
[35.134] , 		Get Package Files, 0.022193
[35.776] , 		Generate Specific DLC Database, 0.641367
[35.781] , 		Get Package Files, 0.004559
[36.336] , 		Generate Specific DLC Database, 0.554715
[36.352] , 		Get Package Files, 0.015858
[36.945] , 		Generate Specific DLC Database, 0.590868
[36.948] , 		Get Package Files, 0.003237
[37.388] , 		Generate Specific DLC Database, 0.441078
[37.390] , 		Get Package Files, 0.001604
[37.892] , 		Generate Specific DLC Database, 0.501071
[37.897] , 		Get Package Files, 0.004775
[39.355] , 		Generate Specific DLC Database, 1.458144
[39.364] , 		Get Package Files, 0.009087
[39.683] , 		Generate Specific DLC Database, 0.317970
[39.683] , 		Get Package Files, 0.000013
[39.683] , 		Get Package Files, 0.000006
[39.683] , 		Get Package Files, 0.000004
[39.748] , 		Get Package Files, 0.064126
[43.857] , 		Generate Specific DLC Database, 4.107817
[43.916] , 		Get Package Files, 0.058472
[50.419] , 		Generate Specific DLC Database, 6.502905
[50.429] , 		Get Package Files, 0.009158
[50.786] , 		Generate Specific DLC Database, 0.356880
[50.786] , 	Generate DLC Loc Databases., 16.553002
[53.119] , 	CvLocalizationDatabaseFactory::GenerateMergedLocalizationDatabase(), 2.332375
[53.119] , New Localization Code, 20.409420
[55.672] , 	BeforeDeactivateMods - Release Database Cache, 0.000485
[55.672] , 	BeforeDeactivateMods - Unload DLL, 0.000002
[55.831] , 	AfterDeactivateMods - Reset filesystem, 0.000001
[56.673] , 		LoadCoreDatabase - Detach Loc Database, 0.030901
[56.680] , 		LoadCoreDatabase - Load Database, 0.006821
