[04/14/18, 17:53:01:390] info: ╔═════════════════════════════════════════════════════════════════════════════════╗
[04/14/18, 17:53:01:390] info: ║      Slack 3.1.1, linux 4.13.0-38-generic on x64 at 04/14/18, 17:53:01:387      ║
[04/14/18, 17:53:01:390] info: ╚═════════════════════════════════════════════════════════════════════════════════╝
[04/14/18, 17:53:01:636] info: Initializing local storage instance at path: /home/hubbi/.config/Slack/local-settings.json
[04/14/18, 17:53:01:790] info: NetworkStatus: Waiting for network online…
[04/14/18, 17:53:02:527] info: NetworkStatus: Response from api.test
{
  "status": "online"
}
[04/14/18, 17:53:02:936] info: Store: SET_NETWORK_STATUS online
[04/14/18, 17:53:07:793] info: Store: UPSERT_WEB_CONTENTS
{
  "id": 3,
  "state": "loaded",
  "teamId": "T81JU9CQ5"
}
[04/14/18, 17:53:07:804] info: Store: MAIN_WINDOW_SHOWN
[04/14/18, 17:53:07:837] info: Store: SET_FULL_SCREEN
[04/14/18, 17:53:07:840] info: Store: SET_FULL_SCREEN
[04/14/18, 17:53:07:871] info: Store: SET_FULL_SCREEN
[04/14/18, 17:53:08:344] info: Store: UPDATE_SESSION_STATUS
{
  "hasValidSession": true,
  "teamId": "T81JU9CQ5"
}
[04/14/18, 17:53:08:821] info: Store: SAVE_WINDOW_SETTINGS
{
  "isMaximized": false,
  "position": [
    302,
    161
  ],
  "size": [
    1335,
    869
  ]
}
[04/14/18, 17:53:09:457] info: Store: SELECT_CHANNEL DA7MY9RJS
[04/14/18, 17:53:09:460] info: Store: UPDATE_TEAM_LOCALE
{
  "locale": "en-US",
  "teamId": "T81JU9CQ5"
}
[04/14/18, 17:53:09:463] info: Store: UPDATE_SETTINGS
{
  "locale": "en-US"
}
[04/14/18, 17:53:09:518] info: Store: UPDATE_TEAM_THEME
{
  "teamId": "T81JU9CQ5",
  "theme": {
    "active_item": "#6698C8",
    "active_item_text": "#FFFFFF",
    "active_presence": "#94E864",
    "badge": "#78AF8F",
    "column_bg": "#303E4D",
    "hover_item": "#4A5664",
    "menu_bg": "#2C3849",
    "text_color": "#FFFFFF"
  }
}
[04/14/18, 17:53:10:099] info: Store: UPDATE_TEAM_ICONS
{
  "icons": false,
  "teamId": "T81JU9CQ5"
}
[04/14/18, 17:53:10:212] info: Store: UPDATE_TEAM_LOCALE
{
  "locale": "en-US",
  "teamId": "T81JU9CQ5"
}
[04/14/18, 17:53:10:214] info: Store: UPSERT_WEB_CONTENTS
{
  "id": 3,
  "state": "webapp-loaded",
  "teamId": "T81JU9CQ5"
}
[04/14/18, 17:53:29:386] info: Store: SET_FULL_SCREEN
[04/14/18, 17:54:32:074] info: Store: SET_FULL_SCREEN
[04/14/18, 17:54:35:515] info: Store: SELECT_CHANNEL D81CF520K
[04/14/18, 17:55:18:608] info: Store: SET_FULL_SCREEN
[04/14/18, 17:55:18:629] info: Store: SET_FULL_SCREEN
[04/14/18, 17:55:25:271] info: Store: SET_FULL_SCREEN
[04/14/18, 17:55:25:308] info: Store: SET_FULL_SCREEN
[04/14/18, 17:55:26:563] info: Store: SET_FULL_SCREEN
[04/14/18, 17:55:26:564] info: Store: SET_FULL_SCREEN
[04/14/18, 17:55:26:883] info: Store: SET_FULL_SCREEN
[04/14/18, 17:55:26:916] info: Store: SET_FULL_SCREEN
[04/14/18, 17:55:29:974] info: Store: SET_FULL_SCREEN
[04/14/18, 17:55:29:976] info: Store: SET_FULL_SCREEN
[04/14/18, 17:55:30:974] info: Store: SAVE_WINDOW_SETTINGS
{
  "isMaximized": false,
  "position": [
    302,
    133
  ],
  "size": [
    1335,
    869
  ]
}
[04/14/18, 17:56:11:902] info: Store: FOREGROUND_APP
[04/14/18, 17:56:11:942] info: Store: SET_FULL_SCREEN
[04/14/18, 17:56:11:943] info: Store: SET_FULL_SCREEN
[04/14/18, 17:56:11:982] info: Store: SET_FULL_SCREEN
[04/14/18, 17:56:12:927] info: Store: SAVE_WINDOW_SETTINGS
{
  "isMaximized": false,
  "position": [
    302,
    161
  ],
  "size": [
    1335,
    869
  ]
}
[04/14/18, 17:56:15:080] info: Store: SELECT_CHANNEL C80QSNU9E
[04/14/18, 17:56:37:058] info: Store: SELECT_CHANNEL DA7MYSLBY
[04/14/18, 17:56:45:706] info: Store: SAVE_WINDOW_SETTINGS
{
  "isMaximized": false,
  "position": [
    295,
    102
  ],
  "size": [
    1335,
    869
  ]
}
[04/14/18, 17:56:49:602] info: Store: SHOW_WEBAPP_DIALOG
{
  "dialogType": "prefs"
}
[04/14/18, 17:58:17:784] info: Store: UPDATE_TEAM_THEME
{
  "teamId": "T81JU9CQ5",
  "theme": {
    "active_item": "#4C9689",
    "active_item_text": "#FFFFFF",
    "active_presence": "#38978D",
    "badge": "#EB4D5C",
    "column_bg": "#4D394B",
    "hover_item": "#3E313C",
    "menu_bg": "#3E313C",
    "text_color": "#FFFFFF"
  }
}
[04/14/18, 17:58:19:709] info: Store: UPDATE_TEAM_THEME
{
  "teamId": "T81JU9CQ5",
  "theme": {
    "active_item": "#F79F66",
    "active_item_text": "#FFFFFF",
    "active_presence": "#F79F66",
    "badge": "#F15340",
    "column_bg": "#0D7E83",
    "hover_item": "#D37C71",
    "menu_bg": "#076570",
    "text_color": "#FFFFFF"
  }
}
[04/14/18, 17:58:21:293] info: Store: UPDATE_TEAM_THEME
{
  "teamId": "T81JU9CQ5",
  "theme": {
    "active_item": "#D39B46",
    "active_item_text": "#FFFFFF",
    "active_presence": "#99D04A",
    "badge": "#DB6668",
    "column_bg": "#4D5250",
    "hover_item": "#434745",
    "menu_bg": "#444A47",
    "text_color": "#FFFFFF"
  }
}
[04/14/18, 17:58:22:944] info: Store: UPDATE_TEAM_THEME
{
  "teamId": "T81JU9CQ5",
  "theme": {
    "active_item": "#5DB09D",
    "active_item_text": "#FFFFFF",
    "active_presence": "#FFFFFF",
    "badge": "#5DB09D",
    "column_bg": "#544538",
    "hover_item": "#4A3C30",
    "menu_bg": "#42362B",
    "text_color": "#FFFFFF"
  }
}
[04/14/18, 17:58:24:163] info: Store: UPDATE_TEAM_THEME
{
  "teamId": "T81JU9CQ5",
  "theme": {
    "active_item": "#2D9EE0",
    "active_item_text": "#FFFFFF",
    "active_presence": "#60D156",
    "badge": "#DC5960",
    "column_bg": "#F8F8FA",
    "hover_item": "#FFFFFF",
    "menu_bg": "#F8F8FA",
    "text_color": "#383F45"
  }
}
[04/14/18, 17:58:25:564] info: Store: UPDATE_TEAM_THEME
{
  "teamId": "T81JU9CQ5",
  "theme": {
    "active_item": "#6698C8",
    "active_item_text": "#FFFFFF",
    "active_presence": "#94E864",
    "badge": "#78AF8F",
    "column_bg": "#303E4D",
    "hover_item": "#4A5664",
    "menu_bg": "#2C3849",
    "text_color": "#FFFFFF"
  }
}
[04/14/18, 17:59:15:850] info: Store: SET_FULL_SCREEN
[04/14/18, 17:59:15:851] info: Store: SET_FULL_SCREEN
[04/14/18, 17:59:16:853] info: Store: SAVE_WINDOW_SETTINGS
{
  "isMaximized": false,
  "position": [
    295,
    74
  ],
  "size": [
    1335,
    869
  ]
}
[04/14/18, 18:21:16:020] info: Store: QUIT_APP
[04/14/18, 18:21:16:027] info: Store: REMOVE_WINDOW 2
[04/14/18, 18:21:16:041] info: Store: QUIT_APP
