[04/14/18, 17:53:03:970] info: ╔═════════════════════════════════════════════════════════════════════════════════╗
[04/14/18, 17:53:03:970] info: ║      Slack 3.1.1, linux 4.13.0-38-generic on x64 at 04/14/18, 17:53:03:967      ║
[04/14/18, 17:53:03:970] info: ╚═════════════════════════════════════════════════════════════════════════════════╝
[04/14/18, 17:53:04:061] info: Initializing local storage instance at path: /home/hubbi/.config/Slack/local-settings.json
[04/14/18, 17:53:04:748] info: cld3::loadModule: loading cld3 module
[04/14/18, 17:53:04:813] info: cld3Loader::loadModule: running environment is NODE
[04/14/18, 17:53:04:813] info: cld3Loader::loadModule: constructed module object for runtime
[04/14/18, 17:53:04:978] info: cld3Loader::initializeRuntime: successfully initialized module
[04/14/18, 17:53:04:978] info: cld3Loader::loadModule: initialized wasm binary Runtime
[04/14/18, 17:53:04:981] warn: updateSpellcheckerLanguage: Tried to update language, but spellchecker not initialized
[04/14/18, 17:53:04:982] info: SSBIntegration: Main window preload script loaded 1382.283802
[04/14/18, 17:53:07:800] info: Store: UPSERT_WEB_CONTENTS
{
  "id": 3,
  "state": "loaded",
  "teamId": "T81JU9CQ5"
}
[04/14/18, 17:53:07:807] info: Store: MAIN_WINDOW_SHOWN
[04/14/18, 17:53:07:836] info: Store: SET_FULL_SCREEN
[04/14/18, 17:53:07:841] info: Store: SET_FULL_SCREEN
[04/14/18, 17:53:07:871] info: Store: SET_FULL_SCREEN
[04/14/18, 17:53:08:345] info: Store: UPDATE_SESSION_STATUS
{
  "hasValidSession": true,
  "teamId": "T81JU9CQ5"
}
[04/14/18, 17:53:08:821] info: Store: SAVE_WINDOW_SETTINGS
{
  "isMaximized": false,
  "position": [
    302,
    161
  ],
  "size": [
    1335,
    869
  ]
}
[04/14/18, 17:53:10:029] info: Store: SELECT_CHANNEL DA7MY9RJS
[04/14/18, 17:53:10:029] info: Store: UPDATE_TEAM_LOCALE
{
  "locale": "en-US",
  "teamId": "T81JU9CQ5"
}
[04/14/18, 17:53:10:030] info: Store: UPDATE_SETTINGS
{
  "locale": "en-US"
}
[04/14/18, 17:53:10:032] info: Store: UPDATE_TEAM_THEME
{
  "teamId": "T81JU9CQ5",
  "theme": {
    "active_item": "#6698C8",
    "active_item_text": "#FFFFFF",
    "active_presence": "#94E864",
    "badge": "#78AF8F",
    "column_bg": "#303E4D",
    "hover_item": "#4A5664",
    "menu_bg": "#2C3849",
    "text_color": "#FFFFFF"
  }
}
[04/14/18, 17:53:10:209] info: postLoadTaskSetup: Desktop client fully loaded
{
  "loadedTime": 12639.322198
}
[04/14/18, 17:53:10:436] info: Store: UPDATE_TEAM_ICONS
{
  "icons": false,
  "teamId": "T81JU9CQ5"
}
[04/14/18, 17:53:10:437] info: Store: UPDATE_TEAM_LOCALE
{
  "locale": "en-US",
  "teamId": "T81JU9CQ5"
}
[04/14/18, 17:53:10:438] info: Store: UPSERT_WEB_CONTENTS
{
  "id": 3,
  "state": "webapp-loaded",
  "teamId": "T81JU9CQ5"
}
[04/14/18, 17:53:11:966] info: Raw Locale list: ["C","C.UTF-8","en_AG","en_AG.utf8","en_AU.utf8","en_BW.utf8","en_CA.utf8","en_DK.utf8","en_GB.utf8","en_HK.utf8","en_IE.utf8","en_IL","en_IL.utf8","en_IN","en_IN.utf8","en_NG","en_NG.utf8","en_NZ.utf8","en_PH.utf8","en_SG.utf8","en_US.utf8","en_ZA.utf8","en_ZM","en_ZM.utf8","en_ZW.utf8","id_ID.utf8","POSIX",""]
[04/14/18, 17:53:11:966] info: Filtered Locale list: ["en_AG","en_AG","en_AU","en_BW","en_CA","en_DK","en_GB","en_HK","en_IE","en_IL","en_IL","en_IN","en_IN","en_NG","en_NG","en_NZ","en_PH","en_SG","en_US","en_ZA","en_ZM","en_ZM","en_ZW","id_ID"]
[04/14/18, 17:53:11:966] info: Counts: {"en":["en_AG","en_AG","en_AU","en_BW","en_CA","en_DK","en_GB","en_HK","en_IE","en_IL","en_IL","en_IN","en_IN","en_NG","en_NG","en_NZ","en_PH","en_SG","en_US","en_ZA","en_ZM","en_ZM","en_ZW"],"id":["id_ID"]}
[04/14/18, 17:53:11:967] info: Setting id
[04/14/18, 17:53:11:968] info: Result: {"id":"id-ID","en":"en-US"}
[04/14/18, 17:53:11:970] info: Requesting to load id-ID, alternatives are ["id-ID","id-ID","id-ID"]
[04/14/18, 17:53:11:971] info: Loading dictionary for language id-ID
[04/14/18, 17:53:11:972] info: Returning local copy: /home/hubbi/.config/Slack/dictionaries/id-ID.bdic
[04/14/18, 17:53:11:987] info: Requesting to load id-ID, alternatives are ["id-ID","id-ID","id-ID"]
[04/14/18, 17:53:11:987] info: Loading dictionary for language id-ID
[04/14/18, 17:53:11:988] info: Returning local copy: /home/hubbi/.config/Slack/dictionaries/id-ID.bdic
[04/14/18, 17:53:12:010] info: Setting current spellchecker to id-ID, requested language was id-ID
[04/14/18, 17:53:12:010] info: Creating node-spellchecker instance
[04/14/18, 17:53:12:012] info: Actually installing spell check provider to Electron
[04/14/18, 17:53:12:021] info: Setting current spellchecker to id-ID, requested language was id-ID
[04/14/18, 17:53:29:340] info: Unloading spellchecker
[04/14/18, 17:53:29:346] info: Unloading spellchecker
[04/14/18, 17:53:29:385] info: Store: SET_FULL_SCREEN
[04/14/18, 17:54:32:037] info: Restoring spellchecker
[04/14/18, 17:54:32:039] info: Loading dictionary for language id-ID
[04/14/18, 17:54:32:040] info: Returning local copy: /home/hubbi/.config/Slack/dictionaries/id-ID.bdic
[04/14/18, 17:54:32:047] info: Setting current spellchecker to id-ID, requested language was id-ID
[04/14/18, 17:54:32:048] info: Creating node-spellchecker instance
[04/14/18, 17:54:32:076] info: Store: SET_FULL_SCREEN
[04/14/18, 17:54:35:563] info: Store: SELECT_CHANNEL D81CF520K
[04/14/18, 17:54:37:876] info: Requesting to load en-US, alternatives are ["en-US","en-US","en-US"]
[04/14/18, 17:54:37:876] info: Loading dictionary for language en-US
[04/14/18, 17:54:37:876] info: Actually downloading https://redirector.gvt1.com/edgedl/chrome/dict/en-us-7-1.bdic
[04/14/18, 17:54:39:395] info: Setting current spellchecker to en-US, requested language was en-US
[04/14/18, 17:54:39:396] info: Creating node-spellchecker instance
[04/14/18, 17:54:39:399] info: Actually installing spell check provider to Electron
[04/14/18, 17:55:18:546] info: Unloading spellchecker
[04/14/18, 17:55:18:549] info: Unloading spellchecker
[04/14/18, 17:55:18:607] info: Store: SET_FULL_SCREEN
[04/14/18, 17:55:18:636] info: Store: SET_FULL_SCREEN
[04/14/18, 17:55:25:280] info: Restoring spellchecker
[04/14/18, 17:55:25:281] info: Loading dictionary for language en-US
[04/14/18, 17:55:25:281] info: Returning local copy: /home/hubbi/.config/Slack/dictionaries/en-US.bdic
[04/14/18, 17:55:25:290] info: Store: SET_FULL_SCREEN
[04/14/18, 17:55:25:292] info: Setting current spellchecker to en-US, requested language was en-US
[04/14/18, 17:55:25:293] info: Creating node-spellchecker instance
[04/14/18, 17:55:25:310] info: Store: SET_FULL_SCREEN
[04/14/18, 17:55:26:525] info: Unloading spellchecker
[04/14/18, 17:55:26:533] info: Unloading spellchecker
[04/14/18, 17:55:26:571] info: Store: SET_FULL_SCREEN
[04/14/18, 17:55:26:572] info: Store: SET_FULL_SCREEN
[04/14/18, 17:55:26:894] info: Restoring spellchecker
[04/14/18, 17:55:26:895] info: Loading dictionary for language en-US
[04/14/18, 17:55:26:895] info: Returning local copy: /home/hubbi/.config/Slack/dictionaries/en-US.bdic
[04/14/18, 17:55:26:898] info: Store: SET_FULL_SCREEN
[04/14/18, 17:55:26:916] info: Store: SET_FULL_SCREEN
[04/14/18, 17:55:26:917] info: Setting current spellchecker to en-US, requested language was en-US
[04/14/18, 17:55:26:918] info: Creating node-spellchecker instance
[04/14/18, 17:55:29:928] info: Unloading spellchecker
[04/14/18, 17:55:29:973] info: Store: SET_FULL_SCREEN
[04/14/18, 17:55:29:976] info: Store: SET_FULL_SCREEN
[04/14/18, 17:55:30:974] info: Store: SAVE_WINDOW_SETTINGS
{
  "isMaximized": false,
  "position": [
    302,
    133
  ],
  "size": [
    1335,
    869
  ]
}
[04/14/18, 17:56:11:902] info: Store: FOREGROUND_APP
[04/14/18, 17:56:11:950] info: Store: SET_FULL_SCREEN
[04/14/18, 17:56:11:951] info: Store: SET_FULL_SCREEN
[04/14/18, 17:56:11:972] info: Restoring spellchecker
[04/14/18, 17:56:11:973] info: Loading dictionary for language en-US
[04/14/18, 17:56:11:973] info: Returning local copy: /home/hubbi/.config/Slack/dictionaries/en-US.bdic
[04/14/18, 17:56:11:985] info: Store: SET_FULL_SCREEN
[04/14/18, 17:56:11:988] info: Setting current spellchecker to en-US, requested language was en-US
[04/14/18, 17:56:11:988] info: Creating node-spellchecker instance
[04/14/18, 17:56:12:927] info: Store: SAVE_WINDOW_SETTINGS
{
  "isMaximized": false,
  "position": [
    302,
    161
  ],
  "size": [
    1335,
    869
  ]
}
[04/14/18, 17:56:15:125] info: Store: SELECT_CHANNEL C80QSNU9E
[04/14/18, 17:56:17:700] info: Loading dictionary for language id-ID
[04/14/18, 17:56:17:700] info: Returning local copy: /home/hubbi/.config/Slack/dictionaries/id-ID.bdic
[04/14/18, 17:56:17:701] info: Setting current spellchecker to id-ID, requested language was id-ID
[04/14/18, 17:56:17:701] info: Creating node-spellchecker instance
[04/14/18, 17:56:17:701] info: Actually installing spell check provider to Electron
[04/14/18, 17:56:37:113] info: Store: SELECT_CHANNEL DA7MYSLBY
[04/14/18, 17:56:39:376] info: Couldn't detect language for text of length '10': Failed to identify language, ignoring sample
[04/14/18, 17:56:45:703] info: Store: SAVE_WINDOW_SETTINGS
{
  "isMaximized": false,
  "position": [
    295,
    102
  ],
  "size": [
    1335,
    869
  ]
}
[04/14/18, 17:56:49:602] info: Store: SHOW_WEBAPP_DIALOG
{
  "dialogType": "prefs"
}
[04/14/18, 17:57:20:233] error: 2018/4/14 17:57:20.231 logging error: {"subtype":"api_call_error","message":"{\"ok\":false,\"error\":\"no_emailtoken\"}","stack":"Error\n    at Object.n [as logError] (https://a.slack-edge.com/bv1-2/rollup-core_required_ts.1f03fb73ae11d80dea05.min.js:1:68026)\n    at e (https://a.slack-edge.com/bv1-2/rollup-secondary_a_required.21e34e4bb3f5940891a1.min.js:1:136929)\n    at e (https://a.slack-edge.com/bv1-2/rollup-secondary_a_required.21e34e4bb3f5940891a1.min.js:1:132124)\n    at e (https://a.slack-edge.com/bv1-2/rollup-secondary_a_required.21e34e4bb3f5940891a1.min.js:1:133719)\n    at XMLHttpRequest.d.onreadystatechange (https://a.slack-edge.com/bv1-2/rollup-secondary_a_required.21e34e4bb3f5940891a1.min.js:1:135417)"}
[04/14/18, 17:58:17:814] info: Store: UPDATE_TEAM_THEME
{
  "teamId": "T81JU9CQ5",
  "theme": {
    "active_item": "#4C9689",
    "active_item_text": "#FFFFFF",
    "active_presence": "#38978D",
    "badge": "#EB4D5C",
    "column_bg": "#4D394B",
    "hover_item": "#3E313C",
    "menu_bg": "#3E313C",
    "text_color": "#FFFFFF"
  }
}
[04/14/18, 17:58:19:734] info: Store: UPDATE_TEAM_THEME
{
  "teamId": "T81JU9CQ5",
  "theme": {
    "active_item": "#F79F66",
    "active_item_text": "#FFFFFF",
    "active_presence": "#F79F66",
    "badge": "#F15340",
    "column_bg": "#0D7E83",
    "hover_item": "#D37C71",
    "menu_bg": "#076570",
    "text_color": "#FFFFFF"
  }
}
[04/14/18, 17:58:21:316] info: Store: UPDATE_TEAM_THEME
{
  "teamId": "T81JU9CQ5",
  "theme": {
    "active_item": "#D39B46",
    "active_item_text": "#FFFFFF",
    "active_presence": "#99D04A",
    "badge": "#DB6668",
    "column_bg": "#4D5250",
    "hover_item": "#434745",
    "menu_bg": "#444A47",
    "text_color": "#FFFFFF"
  }
}
[04/14/18, 17:58:22:967] info: Store: UPDATE_TEAM_THEME
{
  "teamId": "T81JU9CQ5",
  "theme": {
    "active_item": "#5DB09D",
    "active_item_text": "#FFFFFF",
    "active_presence": "#FFFFFF",
    "badge": "#5DB09D",
    "column_bg": "#544538",
    "hover_item": "#4A3C30",
    "menu_bg": "#42362B",
    "text_color": "#FFFFFF"
  }
}
[04/14/18, 17:58:24:185] info: Store: UPDATE_TEAM_THEME
{
  "teamId": "T81JU9CQ5",
  "theme": {
    "active_item": "#2D9EE0",
    "active_item_text": "#FFFFFF",
    "active_presence": "#60D156",
    "badge": "#DC5960",
    "column_bg": "#F8F8FA",
    "hover_item": "#FFFFFF",
    "menu_bg": "#F8F8FA",
    "text_color": "#383F45"
  }
}
[04/14/18, 17:58:25:585] info: Store: UPDATE_TEAM_THEME
{
  "teamId": "T81JU9CQ5",
  "theme": {
    "active_item": "#6698C8",
    "active_item_text": "#FFFFFF",
    "active_presence": "#94E864",
    "badge": "#78AF8F",
    "column_bg": "#303E4D",
    "hover_item": "#4A5664",
    "menu_bg": "#2C3849",
    "text_color": "#FFFFFF"
  }
}
[04/14/18, 17:59:15:814] info: Unloading spellchecker
[04/14/18, 17:59:15:851] info: Store: SET_FULL_SCREEN
[04/14/18, 17:59:15:852] info: Store: SET_FULL_SCREEN
[04/14/18, 17:59:16:853] info: Store: SAVE_WINDOW_SETTINGS
{
  "isMaximized": false,
  "position": [
    295,
    74
  ],
  "size": [
    1335,
    869
  ]
}
[04/14/18, 18:21:16:018] info: Store: QUIT_APP
[04/14/18, 18:21:16:027] info: Store: REMOVE_WINDOW 2
[04/14/18, 18:21:16:040] info: Store: QUIT_APP
