[04/17/18, 13:56:34:978] info: ╔═════════════════════════════════════════════════════════════════════════════════╗
[04/17/18, 13:56:34:978] info: ║      Slack 3.1.1, linux 4.15.0-15-generic on x64 at 04/17/18, 13:56:34:975      ║
[04/17/18, 13:56:34:978] info: ╚═════════════════════════════════════════════════════════════════════════════════╝
[04/17/18, 13:56:35:096] info: Initializing local storage instance at path: /home/hubbi/.config/Slack/local-settings.json
[04/17/18, 13:56:36:409] info: cld3::loadModule: loading cld3 module
[04/17/18, 13:56:36:484] info: cld3Loader::loadModule: running environment is NODE
[04/17/18, 13:56:36:485] info: cld3Loader::loadModule: constructed module object for runtime
[04/17/18, 13:56:36:717] info: cld3Loader::initializeRuntime: successfully initialized module
[04/17/18, 13:56:36:718] info: cld3Loader::loadModule: initialized wasm binary Runtime
[04/17/18, 13:56:36:721] warn: updateSpellcheckerLanguage: Tried to update language, but spellchecker not initialized
[04/17/18, 13:56:36:722] info: SSBIntegration: Main window preload script loaded 2074.007763
[04/17/18, 13:56:36:727] info: Store: SET_NETWORK_STATUS offline
[04/17/18, 13:56:36:732] info: Store: UPSERT_WEB_CONTENTS
{
  "id": 3,
  "state": "loaded",
  "teamId": "T81JU9CQ5"
}
[04/17/18, 13:56:36:736] info: Store: UPSERT_WEB_CONTENTS
{
  "id": 3,
  "state": "empty-page",
  "teamId": "T81JU9CQ5"
}
[04/17/18, 13:56:37:059] info: Store: UPDATE_SESSION_STATUS
{
  "hasValidSession": null,
  "teamId": "T81JU9CQ5"
}
[04/17/18, 13:56:46:860] info: Store: SHOW_WEBAPP_DIALOG
{
  "dialogType": "prefs"
}
[04/17/18, 13:56:52:061] info: Store: QUIT_APP
[04/17/18, 13:56:52:161] info: Store: QUIT_APP
[04/17/18, 13:56:52:173] info: Store: REMOVE_WINDOW 2
[04/17/18, 13:56:52:210] info: Store: QUIT_APP
