[04/17/18, 13:56:34:836] info: ╔═════════════════════════════════════════════════════════════════════════════════╗
[04/17/18, 13:56:34:837] info: ║      Slack 3.1.1, linux 4.15.0-15-generic on x64 at 04/17/18, 13:56:34:832      ║
[04/17/18, 13:56:34:837] info: ╚═════════════════════════════════════════════════════════════════════════════════╝
[04/17/18, 13:56:35:177] info: Initializing local storage instance at path: /home/hubbi/.config/Slack/local-settings.json
[04/17/18, 13:56:35:369] info: NetworkStatus: Waiting for network online…
[04/17/18, 13:56:36:154] info: NetworkStatus: Network check failed
{
  "error": {
    "message": "Failed to fetch",
    "stack": "TypeError: Failed to fetch"
  }
}
[04/17/18, 13:56:36:156] info: NetworkStatus: Response from api.test
{
  "status": "offline"
}
[04/17/18, 13:56:36:568] info: Store: SET_NETWORK_STATUS offline
[04/17/18, 13:56:36:852] info: Store: UPSERT_WEB_CONTENTS
{
  "id": 3,
  "state": "loaded",
  "teamId": "T81JU9CQ5"
}
[04/17/18, 13:56:36:854] info: Store: UPSERT_WEB_CONTENTS
{
  "id": 3,
  "state": "empty-page",
  "teamId": "T81JU9CQ5"
}
[04/17/18, 13:56:37:055] warn: Tried to determine signed in status, but errored.
{
  "error": {
    "message": "Failed to fetch",
    "stack": "TypeError: Failed to fetch"
  }
}
[04/17/18, 13:56:37:059] info: Store: UPDATE_SESSION_STATUS
{
  "hasValidSession": null,
  "teamId": "T81JU9CQ5"
}
[04/17/18, 13:56:41:108] info: NetworkStatus: Network check failed
{
  "error": {
    "message": "Failed to fetch",
    "stack": "TypeError: Failed to fetch"
  }
}
[04/17/18, 13:56:41:109] info: NetworkStatus: Response from api.test
{
  "status": "offline"
}
[04/17/18, 13:56:46:115] info: NetworkStatus: Network check failed
{
  "error": {
    "message": "Failed to fetch",
    "stack": "TypeError: Failed to fetch"
  }
}
[04/17/18, 13:56:46:117] info: NetworkStatus: Response from api.test
{
  "status": "offline"
}
[04/17/18, 13:56:46:860] info: Store: SHOW_WEBAPP_DIALOG
{
  "dialogType": "prefs"
}
[04/17/18, 13:56:51:109] info: NetworkStatus: Network check failed
{
  "error": {
    "message": "Failed to fetch",
    "stack": "TypeError: Failed to fetch"
  }
}
[04/17/18, 13:56:51:109] info: NetworkStatus: Response from api.test
{
  "status": "offline"
}
[04/17/18, 13:56:52:061] info: Store: QUIT_APP
[04/17/18, 13:56:52:162] info: Store: QUIT_APP
[04/17/18, 13:56:52:184] info: Store: REMOVE_WINDOW 2
[04/17/18, 13:56:52:211] info: Store: QUIT_APP
