[04/14/18, 15:59:31:135] info: ╔═════════════════════════════════════════════════════════════════════════════════╗
[04/14/18, 15:59:31:137] info: ║      Slack 3.1.1, linux 4.13.0-38-generic on x64 at 04/14/18, 15:59:31:131      ║
[04/14/18, 15:59:31:137] info: ╚═════════════════════════════════════════════════════════════════════════════════╝
[04/14/18, 15:59:31:435] info: Initializing local storage instance at path: /home/hubbi/.config/Slack/local-settings.json
[04/14/18, 15:59:31:596] info: NetworkStatus: Waiting for network online…
[04/14/18, 15:59:32:689] info: NetworkStatus: Response from api.test
{
  "status": "online"
}
[04/14/18, 15:59:33:093] info: Store: SET_NETWORK_STATUS online
[04/14/18, 15:59:52:026] info: Store: FOREGROUND_APP
[04/14/18, 15:59:59:106] info: Store: UPSERT_WEB_CONTENTS
{
  "id": 3,
  "state": "loaded",
  "teamId": "T81JU9CQ5"
}
[04/14/18, 15:59:59:116] info: Store: MAIN_WINDOW_SHOWN
[04/14/18, 15:59:59:160] info: Store: SET_FULL_SCREEN
[04/14/18, 15:59:59:162] info: Store: SET_FULL_SCREEN
[04/14/18, 15:59:59:224] info: Store: SET_FULL_SCREEN
[04/14/18, 15:59:59:561] info: Store: UPDATE_SESSION_STATUS
{
  "hasValidSession": true,
  "teamId": "T81JU9CQ5"
}
[04/14/18, 15:59:59:792] info: Store: SELECT_CHANNEL C82H1SWF9
[04/14/18, 15:59:59:794] info: Store: UPDATE_TEAM_LOCALE
{
  "locale": "en-US"
}
[04/14/18, 15:59:59:796] info: Store: UPDATE_SETTINGS
{
  "locale": "en-US"
}
[04/14/18, 16:00:00:132] info: Store: SAVE_WINDOW_SETTINGS
{
  "isMaximized": false,
  "position": [
    325,
    203
  ],
  "size": [
    1335,
    869
  ]
}
[04/14/18, 16:00:00:574] info: Store: UPDATE_TEAM_THEME
{
  "teamId": "T81JU9CQ5",
  "theme": {
    "active_item": "#6698C8",
    "active_item_text": "#FFFFFF",
    "active_presence": "#94E864",
    "badge": "#78AF8F",
    "column_bg": "#303E4D",
    "hover_item": "#4A5664",
    "menu_bg": "#2C3849",
    "text_color": "#FFFFFF"
  }
}
[04/14/18, 16:00:00:760] info: Store: UPDATE_TEAM_ICONS
{
  "icons": false,
  "teamId": "T81JU9CQ5"
}
[04/14/18, 16:00:00:825] info: Store: SET_FULL_SCREEN
[04/14/18, 16:00:00:930] info: Store: UPDATE_TEAM_LOCALE
{
  "locale": "en-US",
  "teamId": "T81JU9CQ5"
}
[04/14/18, 16:00:00:975] info: Store: UPSERT_WEB_CONTENTS
{
  "id": 3,
  "state": "webapp-loaded",
  "teamId": "T81JU9CQ5"
}
[04/14/18, 16:00:05:033] info: Store: SAVE_WINDOW_SETTINGS
{
  "isMaximized": false,
  "position": [
    302,
    133
  ],
  "size": [
    1335,
    869
  ]
}
[04/14/18, 16:00:48:386] info: Store: SET_FULL_SCREEN
[04/14/18, 16:01:01:426] info: Store: SET_FULL_SCREEN
[04/14/18, 16:01:06:057] info: Store: SET_FULL_SCREEN
[04/14/18, 16:01:07:071] info: Store: SET_FULL_SCREEN
[04/14/18, 16:01:12:385] info: Store: SET_FULL_SCREEN
[04/14/18, 16:01:13:820] info: Store: SET_FULL_SCREEN
[04/14/18, 16:01:55:640] info: Store: SET_FULL_SCREEN
[04/14/18, 16:02:03:921] info: Store: SET_FULL_SCREEN
[04/14/18, 16:02:05:857] info: Store: SET_FULL_SCREEN
[04/14/18, 16:02:13:283] info: Store: SET_FULL_SCREEN
[04/14/18, 16:02:15:386] info: Store: SET_FULL_SCREEN
[04/14/18, 16:02:18:008] info: Store: SET_FULL_SCREEN
[04/14/18, 16:02:18:013] info: Store: SET_FULL_SCREEN
[04/14/18, 16:02:31:689] info: Store: SET_FULL_SCREEN
[04/14/18, 16:02:32:453] info: Store: SET_FULL_SCREEN
[04/14/18, 16:02:59:047] info: Store: SET_FULL_SCREEN
[04/14/18, 16:03:06:617] info: Store: SET_FULL_SCREEN
[04/14/18, 16:03:07:858] info: Store: SET_FULL_SCREEN
[04/14/18, 16:03:24:550] info: Store: SET_FULL_SCREEN
[04/14/18, 16:03:50:102] info: Store: SET_FULL_SCREEN
[04/14/18, 16:03:53:620] info: Store: SET_FULL_SCREEN
[04/14/18, 16:06:28:645] info: Store: NEW_NOTIFICATION
{
  "avatarImage": "https://ca.slack-edge.com/T81JU9CQ5-UA64N94JU-g758d0277cef-512",
  "channel": "C80QSNU9E",
  "content": "[REDACTED]",
  "id": "4zqwcJhW903P33V",
  "imageUri": null,
  "launchUri": "slack://channel?id=C80QSNU9E&message=1523696789.000018&team=T81JU9CQ5",
  "msg": "1523696789.000018",
  "silent": true,
  "subtitle": "",
  "teamId": "T81JU9CQ5",
  "title": "[REDACTED]"
}
[04/14/18, 16:06:32:386] info: Store: SET_FULL_SCREEN
[04/14/18, 16:06:37:097] info: Store: SELECT_CHANNEL C80QSNU9E
[04/14/18, 16:07:04:459] info: Store: SET_FULL_SCREEN
[04/14/18, 16:07:15:024] info: Store: NEW_NOTIFICATION
{
  "avatarImage": "https://ca.slack-edge.com/T81JU9CQ5-UA64N94JU-g758d0277cef-512",
  "channel": "C80QSNU9E",
  "content": "[REDACTED]",
  "id": "E02vuliPVny1VBZ",
  "imageUri": null,
  "launchUri": "slack://channel?id=C80QSNU9E&message=1523696835.000047&team=T81JU9CQ5",
  "msg": "1523696835.000047",
  "silent": true,
  "subtitle": "",
  "teamId": "T81JU9CQ5",
  "title": "[REDACTED]"
}
[04/14/18, 16:09:36:143] info: Store: NEW_NOTIFICATION
{
  "avatarImage": "https://ca.slack-edge.com/T81JU9CQ5-UA64N94JU-g758d0277cef-512",
  "channel": "C80QSNU9E",
  "content": "[REDACTED]",
  "id": "DQ2rTjsZKJ84q50",
  "imageUri": null,
  "launchUri": "slack://channel?id=C80QSNU9E&message=1523696976.000064&team=T81JU9CQ5",
  "msg": "1523696976.000064",
  "silent": true,
  "subtitle": "",
  "teamId": "T81JU9CQ5",
  "title": "[REDACTED]"
}
[04/14/18, 16:09:38:562] info: Store: SET_FULL_SCREEN
[04/14/18, 16:11:21:059] info: Store: SELECT_CHANNEL DA7MY9RJS
[04/14/18, 16:11:57:501] info: Store: SELECT_CHANNEL C80QSNU9E
[04/14/18, 16:11:59:734] info: Store: SELECT_CHANNEL DA7MY9RJS
[04/14/18, 16:12:53:784] info: Store: NEW_NOTIFICATION
{
  "avatarImage": "https://ca.slack-edge.com/T81JU9CQ5-UA64N94JU-g758d0277cef-512",
  "channel": "DA7MY9RJS",
  "content": "[REDACTED]",
  "id": "NY2jTMtRqYyOo0y",
  "imageUri": null,
  "launchUri": "slack://channel?id=DA7MY9RJS&message=1523697174.000028&team=T81JU9CQ5",
  "msg": "1523697174.000028",
  "silent": true,
  "subtitle": "",
  "teamId": "T81JU9CQ5",
  "title": "[REDACTED]"
}
[04/14/18, 16:12:58:139] info: Store: SELECT_CHANNEL DA7MY9RJS
[04/14/18, 16:13:22:758] info: Store: SELECT_CHANNEL D8DCRC1DL
[04/14/18, 16:13:23:936] info: Store: SELECT_CHANNEL DA7MY9RJS
[04/14/18, 16:13:35:588] info: Store: SET_FULL_SCREEN
[04/14/18, 16:13:39:771] info: Store: SET_FULL_SCREEN
[04/14/18, 16:13:41:428] info: Store: SET_FULL_SCREEN
[04/14/18, 16:14:41:578] info: Store: SET_FULL_SCREEN
[04/14/18, 16:14:44:732] info: Store: SELECT_CHANNEL DA7MYSLBY
[04/14/18, 16:15:17:033] info: Store: SET_FULL_SCREEN
[04/14/18, 16:15:22:306] info: Store: SET_FULL_SCREEN
[04/14/18, 16:15:23:186] info: Store: SET_FULL_SCREEN
[04/14/18, 16:15:24:181] info: Store: SET_FULL_SCREEN
[04/14/18, 16:15:27:885] info: Store: SELECT_CHANNEL DA7MY9RJS
[04/14/18, 16:15:36:630] info: Store: QUIT_APP
[04/14/18, 16:15:36:693] info: Store: REMOVE_WINDOW 2
[04/14/18, 16:15:36:748] info: Store: QUIT_APP
