[2018-01-30 21:05:27]	 Added art file 'Civ6: cb2f71b7-843e-4af3-9ca7-992acda9c195' to the ArtDefProvider.
[2018-01-30 21:05:27]	 **** IssueAllLoads ****
[2018-01-30 21:05:27]	 Loading Package: C:/Emu/AppAssets/Base/Platforms/Windows/BLPs/UI/UI_Civilopedia.blp
[2018-01-30 21:05:27]	 Loading Package: C:/Emu/AppAssets/Base/Platforms/Windows/BLPs/UI/UI_Controls.blp
[2018-01-30 21:05:27]	 Loading Package: C:/Emu/AppAssets/Base/Platforms/Windows/BLPs/UI/UI_Diplomacy.blp
[2018-01-30 21:05:28]	 Loading Package: C:/Emu/AppAssets/Base/Platforms/Windows/BLPs/UI/UI_EndGame.blp
[2018-01-30 21:05:28]	 Loading Package: C:/Emu/AppAssets/Base/Platforms/Windows/BLPs/UI/UI_Government.blp
[2018-01-30 21:05:28]	 Loading Package: C:/Emu/AppAssets/Base/Platforms/Windows/BLPs/UI/UI_GreatWorksArt.blp
[2018-01-30 21:05:28]	 Loading Package: C:/Emu/AppAssets/Base/Platforms/Windows/BLPs/UI/UI_HalfScreen.blp
[2018-01-30 21:05:28]	 Loading Package: C:/Emu/AppAssets/Base/Platforms/Windows/BLPs/UI/UI_HUD.blp
[2018-01-30 21:05:28]	 Loading Package: C:/Emu/AppAssets/Base/Platforms/Windows/BLPs/UI/UI_Leaders.blp
[2018-01-30 21:05:28]	 Loading Package: C:/Emu/AppAssets/Base/Platforms/Windows/BLPs/UI_LeaderScenes.blp
[2018-01-30 21:05:28]	 Loading Package: C:/Emu/AppAssets/Base/Platforms/Windows/BLPs/UI/UI_Religion.blp
[2018-01-30 21:05:28]	 Loading Package: C:/Emu/AppAssets/Base/Platforms/Windows/BLPs/UI/UI_Screens.blp
[2018-01-30 21:05:28]	 Loading Package: C:/Emu/AppAssets/Base/Platforms/Windows/BLPs/UI/UI_Shell.blp
[2018-01-30 21:05:28]	 Loading Package: C:/Emu/AppAssets/Base/Platforms/Windows/BLPs/UI/UI_Tree.blp
[2018-01-30 21:05:28]	 Loading Package: C:/Emu/AppAssets/Base/Platforms/Windows/BLPs/UI/UI_TreeBG.blp
[2018-01-30 21:05:28]	 Loading Package: C:/Emu/AppAssets/Base/Platforms/Windows/BLPs/UI/UI_Tutorial.blp
[2018-01-30 21:05:28]	 Loading Package: C:/Emu/AppAssets/Base/Platforms/Windows/BLPs/UI/AdvisorTutorial.blp
[2018-01-30 21:05:28]	 Loading Package: C:/Emu/AppAssets/Base/Platforms/Windows/BLPs/UI/Icons.blp
[2018-01-30 21:05:28]	 Loading Package: C:/Emu/AppAssets/Base/Platforms/Windows/BLPs/UI/InWorld.blp
[2018-01-30 21:05:28]	 Loading Package: C:/Emu/AppAssets/Base/Platforms/Windows/BLPs/UI/Shell_Loading.blp
[2018-01-30 21:05:28]	 Loading Package: C:/Emu/AppAssets/Base/Platforms/Windows/BLPs/UI/UITest.blp
[2018-01-30 21:05:28]	 Loading Package: C:/Emu/AppAssets/Base/Platforms/Windows/BLPs/UI/UI_Icons_Overflow.blp
[2018-01-30 21:05:28]	 Loading library UITexture  took 909.87ms
[2018-01-30 21:05:28]	 Consumer 'UI' configured in 30 ms!
[2018-01-30 21:05:28]	 Notified all changed consumer listeners.
[2018-01-30 21:05:39]	 Added art file 'DLC5: 754001af-1b3f-43a5-8138-8fb13e2bf173' to the ArtDefProvider.
[2018-01-30 21:05:39]	 Unable to resolve Package '.blp' from Project 'DLC5'
[2018-01-30 21:05:39]	 Added art file 'DLC6: 4fd22d21-5ec7-4ce9-aca6-8d8b623e5a82' to the ArtDefProvider.
[2018-01-30 21:05:39]	 Added art file 'DLC4: d5642886-43d5-4ce9-9465-3a47b5c70096' to the ArtDefProvider.
[2018-01-30 21:05:39]	 Added art file 'DLC3: 9872e05b-8772-4e1f-a001-54b69e8d3648' to the ArtDefProvider.
[2018-01-30 21:05:39]	 Added art file 'AustraliaScenario: d3b7f0a7-f6e8-4045-9f0c-313ea273475e' to the ArtDefProvider.
[2018-01-30 21:05:39]	 Added art file 'VikingsLandmarks: 9b820c07-a45c-4963-9854-65e1d7545c10' to the ArtDefProvider.
[2018-01-30 21:05:39]	 Added art file 'DLC2: 3809975F-263F-40A2-A747-8BFB171D821A' to the ArtDefProvider.
[2018-01-30 21:05:39]	 Added art file 'VikingScenario: AAC38552-7662-47C6-9C3B-9A18977300A9' to the ArtDefProvider.
[2018-01-30 21:05:39]	 **** IssueAllLoads ****
[2018-01-30 21:05:39]	 Consumer 'UI' has been marked because one of the libraries that it depends on has changed.
[2018-01-30 21:05:39]	 Skipped Loading Package: C:/Emu/AppAssets/Base/Platforms/Windows/BLPs/UI/UI_Civilopedia.blp (already loaded)
[2018-01-30 21:05:39]	 Skipped Loading Package: C:/Emu/AppAssets/Base/Platforms/Windows/BLPs/UI/UI_Controls.blp (already loaded)
[2018-01-30 21:05:39]	 Skipped Loading Package: C:/Emu/AppAssets/Base/Platforms/Windows/BLPs/UI/UI_Diplomacy.blp (already loaded)
[2018-01-30 21:05:39]	 Skipped Loading Package: C:/Emu/AppAssets/Base/Platforms/Windows/BLPs/UI/UI_EndGame.blp (already loaded)
[2018-01-30 21:05:39]	 Skipped Loading Package: C:/Emu/AppAssets/Base/Platforms/Windows/BLPs/UI/UI_Government.blp (already loaded)
[2018-01-30 21:05:39]	 Skipped Loading Package: C:/Emu/AppAssets/Base/Platforms/Windows/BLPs/UI/UI_GreatWorksArt.blp (already loaded)
[2018-01-30 21:05:39]	 Skipped Loading Package: C:/Emu/AppAssets/Base/Platforms/Windows/BLPs/UI/UI_HalfScreen.blp (already loaded)
[2018-01-30 21:05:39]	 Skipped Loading Package: C:/Emu/AppAssets/Base/Platforms/Windows/BLPs/UI/UI_HUD.blp (already loaded)
[2018-01-30 21:05:39]	 Skipped Loading Package: C:/Emu/AppAssets/Base/Platforms/Windows/BLPs/UI/UI_Leaders.blp (already loaded)
[2018-01-30 21:05:39]	 Skipped Loading Package: C:/Emu/AppAssets/Base/Platforms/Windows/BLPs/UI_LeaderScenes.blp (already loaded)
[2018-01-30 21:05:39]	 Skipped Loading Package: C:/Emu/AppAssets/Base/Platforms/Windows/BLPs/UI/UI_Religion.blp (already loaded)
[2018-01-30 21:05:39]	 Skipped Loading Package: C:/Emu/AppAssets/Base/Platforms/Windows/BLPs/UI/UI_Screens.blp (already loaded)
[2018-01-30 21:05:39]	 Skipped Loading Package: C:/Emu/AppAssets/Base/Platforms/Windows/BLPs/UI/UI_Shell.blp (already loaded)
[2018-01-30 21:05:39]	 Skipped Loading Package: C:/Emu/AppAssets/Base/Platforms/Windows/BLPs/UI/UI_Tree.blp (already loaded)
[2018-01-30 21:05:39]	 Skipped Loading Package: C:/Emu/AppAssets/Base/Platforms/Windows/BLPs/UI/UI_TreeBG.blp (already loaded)
[2018-01-30 21:05:39]	 Skipped Loading Package: C:/Emu/AppAssets/Base/Platforms/Windows/BLPs/UI/UI_Tutorial.blp (already loaded)
[2018-01-30 21:05:39]	 Skipped Loading Package: C:/Emu/AppAssets/Base/Platforms/Windows/BLPs/UI/AdvisorTutorial.blp (already loaded)
[2018-01-30 21:05:39]	 Skipped Loading Package: C:/Emu/AppAssets/Base/Platforms/Windows/BLPs/UI/Icons.blp (already loaded)
[2018-01-30 21:05:39]	 Skipped Loading Package: C:/Emu/AppAssets/Base/Platforms/Windows/BLPs/UI/InWorld.blp (already loaded)
[2018-01-30 21:05:39]	 Skipped Loading Package: C:/Emu/AppAssets/Base/Platforms/Windows/BLPs/UI/Shell_Loading.blp (already loaded)
[2018-01-30 21:05:39]	 Skipped Loading Package: C:/Emu/AppAssets/Base/Platforms/Windows/BLPs/UI/UITest.blp (already loaded)
[2018-01-30 21:05:39]	 Skipped Loading Package: C:/Emu/AppAssets/Base/Platforms/Windows/BLPs/UI/UI_Icons_Overflow.blp (already loaded)
[2018-01-30 21:05:39]	 Loading Package: ../../../DLC/nubia_amanitore/Platforms/Windows/BLPs/UI/UI_Leaders.blp
[2018-01-30 21:05:39]	 Loading Package: ../../../DLC/nubia_amanitore/Platforms/Windows/BLPs/UI_LeaderScenes.blp
[2018-01-30 21:05:39]	 Loading Package: ../../../DLC/nubia_amanitore/Platforms/Windows/BLPs/UI/Icons.blp
[2018-01-30 21:05:39]	 Loading Package: ../../../DLC/nubia_amanitore/Platforms/Windows/BLPs/UI/Shell_Loading.blp
[2018-01-30 21:05:39]	 Loading Package: ../../../DLC/indonesia_khmer/Platforms/Windows/BLPs/UI/UI_Leaders.blp
[2018-01-30 21:05:39]	 Loading Package: ../../../DLC/indonesia_khmer/Platforms/Windows/BLPs/UI_LeaderScenes.blp
[2018-01-30 21:05:40]	 Loading Package: ../../../DLC/indonesia_khmer/Platforms/Windows/BLPs/UI/Icons.blp
[2018-01-30 21:05:40]	 Loading Package: ../../../DLC/indonesia_khmer/Platforms/Windows/BLPs/UI/Shell_Loading.blp
[2018-01-30 21:05:40]	 Loading Package: ../../../DLC/macedonia_persia/Platforms/Windows/BLPs/UI_LeaderScenes.blp
[2018-01-30 21:05:40]	 Loading Package: ../../../DLC/macedonia_persia/Platforms/Windows/BLPs/UI/UI_Shell.blp
[2018-01-30 21:05:40]	 Loading Package: ../../../DLC/macedonia_persia/Platforms/Windows/BLPs/UI/Icons.blp
[2018-01-30 21:05:40]	 Loading Package: ../../../DLC/macedonia_persia/Platforms/Windows/BLPs/UI/Shell_Loading.blp
[2018-01-30 21:05:40]	 Loading Package: ../../../DLC/macedonia_persia/Platforms/Windows/BLPs/UI/UILeaders.blp
[2018-01-30 21:05:40]	 Loading Package: ../../../DLC/australia/Platforms/Windows/BLPs/UI/UI_Government.blp
[2018-01-30 21:05:40]	 Loading Package: ../../../DLC/australia/Platforms/Windows/BLPs/UI/UI_Leaders.blp
[2018-01-30 21:05:40]	 Loading Package: ../../../DLC/australia/Platforms/Windows/BLPs/UI_LeaderScenes.blp
[2018-01-30 21:05:40]	 Loading Package: ../../../DLC/australia/Platforms/Windows/BLPs/UI/Icons.blp
[2018-01-30 21:05:40]	 Loading Package: ../../../DLC/australia/Platforms/Windows/BLPs/UI/Shell_Loading.blp
[2018-01-30 21:05:40]	 Loading Package: ../../../DLC/australiascenario/Platforms/Windows/BLPs/UI/UI_Leaders.blp
[2018-01-30 21:05:40]	 Loading Package: ../../../DLC/australiascenario/Platforms/Windows/BLPs/UI_LeaderScenes.blp
[2018-01-30 21:05:40]	 Loading Package: ../../../DLC/australiascenario/Platforms/Windows/BLPs/UI/UI_Shell.blp
[2018-01-30 21:05:40]	 Loading Package: ../../../DLC/australiascenario/Platforms/Windows/BLPs/UI/Icons.blp
[2018-01-30 21:05:40]	 Loading Package: ../../../DLC/australiascenario/Platforms/Windows/BLPs/UI/Shell_Loading.blp
[2018-01-30 21:05:40]	 Loading Package: ../../../DLC/vikingslandmarks/Platforms/Windows/BLPs/UI/Icons.blp
[2018-01-30 21:05:40]	 Loading Package: ../../../DLC/poland_jadwiga/Platforms/Windows/BLPs/UI/UI_Leaders.blp
[2018-01-30 21:05:40]	 Loading Package: ../../../DLC/poland_jadwiga/Platforms/Windows/BLPs/UI_LeaderScenes.blp
[2018-01-30 21:05:40]	 Loading Package: ../../../DLC/poland_jadwiga/Platforms/Windows/BLPs/UI/Icons.blp
[2018-01-30 21:05:40]	 Loading Package: ../../../DLC/poland_jadwiga/Platforms/Windows/BLPs/UI/Shell_Loading.blp
[2018-01-30 21:05:40]	 Loading Package: ../../../DLC/vikingsscenario/Platforms/Windows/BLPs/UI/UI_Leaders.blp
[2018-01-30 21:05:40]	 Loading Package: ../../../DLC/vikingsscenario/Platforms/Windows/BLPs/UI_LeaderScenes.blp
[2018-01-30 21:05:40]	 Loading Package: ../../../DLC/vikingsscenario/Platforms/Windows/BLPs/UI/UI_Shell.blp
[2018-01-30 21:05:40]	 Loading Package: ../../../DLC/vikingsscenario/Platforms/Windows/BLPs/UI/Icons.blp
[2018-01-30 21:05:41]	 Loading Package: ../../../DLC/vikingsscenario/Platforms/Windows/BLPs/UI/Shell_Loading.blp
[2018-01-30 21:05:41]	 Loading library UITexture  took 1509.03ms
[2018-01-30 21:05:41]	 Consumer 'UI' configured in 0 ms!
[2018-01-30 21:05:41]	 Notified all changed consumer listeners.
[2018-01-30 21:05:45]	 **** IssueAllLoads ****
[2018-01-30 21:05:45]	 Loading Package: C:/Emu/AppAssets/Base/Platforms/Windows/BLPs/LeaderFallbackImages.blp
[2018-01-30 21:05:45]	 Loading Package: ../../../DLC/nubia_amanitore/Platforms/Windows/BLPs/LeaderFallbackImages.blp
[2018-01-30 21:05:45]	 Loading Package: ../../../DLC/indonesia_khmer/Platforms/Windows/BLPs/LeaderFallbackImages.blp
[2018-01-30 21:05:45]	 Loading Package: ../../../DLC/macedonia_persia/Platforms/Windows/BLPs/LeaderFallbackImages.blp
[2018-01-30 21:05:45]	 Loading Package: ../../../DLC/australia/Platforms/Windows/BLPs/LeaderFallbackImages.blp
[2018-01-30 21:05:46]	 Loading Package: ../../../DLC/australiascenario/Platforms/Windows/BLPs/LeaderFallbackImages.blp
[2018-01-30 21:05:46]	 Loading Package: ../../../DLC/poland_jadwiga/Platforms/Windows/BLPs/LeaderFallbackImages.blp
[2018-01-30 21:05:46]	 Loading Package: ../../../DLC/vikingsscenario/Platforms/Windows/BLPs/LeaderFallbackImages.blp
[2018-01-30 21:05:46]	 Loading library LeaderFallback  took 550.67ms
[2018-01-30 21:05:46]	 Consumer 'LeaderFallback' configured in 184 ms!
[2018-01-30 21:05:46]	 Consumer 'Lenses' configured in 47 ms!
[2018-01-30 21:05:48]	 Consumer 'Audio' configured in 2178 ms!
[2018-01-30 21:05:48]	 Loading Package: C:/Emu/AppAssets/Base/Platforms/Windows/BLPs/FOWSprites.blp
[2018-01-30 21:05:48]	 Loading Package: C:/Emu/AppAssets/Base/Platforms/Windows/BLPs/FOWTextures.blp
[2018-01-30 21:05:48]	 Loading library FOWSprite FOWTexture  took 103.43ms
[2018-01-30 21:05:48]	 Loading Package: C:/Emu/AppAssets/Base/Platforms/Windows/BLPs/landmarks/Walls.blp
[2018-01-30 21:05:48]	 Loading Package: ../../../DLC/australia/Platforms/Windows/BLPs/landmarks/Walls.blp
[2018-01-30 21:05:50]	 Loading library DynamicGeometry  took 1569.64ms
[2018-01-30 21:05:50]	 Loading Package: C:/Emu/AppAssets/Base/Platforms/Windows/BLPs/Wave.blp
[2018-01-30 21:05:50]	 Loading library Wave  took 128.23ms
[2018-01-30 21:05:50]	 Loading Package: C:/Emu/AppAssets/Base/Platforms/Windows/BLPs/SkyBox.blp
[2018-01-30 21:05:50]	 Loading library SkyBoxTexture  took 30.55ms
[2018-01-30 21:05:50]	 Loading Package: C:/Emu/AppAssets/Base/Platforms/Windows/BLPs/Water.blp
[2018-01-30 21:05:50]	 Loading library Water  took 51.78ms
[2018-01-30 21:05:50]	 Loading Package: C:/Emu/AppAssets/Base/Platforms/Windows/BLPs/lighting/default_lighting.blp
[2018-01-30 21:05:50]	 Loading library GameLighting  took 42.92ms
[2018-01-30 21:05:50]	 Loading Package: C:/Emu/AppAssets/Base/Platforms/Windows/BLPs/WonderMovie.blp
[2018-01-30 21:05:50]	 Loading Package: ../../../DLC/nubia_amanitore/Platforms/Windows/BLPs/WonderMovie.blp
[2018-01-30 21:05:50]	 Loading Package: ../../../DLC/indonesia_khmer/Platforms/Windows/BLPs/WonderMovie.blp
[2018-01-30 21:05:50]	 Loading Package: ../../../DLC/macedonia_persia/Platforms/Windows/BLPs/WonderMovie.blp
[2018-01-30 21:06:06]	 Loading library WonderMovie  took 16160.10ms
[2018-01-30 21:06:06]	 Loading Package: C:/Emu/AppAssets/Base/Platforms/Windows/BLPs/route_decal_materials.blp
[2018-01-30 21:06:07]	 Loading library RouteDecalMaterial  took 222.34ms
[2018-01-30 21:06:07]	 Loading Package: C:/Emu/AppAssets/Base/Platforms/Windows/BLPs/landmarks/city_buildings.blp
[2018-01-30 21:06:07]	 Loading Package: C:/Emu/AppAssets/Base/Platforms/Windows/BLPs/landmarks/hero_buildings.blp
[2018-01-30 21:06:07]	 Loading Package: C:/Emu/AppAssets/Base/Platforms/Windows/BLPs/landmarks/tilebases.blp
[2018-01-30 21:06:07]	 Loading Package: C:/Emu/AppAssets/Base/Platforms/Windows/BLPs/NaturalWonderAttachments.blp
[2018-01-30 21:06:07]	 Loading Package: ../../../DLC/nubia_amanitore/Platforms/Windows/BLPs/landmarks/tilebases.blp
[2018-01-30 21:06:07]	 Loading Package: ../../../DLC/nubia_amanitore/Platforms/Windows/BLPs/IMP_Nubian_Pyramids.blp
[2018-01-30 21:06:07]	 Loading Package: ../../../DLC/indonesia_khmer/Platforms/Windows/BLPs/landmarks/hero_buildings.blp
[2018-01-30 21:06:07]	 Loading Package: ../../../DLC/indonesia_khmer/Platforms/Windows/BLPs/landmarks/tilebases.blp
[2018-01-30 21:06:07]	 Loading Package: ../../../DLC/indonesia_khmer/Platforms/Windows/BLPs/IMP_Khmer_StiltHouse.blp
[2018-01-30 21:06:07]	 Loading Package: ../../../DLC/macedonia_persia/Platforms/Windows/BLPs/landmarks/hero_buildings.blp
[2018-01-30 21:06:07]	 Loading Package: ../../../DLC/macedonia_persia/Platforms/Windows/BLPs/landmarks/tilebases.blp
[2018-01-30 21:06:07]	 Loading Package: ../../../DLC/macedonia_persia/Platforms/Windows/BLPs/IMP_Pairidaeza.blp
[2018-01-30 21:06:07]	 Loading Package: ../../../DLC/australia/Platforms/Windows/BLPs/landmarks/tilebases.blp
[2018-01-30 21:06:07]	 Loading Package: ../../../DLC/australia/Platforms/Windows/BLPs/NaturalWonderAttachments.blp
[2018-01-30 21:06:07]	 Loading Package: ../../../DLC/australia/Platforms/Windows/BLPs/IMP_Outback_Station.blp
[2018-01-30 21:06:07]	 Loading Package: ../../../DLC/vikingslandmarks/Platforms/Windows/BLPs/landmarks/tilebases.blp
[2018-01-30 21:06:07]	 Loading Package: ../../../DLC/vikingslandmarks/Platforms/Windows/BLPs/IMP_Alcazar.blp
[2018-01-30 21:06:07]	 Loading Package: ../../../DLC/vikingslandmarks/Platforms/Windows/BLPs/IMP_Monastery.blp
[2018-01-30 21:06:07]	 Loading Package: ../../../DLC/poland_jadwiga/Platforms/Windows/BLPs/landmarks/city_buildings.blp
[2018-01-30 21:06:07]	 Loading Package: ../../../DLC/poland_jadwiga/Platforms/Windows/BLPs/landmarks/hero_buildings.blp
[2018-01-30 21:06:07]	 Loading Package: ../../../DLC/poland_jadwiga/Platforms/Windows/BLPs/landmarks/tilebases.blp
[2018-01-30 21:06:07]	 Loading Package: ../../../DLC/vikingsscenario/Platforms/Windows/BLPs/NaturalWonderAttachments.blp
[2018-01-30 21:06:07]	 Loading Package: ../../../DLC/vikingsscenario/Platforms/Windows/BLPs/VIL_Tribal_Thatch.blp
[2018-01-30 21:06:36]	 Loading library CityBuildings TileBase  took 29124.83ms
[2018-01-30 21:06:36]	 Loading Package: C:/Emu/AppAssets/Base/Platforms/Windows/BLPs/environment/clutter.blp
[2018-01-30 21:06:36]	 Loading Package: ../../../DLC/vikingslandmarks/Platforms/Windows/BLPs/environment/clutter.blp
[2018-01-30 21:06:38]	 Loading library Landmark  took 2743.98ms
[2018-01-30 21:06:38]	 Loading Package: C:/Emu/AppAssets/Base/Platforms/Windows/BLPs/VFX.blp
[2018-01-30 21:06:38]	 Loading Package: C:/Emu/AppAssets/Base/Platforms/Windows/BLPs/VFX_A.blp
[2018-01-30 21:06:38]	 Loading Package: C:/Emu/AppAssets/Base/Platforms/Windows/BLPs/VFX_B.blp
[2018-01-30 21:06:38]	 Loading Package: C:/Emu/AppAssets/Base/Platforms/Windows/BLPs/VFX_C.blp
[2018-01-30 21:06:38]	 Loading Package: ../../../DLC/nubia_amanitore/Platforms/Windows/BLPs/VFX.blp
[2018-01-30 21:06:38]	 Loading Package: ../../../DLC/indonesia_khmer/Platforms/Windows/BLPs/VFX.blp
[2018-01-30 21:06:38]	 Loading Package: ../../../DLC/macedonia_persia/Platforms/Windows/BLPs/VFX.blp
[2018-01-30 21:06:38]	 Loading Package: ../../../DLC/australia/Platforms/Windows/BLPs/VFX.blp
[2018-01-30 21:06:38]	 Loading Package: ../../../DLC/vikingslandmarks/Platforms/Windows/BLPs/VFX.blp
[2018-01-30 21:06:38]	 Loading Package: ../../../DLC/poland_jadwiga/Platforms/Windows/BLPs/VFX.blp
[2018-01-30 21:06:38]	 Loading Package: ../../../DLC/vikingsscenario/Platforms/Windows/BLPs/VFX.blp
[2018-01-30 21:06:44]	 Loading library VFX  took 6116.41ms
[2018-01-30 21:06:44]	 Loading Package: C:/Emu/AppAssets/Base/Platforms/Windows/BLPs/Light.blp
[2018-01-30 21:06:44]	 Loading library Light  took 22.31ms
[2018-01-30 21:06:44]	 Loading Package: C:/Emu/AppAssets/Base/Platforms/Windows/BLPs/units/units.blp
[2018-01-30 21:06:44]	 Loading Package: ../../../DLC/nubia_amanitore/Platforms/Windows/BLPs/units/units.blp
[2018-01-30 21:06:44]	 Loading Package: ../../../DLC/indonesia_khmer/Platforms/Windows/BLPs/units/units.blp
[2018-01-30 21:06:44]	 Loading Package: ../../../DLC/macedonia_persia/Platforms/Windows/BLPs/units/units.blp
[2018-01-30 21:06:44]	 Loading Package: ../../../DLC/australia/Platforms/Windows/BLPs/units/units.blp
[2018-01-30 21:06:45]	 Loading Package: ../../../DLC/poland_jadwiga/Platforms/Windows/BLPs/units/units.blp
[2018-01-30 21:06:45]	 Loading Package: ../../../DLC/vikingsscenario/Platforms/Windows/BLPs/units/units.blp
[2018-01-30 21:07:21]	 Loading library Unit  took 36344.24ms
[2018-01-30 21:07:21]	 Loading Package: C:/Emu/AppAssets/Base/Platforms/Windows/BLPs/Overlay.blp
[2018-01-30 21:07:21]	 Loading library OverlayTexture  took 410.54ms
[2018-01-30 21:07:21]	 Loading Package: C:/Emu/AppAssets/Base/Platforms/Windows/BLPs/UILensAssets.blp
[2018-01-30 21:07:23]	 Loading library UILensAsset  took 1873.05ms
[2018-01-30 21:07:23]	 Loading Package: C:/Emu/AppAssets/Base/Platforms/Windows/BLPs/strategicview/strategicview_terraintypes.blp
[2018-01-30 21:07:23]	 Loading library StrategicView_TerrainType  took 189.17ms
[2018-01-30 21:07:23]	 Loading Package: C:/Emu/AppAssets/Base/Platforms/Windows/BLPs/strategicview/strategicview_terrainblendcorners.blp
[2018-01-30 21:07:23]	 Loading library StrategicView_TerrainBlendCorners  took 37.19ms
[2018-01-30 21:07:23]	 Loading Package: C:/Emu/AppAssets/Base/Platforms/Windows/BLPs/strategicview/strategicview_directedassets.blp
[2018-01-30 21:07:23]	 Loading library StrategicView_DirectedAsset  took 196.01ms
[2018-01-30 21:07:23]	 Loading Package: C:/Emu/AppAssets/Base/Platforms/Windows/BLPs/route_doodads.blp
[2018-01-30 21:07:24]	 Loading library RouteDoodad  took 165.68ms
[2018-01-30 21:07:24]	 Loading Package: C:/Emu/AppAssets/Base/Platforms/Windows/BLPs/strategicview/strategicview_routes.blp
[2018-01-30 21:07:24]	 Loading library StrategicView_Route  took 150.24ms
[2018-01-30 21:07:24]	 Loading Package: C:/Emu/AppAssets/Base/Platforms/Windows/BLPs/strategicview/strategicview_buildings.blp
[2018-01-30 21:07:24]	 Loading Package: C:/Emu/AppAssets/Base/Platforms/Windows/BLPs/strategicview/strategicview_cities.blp
[2018-01-30 21:07:24]	 Loading Package: C:/Emu/AppAssets/Base/Platforms/Windows/BLPs/strategicview/strategicview_districts.blp
[2018-01-30 21:07:24]	 Loading Package: C:/Emu/AppAssets/Base/Platforms/Windows/BLPs/strategicview/strategicview_effects.blp
[2018-01-30 21:07:24]	 Loading Package: C:/Emu/AppAssets/Base/Platforms/Windows/BLPs/strategicview/strategicview_parks.blp
[2018-01-30 21:07:24]	 Loading Package: C:/Emu/AppAssets/Base/Platforms/Windows/BLPs/strategicview/strategicview_features.blp
[2018-01-30 21:07:24]	 Loading Package: C:/Emu/AppAssets/Base/Platforms/Windows/BLPs/strategicview/strategicview_improvements.blp
[2018-01-30 21:07:24]	 Loading Package: C:/Emu/AppAssets/Base/Platforms/Windows/BLPs/strategicview/strategicview_terrainsprites.blp
[2018-01-30 21:07:24]	 Loading Package: C:/Emu/AppAssets/Base/Platforms/Windows/BLPs/strategicview/strategicview_uilenses.blp
[2018-01-30 21:07:24]	 Loading Package: ../../../DLC/nubia_amanitore/Platforms/Windows/BLPs/strategicview/strategicview_buildings.blp
[2018-01-30 21:07:24]	 Loading Package: ../../../DLC/nubia_amanitore/Platforms/Windows/BLPs/strategicview/strategicview_improvements.blp
[2018-01-30 21:07:24]	 Loading Package: ../../../DLC/indonesia_khmer/Platforms/Windows/BLPs/strategicview/strategicview_buildings.blp
[2018-01-30 21:07:24]	 Loading Package: ../../../DLC/indonesia_khmer/Platforms/Windows/BLPs/strategicview/strategicview_features.blp
[2018-01-30 21:07:24]	 Loading Package: ../../../DLC/indonesia_khmer/Platforms/Windows/BLPs/strategicview/strategicview_improvements.blp
[2018-01-30 21:07:24]	 Loading Package: ../../../DLC/macedonia_persia/Platforms/Windows/BLPs/strategicview/strategicview_buildings.blp
[2018-01-30 21:07:24]	 Loading Package: ../../../DLC/macedonia_persia/Platforms/Windows/BLPs/strategicview/strategicview_improvements.blp
[2018-01-30 21:07:24]	 Loading Package: ../../../DLC/australia/Platforms/Windows/BLPs/strategicview/strategicview_features.blp
[2018-01-30 21:07:24]	 Loading Package: ../../../DLC/australia/Platforms/Windows/BLPs/strategicview/strategicview_improvements.blp
[2018-01-30 21:07:24]	 Loading Package: ../../../DLC/vikingslandmarks/Platforms/Windows/BLPs/strategicview/strategicview_features.blp
[2018-01-30 21:07:24]	 Loading Package: ../../../DLC/vikingslandmarks/Platforms/Windows/BLPs/strategicview/strategicview_improvements.blp
[2018-01-30 21:07:24]	 Loading Package: ../../../DLC/poland_jadwiga/Platforms/Windows/BLPs/strategicview/strategicview_buildings.blp
[2018-01-30 21:07:27]	 Loading library StrategicView_Sprite  took 3085.83ms
[2018-01-30 21:07:27]	 Loading Package: C:/Emu/AppAssets/Base/Platforms/Windows/BLPs/CameraAnimation.blp
[2018-01-30 21:07:27]	 Loading library CameraAnimation  took 18.62ms
[2018-01-30 21:07:27]	 Loading Package: C:/Emu/AppAssets/Base/Platforms/Windows/BLPs/ColorKeys.blp
[2018-01-30 21:07:27]	 Loading library ColorKey  took 156.89ms
[2018-01-30 21:07:27]	 Loading Package: C:/Emu/AppAssets/Base/Platforms/Windows/BLPs/strategicview/strategicview_terrainblends.blp
[2018-01-30 21:07:27]	 Loading library StrategicView_TerrainBlend  took 382.14ms
[2018-01-30 21:07:27]	 Loading Package: C:/Emu/AppAssets/Base/Platforms/Windows/BLPs/terrain/TerrainMaterialSet_Base.blp
[2018-01-30 21:07:27]	 Loading Package: C:/Emu/AppAssets/Base/Platforms/Windows/BLPs/terrain/TerrainAssetSet_Base.blp
[2018-01-30 21:07:27]	 Loading Package: C:/Emu/AppAssets/Base/Platforms/Windows/BLPs/terrain/TerrainElementSet_Base.blp
[2018-01-30 21:07:27]	 Loading Package: ../../../DLC/indonesia_khmer/Platforms/Windows/BLPs/terrain/TerrainAssetSet_Base.blp
[2018-01-30 21:07:27]	 Loading Package: ../../../DLC/macedonia_persia/Platforms/Windows/BLPs/terrain/TerrainMaterialSet_Base.blp
[2018-01-30 21:07:28]	 Loading Package: ../../../DLC/macedonia_persia/Platforms/Windows/BLPs/terrain/TerrainAssetSet_Base.blp
[2018-01-30 21:07:28]	 Loading Package: ../../../DLC/macedonia_persia/Platforms/Windows/BLPs/terrain/TerrainElementSet_Base.blp
[2018-01-30 21:07:28]	 Loading Package: ../../../DLC/australia/Platforms/Windows/BLPs/terrain/TerrainMaterialSet_Base.blp
[2018-01-30 21:07:28]	 Loading Package: ../../../DLC/australia/Platforms/Windows/BLPs/terrain/TerrainAssetSet_Base.blp
[2018-01-30 21:07:28]	 Loading Package: ../../../DLC/australia/Platforms/Windows/BLPs/terrain/TerrainElementSet_Base.blp
[2018-01-30 21:07:28]	 Loading Package: ../../../DLC/vikingslandmarks/Platforms/Windows/BLPs/terrain/TerrainMaterialSet_Base.blp
[2018-01-30 21:07:28]	 Loading Package: ../../../DLC/vikingslandmarks/Platforms/Windows/BLPs/terrain/TerrainAssetSet_Base.blp
[2018-01-30 21:07:28]	 Loading Package: ../../../DLC/vikingslandmarks/Platforms/Windows/BLPs/terrain/TerrainElementSet_Base.blp
[2018-01-30 21:07:29]	 Loading library TerrainMaterial TerrainAsset TerrainElement  took 1477.29ms
[2018-01-30 21:07:29]	 Consumer 'ColorKeys' configured in 243 ms!
[2018-01-30 21:07:29]	 Consumer 'StrategicView_Properties' configured in 75 ms!
[2018-01-30 21:07:29]	 Consumer 'StrategicView_Sprite' configured in 61 ms!
[2018-01-30 21:07:29]	 Consumer 'StrategicView_Route' configured in 63 ms!
[2018-01-30 21:07:29]	 Consumer 'StrategicView_TerrainType' configured in 59 ms!
[2018-01-30 21:07:29]	 Consumer 'StrategicView_TerrainBlendCorners' configured in 60 ms!
[2018-01-30 21:07:29]	 Consumer 'StrategicView_TerrainBlend' configured in 59 ms!
[2018-01-30 21:07:30]	 Consumer 'StrategicView_Translate' configured in 129 ms!
[2018-01-30 21:07:30]	 Consumer 'Overlay' configured in 48 ms!
[2018-01-30 21:07:30]	 Consumer 'Minimap' configured in 17 ms!
[2018-01-30 21:07:30]	 Consumer 'Cultures' configured in 2 ms!
[2018-01-30 21:07:30]	 Consumer 'UnitSimulation' configured in 75 ms!
[2018-01-30 21:07:30]	 Consumer 'Units' configured in 636 ms!
[2018-01-30 21:07:31]	 Consumer 'Units' configured in 361 ms!
[2018-01-30 21:07:31]	 Consumer 'Clutter' configured in 16 ms!
[2018-01-30 21:07:31]	 Consumer 'Landmarks' configured in 142 ms!
[2018-01-30 21:07:31]	 Consumer 'Farms' configured in 224 ms!
[2018-01-30 21:07:31]	 Consumer 'WonderMovie' configured in 140 ms!
[2018-01-30 21:07:32]	 Consumer 'Terrain' configured in 222 ms!
[2018-01-30 21:07:32]	 Consumer 'Water' configured in 21 ms!
[2018-01-30 21:07:32]	 Consumer 'Wave' configured in 147 ms!
[2018-01-30 21:07:32]	 Consumer 'GameLighting' configured in 31 ms!
[2018-01-30 21:07:32]	 Consumer 'Overlay' configured in 25 ms!
[2018-01-30 21:07:32]	 Consumer 'UILensAsset' configured in 9 ms!
[2018-01-30 21:07:32]	 Consumer 'VFX' configured in 90 ms!
[2018-01-30 21:07:32]	 Consumer 'WorldViewRoutes' configured in 25 ms!
[2018-01-30 21:07:32]	 Consumer 'DynamicGeometry' configured in 1 ms!
[2018-01-30 21:07:32]	 Consumer 'RangeArrows' configured in 5 ms!
[2018-01-30 21:07:32]	 Consumer 'AOSystem' configured in 0 ms!
[2018-01-30 21:07:32]	 Consumer 'GenericObject' configured in 0 ms!
[2018-01-30 21:07:32]	 Consumer 'UIPreview' configured in 0 ms!
[2018-01-30 21:07:32]	 Consumer 'Camera' configured in 11 ms!
[2018-01-30 21:07:32]	 Consumer 'FOW' configured in 9 ms!
[2018-01-30 21:07:33]	 Consumer 'FOW' configured in 844 ms!
[2018-01-30 21:07:33]	 Consumer 'SkyBox' configured in 134 ms!
[2018-01-30 21:07:33]	 Notified all changed consumer listeners.
[2018-01-30 21:07:33]	 Time spent loading libraries: 103772.94 ms.  Time spent configuring consumers: 3984 ms.
[2018-01-30 21:07:33]	 Time spent loading : 107828 ms.  Time saved: -72 ms.
[2018-01-30 21:07:33]	 Little data footprint: 45.49MB
[2018-01-30 21:08:13]	 Removed art file 'DLC5: 754001af-1b3f-43a5-8138-8fb13e2bf173' from the ArtDefProvider.
[2018-01-30 21:08:13]	 Removed art file 'DLC6: 4fd22d21-5ec7-4ce9-aca6-8d8b623e5a82' from the ArtDefProvider.
[2018-01-30 21:08:13]	 Removed art file 'DLC4: d5642886-43d5-4ce9-9465-3a47b5c70096' from the ArtDefProvider.
[2018-01-30 21:08:13]	 Removed art file 'AustraliaScenario: d3b7f0a7-f6e8-4045-9f0c-313ea273475e' from the ArtDefProvider.
[2018-01-30 21:08:13]	 Removed art file 'DLC2: 3809975F-263F-40A2-A747-8BFB171D821A' from the ArtDefProvider.
[2018-01-30 21:08:13]	 Removed art file 'VikingScenario: AAC38552-7662-47C6-9C3B-9A18977300A9' from the ArtDefProvider.
[2018-01-30 21:08:13]	 Consumer 'UI' has been marked because one of the libraries that it depends on has changed.
[2018-01-30 21:08:13]	 Library 'UITexture' has been marked for a full reload due to one or more BLP changes.
[2018-01-30 21:08:13]	 Consumer 'LeaderFallback' has been marked because one of the libraries that it depends on has changed.
[2018-01-30 21:08:13]	 Library 'LeaderFallback' has been marked for a full reload due to one or more BLP changes.
[2018-01-30 21:08:13]	 Consumer 'Terrain' has been marked because one of the libraries that it depends on has changed.
[2018-01-30 21:08:13]	 Consumer 'Terrain' has been marked because one of the libraries that it depends on has changed.
[2018-01-30 21:08:13]	 Consumer 'Terrain' has been marked because one of the libraries that it depends on has changed.
[2018-01-30 21:08:13]	 Library 'TerrainMaterial' has been marked for a full reload due to one or more BLP changes.
[2018-01-30 21:08:13]	 Library 'TerrainAsset' has been marked for a full reload due to one or more BLP changes.
[2018-01-30 21:08:13]	 Library 'TerrainElement' has been marked for a full reload due to one or more BLP changes.
[2018-01-30 21:08:13]	 Consumer 'StrategicView_Sprite' has been marked because one of the libraries that it depends on has changed.
[2018-01-30 21:08:13]	 Library 'StrategicView_Sprite' has been marked for a full reload due to one or more BLP changes.
[2018-01-30 21:08:13]	 Consumer 'Units' has been marked because one of the libraries that it depends on has changed.
[2018-01-30 21:08:13]	 Consumer 'Units' has been marked because one of the libraries that it depends on has changed.
[2018-01-30 21:08:13]	 Library 'Unit' has been marked for a full reload due to one or more BLP changes.
[2018-01-30 21:08:13]	 Consumer 'Units' has been marked because one of the libraries that it depends on has changed.
[2018-01-30 21:08:13]	 Consumer 'Units' has been marked because one of the libraries that it depends on has changed.
[2018-01-30 21:08:13]	 Consumer 'VFX' has been marked because one of the libraries that it depends on has changed.
[2018-01-30 21:08:13]	 Library 'VFX' has been marked for a full reload due to one or more BLP changes.
[2018-01-30 21:08:13]	 Consumer 'Landmarks' has been marked because one of the libraries that it depends on has changed.
[2018-01-30 21:08:13]	 Consumer 'Farms' has been marked because one of the libraries that it depends on has changed.
[2018-01-30 21:08:13]	 Consumer 'Landmarks' has been marked because one of the libraries that it depends on has changed.
[2018-01-30 21:08:13]	 Consumer 'Farms' has been marked because one of the libraries that it depends on has changed.
[2018-01-30 21:08:13]	 Consumer 'WonderMovie' has been marked because one of the libraries that it depends on has changed.
[2018-01-30 21:08:13]	 Library 'CityBuildings' has been marked for a full reload due to one or more BLP changes.
[2018-01-30 21:08:13]	 Library 'TileBase' has been marked for a full reload due to one or more BLP changes.
[2018-01-30 21:08:13]	 Library 'CityBuildings' has been marked for a full reload due to one or more BLP changes.
[2018-01-30 21:08:13]	 Library 'TileBase' has been marked for a full reload due to one or more BLP changes.
[2018-01-30 21:08:13]	 Consumer 'WonderMovie' has been marked because one of the libraries that it depends on has changed.
[2018-01-30 21:08:13]	 Library 'WonderMovie' has been marked for a full reload due to one or more BLP changes.
[2018-01-30 21:08:13]	 Library 'TerrainMaterial' has been marked for a full reload due to one or more BLP changes.
[2018-01-30 21:08:13]	 Library 'TerrainAsset' has been marked for a full reload due to one or more BLP changes.
[2018-01-30 21:08:13]	 Library 'TerrainElement' has been marked for a full reload due to one or more BLP changes.
[2018-01-30 21:08:13]	 Library 'TerrainMaterial' has been marked for a full reload due to one or more BLP changes.
[2018-01-30 21:08:13]	 Library 'TerrainAsset' has been marked for a full reload due to one or more BLP changes.
[2018-01-30 21:08:13]	 Library 'TerrainElement' has been marked for a full reload due to one or more BLP changes.
[2018-01-30 21:08:13]	 **** IssueAllLoads ****
[2018-01-30 21:08:13]	 Unloading Package: ../../../DLC/nubia_amanitore/Platforms/Windows/BLPs/LeaderFallbackImages.blp
[2018-01-30 21:08:13]	 Unloading Package: ../../../DLC/indonesia_khmer/Platforms/Windows/BLPs/LeaderFallbackImages.blp
[2018-01-30 21:08:13]	 Unloading Package: ../../../DLC/macedonia_persia/Platforms/Windows/BLPs/LeaderFallbackImages.blp
[2018-01-30 21:08:13]	 Unloading Package: ../../../DLC/australiascenario/Platforms/Windows/BLPs/LeaderFallbackImages.blp
[2018-01-30 21:08:13]	 Unloading Package: ../../../DLC/poland_jadwiga/Platforms/Windows/BLPs/LeaderFallbackImages.blp
[2018-01-30 21:08:13]	 Unloading Package: ../../../DLC/vikingsscenario/Platforms/Windows/BLPs/LeaderFallbackImages.blp
[2018-01-30 21:08:13]	 Skipped Loading Package: C:/Emu/AppAssets/Base/Platforms/Windows/BLPs/LeaderFallbackImages.blp (already loaded)
[2018-01-30 21:08:13]	 Skipped Loading Package: ../../../DLC/australia/Platforms/Windows/BLPs/LeaderFallbackImages.blp (already loaded)
[2018-01-30 21:08:13]	 Loading library LeaderFallback  took 0.12ms
[2018-01-30 21:08:13]	 Unloading Package: ../../../DLC/nubia_amanitore/Platforms/Windows/BLPs/UI/UI_Leaders.blp
[2018-01-30 21:08:13]	 Unloading Package: ../../../DLC/nubia_amanitore/Platforms/Windows/BLPs/UI_LeaderScenes.blp
[2018-01-30 21:08:13]	 Unloading Package: ../../../DLC/nubia_amanitore/Platforms/Windows/BLPs/UI/Icons.blp
[2018-01-30 21:08:13]	 Unloading Package: ../../../DLC/nubia_amanitore/Platforms/Windows/BLPs/UI/Shell_Loading.blp
[2018-01-30 21:08:13]	 Unloading Package: ../../../DLC/indonesia_khmer/Platforms/Windows/BLPs/UI/UI_Leaders.blp
[2018-01-30 21:08:13]	 Unloading Package: ../../../DLC/indonesia_khmer/Platforms/Windows/BLPs/UI_LeaderScenes.blp
[2018-01-30 21:08:13]	 Unloading Package: ../../../DLC/indonesia_khmer/Platforms/Windows/BLPs/UI/Icons.blp
[2018-01-30 21:08:13]	 Unloading Package: ../../../DLC/indonesia_khmer/Platforms/Windows/BLPs/UI/Shell_Loading.blp
[2018-01-30 21:08:13]	 Unloading Package: ../../../DLC/macedonia_persia/Platforms/Windows/BLPs/UI_LeaderScenes.blp
[2018-01-30 21:08:13]	 Unloading Package: ../../../DLC/macedonia_persia/Platforms/Windows/BLPs/UI/UI_Shell.blp
[2018-01-30 21:08:13]	 Unloading Package: ../../../DLC/macedonia_persia/Platforms/Windows/BLPs/UI/Icons.blp
[2018-01-30 21:08:13]	 Unloading Package: ../../../DLC/macedonia_persia/Platforms/Windows/BLPs/UI/Shell_Loading.blp
[2018-01-30 21:08:13]	 Unloading Package: ../../../DLC/macedonia_persia/Platforms/Windows/BLPs/UI/UILeaders.blp
[2018-01-30 21:08:13]	 Unloading Package: ../../../DLC/australiascenario/Platforms/Windows/BLPs/UI/UI_Leaders.blp
[2018-01-30 21:08:13]	 Unloading Package: ../../../DLC/australiascenario/Platforms/Windows/BLPs/UI_LeaderScenes.blp
[2018-01-30 21:08:13]	 Unloading Package: ../../../DLC/australiascenario/Platforms/Windows/BLPs/UI/UI_Shell.blp
[2018-01-30 21:08:13]	 Unloading Package: ../../../DLC/australiascenario/Platforms/Windows/BLPs/UI/Icons.blp
[2018-01-30 21:08:13]	 Unloading Package: ../../../DLC/australiascenario/Platforms/Windows/BLPs/UI/Shell_Loading.blp
[2018-01-30 21:08:13]	 Unloading Package: ../../../DLC/poland_jadwiga/Platforms/Windows/BLPs/UI/UI_Leaders.blp
[2018-01-30 21:08:13]	 Unloading Package: ../../../DLC/poland_jadwiga/Platforms/Windows/BLPs/UI_LeaderScenes.blp
[2018-01-30 21:08:13]	 Unloading Package: ../../../DLC/poland_jadwiga/Platforms/Windows/BLPs/UI/Icons.blp
[2018-01-30 21:08:13]	 Unloading Package: ../../../DLC/poland_jadwiga/Platforms/Windows/BLPs/UI/Shell_Loading.blp
[2018-01-30 21:08:13]	 Unloading Package: ../../../DLC/vikingsscenario/Platforms/Windows/BLPs/UI/UI_Leaders.blp
[2018-01-30 21:08:13]	 Unloading Package: ../../../DLC/vikingsscenario/Platforms/Windows/BLPs/UI_LeaderScenes.blp
[2018-01-30 21:08:13]	 Unloading Package: ../../../DLC/vikingsscenario/Platforms/Windows/BLPs/UI/UI_Shell.blp
[2018-01-30 21:08:13]	 Unloading Package: ../../../DLC/vikingsscenario/Platforms/Windows/BLPs/UI/Icons.blp
[2018-01-30 21:08:13]	 Unloading Package: ../../../DLC/vikingsscenario/Platforms/Windows/BLPs/UI/Shell_Loading.blp
[2018-01-30 21:08:13]	 Skipped Loading Package: C:/Emu/AppAssets/Base/Platforms/Windows/BLPs/UI/UI_Civilopedia.blp (already loaded)
[2018-01-30 21:08:13]	 Skipped Loading Package: C:/Emu/AppAssets/Base/Platforms/Windows/BLPs/UI/UI_Controls.blp (already loaded)
[2018-01-30 21:08:13]	 Skipped Loading Package: C:/Emu/AppAssets/Base/Platforms/Windows/BLPs/UI/UI_Diplomacy.blp (already loaded)
[2018-01-30 21:08:13]	 Skipped Loading Package: C:/Emu/AppAssets/Base/Platforms/Windows/BLPs/UI/UI_EndGame.blp (already loaded)
[2018-01-30 21:08:13]	 Skipped Loading Package: C:/Emu/AppAssets/Base/Platforms/Windows/BLPs/UI/UI_Government.blp (already loaded)
[2018-01-30 21:08:13]	 Skipped Loading Package: C:/Emu/AppAssets/Base/Platforms/Windows/BLPs/UI/UI_GreatWorksArt.blp (already loaded)
[2018-01-30 21:08:13]	 Skipped Loading Package: C:/Emu/AppAssets/Base/Platforms/Windows/BLPs/UI/UI_HalfScreen.blp (already loaded)
[2018-01-30 21:08:13]	 Skipped Loading Package: C:/Emu/AppAssets/Base/Platforms/Windows/BLPs/UI/UI_HUD.blp (already loaded)
[2018-01-30 21:08:13]	 Skipped Loading Package: C:/Emu/AppAssets/Base/Platforms/Windows/BLPs/UI/UI_Leaders.blp (already loaded)
[2018-01-30 21:08:13]	 Skipped Loading Package: C:/Emu/AppAssets/Base/Platforms/Windows/BLPs/UI_LeaderScenes.blp (already loaded)
[2018-01-30 21:08:13]	 Skipped Loading Package: C:/Emu/AppAssets/Base/Platforms/Windows/BLPs/UI/UI_Religion.blp (already loaded)
[2018-01-30 21:08:13]	 Skipped Loading Package: C:/Emu/AppAssets/Base/Platforms/Windows/BLPs/UI/UI_Screens.blp (already loaded)
[2018-01-30 21:08:13]	 Skipped Loading Package: C:/Emu/AppAssets/Base/Platforms/Windows/BLPs/UI/UI_Shell.blp (already loaded)
[2018-01-30 21:08:13]	 Skipped Loading Package: C:/Emu/AppAssets/Base/Platforms/Windows/BLPs/UI/UI_Tree.blp (already loaded)
[2018-01-30 21:08:13]	 Skipped Loading Package: C:/Emu/AppAssets/Base/Platforms/Windows/BLPs/UI/UI_TreeBG.blp (already loaded)
[2018-01-30 21:08:13]	 Skipped Loading Package: C:/Emu/AppAssets/Base/Platforms/Windows/BLPs/UI/UI_Tutorial.blp (already loaded)
[2018-01-30 21:08:13]	 Skipped Loading Package: C:/Emu/AppAssets/Base/Platforms/Windows/BLPs/UI/AdvisorTutorial.blp (already loaded)
[2018-01-30 21:08:13]	 Skipped Loading Package: C:/Emu/AppAssets/Base/Platforms/Windows/BLPs/UI/Icons.blp (already loaded)
[2018-01-30 21:08:13]	 Skipped Loading Package: C:/Emu/AppAssets/Base/Platforms/Windows/BLPs/UI/InWorld.blp (already loaded)
[2018-01-30 21:08:13]	 Skipped Loading Package: C:/Emu/AppAssets/Base/Platforms/Windows/BLPs/UI/Shell_Loading.blp (already loaded)
[2018-01-30 21:08:13]	 Skipped Loading Package: C:/Emu/AppAssets/Base/Platforms/Windows/BLPs/UI/UITest.blp (already loaded)
[2018-01-30 21:08:13]	 Skipped Loading Package: C:/Emu/AppAssets/Base/Platforms/Windows/BLPs/UI/UI_Icons_Overflow.blp (already loaded)
[2018-01-30 21:08:13]	 Skipped Loading Package: ../../../DLC/australia/Platforms/Windows/BLPs/UI/UI_Government.blp (already loaded)
[2018-01-30 21:08:13]	 Skipped Loading Package: ../../../DLC/australia/Platforms/Windows/BLPs/UI/UI_Leaders.blp (already loaded)
[2018-01-30 21:08:13]	 Skipped Loading Package: ../../../DLC/australia/Platforms/Windows/BLPs/UI_LeaderScenes.blp (already loaded)
[2018-01-30 21:08:13]	 Skipped Loading Package: ../../../DLC/australia/Platforms/Windows/BLPs/UI/Icons.blp (already loaded)
[2018-01-30 21:08:13]	 Skipped Loading Package: ../../../DLC/australia/Platforms/Windows/BLPs/UI/Shell_Loading.blp (already loaded)
[2018-01-30 21:08:13]	 Skipped Loading Package: ../../../DLC/vikingslandmarks/Platforms/Windows/BLPs/UI/Icons.blp (already loaded)
[2018-01-30 21:08:13]	 Loading library UITexture  took 3.80ms
[2018-01-30 21:08:13]	 Consumer 'UI' configured in 0 ms!
[2018-01-30 21:08:13]	 Consumer 'LeaderFallback' configured in 1 ms!
[2018-01-30 21:08:14]	 Consumer 'Audio' configured in 182 ms!
[2018-01-30 21:08:14]	 Notified all changed consumer listeners.
[2018-01-30 21:08:14]	 Unloading Package: ../../../DLC/nubia_amanitore/Platforms/Windows/BLPs/WonderMovie.blp
[2018-01-30 21:08:14]	 Unloading Package: ../../../DLC/indonesia_khmer/Platforms/Windows/BLPs/WonderMovie.blp
[2018-01-30 21:08:14]	 Unloading Package: ../../../DLC/macedonia_persia/Platforms/Windows/BLPs/WonderMovie.blp
[2018-01-30 21:08:14]	 Skipped Loading Package: C:/Emu/AppAssets/Base/Platforms/Windows/BLPs/WonderMovie.blp (already loaded)
[2018-01-30 21:08:14]	 Loading library WonderMovie  took 39.60ms
[2018-01-30 21:08:14]	 Unloading Package: ../../../DLC/nubia_amanitore/Platforms/Windows/BLPs/landmarks/tilebases.blp
[2018-01-30 21:08:14]	 Unloading Package: ../../../DLC/nubia_amanitore/Platforms/Windows/BLPs/IMP_Nubian_Pyramids.blp
[2018-01-30 21:08:14]	 Unloading Package: ../../../DLC/indonesia_khmer/Platforms/Windows/BLPs/landmarks/hero_buildings.blp
[2018-01-30 21:08:14]	 Unloading Package: ../../../DLC/indonesia_khmer/Platforms/Windows/BLPs/landmarks/tilebases.blp
[2018-01-30 21:08:14]	 Unloading Package: ../../../DLC/indonesia_khmer/Platforms/Windows/BLPs/IMP_Khmer_StiltHouse.blp
[2018-01-30 21:08:14]	 Unloading Package: ../../../DLC/macedonia_persia/Platforms/Windows/BLPs/landmarks/hero_buildings.blp
[2018-01-30 21:08:14]	 Unloading Package: ../../../DLC/macedonia_persia/Platforms/Windows/BLPs/landmarks/tilebases.blp
[2018-01-30 21:08:14]	 Unloading Package: ../../../DLC/macedonia_persia/Platforms/Windows/BLPs/IMP_Pairidaeza.blp
[2018-01-30 21:08:14]	 Unloading Package: ../../../DLC/poland_jadwiga/Platforms/Windows/BLPs/landmarks/city_buildings.blp
[2018-01-30 21:08:14]	 Unloading Package: ../../../DLC/poland_jadwiga/Platforms/Windows/BLPs/landmarks/hero_buildings.blp
[2018-01-30 21:08:14]	 Unloading Package: ../../../DLC/poland_jadwiga/Platforms/Windows/BLPs/landmarks/tilebases.blp
[2018-01-30 21:08:14]	 Unloading Package: ../../../DLC/vikingsscenario/Platforms/Windows/BLPs/NaturalWonderAttachments.blp
[2018-01-30 21:08:14]	 Unloading Package: ../../../DLC/vikingsscenario/Platforms/Windows/BLPs/VIL_Tribal_Thatch.blp
[2018-01-30 21:08:14]	 Skipped Loading Package: C:/Emu/AppAssets/Base/Platforms/Windows/BLPs/landmarks/city_buildings.blp (already loaded)
[2018-01-30 21:08:14]	 Skipped Loading Package: C:/Emu/AppAssets/Base/Platforms/Windows/BLPs/landmarks/hero_buildings.blp (already loaded)
[2018-01-30 21:08:14]	 Skipped Loading Package: C:/Emu/AppAssets/Base/Platforms/Windows/BLPs/landmarks/tilebases.blp (already loaded)
[2018-01-30 21:08:14]	 Skipped Loading Package: C:/Emu/AppAssets/Base/Platforms/Windows/BLPs/NaturalWonderAttachments.blp (already loaded)
[2018-01-30 21:08:14]	 Skipped Loading Package: ../../../DLC/australia/Platforms/Windows/BLPs/landmarks/tilebases.blp (already loaded)
[2018-01-30 21:08:14]	 Skipped Loading Package: ../../../DLC/australia/Platforms/Windows/BLPs/NaturalWonderAttachments.blp (already loaded)
[2018-01-30 21:08:14]	 Skipped Loading Package: ../../../DLC/australia/Platforms/Windows/BLPs/IMP_Outback_Station.blp (already loaded)
[2018-01-30 21:08:14]	 Skipped Loading Package: ../../../DLC/vikingslandmarks/Platforms/Windows/BLPs/landmarks/tilebases.blp (already loaded)
[2018-01-30 21:08:14]	 Skipped Loading Package: ../../../DLC/vikingslandmarks/Platforms/Windows/BLPs/IMP_Alcazar.blp (already loaded)
[2018-01-30 21:08:14]	 Skipped Loading Package: ../../../DLC/vikingslandmarks/Platforms/Windows/BLPs/IMP_Monastery.blp (already loaded)
[2018-01-30 21:08:14]	 Loading library CityBuildings TileBase  took 20.48ms
[2018-01-30 21:08:14]	 Unloading Package: ../../../DLC/nubia_amanitore/Platforms/Windows/BLPs/VFX.blp
[2018-01-30 21:08:14]	 Unloading Package: ../../../DLC/indonesia_khmer/Platforms/Windows/BLPs/VFX.blp
[2018-01-30 21:08:14]	 Unloading Package: ../../../DLC/macedonia_persia/Platforms/Windows/BLPs/VFX.blp
[2018-01-30 21:08:14]	 Unloading Package: ../../../DLC/poland_jadwiga/Platforms/Windows/BLPs/VFX.blp
[2018-01-30 21:08:14]	 Unloading Package: ../../../DLC/vikingsscenario/Platforms/Windows/BLPs/VFX.blp
[2018-01-30 21:08:14]	 Skipped Loading Package: C:/Emu/AppAssets/Base/Platforms/Windows/BLPs/VFX.blp (already loaded)
[2018-01-30 21:08:14]	 Skipped Loading Package: C:/Emu/AppAssets/Base/Platforms/Windows/BLPs/VFX_A.blp (already loaded)
[2018-01-30 21:08:14]	 Skipped Loading Package: C:/Emu/AppAssets/Base/Platforms/Windows/BLPs/VFX_B.blp (already loaded)
[2018-01-30 21:08:14]	 Skipped Loading Package: C:/Emu/AppAssets/Base/Platforms/Windows/BLPs/VFX_C.blp (already loaded)
[2018-01-30 21:08:14]	 Skipped Loading Package: ../../../DLC/australia/Platforms/Windows/BLPs/VFX.blp (already loaded)
[2018-01-30 21:08:14]	 Skipped Loading Package: ../../../DLC/vikingslandmarks/Platforms/Windows/BLPs/VFX.blp (already loaded)
[2018-01-30 21:08:14]	 Loading library VFX  took 2.51ms
[2018-01-30 21:08:14]	 Unloading Package: ../../../DLC/nubia_amanitore/Platforms/Windows/BLPs/units/units.blp
[2018-01-30 21:08:14]	 Unloading Package: ../../../DLC/indonesia_khmer/Platforms/Windows/BLPs/units/units.blp
[2018-01-30 21:08:14]	 Unloading Package: ../../../DLC/macedonia_persia/Platforms/Windows/BLPs/units/units.blp
[2018-01-30 21:08:14]	 Unloading Package: ../../../DLC/poland_jadwiga/Platforms/Windows/BLPs/units/units.blp
[2018-01-30 21:08:14]	 Unloading Package: ../../../DLC/vikingsscenario/Platforms/Windows/BLPs/units/units.blp
[2018-01-30 21:08:14]	 Skipped Loading Package: C:/Emu/AppAssets/Base/Platforms/Windows/BLPs/units/units.blp (already loaded)
[2018-01-30 21:08:14]	 Skipped Loading Package: ../../../DLC/australia/Platforms/Windows/BLPs/units/units.blp (already loaded)
[2018-01-30 21:08:14]	 Loading library Unit  took 21.64ms
[2018-01-30 21:08:14]	 Unloading Package: ../../../DLC/nubia_amanitore/Platforms/Windows/BLPs/strategicview/strategicview_buildings.blp
[2018-01-30 21:08:14]	 Unloading Package: ../../../DLC/nubia_amanitore/Platforms/Windows/BLPs/strategicview/strategicview_improvements.blp
[2018-01-30 21:08:14]	 Unloading Package: ../../../DLC/indonesia_khmer/Platforms/Windows/BLPs/strategicview/strategicview_buildings.blp
[2018-01-30 21:08:14]	 Unloading Package: ../../../DLC/indonesia_khmer/Platforms/Windows/BLPs/strategicview/strategicview_features.blp
[2018-01-30 21:08:14]	 Unloading Package: ../../../DLC/indonesia_khmer/Platforms/Windows/BLPs/strategicview/strategicview_improvements.blp
[2018-01-30 21:08:14]	 Unloading Package: ../../../DLC/macedonia_persia/Platforms/Windows/BLPs/strategicview/strategicview_buildings.blp
[2018-01-30 21:08:14]	 Unloading Package: ../../../DLC/macedonia_persia/Platforms/Windows/BLPs/strategicview/strategicview_improvements.blp
[2018-01-30 21:08:14]	 Unloading Package: ../../../DLC/poland_jadwiga/Platforms/Windows/BLPs/strategicview/strategicview_buildings.blp
[2018-01-30 21:08:14]	 Skipped Loading Package: C:/Emu/AppAssets/Base/Platforms/Windows/BLPs/strategicview/strategicview_buildings.blp (already loaded)
[2018-01-30 21:08:14]	 Skipped Loading Package: C:/Emu/AppAssets/Base/Platforms/Windows/BLPs/strategicview/strategicview_cities.blp (already loaded)
[2018-01-30 21:08:14]	 Skipped Loading Package: C:/Emu/AppAssets/Base/Platforms/Windows/BLPs/strategicview/strategicview_districts.blp (already loaded)
[2018-01-30 21:08:14]	 Skipped Loading Package: C:/Emu/AppAssets/Base/Platforms/Windows/BLPs/strategicview/strategicview_effects.blp (already loaded)
[2018-01-30 21:08:14]	 Skipped Loading Package: C:/Emu/AppAssets/Base/Platforms/Windows/BLPs/strategicview/strategicview_parks.blp (already loaded)
[2018-01-30 21:08:14]	 Skipped Loading Package: C:/Emu/AppAssets/Base/Platforms/Windows/BLPs/strategicview/strategicview_features.blp (already loaded)
[2018-01-30 21:08:14]	 Skipped Loading Package: C:/Emu/AppAssets/Base/Platforms/Windows/BLPs/strategicview/strategicview_improvements.blp (already loaded)
[2018-01-30 21:08:14]	 Skipped Loading Package: C:/Emu/AppAssets/Base/Platforms/Windows/BLPs/strategicview/strategicview_terrainsprites.blp (already loaded)
[2018-01-30 21:08:14]	 Skipped Loading Package: C:/Emu/AppAssets/Base/Platforms/Windows/BLPs/strategicview/strategicview_uilenses.blp (already loaded)
[2018-01-30 21:08:14]	 Skipped Loading Package: ../../../DLC/australia/Platforms/Windows/BLPs/strategicview/strategicview_features.blp (already loaded)
[2018-01-30 21:08:14]	 Skipped Loading Package: ../../../DLC/australia/Platforms/Windows/BLPs/strategicview/strategicview_improvements.blp (already loaded)
[2018-01-30 21:08:14]	 Skipped Loading Package: ../../../DLC/vikingslandmarks/Platforms/Windows/BLPs/strategicview/strategicview_features.blp (already loaded)
[2018-01-30 21:08:14]	 Skipped Loading Package: ../../../DLC/vikingslandmarks/Platforms/Windows/BLPs/strategicview/strategicview_improvements.blp (already loaded)
[2018-01-30 21:08:14]	 Loading library StrategicView_Sprite  took 112.66ms
[2018-01-30 21:08:14]	 Unloading Package: ../../../DLC/indonesia_khmer/Platforms/Windows/BLPs/terrain/TerrainAssetSet_Base.blp
[2018-01-30 21:08:14]	 Unloading Package: ../../../DLC/macedonia_persia/Platforms/Windows/BLPs/terrain/TerrainMaterialSet_Base.blp
[2018-01-30 21:08:14]	 Unloading Package: ../../../DLC/macedonia_persia/Platforms/Windows/BLPs/terrain/TerrainAssetSet_Base.blp
[2018-01-30 21:08:14]	 Unloading Package: ../../../DLC/macedonia_persia/Platforms/Windows/BLPs/terrain/TerrainElementSet_Base.blp
[2018-01-30 21:08:14]	 Skipped Loading Package: C:/Emu/AppAssets/Base/Platforms/Windows/BLPs/terrain/TerrainMaterialSet_Base.blp (already loaded)
[2018-01-30 21:08:14]	 Skipped Loading Package: C:/Emu/AppAssets/Base/Platforms/Windows/BLPs/terrain/TerrainAssetSet_Base.blp (already loaded)
[2018-01-30 21:08:14]	 Skipped Loading Package: C:/Emu/AppAssets/Base/Platforms/Windows/BLPs/terrain/TerrainElementSet_Base.blp (already loaded)
[2018-01-30 21:08:14]	 Skipped Loading Package: ../../../DLC/australia/Platforms/Windows/BLPs/terrain/TerrainMaterialSet_Base.blp (already loaded)
[2018-01-30 21:08:14]	 Skipped Loading Package: ../../../DLC/australia/Platforms/Windows/BLPs/terrain/TerrainAssetSet_Base.blp (already loaded)
[2018-01-30 21:08:14]	 Skipped Loading Package: ../../../DLC/australia/Platforms/Windows/BLPs/terrain/TerrainElementSet_Base.blp (already loaded)
[2018-01-30 21:08:14]	 Skipped Loading Package: ../../../DLC/vikingslandmarks/Platforms/Windows/BLPs/terrain/TerrainMaterialSet_Base.blp (already loaded)
[2018-01-30 21:08:14]	 Skipped Loading Package: ../../../DLC/vikingslandmarks/Platforms/Windows/BLPs/terrain/TerrainAssetSet_Base.blp (already loaded)
[2018-01-30 21:08:14]	 Skipped Loading Package: ../../../DLC/vikingslandmarks/Platforms/Windows/BLPs/terrain/TerrainElementSet_Base.blp (already loaded)
[2018-01-30 21:08:14]	 Loading library TerrainMaterial TerrainAsset TerrainElement  took 4.13ms
[2018-01-30 21:08:14]	 Consumer 'StrategicView_Properties' configured in 42 ms!
[2018-01-30 21:08:14]	 Consumer 'StrategicView_Sprite' configured in 43 ms!
[2018-01-30 21:08:14]	 Consumer 'StrategicView_Route' configured in 43 ms!
[2018-01-30 21:08:14]	 Consumer 'StrategicView_TerrainType' configured in 43 ms!
[2018-01-30 21:08:14]	 Consumer 'StrategicView_TerrainBlendCorners' configured in 42 ms!
[2018-01-30 21:08:14]	 Consumer 'StrategicView_TerrainBlend' configured in 46 ms!
[2018-01-30 21:08:14]	 Consumer 'StrategicView_Translate' configured in 68 ms!
[2018-01-30 21:08:14]	 Consumer 'Cultures' configured in 1 ms!
[2018-01-30 21:08:14]	 Consumer 'UnitSimulation' configured in 43 ms!
[2018-01-30 21:08:14]	 Consumer 'Units' configured in 185 ms!
[2018-01-30 21:08:15]	 Consumer 'Units' configured in 185 ms!
[2018-01-30 21:08:15]	 Consumer 'Clutter' configured in 16 ms!
[2018-01-30 21:08:15]	 Consumer 'Landmarks' configured in 118 ms!
[2018-01-30 21:08:15]	 Consumer 'Farms' configured in 77 ms!
[2018-01-30 21:08:15]	 Consumer 'WonderMovie' configured in 24 ms!
[2018-01-30 21:08:15]	 Consumer 'Terrain' configured in 64 ms!
[2018-01-30 21:08:15]	 Consumer 'GameLighting' configured in 2 ms!
[2018-01-30 21:08:15]	 Consumer 'VFX' configured in 66 ms!
[2018-01-30 21:08:15]	 Consumer 'WorldViewRoutes' configured in 1 ms!
[2018-01-30 21:08:15]	 Consumer 'DynamicGeometry' configured in 0 ms!
[2018-01-30 21:08:15]	 Notified all changed consumer listeners.
[2018-01-30 21:08:15]	 Time spent loading libraries: 204.93 ms.  Time spent configuring consumers: 1109 ms.
[2018-01-30 21:08:15]	 Time spent loading : 1547 ms.  Time saved: -234 ms.
[2018-01-30 21:08:15]	 Little data footprint: 40.65MB
[2018-01-30 21:08:28]	 **** IssueAllLoads ****
[2018-01-30 21:08:28]	 Consumer 'IndirectGrid' configured in 83 ms!
[2018-01-30 21:08:28]	 Consumer 'WorldView_Translate' configured in 64 ms!
[2018-01-30 21:08:28]	 Notified all changed consumer listeners.
[2018-01-30 21:08:28]	 Time spent loading libraries: 0.00 ms.  Time spent configuring consumers: 147 ms.
[2018-01-30 21:08:28]	 Time spent loading : 152 ms.  Time saved: -5 ms.
