Game Turn, Player, Unit, From X, From Y, To X, To Y, Info, Checksum
064, LOC_CIVILIZATION_ROME_NAME, UNIT_SETTLER (655364), 3, 40, -9999, -9999, 2320, ffffffff
064, LOC_CIVILIZATION_ROME_NAME, UNIT_SETTLER (655364), 3, 40, -9999, -9999, 2305, ffffffff
064, LOC_CIVILIZATION_ROME_NAME, UNIT_SETTLER (655364), 3, 40, -9999, -9999, 2304, ffffffff
064, LOC_CIVILIZATION_ROME_NAME, UNIT_SETTLER (655364), 3, 40, 5, 37, 16656, 58aa933d
066, LOC_CIVILIZATION_ROME_NAME, UNIT_SETTLER (655364), 5, 38, 5, 37, 16656, 715cc961
066, LOC_CIVILIZATION_ROME_NAME, UNIT_SETTLER (655364), 5, 38, -9999, -9999, 2320, ffffffff
066, LOC_CIVILIZATION_ROME_NAME, UNIT_SETTLER (655364), 5, 38, -9999, -9999, 2305, ffffffff
066, LOC_CIVILIZATION_ROME_NAME, UNIT_SETTLER (655364), 5, 38, -9999, -9999, 2304, ffffffff
066, LOC_CIVILIZATION_ROME_NAME, UNIT_SETTLER (655364), 5, 38, -9999, -9999, 2320, ffffffff
066, LOC_CIVILIZATION_ROME_NAME, UNIT_SETTLER (655364), 5, 38, -9999, -9999, 2305, ffffffff
066, LOC_CIVILIZATION_ROME_NAME, UNIT_SETTLER (655364), 5, 38, -9999, -9999, 2304, ffffffff
066, LOC_CIVILIZATION_ROME_NAME, UNIT_SETTLER (655364), 5, 38, 8, 38, 16656, 80b01e29
068, LOC_CIVILIZATION_ROME_NAME, UNIT_ARCHER (720901), 4, 39, -9999, -9999, 2320, ffffffff
068, LOC_CIVILIZATION_ROME_NAME, UNIT_ARCHER (720901), 4, 39, -9999, -9999, 2305, ffffffff
068, LOC_CIVILIZATION_ROME_NAME, UNIT_ARCHER (720901), 4, 39, -9999, -9999, 2304, ffffffff
068, LOC_CIVILIZATION_ROME_NAME, UNIT_ARCHER (720901), 4, 39, -9999, -9999, 2370, ffffffff
068, LOC_CIVILIZATION_ROME_NAME, UNIT_ARCHER (720901), 4, 39, 4, 47, 256, fc41dc29
068, LOC_CIVILIZATION_ROME_NAME, UNIT_ARCHER (720901), 4, 39, -9999, -9999, 2370, ffffffff
068, LOC_CIVILIZATION_ROME_NAME, UNIT_ARCHER (720901), 4, 39, 4, 47, 256, fc41dc29
068, LOC_CIVILIZATION_ROME_NAME, UNIT_ARCHER (720901), 4, 39, 5, 37, 16656, 794f4b69
068, LOC_CIVILIZATION_ROME_NAME, UNIT_ARCHER (720901), 5, 38, -9999, -9999, 2114, ffffffff
068, LOC_CIVILIZATION_ROME_NAME, UNIT_ARCHER (720901), 5, 38, 4, 47, 0, f0c09f85
068, LOC_CIVILIZATION_ROME_NAME, UNIT_ARCHER (720901), 5, 38, -9999, -9999, 2064, ffffffff
068, LOC_CIVILIZATION_ROME_NAME, UNIT_ARCHER (720901), 5, 38, -9999, -9999, 2049, ffffffff
068, LOC_CIVILIZATION_ROME_NAME, UNIT_ARCHER (720901), 5, 38, -9999, -9999, 2048, ffffffff
068, LOC_CIVILIZATION_ROME_NAME, UNIT_SETTLER (655364), 8, 38, -9999, -9999, 2320, ffffffff
068, LOC_CIVILIZATION_ROME_NAME, UNIT_SETTLER (655364), 8, 38, -9999, -9999, 2305, ffffffff
068, LOC_CIVILIZATION_ROME_NAME, UNIT_SETTLER (655364), 8, 38, -9999, -9999, 2304, ffffffff
068, LOC_CIVILIZATION_ROME_NAME, UNIT_SETTLER (655364), 8, 38, -9999, -9999, 2320, ffffffff
068, LOC_CIVILIZATION_ROME_NAME, UNIT_SETTLER (655364), 8, 38, -9999, -9999, 2305, ffffffff
068, LOC_CIVILIZATION_ROME_NAME, UNIT_SETTLER (655364), 8, 38, -9999, -9999, 2304, ffffffff
069, LOC_CIVILIZATION_ROME_NAME, UNIT_WARRIOR (131073), 4, 38, -9999, -9999, 2320, ffffffff
069, LOC_CIVILIZATION_ROME_NAME, UNIT_WARRIOR (131073), 4, 38, -9999, -9999, 2305, ffffffff
069, LOC_CIVILIZATION_ROME_NAME, UNIT_WARRIOR (131073), 4, 38, -9999, -9999, 2304, ffffffff
070, LOC_CIVILIZATION_ROME_NAME, UNIT_ARCHER (720901), 5, 37, -9999, -9999, 2320, ffffffff
070, LOC_CIVILIZATION_ROME_NAME, UNIT_ARCHER (720901), 5, 37, -9999, -9999, 2305, ffffffff
070, LOC_CIVILIZATION_ROME_NAME, UNIT_ARCHER (720901), 5, 37, -9999, -9999, 2304, ffffffff
070, LOC_CIVILIZATION_ROME_NAME, UNIT_ARCHER (720901), 5, 37, -9999, -9999, 2370, ffffffff
070, LOC_CIVILIZATION_ROME_NAME, UNIT_ARCHER (720901), 5, 37, -9999, -9999, 2320, ffffffff
070, LOC_CIVILIZATION_ROME_NAME, UNIT_ARCHER (720901), 5, 37, -9999, -9999, 2305, ffffffff
070, LOC_CIVILIZATION_ROME_NAME, UNIT_ARCHER (720901), 5, 37, -9999, -9999, 2304, ffffffff
070, LOC_CIVILIZATION_ROME_NAME, UNIT_ARCHER (720901), 5, 37, -9999, -9999, 2370, ffffffff
070, LOC_CIVILIZATION_ROME_NAME, UNIT_ARCHER (720901), 5, 37, 7, 38, 16656, fcd21e5f
070, LOC_CIVILIZATION_ROME_NAME, UNIT_WARRIOR (131073), 4, 38, -9999, -9999, 2320, ffffffff
070, LOC_CIVILIZATION_ROME_NAME, UNIT_WARRIOR (131073), 4, 38, -9999, -9999, 2305, ffffffff
070, LOC_CIVILIZATION_ROME_NAME, UNIT_WARRIOR (131073), 4, 38, -9999, -9999, 2304, ffffffff
070, LOC_CIVILIZATION_ROME_NAME, UNIT_WARRIOR (131073), 4, 38, -9999, -9999, 2370, ffffffff
070, LOC_CIVILIZATION_ROME_NAME, UNIT_WARRIOR (131073), 4, 38, 4, 47, 256, 42b9f1f9
070, LOC_CIVILIZATION_ROME_NAME, UNIT_WARRIOR (131073), 4, 38, 5, 39, 16656, 64a1aa15
070, LOC_CIVILIZATION_ROME_NAME, UNIT_WARRIOR (458755), 3, 39, -9999, -9999, 2320, ffffffff
070, LOC_CIVILIZATION_ROME_NAME, UNIT_WARRIOR (458755), 3, 39, -9999, -9999, 2305, ffffffff
070, LOC_CIVILIZATION_ROME_NAME, UNIT_WARRIOR (458755), 3, 39, -9999, -9999, 2304, ffffffff
070, LOC_CIVILIZATION_ROME_NAME, UNIT_WARRIOR (458755), 3, 39, -9999, -9999, 2370, ffffffff
070, LOC_CIVILIZATION_ROME_NAME, UNIT_WARRIOR (458755), 3, 39, 4, 47, 256, 1fcb0406
070, LOC_CIVILIZATION_ROME_NAME, UNIT_WARRIOR (458755), 3, 39, -9999, -9999, 2320, ffffffff
070, LOC_CIVILIZATION_ROME_NAME, UNIT_WARRIOR (458755), 3, 39, -9999, -9999, 2305, ffffffff
070, LOC_CIVILIZATION_ROME_NAME, UNIT_WARRIOR (458755), 3, 39, -9999, -9999, 2304, ffffffff
070, LOC_CIVILIZATION_ROME_NAME, UNIT_WARRIOR (458755), 3, 39, -9999, -9999, 2370, ffffffff
070, LOC_CIVILIZATION_ROME_NAME, UNIT_WARRIOR (458755), 3, 39, 4, 47, 256, 1fcb0406
070, LOC_CIVILIZATION_ROME_NAME, UNIT_WARRIOR (458755), 3, 39, 5, 38, 16656,  8591be8
070, LOC_CIVILIZATION_ROME_NAME, UNIT_BUILDER (589824), 4, 38, -9999, -9999, 2320, ffffffff
070, LOC_CIVILIZATION_ROME_NAME, UNIT_BUILDER (589824), 4, 38, -9999, -9999, 2305, ffffffff
070, LOC_CIVILIZATION_ROME_NAME, UNIT_BUILDER (589824), 4, 38, -9999, -9999, 2304, ffffffff
070, LOC_CIVILIZATION_ROME_NAME, UNIT_BUILDER (589824), 4, 38, -9999, -9999, 2320, ffffffff
070, LOC_CIVILIZATION_ROME_NAME, UNIT_BUILDER (589824), 4, 38, -9999, -9999, 2305, ffffffff
070, LOC_CIVILIZATION_ROME_NAME, UNIT_BUILDER (589824), 4, 38, -9999, -9999, 2304, ffffffff
070, LOC_CIVILIZATION_ROME_NAME, UNIT_BUILDER (589824), 4, 38, -9999, -9999, 2320, ffffffff
070, LOC_CIVILIZATION_ROME_NAME, UNIT_BUILDER (589824), 4, 38, -9999, -9999, 2305, ffffffff
070, LOC_CIVILIZATION_ROME_NAME, UNIT_BUILDER (589824), 4, 38, -9999, -9999, 2304, ffffffff
070, LOC_CIVILIZATION_ROME_NAME, UNIT_BUILDER (589824), 4, 38, 5, 39, 16656, 64a1aa15
071, LOC_CIVILIZATION_ROME_NAME, UNIT_BUILDER (589824), 5, 39, -9999, -9999, 2320, ffffffff
071, LOC_CIVILIZATION_ROME_NAME, UNIT_BUILDER (589824), 5, 39, -9999, -9999, 2305, ffffffff
071, LOC_CIVILIZATION_ROME_NAME, UNIT_BUILDER (589824), 5, 39, -9999, -9999, 2304, ffffffff
071, LOC_CIVILIZATION_ROME_NAME, UNIT_BUILDER (589824), 5, 39, 6, 39, 16656, ab005ec8
071, LOC_CIVILIZATION_ROME_NAME, UNIT_WARRIOR (131073), 5, 39, -9999, -9999, 2320, ffffffff
071, LOC_CIVILIZATION_ROME_NAME, UNIT_WARRIOR (131073), 5, 39, -9999, -9999, 2305, ffffffff
071, LOC_CIVILIZATION_ROME_NAME, UNIT_WARRIOR (131073), 5, 39, -9999, -9999, 2304, ffffffff
071, LOC_CIVILIZATION_ROME_NAME, UNIT_WARRIOR (131073), 5, 39, -9999, -9999, 2370, ffffffff
071, LOC_CIVILIZATION_ROME_NAME, UNIT_WARRIOR (131073), 5, 39, 4, 47, 256, 8857bbd2
071, LOC_CIVILIZATION_ROME_NAME, UNIT_WARRIOR (131073), 5, 39, -9999, -9999, 2370, ffffffff
071, LOC_CIVILIZATION_ROME_NAME, UNIT_WARRIOR (131073), 5, 39, 4, 47, 256, 8857bbd2
071, LOC_CIVILIZATION_ROME_NAME, UNIT_WARRIOR (131073), 5, 39, 6, 39, 16656, ab005ec8
071, LOC_CIVILIZATION_ROME_NAME, UNIT_WARRIOR (458755), 5, 38, -9999, -9999, 2320, ffffffff
071, LOC_CIVILIZATION_ROME_NAME, UNIT_WARRIOR (458755), 5, 38, -9999, -9999, 2305, ffffffff
071, LOC_CIVILIZATION_ROME_NAME, UNIT_WARRIOR (458755), 5, 38, -9999, -9999, 2304, ffffffff
071, LOC_CIVILIZATION_ROME_NAME, UNIT_WARRIOR (458755), 5, 38, -9999, -9999, 2370, ffffffff
071, LOC_CIVILIZATION_ROME_NAME, UNIT_WARRIOR (458755), 5, 38, 4, 47, 256,  d3967f0
071, LOC_CIVILIZATION_ROME_NAME, UNIT_WARRIOR (458755), 5, 38, -9999, -9999, 2370, ffffffff
071, LOC_CIVILIZATION_ROME_NAME, UNIT_WARRIOR (458755), 5, 38, 4, 47, 256,  d3967f0
071, LOC_CIVILIZATION_ROME_NAME, UNIT_WARRIOR (458755), 5, 38, 6, 38, 16656, 7947bc2c
071, LOC_CIVILIZATION_ROME_NAME, UNIT_ARCHER (720901), 7, 38, -9999, -9999, 2320, ffffffff
071, LOC_CIVILIZATION_ROME_NAME, UNIT_ARCHER (720901), 7, 38, -9999, -9999, 2305, ffffffff
071, LOC_CIVILIZATION_ROME_NAME, UNIT_ARCHER (720901), 7, 38, -9999, -9999, 2304, ffffffff
071, LOC_CIVILIZATION_ROME_NAME, UNIT_ARCHER (720901), 7, 38, -9999, -9999, 2370, ffffffff
071, LOC_CIVILIZATION_ROME_NAME, UNIT_ARCHER (720901), 7, 38, 4, 47, 256, 6f93b4d5
071, LOC_CIVILIZATION_ROME_NAME, UNIT_ARCHER (720901), 7, 38, -9999, -9999, 2370, ffffffff
071, LOC_CIVILIZATION_ROME_NAME, UNIT_ARCHER (720901), 7, 38, 4, 47, 256, 6f93b4d5
071, LOC_CIVILIZATION_ROME_NAME, UNIT_ARCHER (720901), 7, 38, -9999, -9999, 2320, ffffffff
071, LOC_CIVILIZATION_ROME_NAME, UNIT_ARCHER (720901), 7, 38, -9999, -9999, 2305, ffffffff
071, LOC_CIVILIZATION_ROME_NAME, UNIT_ARCHER (720901), 7, 38, -9999, -9999, 2304, ffffffff
071, LOC_CIVILIZATION_ROME_NAME, UNIT_ARCHER (720901), 7, 38, -9999, -9999, 2370, ffffffff
071, LOC_CIVILIZATION_ROME_NAME, UNIT_ARCHER (720901), 7, 38, 4, 47, 256, 6f93b4d5
071, LOC_CIVILIZATION_ROME_NAME, UNIT_ARCHER (720901), 7, 38, -9999, -9999, 2320, ffffffff
071, LOC_CIVILIZATION_ROME_NAME, UNIT_ARCHER (720901), 7, 38, -9999, -9999, 2305, ffffffff
071, LOC_CIVILIZATION_ROME_NAME, UNIT_ARCHER (720901), 7, 38, -9999, -9999, 2304, ffffffff
071, LOC_CIVILIZATION_ROME_NAME, UNIT_ARCHER (720901), 7, 38, -9999, -9999, 2370, ffffffff
071, LOC_CIVILIZATION_ROME_NAME, UNIT_ARCHER (720901), 7, 38, 4, 47, 256, 6f93b4d5
071, LOC_CIVILIZATION_ROME_NAME, UNIT_ARCHER (720901), 7, 38, 8, 38, 16656, c6c46695
071, LOC_CIVILIZATION_ROME_NAME, UNIT_ARCHER (720901), 8, 38, -9999, -9999, 2114, ffffffff
071, LOC_CIVILIZATION_ROME_NAME, UNIT_ARCHER (720901), 8, 38, 9, 34, 0, 658bb428
071, LOC_CIVILIZATION_ROME_NAME, UNIT_ARCHER (720901), 8, 38, -9999, -9999, 2064, ffffffff
071, LOC_CIVILIZATION_ROME_NAME, UNIT_ARCHER (720901), 8, 38, -9999, -9999, 2049, ffffffff
071, LOC_CIVILIZATION_ROME_NAME, UNIT_ARCHER (720901), 8, 38, -9999, -9999, 2048, ffffffff
071, LOC_CIVILIZATION_ROME_NAME, UNIT_ARCHER (720901), 8, 38, -9999, -9999, 2114, ffffffff
071, LOC_CIVILIZATION_ROME_NAME, UNIT_ARCHER (720901), 8, 38, 9, 34, 0, 658bb428
072, LOC_CIVILIZATION_ROME_NAME, UNIT_BUILDER (589824), 6, 39, -9999, -9999, 2320, ffffffff
072, LOC_CIVILIZATION_ROME_NAME, UNIT_BUILDER (589824), 6, 39, -9999, -9999, 2305, ffffffff
072, LOC_CIVILIZATION_ROME_NAME, UNIT_BUILDER (589824), 6, 39, -9999, -9999, 2304, ffffffff
072, LOC_CIVILIZATION_ROME_NAME, UNIT_WARRIOR (131073), 6, 39, -9999, -9999, 2320, ffffffff
072, LOC_CIVILIZATION_ROME_NAME, UNIT_WARRIOR (131073), 6, 39, -9999, -9999, 2305, ffffffff
072, LOC_CIVILIZATION_ROME_NAME, UNIT_WARRIOR (131073), 6, 39, -9999, -9999, 2304, ffffffff
072, LOC_CIVILIZATION_ROME_NAME, UNIT_WARRIOR (131073), 6, 39, -9999, -9999, 2370, ffffffff
072, LOC_CIVILIZATION_ROME_NAME, UNIT_WARRIOR (131073), 6, 39, 4, 47, 256, 1a919365
072, LOC_CIVILIZATION_ROME_NAME, UNIT_BUILDER (589824), 6, 39, -9999, -9999, 2320, ffffffff
072, LOC_CIVILIZATION_ROME_NAME, UNIT_BUILDER (589824), 6, 39, -9999, -9999, 2305, ffffffff
072, LOC_CIVILIZATION_ROME_NAME, UNIT_BUILDER (589824), 6, 39, -9999, -9999, 2304, ffffffff
072, LOC_CIVILIZATION_ROME_NAME, UNIT_BUILDER (589824), 6, 39, -9999, -9999, 2320, ffffffff
072, LOC_CIVILIZATION_ROME_NAME, UNIT_BUILDER (589824), 6, 39, -9999, -9999, 2305, ffffffff
072, LOC_CIVILIZATION_ROME_NAME, UNIT_BUILDER (589824), 6, 39, -9999, -9999, 2304, ffffffff
072, LOC_CIVILIZATION_ROME_NAME, UNIT_WARRIOR (131073), 6, 39, -9999, -9999, 2320, ffffffff
072, LOC_CIVILIZATION_ROME_NAME, UNIT_WARRIOR (131073), 6, 39, -9999, -9999, 2305, ffffffff
072, LOC_CIVILIZATION_ROME_NAME, UNIT_WARRIOR (131073), 6, 39, -9999, -9999, 2304, ffffffff
072, LOC_CIVILIZATION_ROME_NAME, UNIT_WARRIOR (131073), 6, 39, -9999, -9999, 2370, ffffffff
072, LOC_CIVILIZATION_ROME_NAME, UNIT_WARRIOR (131073), 6, 39, 4, 47, 256, 1a919365
072, LOC_CIVILIZATION_ROME_NAME, UNIT_WARRIOR (131073), 6, 39, 7, 39, 16656, 751ff1b8
072, LOC_CIVILIZATION_ROME_NAME, UNIT_WARRIOR (131073), 7, 39, -9999, -9999, 2114, ffffffff
072, LOC_CIVILIZATION_ROME_NAME, UNIT_WARRIOR (131073), 7, 39, 4, 47, 0, 6e87f49e
072, LOC_CIVILIZATION_ROME_NAME, UNIT_WARRIOR (131073), 7, 39, -9999, -9999, 2064, ffffffff
072, LOC_CIVILIZATION_ROME_NAME, UNIT_WARRIOR (131073), 7, 39, -9999, -9999, 2049, ffffffff
072, LOC_CIVILIZATION_ROME_NAME, UNIT_WARRIOR (131073), 7, 39, -9999, -9999, 2048, ffffffff
072, LOC_CIVILIZATION_ROME_NAME, UNIT_WARRIOR (131073), 7, 39, -9999, -9999, 2114, ffffffff
072, LOC_CIVILIZATION_ROME_NAME, UNIT_WARRIOR (131073), 7, 39, 4, 47, 0, 6e87f49e
072, LOC_CIVILIZATION_ROME_NAME, UNIT_WARRIOR (131073), 7, 39, 8, 37, 16400, 685e79a5
072, LOC_CIVILIZATION_ROME_NAME, UNIT_WARRIOR (131073), 7, 39, 9, 38, 16400, d59ed471
072, LOC_CIVILIZATION_ROME_NAME, UNIT_WARRIOR (131073), 7, 39, 9, 39, 16400, 3a5cbf4f
072, LOC_CIVILIZATION_ROME_NAME, UNIT_WARRIOR (131073), 7, 39, 9, 40, 16400, 3a015617
072, LOC_CIVILIZATION_ROME_NAME, UNIT_BUILDER (589824), 6, 39, -9999, -9999, 2320, ffffffff
072, LOC_CIVILIZATION_ROME_NAME, UNIT_BUILDER (589824), 6, 39, -9999, -9999, 2305, ffffffff
072, LOC_CIVILIZATION_ROME_NAME, UNIT_BUILDER (589824), 6, 39, -9999, -9999, 2304, ffffffff
072, LOC_CIVILIZATION_ROME_NAME, UNIT_WARRIOR (458755), 6, 38, -9999, -9999, 2320, ffffffff
072, LOC_CIVILIZATION_ROME_NAME, UNIT_WARRIOR (458755), 6, 38, -9999, -9999, 2305, ffffffff
072, LOC_CIVILIZATION_ROME_NAME, UNIT_WARRIOR (458755), 6, 38, -9999, -9999, 2304, ffffffff
072, LOC_CIVILIZATION_ROME_NAME, UNIT_WARRIOR (458755), 6, 38, -9999, -9999, 2370, ffffffff
072, LOC_CIVILIZATION_ROME_NAME, UNIT_WARRIOR (458755), 6, 38, 4, 47, 256, b57a7c9a
072, LOC_CIVILIZATION_ROME_NAME, UNIT_WARRIOR (458755), 6, 38, -9999, -9999, 2320, ffffffff
072, LOC_CIVILIZATION_ROME_NAME, UNIT_WARRIOR (458755), 6, 38, -9999, -9999, 2305, ffffffff
072, LOC_CIVILIZATION_ROME_NAME, UNIT_WARRIOR (458755), 6, 38, -9999, -9999, 2304, ffffffff
072, LOC_CIVILIZATION_ROME_NAME, UNIT_WARRIOR (458755), 6, 38, -9999, -9999, 2370, ffffffff
072, LOC_CIVILIZATION_ROME_NAME, UNIT_WARRIOR (458755), 6, 38, 4, 47, 256, b57a7c9a
072, LOC_CIVILIZATION_ROME_NAME, UNIT_BUILDER (589824), 6, 39, -9999, -9999, 2320, ffffffff
072, LOC_CIVILIZATION_ROME_NAME, UNIT_BUILDER (589824), 6, 39, -9999, -9999, 2305, ffffffff
072, LOC_CIVILIZATION_ROME_NAME, UNIT_BUILDER (589824), 6, 39, -9999, -9999, 2304, ffffffff
072, LOC_CIVILIZATION_ROME_NAME, UNIT_BUILDER (589824), 6, 39, 8, 36, 16656, 4dedffb6
072, LOC_CIVILIZATION_ROME_NAME, UNIT_BUILDER (589824), 6, 39, 8, 37, 16656, 821de917
072, LOC_CIVILIZATION_ROME_NAME, UNIT_BUILDER (589824), 6, 39, 9, 38, 16656, 50145d5d
072, LOC_CIVILIZATION_ROME_NAME, UNIT_BUILDER (589824), 6, 39, 8, 39, 16656, c06586e9
072, LOC_CIVILIZATION_ROME_NAME, UNIT_BUILDER (589824), 6, 39, 9, 39, 16656, 22d9d715
072, LOC_CIVILIZATION_ROME_NAME, UNIT_BUILDER (589824), 6, 39, 9, 40, 16656, 744d63e3
072, LOC_CIVILIZATION_ROME_NAME, UNIT_WARRIOR (131073), 7, 39, 9, 40, 16400, 3a015617
072, LOC_CIVILIZATION_ROME_NAME, UNIT_WARRIOR (131073), 7, 39, -9999, -9999, 2064, ffffffff
072, LOC_CIVILIZATION_ROME_NAME, UNIT_WARRIOR (131073), 7, 39, -9999, -9999, 2049, ffffffff
072, LOC_CIVILIZATION_ROME_NAME, UNIT_WARRIOR (131073), 7, 39, -9999, -9999, 2048, ffffffff
072, LOC_CIVILIZATION_ROME_NAME, UNIT_WARRIOR (131073), 7, 39, -9999, -9999, 2114, ffffffff
072, LOC_CIVILIZATION_ROME_NAME, UNIT_WARRIOR (131073), 7, 39, 4, 47, 0, 6e87f49e
072, LOC_CIVILIZATION_ROME_NAME, UNIT_WARRIOR (131073), 7, 39, 9, 40, 16400, 3a015617
072, LOC_CIVILIZATION_ROME_NAME, UNIT_WARRIOR (131073), 7, 39, 9, 40, 16400, 3a015617
072, LOC_CIVILIZATION_ROME_NAME, UNIT_WARRIOR (131073), 7, 39, -9999, -9999, 2064, ffffffff
072, LOC_CIVILIZATION_ROME_NAME, UNIT_WARRIOR (131073), 7, 39, -9999, -9999, 2049, ffffffff
072, LOC_CIVILIZATION_ROME_NAME, UNIT_WARRIOR (131073), 7, 39, -9999, -9999, 2048, ffffffff
072, LOC_CIVILIZATION_ROME_NAME, UNIT_WARRIOR (131073), 7, 39, -9999, -9999, 2114, ffffffff
072, LOC_CIVILIZATION_ROME_NAME, UNIT_WARRIOR (131073), 7, 39, 4, 47, 0, 6e87f49e
072, LOC_CIVILIZATION_ROME_NAME, UNIT_WARRIOR (131073), 7, 39, 9, 40, 16400, 3a015617
072, LOC_CIVILIZATION_ROME_NAME, UNIT_WARRIOR (131073), 7, 39, -9999, -9999, 2114, ffffffff
072, LOC_CIVILIZATION_ROME_NAME, UNIT_WARRIOR (131073), 7, 39, 4, 47, 0, 6e87f49e
072, LOC_CIVILIZATION_ROME_NAME, UNIT_WARRIOR (458755), 6, 38, -9999, -9999, 2320, ffffffff
072, LOC_CIVILIZATION_ROME_NAME, UNIT_WARRIOR (458755), 6, 38, -9999, -9999, 2305, ffffffff
072, LOC_CIVILIZATION_ROME_NAME, UNIT_WARRIOR (458755), 6, 38, -9999, -9999, 2304, ffffffff
072, LOC_CIVILIZATION_ROME_NAME, UNIT_WARRIOR (458755), 6, 38, -9999, -9999, 2370, ffffffff
072, LOC_CIVILIZATION_ROME_NAME, UNIT_WARRIOR (458755), 6, 38, 4, 47, 256, b57a7c9a
072, LOC_CIVILIZATION_ROME_NAME, UNIT_WARRIOR (458755), 6, 38, -9999, -9999, 2370, ffffffff
072, LOC_CIVILIZATION_ROME_NAME, UNIT_WARRIOR (458755), 6, 38, 4, 47, 256, b57a7c9a
072, LOC_CIVILIZATION_ROME_NAME, UNIT_ARCHER (720901), 8, 38, -9999, -9999, 2320, ffffffff
072, LOC_CIVILIZATION_ROME_NAME, UNIT_ARCHER (720901), 8, 38, -9999, -9999, 2305, ffffffff
072, LOC_CIVILIZATION_ROME_NAME, UNIT_ARCHER (720901), 8, 38, -9999, -9999, 2304, ffffffff
072, LOC_CIVILIZATION_ROME_NAME, UNIT_ARCHER (720901), 8, 38, -9999, -9999, 2370, ffffffff
072, LOC_CIVILIZATION_ROME_NAME, UNIT_ARCHER (720901), 8, 38, 9, 34, 256, 658bb428
072, LOC_CIVILIZATION_ROME_NAME, UNIT_ARCHER (720901), 8, 38, -9999, -9999, 2370, ffffffff
072, LOC_CIVILIZATION_ROME_NAME, UNIT_ARCHER (720901), 8, 38, 9, 34, 256, 658bb428
072, LOC_CIVILIZATION_ROME_NAME, UNIT_ARCHER (720901), 8, 38, 9, 38, 16656, 520d765d
073, LOC_CIVILIZATION_ROME_NAME, UNIT_WARRIOR (131073), 7, 39, -9999, -9999, 2320, ffffffff
073, LOC_CIVILIZATION_ROME_NAME, UNIT_WARRIOR (131073), 7, 39, -9999, -9999, 2305, ffffffff
073, LOC_CIVILIZATION_ROME_NAME, UNIT_WARRIOR (131073), 7, 39, -9999, -9999, 2304, ffffffff
073, LOC_CIVILIZATION_ROME_NAME, UNIT_WARRIOR (131073), 7, 39, -9999, -9999, 2370, ffffffff
073, LOC_CIVILIZATION_ROME_NAME, UNIT_WARRIOR (131073), 7, 39, 4, 47, 256, 6e87f49e
073, LOC_CIVILIZATION_ROME_NAME, UNIT_WARRIOR (131073), 7, 39, -9999, -9999, 2370, ffffffff
073, LOC_CIVILIZATION_ROME_NAME, UNIT_WARRIOR (131073), 7, 39, 4, 47, 256, 6e87f49e
073, LOC_CIVILIZATION_ROME_NAME, UNIT_WARRIOR (131073), 7, 39, 8, 39, 16656, 14838471
073, LOC_CIVILIZATION_ROME_NAME, UNIT_WARRIOR (458755), 6, 38, -9999, -9999, 2320, ffffffff
073, LOC_CIVILIZATION_ROME_NAME, UNIT_WARRIOR (458755), 6, 38, -9999, -9999, 2305, ffffffff
073, LOC_CIVILIZATION_ROME_NAME, UNIT_WARRIOR (458755), 6, 38, -9999, -9999, 2304, ffffffff
073, LOC_CIVILIZATION_ROME_NAME, UNIT_WARRIOR (458755), 6, 38, -9999, -9999, 2370, ffffffff
073, LOC_CIVILIZATION_ROME_NAME, UNIT_WARRIOR (458755), 6, 38, 4, 47, 256, 1b85d32e
073, LOC_CIVILIZATION_ROME_NAME, UNIT_WARRIOR (458755), 6, 38, -9999, -9999, 2370, ffffffff
073, LOC_CIVILIZATION_ROME_NAME, UNIT_WARRIOR (458755), 6, 38, 4, 47, 256, 1b85d32e
073, LOC_CIVILIZATION_ROME_NAME, UNIT_WARRIOR (458755), 6, 38, 5, 39, 16656, 2e21c784
073, LOC_CIVILIZATION_ROME_NAME, UNIT_ARCHER (720901), 9, 38, -9999, -9999, 2320, ffffffff
073, LOC_CIVILIZATION_ROME_NAME, UNIT_ARCHER (720901), 9, 38, -9999, -9999, 2305, ffffffff
073, LOC_CIVILIZATION_ROME_NAME, UNIT_ARCHER (720901), 9, 38, -9999, -9999, 2304, ffffffff
073, LOC_CIVILIZATION_ROME_NAME, UNIT_ARCHER (720901), 9, 38, -9999, -9999, 2370, ffffffff
073, LOC_CIVILIZATION_ROME_NAME, UNIT_ARCHER (720901), 9, 38, 9, 34, 256, 66030123
073, LOC_CIVILIZATION_ROME_NAME, UNIT_ARCHER (720901), 9, 38, -9999, -9999, 2370, ffffffff
073, LOC_CIVILIZATION_ROME_NAME, UNIT_ARCHER (720901), 9, 38, 9, 34, 256, 66030123
074, LOC_CIVILIZATION_ROME_NAME, UNIT_WARRIOR (131073), 8, 39, -9999, -9999, 2320, ffffffff
074, LOC_CIVILIZATION_ROME_NAME, UNIT_WARRIOR (131073), 8, 39, -9999, -9999, 2305, ffffffff
074, LOC_CIVILIZATION_ROME_NAME, UNIT_WARRIOR (131073), 8, 39, -9999, -9999, 2304, ffffffff
074, LOC_CIVILIZATION_ROME_NAME, UNIT_WARRIOR (131073), 8, 39, -9999, -9999, 2370, ffffffff
074, LOC_CIVILIZATION_ROME_NAME, UNIT_WARRIOR (131073), 8, 39, 9, 34, 256, 5d0f9fc0
074, LOC_CIVILIZATION_ROME_NAME, UNIT_WARRIOR (131073), 8, 39, -9999, -9999, 2370, ffffffff
074, LOC_CIVILIZATION_ROME_NAME, UNIT_WARRIOR (131073), 8, 39, 9, 34, 256, 5d0f9fc0
074, LOC_CIVILIZATION_ROME_NAME, UNIT_WARRIOR (131073), 8, 39, -9999, -9999, 2370, ffffffff
074, LOC_CIVILIZATION_ROME_NAME, UNIT_WARRIOR (131073), 8, 39, 9, 34, 256, 5d0f9fc0
074, LOC_CIVILIZATION_ROME_NAME, UNIT_WARRIOR (131073), 8, 39, -9999, -9999, 2320, ffffffff
074, LOC_CIVILIZATION_ROME_NAME, UNIT_WARRIOR (131073), 8, 39, -9999, -9999, 2305, ffffffff
074, LOC_CIVILIZATION_ROME_NAME, UNIT_WARRIOR (131073), 8, 39, -9999, -9999, 2304, ffffffff
074, LOC_CIVILIZATION_ROME_NAME, UNIT_WARRIOR (131073), 8, 39, -9999, -9999, 2320, ffffffff
074, LOC_CIVILIZATION_ROME_NAME, UNIT_WARRIOR (131073), 8, 39, -9999, -9999, 2305, ffffffff
074, LOC_CIVILIZATION_ROME_NAME, UNIT_WARRIOR (131073), 8, 39, -9999, -9999, 2304, ffffffff
074, LOC_CIVILIZATION_ROME_NAME, UNIT_WARRIOR (131073), 8, 39, -9999, -9999, 2370, ffffffff
074, LOC_CIVILIZATION_ROME_NAME, UNIT_WARRIOR (131073), 8, 39, 9, 34, 256, 5d0f9fc0
074, LOC_CIVILIZATION_ROME_NAME, UNIT_WARRIOR (131073), 8, 39, -9999, -9999, 2320, ffffffff
074, LOC_CIVILIZATION_ROME_NAME, UNIT_WARRIOR (131073), 8, 39, -9999, -9999, 2305, ffffffff
074, LOC_CIVILIZATION_ROME_NAME, UNIT_WARRIOR (131073), 8, 39, -9999, -9999, 2304, ffffffff
074, LOC_CIVILIZATION_ROME_NAME, UNIT_WARRIOR (131073), 8, 39, -9999, -9999, 2320, ffffffff
074, LOC_CIVILIZATION_ROME_NAME, UNIT_WARRIOR (131073), 8, 39, -9999, -9999, 2305, ffffffff
074, LOC_CIVILIZATION_ROME_NAME, UNIT_WARRIOR (131073), 8, 39, -9999, -9999, 2304, ffffffff
074, LOC_CIVILIZATION_ROME_NAME, UNIT_WARRIOR (131073), 8, 39, 9, 40, 16656, 711c266c
074, LOC_CIVILIZATION_ROME_NAME, UNIT_WARRIOR (458755), 5, 39, -9999, -9999, 2320, ffffffff
074, LOC_CIVILIZATION_ROME_NAME, UNIT_WARRIOR (458755), 5, 39, -9999, -9999, 2305, ffffffff
074, LOC_CIVILIZATION_ROME_NAME, UNIT_WARRIOR (458755), 5, 39, -9999, -9999, 2304, ffffffff
074, LOC_CIVILIZATION_ROME_NAME, UNIT_WARRIOR (458755), 5, 39, -9999, -9999, 2370, ffffffff
074, LOC_CIVILIZATION_ROME_NAME, UNIT_WARRIOR (458755), 5, 39, 4, 47, 256, 8857bbd2
074, LOC_CIVILIZATION_ROME_NAME, UNIT_WARRIOR (458755), 5, 39, -9999, -9999, 2370, ffffffff
074, LOC_CIVILIZATION_ROME_NAME, UNIT_WARRIOR (458755), 5, 39, 4, 47, 256, 8857bbd2
074, LOC_CIVILIZATION_ROME_NAME, UNIT_WARRIOR (458755), 5, 39, 6, 40, 16656, 5a56ec1d
075, LOC_CIVILIZATION_ROME_NAME, UNIT_WARRIOR (131073), 9, 40, -9999, -9999, 2320, ffffffff
075, LOC_CIVILIZATION_ROME_NAME, UNIT_WARRIOR (131073), 9, 40, -9999, -9999, 2305, ffffffff
075, LOC_CIVILIZATION_ROME_NAME, UNIT_WARRIOR (131073), 9, 40, -9999, -9999, 2304, ffffffff
075, LOC_CIVILIZATION_ROME_NAME, UNIT_WARRIOR (131073), 9, 40, -9999, -9999, 2320, ffffffff
075, LOC_CIVILIZATION_ROME_NAME, UNIT_WARRIOR (131073), 9, 40, -9999, -9999, 2305, ffffffff
075, LOC_CIVILIZATION_ROME_NAME, UNIT_WARRIOR (131073), 9, 40, -9999, -9999, 2304, ffffffff
075, LOC_CIVILIZATION_ROME_NAME, UNIT_WARRIOR (131073), 9, 40, -9999, -9999, 2320, ffffffff
075, LOC_CIVILIZATION_ROME_NAME, UNIT_WARRIOR (131073), 9, 40, -9999, -9999, 2305, ffffffff
075, LOC_CIVILIZATION_ROME_NAME, UNIT_WARRIOR (131073), 9, 40, -9999, -9999, 2304, ffffffff
075, LOC_CIVILIZATION_ROME_NAME, UNIT_WARRIOR (131073), 9, 40, -9999, -9999, 2370, ffffffff
075, LOC_CIVILIZATION_ROME_NAME, UNIT_WARRIOR (131073), 9, 40, 9, 34, 256, 13458337
075, LOC_CIVILIZATION_ROME_NAME, UNIT_WARRIOR (131073), 9, 40, -9999, -9999, 2320, ffffffff
075, LOC_CIVILIZATION_ROME_NAME, UNIT_WARRIOR (131073), 9, 40, -9999, -9999, 2305, ffffffff
075, LOC_CIVILIZATION_ROME_NAME, UNIT_WARRIOR (131073), 9, 40, -9999, -9999, 2304, ffffffff
075, LOC_CIVILIZATION_ROME_NAME, UNIT_WARRIOR (131073), 9, 40, -9999, -9999, 2320, ffffffff
075, LOC_CIVILIZATION_ROME_NAME, UNIT_WARRIOR (131073), 9, 40, -9999, -9999, 2305, ffffffff
075, LOC_CIVILIZATION_ROME_NAME, UNIT_WARRIOR (131073), 9, 40, -9999, -9999, 2304, ffffffff
075, LOC_CIVILIZATION_ROME_NAME, UNIT_WARRIOR (131073), 9, 40, -9999, -9999, 2370, ffffffff
075, LOC_CIVILIZATION_ROME_NAME, UNIT_WARRIOR (131073), 9, 40, 9, 34, 256, 13458337
075, LOC_CIVILIZATION_ROME_NAME, UNIT_WARRIOR (131073), 9, 40, -9999, -9999, 2370, ffffffff
075, LOC_CIVILIZATION_ROME_NAME, UNIT_WARRIOR (131073), 9, 40, 9, 34, 256, 13458337
075, LOC_CIVILIZATION_ROME_NAME, UNIT_WARRIOR (458755), 6, 40, -9999, -9999, 2320, ffffffff
075, LOC_CIVILIZATION_ROME_NAME, UNIT_WARRIOR (458755), 6, 40, -9999, -9999, 2305, ffffffff
075, LOC_CIVILIZATION_ROME_NAME, UNIT_WARRIOR (458755), 6, 40, -9999, -9999, 2304, ffffffff
075, LOC_CIVILIZATION_ROME_NAME, UNIT_WARRIOR (458755), 6, 40, -9999, -9999, 2370, ffffffff
075, LOC_CIVILIZATION_ROME_NAME, UNIT_WARRIOR (458755), 6, 40, 4, 47, 256, b0dd0321
075, LOC_CIVILIZATION_ROME_NAME, UNIT_WARRIOR (458755), 6, 40, -9999, -9999, 2370, ffffffff
075, LOC_CIVILIZATION_ROME_NAME, UNIT_WARRIOR (458755), 6, 40, 4, 47, 256, b0dd0321
075, LOC_CIVILIZATION_ROME_NAME, UNIT_WARRIOR (458755), 6, 40, 6, 42, 16656, ad92a366
076, LOC_CIVILIZATION_ROME_NAME, UNIT_WARRIOR (458755), 6, 42, -9999, -9999, 2320, ffffffff
076, LOC_CIVILIZATION_ROME_NAME, UNIT_WARRIOR (458755), 6, 42, -9999, -9999, 2305, ffffffff
076, LOC_CIVILIZATION_ROME_NAME, UNIT_WARRIOR (458755), 6, 42, -9999, -9999, 2304, ffffffff
076, LOC_CIVILIZATION_ROME_NAME, UNIT_WARRIOR (458755), 6, 42, -9999, -9999, 2370, ffffffff
076, LOC_CIVILIZATION_ROME_NAME, UNIT_WARRIOR (458755), 6, 42, 4, 47, 256, 675dd8cc
076, LOC_CIVILIZATION_ROME_NAME, UNIT_WARRIOR (458755), 6, 42, -9999, -9999, 2370, ffffffff
076, LOC_CIVILIZATION_ROME_NAME, UNIT_WARRIOR (458755), 6, 42, 4, 47, 256, 675dd8cc
076, LOC_CIVILIZATION_ROME_NAME, UNIT_WARRIOR (458755), 6, 42, -9999, -9999, 2320, ffffffff
076, LOC_CIVILIZATION_ROME_NAME, UNIT_WARRIOR (458755), 6, 42, -9999, -9999, 2305, ffffffff
076, LOC_CIVILIZATION_ROME_NAME, UNIT_WARRIOR (458755), 6, 42, -9999, -9999, 2304, ffffffff
076, LOC_CIVILIZATION_ROME_NAME, UNIT_WARRIOR (458755), 6, 42, -9999, -9999, 2370, ffffffff
076, LOC_CIVILIZATION_ROME_NAME, UNIT_WARRIOR (458755), 6, 42, 4, 47, 256, 675dd8cc
076, LOC_CIVILIZATION_ROME_NAME, UNIT_WARRIOR (458755), 6, 42, -9999, -9999, 2320, ffffffff
076, LOC_CIVILIZATION_ROME_NAME, UNIT_WARRIOR (458755), 6, 42, -9999, -9999, 2305, ffffffff
076, LOC_CIVILIZATION_ROME_NAME, UNIT_WARRIOR (458755), 6, 42, -9999, -9999, 2304, ffffffff
076, LOC_CIVILIZATION_ROME_NAME, UNIT_WARRIOR (458755), 6, 42, -9999, -9999, 2370, ffffffff
076, LOC_CIVILIZATION_ROME_NAME, UNIT_WARRIOR (458755), 6, 42, 4, 47, 256, 675dd8cc
076, LOC_CIVILIZATION_ROME_NAME, UNIT_WARRIOR (458755), 6, 42, 7, 42, 16656, ffffffff
076, LOC_CIVILIZATION_ROME_NAME, UNIT_WARRIOR (458755), 6, 42, -9999, -9999, 2370, ffffffff
076, LOC_CIVILIZATION_ROME_NAME, UNIT_WARRIOR (458755), 6, 42, 4, 47, 256, 675dd8cc
076, LOC_CIVILIZATION_ROME_NAME, UNIT_WARRIOR (458755), 6, 42, 5, 42, 16656, 3e0a9b56
077, LOC_CIVILIZATION_ROME_NAME, UNIT_WARRIOR (458755), 5, 42, -9999, -9999, 2320, ffffffff
077, LOC_CIVILIZATION_ROME_NAME, UNIT_WARRIOR (458755), 5, 42, -9999, -9999, 2305, ffffffff
077, LOC_CIVILIZATION_ROME_NAME, UNIT_WARRIOR (458755), 5, 42, -9999, -9999, 2304, ffffffff
077, LOC_CIVILIZATION_ROME_NAME, UNIT_WARRIOR (458755), 5, 42, -9999, -9999, 2370, ffffffff
077, LOC_CIVILIZATION_ROME_NAME, UNIT_WARRIOR (458755), 5, 42, -9999, -9999, 2370, ffffffff
077, LOC_CIVILIZATION_ROME_NAME, UNIT_WARRIOR (458755), 5, 42, 6, 42, 16656, a230335b
077, LOC_CIVILIZATION_ROME_NAME, UNIT_WARRIOR (458755), 6, 42, -9999, -9999, 2114, ffffffff
077, LOC_CIVILIZATION_ROME_NAME, UNIT_WARRIOR (458755), 6, 42, 4, 47, 0, 675dd8cc
078, LOC_CIVILIZATION_ROME_NAME, UNIT_WARRIOR (458755), 6, 42, -9999, -9999, 2320, ffffffff
078, LOC_CIVILIZATION_ROME_NAME, UNIT_WARRIOR (458755), 6, 42, -9999, -9999, 2305, ffffffff
078, LOC_CIVILIZATION_ROME_NAME, UNIT_WARRIOR (458755), 6, 42, -9999, -9999, 2304, ffffffff
078, LOC_CIVILIZATION_ROME_NAME, UNIT_WARRIOR (458755), 6, 42, -9999, -9999, 2370, ffffffff
078, LOC_CIVILIZATION_ROME_NAME, UNIT_WARRIOR (458755), 6, 42, 4, 47, 256, 675dd8cc
078, LOC_CIVILIZATION_ROME_NAME, UNIT_WARRIOR (458755), 6, 42, -9999, -9999, 2370, ffffffff
078, LOC_CIVILIZATION_ROME_NAME, UNIT_WARRIOR (458755), 6, 42, 4, 47, 256, 675dd8cc
078, LOC_CIVILIZATION_ROME_NAME, UNIT_WARRIOR (131073), 9, 40, -9999, -9999, 2320, ffffffff
078, LOC_CIVILIZATION_ROME_NAME, UNIT_WARRIOR (131073), 9, 40, -9999, -9999, 2305, ffffffff
078, LOC_CIVILIZATION_ROME_NAME, UNIT_WARRIOR (131073), 9, 40, -9999, -9999, 2304, ffffffff
078, LOC_CIVILIZATION_ROME_NAME, UNIT_WARRIOR (131073), 9, 40, -9999, -9999, 2370, ffffffff
078, LOC_CIVILIZATION_ROME_NAME, UNIT_WARRIOR (131073), 9, 40, 9, 34, 256, 13458337
078, LOC_CIVILIZATION_ROME_NAME, UNIT_WARRIOR (131073), 9, 40, -9999, -9999, 2370, ffffffff
078, LOC_CIVILIZATION_ROME_NAME, UNIT_WARRIOR (131073), 9, 40, 9, 34, 256, 13458337
078, LOC_CIVILIZATION_ROME_NAME, UNIT_WARRIOR (131073), 9, 40, 9, 41, 16656, 85648e63
079, LOC_CIVILIZATION_ROME_NAME, UNIT_WARRIOR (131073), 9, 41, -9999, -9999, 2320, ffffffff
079, LOC_CIVILIZATION_ROME_NAME, UNIT_WARRIOR (131073), 9, 41, -9999, -9999, 2305, ffffffff
079, LOC_CIVILIZATION_ROME_NAME, UNIT_WARRIOR (131073), 9, 41, -9999, -9999, 2304, ffffffff
079, LOC_CIVILIZATION_ROME_NAME, UNIT_WARRIOR (131073), 9, 41, -9999, -9999, 2370, ffffffff
079, LOC_CIVILIZATION_ROME_NAME, UNIT_WARRIOR (131073), 9, 41, 9, 34, 256, be714f3e
079, LOC_CIVILIZATION_ROME_NAME, UNIT_WARRIOR (131073), 9, 41, -9999, -9999, 2370, ffffffff
079, LOC_CIVILIZATION_ROME_NAME, UNIT_WARRIOR (131073), 9, 41, 9, 34, 256, be714f3e
079, LOC_CIVILIZATION_ROME_NAME, UNIT_ARCHER (720901), 9, 38, -9999, -9999, 2320, ffffffff
079, LOC_CIVILIZATION_ROME_NAME, UNIT_ARCHER (720901), 9, 38, -9999, -9999, 2305, ffffffff
079, LOC_CIVILIZATION_ROME_NAME, UNIT_ARCHER (720901), 9, 38, -9999, -9999, 2304, ffffffff
079, LOC_CIVILIZATION_ROME_NAME, UNIT_ARCHER (720901), 9, 38, -9999, -9999, 2370, ffffffff
079, LOC_CIVILIZATION_ROME_NAME, UNIT_ARCHER (720901), 9, 38, 9, 34, 256, 66030123
079, LOC_CIVILIZATION_ROME_NAME, UNIT_WARRIOR (131073), 9, 41, -9999, -9999, 2320, ffffffff
079, LOC_CIVILIZATION_ROME_NAME, UNIT_WARRIOR (131073), 9, 41, -9999, -9999, 2305, ffffffff
079, LOC_CIVILIZATION_ROME_NAME, UNIT_WARRIOR (131073), 9, 41, -9999, -9999, 2304, ffffffff
079, LOC_CIVILIZATION_ROME_NAME, UNIT_WARRIOR (131073), 9, 41, -9999, -9999, 2370, ffffffff
079, LOC_CIVILIZATION_ROME_NAME, UNIT_WARRIOR (131073), 9, 41, 9, 34, 256, 46a14676
079, LOC_CIVILIZATION_ROME_NAME, UNIT_WARRIOR (131073), 9, 41, 10, 40, 16656, d9ac6b64
080, LOC_CIVILIZATION_ROME_NAME, UNIT_WARRIOR (131073), 10, 40, -9999, -9999, 2320, ffffffff
080, LOC_CIVILIZATION_ROME_NAME, UNIT_WARRIOR (131073), 10, 40, -9999, -9999, 2305, ffffffff
080, LOC_CIVILIZATION_ROME_NAME, UNIT_WARRIOR (131073), 10, 40, -9999, -9999, 2304, ffffffff
080, LOC_CIVILIZATION_ROME_NAME, UNIT_WARRIOR (131073), 10, 40, -9999, -9999, 2370, ffffffff
080, LOC_CIVILIZATION_ROME_NAME, UNIT_WARRIOR (131073), 10, 40, 9, 34, 256, 3d12d3a7
080, LOC_CIVILIZATION_ROME_NAME, UNIT_WARRIOR (131073), 10, 40, -9999, -9999, 2370, ffffffff
080, LOC_CIVILIZATION_ROME_NAME, UNIT_WARRIOR (131073), 10, 40, 9, 34, 256, 3d12d3a7
080, LOC_CIVILIZATION_ROME_NAME, UNIT_WARRIOR (131073), 10, 40, 10, 39, 16656, 2354471e
080, LOC_CIVILIZATION_ROME_NAME, UNIT_WARRIOR (131073), 10, 39, -9999, -9999, 2114, ffffffff
080, LOC_CIVILIZATION_ROME_NAME, UNIT_WARRIOR (131073), 10, 39, 9, 34, 0, bc7a7ac5
080, LOC_CIVILIZATION_ROME_NAME, UNIT_WARRIOR (131073), 10, 39, -9999, -9999, 2064, ffffffff
080, LOC_CIVILIZATION_ROME_NAME, UNIT_WARRIOR (131073), 10, 39, -9999, -9999, 2049, ffffffff
080, LOC_CIVILIZATION_ROME_NAME, UNIT_WARRIOR (131073), 10, 39, -9999, -9999, 2048, ffffffff
080, LOC_CIVILIZATION_ROME_NAME, UNIT_WARRIOR (131073), 10, 39, -9999, -9999, 2114, ffffffff
080, LOC_CIVILIZATION_ROME_NAME, UNIT_WARRIOR (131073), 10, 39, 9, 34, 0, bc7a7ac5
080, LOC_CIVILIZATION_ROME_NAME, UNIT_ARCHER (720901), 9, 38, -9999, -9999, 2320, ffffffff
080, LOC_CIVILIZATION_ROME_NAME, UNIT_ARCHER (720901), 9, 38, -9999, -9999, 2305, ffffffff
080, LOC_CIVILIZATION_ROME_NAME, UNIT_ARCHER (720901), 9, 38, -9999, -9999, 2304, ffffffff
080, LOC_CIVILIZATION_ROME_NAME, UNIT_ARCHER (720901), 9, 38, -9999, -9999, 2370, ffffffff
080, LOC_CIVILIZATION_ROME_NAME, UNIT_ARCHER (720901), 9, 38, 9, 34, 256, 66030123
080, LOC_CIVILIZATION_ROME_NAME, UNIT_ARCHER (720901), 9, 38, 10, 37, 16656, 31915a65
080, LOC_CIVILIZATION_ROME_NAME, UNIT_WARRIOR (131073), 10, 39, -9999, -9999, 2064, ffffffff
080, LOC_CIVILIZATION_ROME_NAME, UNIT_WARRIOR (131073), 10, 39, -9999, -9999, 2049, ffffffff
080, LOC_CIVILIZATION_ROME_NAME, UNIT_WARRIOR (131073), 10, 39, -9999, -9999, 2048, ffffffff
080, LOC_CIVILIZATION_ROME_NAME, UNIT_WARRIOR (131073), 10, 39, -9999, -9999, 2114, ffffffff
080, LOC_CIVILIZATION_ROME_NAME, UNIT_WARRIOR (131073), 10, 39, 9, 34, 0, 2e861c59
080, LOC_CIVILIZATION_ROME_NAME, UNIT_WARRIOR (131073), 10, 39, -9999, -9999, 2114, ffffffff
080, LOC_CIVILIZATION_ROME_NAME, UNIT_WARRIOR (131073), 10, 39, 9, 34, 0, 2e861c59
080, LOC_CIVILIZATION_ROME_NAME, UNIT_WARRIOR (131073), 10, 39, 11, 39, 16400, 68665b4f
080, LOC_CIVILIZATION_ROME_NAME, UNIT_WARRIOR (458755), 6, 42, -9999, -9999, 2320, ffffffff
080, LOC_CIVILIZATION_ROME_NAME, UNIT_WARRIOR (458755), 6, 42, -9999, -9999, 2305, ffffffff
080, LOC_CIVILIZATION_ROME_NAME, UNIT_WARRIOR (458755), 6, 42, -9999, -9999, 2304, ffffffff
080, LOC_CIVILIZATION_ROME_NAME, UNIT_WARRIOR (458755), 6, 42, -9999, -9999, 2370, ffffffff
080, LOC_CIVILIZATION_ROME_NAME, UNIT_WARRIOR (458755), 6, 42, 4, 47, 256, 675dd8cc
080, LOC_CIVILIZATION_ROME_NAME, UNIT_WARRIOR (458755), 6, 42, 5, 42, 16656, 3e0a9b56
081, LOC_CIVILIZATION_ROME_NAME, UNIT_WARRIOR (458755), 5, 42, -9999, -9999, 2320, ffffffff
081, LOC_CIVILIZATION_ROME_NAME, UNIT_WARRIOR (458755), 5, 42, -9999, -9999, 2305, ffffffff
081, LOC_CIVILIZATION_ROME_NAME, UNIT_WARRIOR (458755), 5, 42, -9999, -9999, 2304, ffffffff
081, LOC_CIVILIZATION_ROME_NAME, UNIT_WARRIOR (458755), 5, 42, -9999, -9999, 2370, ffffffff
081, LOC_CIVILIZATION_ROME_NAME, UNIT_WARRIOR (458755), 5, 42, 4, 47, 256, c9790f05
081, LOC_CIVILIZATION_ROME_NAME, UNIT_WARRIOR (458755), 5, 42, -9999, -9999, 2320, ffffffff
081, LOC_CIVILIZATION_ROME_NAME, UNIT_WARRIOR (458755), 5, 42, -9999, -9999, 2305, ffffffff
081, LOC_CIVILIZATION_ROME_NAME, UNIT_WARRIOR (458755), 5, 42, -9999, -9999, 2304, ffffffff
081, LOC_CIVILIZATION_ROME_NAME, UNIT_WARRIOR (458755), 5, 42, -9999, -9999, 2370, ffffffff
081, LOC_CIVILIZATION_ROME_NAME, UNIT_WARRIOR (458755), 5, 42, 4, 47, 256, c9790f05
081, LOC_CIVILIZATION_ROME_NAME, UNIT_WARRIOR (131073), 11, 39, -9999, -9999, 2320, ffffffff
081, LOC_CIVILIZATION_ROME_NAME, UNIT_WARRIOR (131073), 11, 39, -9999, -9999, 2305, ffffffff
081, LOC_CIVILIZATION_ROME_NAME, UNIT_WARRIOR (131073), 11, 39, -9999, -9999, 2304, ffffffff
081, LOC_CIVILIZATION_ROME_NAME, UNIT_WARRIOR (131073), 11, 39, -9999, -9999, 2370, ffffffff
081, LOC_CIVILIZATION_ROME_NAME, UNIT_WARRIOR (131073), 11, 39, 13, 35, 256,  bd9f102
081, LOC_CIVILIZATION_ROME_NAME, UNIT_WARRIOR (131073), 11, 39, -9999, -9999, 2370, ffffffff
081, LOC_CIVILIZATION_ROME_NAME, UNIT_WARRIOR (131073), 11, 39, 13, 35, 256,  bd9f102
081, LOC_CIVILIZATION_ROME_NAME, UNIT_ARCHER (720901), 10, 37, -9999, -9999, 2320, ffffffff
081, LOC_CIVILIZATION_ROME_NAME, UNIT_ARCHER (720901), 10, 37, -9999, -9999, 2305, ffffffff
081, LOC_CIVILIZATION_ROME_NAME, UNIT_ARCHER (720901), 10, 37, -9999, -9999, 2304, ffffffff
081, LOC_CIVILIZATION_ROME_NAME, UNIT_ARCHER (720901), 10, 37, -9999, -9999, 2370, ffffffff
081, LOC_CIVILIZATION_ROME_NAME, UNIT_WARRIOR (131073), 11, 39, -9999, -9999, 2320, ffffffff
081, LOC_CIVILIZATION_ROME_NAME, UNIT_WARRIOR (131073), 11, 39, -9999, -9999, 2305, ffffffff
081, LOC_CIVILIZATION_ROME_NAME, UNIT_WARRIOR (131073), 11, 39, -9999, -9999, 2304, ffffffff
081, LOC_CIVILIZATION_ROME_NAME, UNIT_WARRIOR (131073), 11, 39, -9999, -9999, 2370, ffffffff
081, LOC_CIVILIZATION_ROME_NAME, UNIT_WARRIOR (131073), 11, 39, 13, 35, 256,  bd9f102
081, LOC_CIVILIZATION_ROME_NAME, UNIT_WARRIOR (131073), 11, 39, 10, 39, 16656, 1c703cb4
081, LOC_CIVILIZATION_ROME_NAME, UNIT_WARRIOR (131073), 10, 39, -9999, -9999, 2114, ffffffff
081, LOC_CIVILIZATION_ROME_NAME, UNIT_WARRIOR (131073), 10, 39, 9, 34, 0, 2e861c59
081, LOC_CIVILIZATION_ROME_NAME, UNIT_WARRIOR (131073), 10, 39, -9999, -9999, 2064, ffffffff
081, LOC_CIVILIZATION_ROME_NAME, UNIT_WARRIOR (131073), 10, 39, -9999, -9999, 2049, ffffffff
081, LOC_CIVILIZATION_ROME_NAME, UNIT_WARRIOR (131073), 10, 39, -9999, -9999, 2048, ffffffff
081, LOC_CIVILIZATION_ROME_NAME, UNIT_WARRIOR (131073), 10, 39, -9999, -9999, 2114, ffffffff
081, LOC_CIVILIZATION_ROME_NAME, UNIT_WARRIOR (131073), 10, 39, 9, 34, 0, 2e861c59
081, LOC_CIVILIZATION_ROME_NAME, UNIT_ARCHER (720901), 10, 37, -9999, -9999, 2320, ffffffff
081, LOC_CIVILIZATION_ROME_NAME, UNIT_ARCHER (720901), 10, 37, -9999, -9999, 2305, ffffffff
081, LOC_CIVILIZATION_ROME_NAME, UNIT_ARCHER (720901), 10, 37, -9999, -9999, 2304, ffffffff
081, LOC_CIVILIZATION_ROME_NAME, UNIT_ARCHER (720901), 10, 37, -9999, -9999, 2370, ffffffff
081, LOC_CIVILIZATION_ROME_NAME, UNIT_ARCHER (720901), 10, 37, -9999, -9999, 2370, ffffffff
081, LOC_CIVILIZATION_ROME_NAME, UNIT_WARRIOR (131073), 10, 39, -9999, -9999, 2064, ffffffff
081, LOC_CIVILIZATION_ROME_NAME, UNIT_WARRIOR (131073), 10, 39, -9999, -9999, 2049, ffffffff
081, LOC_CIVILIZATION_ROME_NAME, UNIT_WARRIOR (131073), 10, 39, -9999, -9999, 2048, ffffffff
081, LOC_CIVILIZATION_ROME_NAME, UNIT_WARRIOR (131073), 10, 39, 9, 39, 16400, 2a435c32
081, LOC_CIVILIZATION_ROME_NAME, UNIT_ARCHER (720901), 10, 37, -9999, -9999, 2320, ffffffff
081, LOC_CIVILIZATION_ROME_NAME, UNIT_ARCHER (720901), 10, 37, -9999, -9999, 2305, ffffffff
081, LOC_CIVILIZATION_ROME_NAME, UNIT_ARCHER (720901), 10, 37, -9999, -9999, 2304, ffffffff
081, LOC_CIVILIZATION_ROME_NAME, UNIT_ARCHER (720901), 10, 37, 9, 37, 16656, 55bd9fbb
082, LOC_CIVILIZATION_ROME_NAME, UNIT_ARCHER (720901), 10, 37, -9999, -9999, 2370, ffffffff
082, LOC_CIVILIZATION_ROME_NAME, UNIT_ARCHER (720901), 10, 37, -9999, -9999, 2320, ffffffff
082, LOC_CIVILIZATION_ROME_NAME, UNIT_ARCHER (720901), 10, 37, -9999, -9999, 2305, ffffffff
082, LOC_CIVILIZATION_ROME_NAME, UNIT_ARCHER (720901), 10, 37, -9999, -9999, 2304, ffffffff
082, LOC_CIVILIZATION_ROME_NAME, UNIT_ARCHER (720901), 10, 37, -9999, -9999, 2370, ffffffff
082, LOC_CIVILIZATION_ROME_NAME, UNIT_WARRIOR (131073), 10, 39, -9999, -9999, 2320, ffffffff
082, LOC_CIVILIZATION_ROME_NAME, UNIT_WARRIOR (131073), 10, 39, -9999, -9999, 2305, ffffffff
082, LOC_CIVILIZATION_ROME_NAME, UNIT_WARRIOR (131073), 10, 39, -9999, -9999, 2304, ffffffff
082, LOC_CIVILIZATION_ROME_NAME, UNIT_WARRIOR (131073), 10, 39, -9999, -9999, 2370, ffffffff
082, LOC_CIVILIZATION_ROME_NAME, UNIT_WARRIOR (131073), 10, 39, 9, 34, 256, 8402ddd3
083, LOC_CIVILIZATION_ROME_NAME, UNIT_WARRIOR (458755), 5, 42, -9999, -9999, 2320, ffffffff
083, LOC_CIVILIZATION_ROME_NAME, UNIT_WARRIOR (458755), 5, 42, -9999, -9999, 2305, ffffffff
083, LOC_CIVILIZATION_ROME_NAME, UNIT_WARRIOR (458755), 5, 42, -9999, -9999, 2304, ffffffff
083, LOC_CIVILIZATION_ROME_NAME, UNIT_WARRIOR (458755), 5, 42, -9999, -9999, 2370, ffffffff
083, LOC_CIVILIZATION_ROME_NAME, UNIT_WARRIOR (458755), 5, 42, 4, 47, 256, c9790f05
083, LOC_CIVILIZATION_ROME_NAME, UNIT_WARRIOR (458755), 5, 42, -9999, -9999, 2370, ffffffff
083, LOC_CIVILIZATION_ROME_NAME, UNIT_WARRIOR (458755), 5, 42, 4, 47, 256, c9790f05
083, LOC_CIVILIZATION_ROME_NAME, UNIT_WARRIOR (458755), 5, 42, 4, 41, 16656, 66814688
084, LOC_CIVILIZATION_ROME_NAME, UNIT_WARRIOR (458755), 4, 41, -9999, -9999, 2320, ffffffff
084, LOC_CIVILIZATION_ROME_NAME, UNIT_WARRIOR (458755), 4, 41, -9999, -9999, 2305, ffffffff
084, LOC_CIVILIZATION_ROME_NAME, UNIT_WARRIOR (458755), 4, 41, -9999, -9999, 2304, ffffffff
084, LOC_CIVILIZATION_ROME_NAME, UNIT_WARRIOR (458755), 4, 41, -9999, -9999, 2370, ffffffff
084, LOC_CIVILIZATION_ROME_NAME, UNIT_WARRIOR (458755), 4, 41, 4, 47, 256, 7166a17a
084, LOC_CIVILIZATION_ROME_NAME, UNIT_WARRIOR (458755), 4, 41, -9999, -9999, 2370, ffffffff
084, LOC_CIVILIZATION_ROME_NAME, UNIT_WARRIOR (458755), 4, 41, 4, 47, 256, 7166a17a
084, LOC_CIVILIZATION_ROME_NAME, UNIT_WARRIOR (458755), 4, 41, -9999, -9999, 2064, ffffffff
084, LOC_CIVILIZATION_ROME_NAME, UNIT_WARRIOR (458755), 4, 41, -9999, -9999, 2049, ffffffff
084, LOC_CIVILIZATION_ROME_NAME, UNIT_WARRIOR (458755), 4, 41, -9999, -9999, 2048, ffffffff
085, LOC_CIVILIZATION_ROME_NAME, UNIT_WARRIOR (458755), 4, 41, -9999, -9999, 2320, ffffffff
085, LOC_CIVILIZATION_ROME_NAME, UNIT_WARRIOR (458755), 4, 41, -9999, -9999, 2305, ffffffff
085, LOC_CIVILIZATION_ROME_NAME, UNIT_WARRIOR (458755), 4, 41, -9999, -9999, 2304, ffffffff
085, LOC_CIVILIZATION_ROME_NAME, UNIT_WARRIOR (458755), 4, 41, -9999, -9999, 2370, ffffffff
085, LOC_CIVILIZATION_ROME_NAME, UNIT_WARRIOR (458755), 4, 41, 4, 47, 256, 7166a17a
085, LOC_CIVILIZATION_ROME_NAME, UNIT_WARRIOR (458755), 4, 41, -9999, -9999, 2320, ffffffff
085, LOC_CIVILIZATION_ROME_NAME, UNIT_WARRIOR (458755), 4, 41, -9999, -9999, 2305, ffffffff
085, LOC_CIVILIZATION_ROME_NAME, UNIT_WARRIOR (458755), 4, 41, -9999, -9999, 2304, ffffffff
085, LOC_CIVILIZATION_ROME_NAME, UNIT_WARRIOR (458755), 4, 41, -9999, -9999, 2370, ffffffff
085, LOC_CIVILIZATION_ROME_NAME, UNIT_WARRIOR (458755), 4, 41, 4, 47, 256, 7166a17a
085, LOC_CIVILIZATION_ROME_NAME, UNIT_WARRIOR (458755), 4, 41, -9999, -9999, 2320, ffffffff
085, LOC_CIVILIZATION_ROME_NAME, UNIT_WARRIOR (458755), 4, 41, -9999, -9999, 2305, ffffffff
085, LOC_CIVILIZATION_ROME_NAME, UNIT_WARRIOR (458755), 4, 41, -9999, -9999, 2304, ffffffff
085, LOC_CIVILIZATION_ROME_NAME, UNIT_WARRIOR (458755), 4, 41, -9999, -9999, 2370, ffffffff
085, LOC_CIVILIZATION_ROME_NAME, UNIT_WARRIOR (458755), 4, 41, 4, 47, 256, 7166a17a
085, LOC_CIVILIZATION_ROME_NAME, UNIT_WARRIOR (458755), 4, 41, -9999, -9999, 2320, ffffffff
085, LOC_CIVILIZATION_ROME_NAME, UNIT_WARRIOR (458755), 4, 41, -9999, -9999, 2305, ffffffff
085, LOC_CIVILIZATION_ROME_NAME, UNIT_WARRIOR (458755), 4, 41, -9999, -9999, 2304, ffffffff
085, LOC_CIVILIZATION_ROME_NAME, UNIT_WARRIOR (458755), 4, 41, -9999, -9999, 2370, ffffffff
085, LOC_CIVILIZATION_ROME_NAME, UNIT_WARRIOR (458755), 4, 41, 4, 47, 256, 7166a17a
085, LOC_CIVILIZATION_ROME_NAME, UNIT_WARRIOR (458755), 4, 41, 5, 42, 16656, bf2e001e
086, LOC_CIVILIZATION_ROME_NAME, UNIT_WARRIOR (458755), 5, 42, -9999, -9999, 2320, ffffffff
086, LOC_CIVILIZATION_ROME_NAME, UNIT_WARRIOR (458755), 5, 42, -9999, -9999, 2305, ffffffff
086, LOC_CIVILIZATION_ROME_NAME, UNIT_WARRIOR (458755), 5, 42, -9999, -9999, 2304, ffffffff
086, LOC_CIVILIZATION_ROME_NAME, UNIT_WARRIOR (458755), 5, 42, -9999, -9999, 2370, ffffffff
086, LOC_CIVILIZATION_ROME_NAME, UNIT_WARRIOR (458755), 5, 42, 4, 47, 256, c9790f05
086, LOC_CIVILIZATION_ROME_NAME, UNIT_WARRIOR (458755), 5, 42, -9999, -9999, 2370, ffffffff
086, LOC_CIVILIZATION_ROME_NAME, UNIT_WARRIOR (458755), 5, 42, 4, 47, 256, c9790f05
086, LOC_CIVILIZATION_ROME_NAME, UNIT_WARRIOR (458755), 5, 42, 4, 43, 16656, 2b49e783
086, LOC_CIVILIZATION_ROME_NAME, UNIT_WARRIOR (458755), 4, 43, -9999, -9999, 2114, ffffffff
086, LOC_CIVILIZATION_ROME_NAME, UNIT_WARRIOR (458755), 4, 43, 4, 47, 0, bf09e0a4
086, LOC_CIVILIZATION_ROME_NAME, UNIT_WARRIOR (458755), 4, 43, -9999, -9999, 2064, ffffffff
086, LOC_CIVILIZATION_ROME_NAME, UNIT_WARRIOR (458755), 4, 43, -9999, -9999, 2114, ffffffff
086, LOC_CIVILIZATION_ROME_NAME, UNIT_WARRIOR (458755), 4, 43, 4, 47, 0, bf09e0a4
086, LOC_CIVILIZATION_ROME_NAME, UNIT_WARRIOR (458755), 4, 43, 4, 44, 16400, 97eb811f
087, LOC_CIVILIZATION_ROME_NAME, UNIT_WARRIOR (131073), 10, 39, -9999, -9999, 2320, ffffffff
087, LOC_CIVILIZATION_ROME_NAME, UNIT_WARRIOR (131073), 10, 39, -9999, -9999, 2305, ffffffff
087, LOC_CIVILIZATION_ROME_NAME, UNIT_WARRIOR (131073), 10, 39, -9999, -9999, 2304, ffffffff
087, LOC_CIVILIZATION_ROME_NAME, UNIT_WARRIOR (131073), 10, 39, -9999, -9999, 2370, ffffffff
087, LOC_CIVILIZATION_ROME_NAME, UNIT_WARRIOR (131073), 10, 39, 9, 34, 256, 2e861c59
087, LOC_CIVILIZATION_ROME_NAME, UNIT_WARRIOR (131073), 10, 39, -9999, -9999, 2370, ffffffff
087, LOC_CIVILIZATION_ROME_NAME, UNIT_WARRIOR (131073), 10, 39, 9, 34, 256, 2e861c59
087, LOC_CIVILIZATION_ROME_NAME, UNIT_WARRIOR (131073), 10, 39, 9, 38, 16656, eb5e0c32
087, LOC_CIVILIZATION_ROME_NAME, UNIT_WARRIOR (131073), 9, 39, -9999, -9999, 2114, ffffffff
087, LOC_CIVILIZATION_ROME_NAME, UNIT_WARRIOR (131073), 9, 39, 9, 34, 0, 15fb0745
087, LOC_CIVILIZATION_ROME_NAME, UNIT_WARRIOR (131073), 9, 39, -9999, -9999, 2064, ffffffff
087, LOC_CIVILIZATION_ROME_NAME, UNIT_WARRIOR (131073), 9, 39, -9999, -9999, 2049, ffffffff
087, LOC_CIVILIZATION_ROME_NAME, UNIT_WARRIOR (131073), 9, 39, -9999, -9999, 2048, ffffffff
087, LOC_CIVILIZATION_ROME_NAME, UNIT_WARRIOR (458755), 4, 43, 4, 44, 16656, 97eb811f
087, LOC_CIVILIZATION_ROME_NAME, UNIT_WARRIOR (458755), 4, 43, -9999, -9999, 2320, ffffffff
087, LOC_CIVILIZATION_ROME_NAME, UNIT_WARRIOR (458755), 4, 43, -9999, -9999, 2305, ffffffff
087, LOC_CIVILIZATION_ROME_NAME, UNIT_WARRIOR (458755), 4, 43, -9999, -9999, 2304, ffffffff
087, LOC_CIVILIZATION_ROME_NAME, UNIT_WARRIOR (458755), 4, 43, -9999, -9999, 2370, ffffffff
087, LOC_CIVILIZATION_ROME_NAME, UNIT_WARRIOR (458755), 4, 43, 4, 44, 16656, 97eb811f
087, LOC_CIVILIZATION_ROME_NAME, UNIT_WARRIOR (458755), 4, 43, -9999, -9999, 2320, ffffffff
087, LOC_CIVILIZATION_ROME_NAME, UNIT_WARRIOR (458755), 4, 43, -9999, -9999, 2305, ffffffff
087, LOC_CIVILIZATION_ROME_NAME, UNIT_WARRIOR (458755), 4, 43, -9999, -9999, 2304, ffffffff
087, LOC_CIVILIZATION_ROME_NAME, UNIT_WARRIOR (458755), 4, 43, -9999, -9999, 2370, ffffffff
087, LOC_CIVILIZATION_ROME_NAME, UNIT_WARRIOR (458755), 4, 43, 4, 44, 16656, 97eb811f
087, LOC_CIVILIZATION_ROME_NAME, UNIT_WARRIOR (458755), 4, 43, -9999, -9999, 2320, ffffffff
087, LOC_CIVILIZATION_ROME_NAME, UNIT_WARRIOR (458755), 4, 43, -9999, -9999, 2305, ffffffff
087, LOC_CIVILIZATION_ROME_NAME, UNIT_WARRIOR (458755), 4, 43, -9999, -9999, 2304, ffffffff
087, LOC_CIVILIZATION_ROME_NAME, UNIT_WARRIOR (458755), 4, 43, -9999, -9999, 2370, ffffffff
088, LOC_CIVILIZATION_ROME_NAME, UNIT_WARRIOR (458755), 4, 44, -9999, -9999, 2320, ffffffff
088, LOC_CIVILIZATION_ROME_NAME, UNIT_WARRIOR (458755), 4, 44, -9999, -9999, 2305, ffffffff
088, LOC_CIVILIZATION_ROME_NAME, UNIT_WARRIOR (458755), 4, 44, -9999, -9999, 2304, ffffffff
088, LOC_CIVILIZATION_ROME_NAME, UNIT_WARRIOR (458755), 4, 44, -9999, -9999, 2370, ffffffff
088, LOC_CIVILIZATION_ROME_NAME, UNIT_WARRIOR (458755), 4, 44, 4, 47, 256, 873cd8f4
088, LOC_CIVILIZATION_ROME_NAME, UNIT_WARRIOR (458755), 4, 44, -9999, -9999, 2370, ffffffff
088, LOC_CIVILIZATION_ROME_NAME, UNIT_WARRIOR (458755), 4, 44, 4, 47, 256, 873cd8f4
088, LOC_CIVILIZATION_ROME_NAME, UNIT_WARRIOR (458755), 4, 44, 4, 42, 16656, 8ae49f19
088, LOC_CIVILIZATION_ROME_NAME, UNIT_WARRIOR (458755), 3, 43, -9999, -9999, 2114, ffffffff
088, LOC_CIVILIZATION_ROME_NAME, UNIT_WARRIOR (458755), 3, 43, 4, 47, 0, ee74d883
088, LOC_CIVILIZATION_ROME_NAME, UNIT_WARRIOR (458755), 3, 43, -9999, -9999, 2064, ffffffff
088, LOC_CIVILIZATION_ROME_NAME, UNIT_WARRIOR (458755), 3, 43, -9999, -9999, 2049, ffffffff
088, LOC_CIVILIZATION_ROME_NAME, UNIT_WARRIOR (458755), 3, 43, -9999, -9999, 2048, ffffffff
089, LOC_CIVILIZATION_ROME_NAME, UNIT_WARRIOR (131073), 9, 38, -9999, -9999, 2320, ffffffff
089, LOC_CIVILIZATION_ROME_NAME, UNIT_WARRIOR (131073), 9, 38, -9999, -9999, 2305, ffffffff
089, LOC_CIVILIZATION_ROME_NAME, UNIT_WARRIOR (131073), 9, 38, -9999, -9999, 2304, ffffffff
089, LOC_CIVILIZATION_ROME_NAME, UNIT_WARRIOR (131073), 9, 38, -9999, -9999, 2370, ffffffff
089, LOC_CIVILIZATION_ROME_NAME, UNIT_WARRIOR (131073), 9, 38, 9, 34, 256, 66030123
089, LOC_CIVILIZATION_ROME_NAME, UNIT_WARRIOR (131073), 9, 38, -9999, -9999, 2370, ffffffff
089, LOC_CIVILIZATION_ROME_NAME, UNIT_WARRIOR (131073), 9, 38, 9, 34, 256, 66030123
090, LOC_CIVILIZATION_ROME_NAME, UNIT_WARRIOR (458755), 4, 42, -9999, -9999, 2320, ffffffff
090, LOC_CIVILIZATION_ROME_NAME, UNIT_WARRIOR (458755), 4, 42, -9999, -9999, 2305, ffffffff
090, LOC_CIVILIZATION_ROME_NAME, UNIT_WARRIOR (458755), 4, 42, -9999, -9999, 2304, ffffffff
090, LOC_CIVILIZATION_ROME_NAME, UNIT_WARRIOR (458755), 4, 42, -9999, -9999, 2370, ffffffff
090, LOC_CIVILIZATION_ROME_NAME, UNIT_WARRIOR (458755), 4, 42, 4, 47, 256,  1fe10d9
090, LOC_CIVILIZATION_ROME_NAME, UNIT_WARRIOR (458755), 4, 42, -9999, -9999, 2370, ffffffff
090, LOC_CIVILIZATION_ROME_NAME, UNIT_WARRIOR (458755), 4, 42, 4, 47, 256,  1fe10d9
090, LOC_CIVILIZATION_ROME_NAME, UNIT_ROMAN_LEGION (851972), 9, 38, -9999, -9999, 2320, ffffffff
090, LOC_CIVILIZATION_ROME_NAME, UNIT_ROMAN_LEGION (851972), 9, 38, -9999, -9999, 2305, ffffffff
090, LOC_CIVILIZATION_ROME_NAME, UNIT_ROMAN_LEGION (851972), 9, 38, -9999, -9999, 2304, ffffffff
090, LOC_CIVILIZATION_ROME_NAME, UNIT_ROMAN_LEGION (851972), 9, 38, -9999, -9999, 2370, ffffffff
090, LOC_CIVILIZATION_ROME_NAME, UNIT_ROMAN_LEGION (851972), 9, 38, 9, 34, 256, 66030123
090, LOC_CIVILIZATION_ROME_NAME, UNIT_ROMAN_LEGION (851972), 9, 38, -9999, -9999, 2370, ffffffff
090, LOC_CIVILIZATION_ROME_NAME, UNIT_ROMAN_LEGION (851972), 9, 38, 9, 34, 256, 66030123
090, LOC_CIVILIZATION_ROME_NAME, UNIT_ROMAN_LEGION (851972), 9, 38, 10, 38, 16656, 643e16db
090, LOC_CIVILIZATION_ROME_NAME, UNIT_ARCHER (720901), 10, 37, -9999, -9999, 2320, ffffffff
090, LOC_CIVILIZATION_ROME_NAME, UNIT_ARCHER (720901), 10, 37, -9999, -9999, 2305, ffffffff
090, LOC_CIVILIZATION_ROME_NAME, UNIT_ARCHER (720901), 10, 37, -9999, -9999, 2304, ffffffff
090, LOC_CIVILIZATION_ROME_NAME, UNIT_ARCHER (720901), 10, 37, -9999, -9999, 2370, ffffffff
090, LOC_CIVILIZATION_ROME_NAME, UNIT_ARCHER (720901), 10, 37, -9999, -9999, 2370, ffffffff
090, LOC_CIVILIZATION_ROME_NAME, UNIT_ARCHER (720901), 10, 37, 11, 37, 16656, 179898c6
090, LOC_CIVILIZATION_ROME_NAME, UNIT_ARCHER (720901), 11, 37, -9999, -9999, 2114, ffffffff
090, LOC_CIVILIZATION_ROME_NAME, UNIT_ARCHER (720901), 11, 37, 13, 35, 0,  d1619b3
090, LOC_CIVILIZATION_ROME_NAME, UNIT_ARCHER (720901), 11, 37, -9999, -9999, 2064, ffffffff
090, LOC_CIVILIZATION_ROME_NAME, UNIT_ARCHER (720901), 11, 37, -9999, -9999, 2049, ffffffff
090, LOC_CIVILIZATION_ROME_NAME, UNIT_ARCHER (720901), 11, 37, -9999, -9999, 2048, ffffffff
090, LOC_CIVILIZATION_ROME_NAME, UNIT_ARCHER (720901), 11, 37, -9999, -9999, 2114, ffffffff
090, LOC_CIVILIZATION_ROME_NAME, UNIT_ARCHER (720901), 11, 37, 13, 35, 0,  d1619b3
091, LOC_CIVILIZATION_ROME_NAME, UNIT_ARCHER (720901), 11, 37, -9999, -9999, 2114, ffffffff
091, LOC_CIVILIZATION_ROME_NAME, UNIT_ARCHER (720901), 11, 37, 13, 35, 0,  d1619b3
091, LOC_CIVILIZATION_ROME_NAME, UNIT_ARCHER (720901), 11, 37, -9999, -9999, 2320, ffffffff
091, LOC_CIVILIZATION_ROME_NAME, UNIT_ARCHER (720901), 11, 37, -9999, -9999, 2305, ffffffff
091, LOC_CIVILIZATION_ROME_NAME, UNIT_ARCHER (720901), 11, 37, -9999, -9999, 2304, ffffffff
091, LOC_CIVILIZATION_ROME_NAME, UNIT_ARCHER (720901), 11, 37, -9999, -9999, 2370, ffffffff
091, LOC_CIVILIZATION_ROME_NAME, UNIT_ROMAN_LEGION (851972), 10, 38, -9999, -9999, 2320, ffffffff
091, LOC_CIVILIZATION_ROME_NAME, UNIT_ROMAN_LEGION (851972), 10, 38, -9999, -9999, 2305, ffffffff
091, LOC_CIVILIZATION_ROME_NAME, UNIT_ROMAN_LEGION (851972), 10, 38, -9999, -9999, 2304, ffffffff
091, LOC_CIVILIZATION_ROME_NAME, UNIT_ROMAN_LEGION (851972), 10, 38, -9999, -9999, 2370, ffffffff
091, LOC_CIVILIZATION_ROME_NAME, UNIT_ROMAN_LEGION (851972), 10, 38, 9, 34, 256, 74b6aecd
091, LOC_CIVILIZATION_ROME_NAME, UNIT_ARCHER (720901), 11, 37, -9999, -9999, 2320, ffffffff
091, LOC_CIVILIZATION_ROME_NAME, UNIT_ARCHER (720901), 11, 37, -9999, -9999, 2305, ffffffff
091, LOC_CIVILIZATION_ROME_NAME, UNIT_ARCHER (720901), 11, 37, -9999, -9999, 2304, ffffffff
091, LOC_CIVILIZATION_ROME_NAME, UNIT_ARCHER (720901), 11, 37, -9999, -9999, 2370, ffffffff
091, LOC_CIVILIZATION_ROME_NAME, UNIT_ROMAN_LEGION (851972), 10, 38, -9999, -9999, 2320, ffffffff
091, LOC_CIVILIZATION_ROME_NAME, UNIT_ROMAN_LEGION (851972), 10, 38, -9999, -9999, 2305, ffffffff
091, LOC_CIVILIZATION_ROME_NAME, UNIT_ROMAN_LEGION (851972), 10, 38, -9999, -9999, 2304, ffffffff
091, LOC_CIVILIZATION_ROME_NAME, UNIT_ROMAN_LEGION (851972), 10, 38, -9999, -9999, 2370, ffffffff
091, LOC_CIVILIZATION_ROME_NAME, UNIT_ROMAN_LEGION (851972), 10, 38, 9, 34, 256, 74b6aecd
091, LOC_CIVILIZATION_ROME_NAME, UNIT_ROMAN_LEGION (851972), 10, 38, 12, 38, 16656, e39f9ebb
091, LOC_CIVILIZATION_ROME_NAME, UNIT_ARCHER (720901), 11, 37, -9999, -9999, 2320, ffffffff
091, LOC_CIVILIZATION_ROME_NAME, UNIT_ARCHER (720901), 11, 37, -9999, -9999, 2305, ffffffff
091, LOC_CIVILIZATION_ROME_NAME, UNIT_ARCHER (720901), 11, 37, -9999, -9999, 2304, ffffffff
091, LOC_CIVILIZATION_ROME_NAME, UNIT_ARCHER (720901), 11, 37, -9999, -9999, 2370, ffffffff
091, LOC_CIVILIZATION_ROME_NAME, UNIT_ARCHER (720901), 11, 37, -9999, -9999, 2370, ffffffff
091, LOC_CIVILIZATION_ROME_NAME, UNIT_ARCHER (720901), 11, 37, 12, 37, 16656, a5e1f6ba
091, LOC_CIVILIZATION_ROME_NAME, UNIT_ROMAN_LEGION (917505), 4, 42, -9999, -9999, 2320, ffffffff
091, LOC_CIVILIZATION_ROME_NAME, UNIT_ROMAN_LEGION (917505), 4, 42, -9999, -9999, 2305, ffffffff
091, LOC_CIVILIZATION_ROME_NAME, UNIT_ROMAN_LEGION (917505), 4, 42, -9999, -9999, 2304, ffffffff
091, LOC_CIVILIZATION_ROME_NAME, UNIT_ROMAN_LEGION (917505), 4, 42, -9999, -9999, 2370, ffffffff
091, LOC_CIVILIZATION_ROME_NAME, UNIT_ROMAN_LEGION (917505), 4, 42, 4, 47, 256,  1fe10d9
091, LOC_CIVILIZATION_ROME_NAME, UNIT_ROMAN_LEGION (917505), 4, 42, -9999, -9999, 2370, ffffffff
091, LOC_CIVILIZATION_ROME_NAME, UNIT_ROMAN_LEGION (917505), 4, 42, 4, 47, 256,  1fe10d9
091, LOC_CIVILIZATION_ROME_NAME, UNIT_ROMAN_LEGION (917505), 4, 42, 5, 44, 16656, 40c00dae
092, LOC_CIVILIZATION_ROME_NAME, UNIT_ROMAN_LEGION (917505), 5, 44, -9999, -9999, 2320, ffffffff
092, LOC_CIVILIZATION_ROME_NAME, UNIT_ROMAN_LEGION (917505), 5, 44, -9999, -9999, 2305, ffffffff
092, LOC_CIVILIZATION_ROME_NAME, UNIT_ROMAN_LEGION (917505), 5, 44, -9999, -9999, 2304, ffffffff
092, LOC_CIVILIZATION_ROME_NAME, UNIT_ROMAN_LEGION (917505), 5, 44, -9999, -9999, 2370, ffffffff
092, LOC_CIVILIZATION_ROME_NAME, UNIT_ROMAN_LEGION (917505), 5, 44, 4, 48, 256, e1e66038
092, LOC_CIVILIZATION_ROME_NAME, UNIT_ROMAN_LEGION (917505), 5, 44, -9999, -9999, 2370, ffffffff
092, LOC_CIVILIZATION_ROME_NAME, UNIT_ROMAN_LEGION (917505), 5, 44, 4, 48, 256, e1e66038