Using FiraxisLive API 291001: flClient Live Build:291001
AppFiraxisLiveClient deferring logon from app init complete
FiraxisLiveClient StateNotify: WaitingForServerConnection
FiraxisLiveClient StateNotify: KeyExchange
FiraxisLiveClient StateNotify: PreRun
FiraxisLiveClient StateNotify: FirstConnect
FiraxisLiveClient StateNotify: Running
FiraxisLiveClient OnDataPushNotify: KeyName=App/FiraxisLive/Configuration/1, NumObjects=1
* KeyName=App/FiraxisLive/OnlineTelemetryConfiguration.xml/blacklist-2017-06-05, Size=876, CreatedDate=1496678810, LastUpdate=1496678810
FiraxisLiveClient OnDataPushNotify: KeyName=App/FiraxisLive/MarketingMessage, NumObjects=1
* KeyName=App/FiraxisLive/MarketingMessage/civ6-motd-2017-11-28.xml, Size=1382, CreatedDate=1511883360, LastUpdate=1511883360
FiraxisLiveClient StateNotify: Stopped
AppFiraxisLiveClient::DoUpdate - Kando has become connected
FiraxisLiveClient StateNotify: WaitingForServerConnection
FiraxisLiveClient StateNotify: KeyExchange
FiraxisLiveClient StateNotify: PreRun
FiraxisLiveClient StateNotify: Running
AppFiraxisLiveClient starting logon due to ui ready
FiraxisLiveClient LoginStatusNotify: [type=PlatformLogin, Successful, account=Platform]: SSO_SUCCESS(0)
FiraxisLiveClient StateNotify: Stopped
FiraxisLiveClient StateNotify: WaitingForServerConnection
FiraxisLiveClient StateNotify: KeyExchange
FiraxisLiveClient StateNotify: PreRun
FiraxisLiveClient StateNotify: Running
FiraxisLiveClient StateNotify: Stopped
FiraxisLiveClient StateNotify: WaitingForServerConnection
FiraxisLiveClient StateNotify: KeyExchange
FiraxisLiveClient StateNotify: PreRun
FiraxisLiveClient StateNotify: Running
FiraxisLiveClient StateNotify: Stopped
FiraxisLiveClient StateNotify: WaitingForServerConnection
FiraxisLiveClient StateNotify: KeyExchange
FiraxisLiveClient StateNotify: PreRun
FiraxisLiveClient StateNotify: Running
FiraxisLiveClient StateNotify: Stopped
AppFiraxisLiveClient::DoUpdate - Kando has become disconnected
