[2018-01-30 21:08:10]	 Attempt to Load a file. ServerType: 0, Location Type: 1, Device: 1, Options 00000000
[2018-01-30 21:08:10]	 Serialization Request. Type: 2, Location Type: 1, Device: 1, Options 00000000
[2018-01-30 21:08:10]	 Serialization OpenFromSource. Location Type: 1, Device: 1, Options 00000000
[2018-01-30 21:08:15]	 Serialization UnserializeGameState. pkStream valid=true
[2018-01-30 21:08:15]	 	,LoadHeader - Complete
[2018-01-30 21:08:15]	 	,Configuration::OnLoadGame - Complete
[2018-01-30 21:08:15]	 Attempting to host game.  ServerType: 0
[2018-01-30 21:08:15]	 Network Session Hosted.
[2018-01-30 21:08:15]	 	,AttachToSession - Complete
[2018-01-30 21:08:17]	 	,LoadGameCoreState - Complete
[2018-01-30 21:08:17]	 	,LoadAudioState - Complete
[2018-01-30 21:08:17]	 	,LoadUIState - Complete
[2018-01-30 21:08:17]	 	,LoadRecorderState - Complete
[2018-01-30 21:08:17]	 Serialization UnserializeGameState, result=0
[2018-01-30 21:11:16]	 Serialization Request. Type: 1, Location Type: 1, Device: 1, Options 00000004
[2018-01-30 21:11:16]	 Serialization, writing Game State
[2018-01-30 21:11:16]	 Serialization, waiting for request of type SAVE, reason = 1
[2018-01-30 21:11:17]	 Serialization, waiting for request of type LOAD, reason = 0
[2018-01-30 21:20:53]	 Serialization Request. Type: 1, Location Type: 1, Device: 1, Options 00000004
[2018-01-30 21:20:53]	 Serialization, writing Game State
[2018-01-30 21:20:53]	 Serialization, waiting for request of type SAVE, reason = 1
[2018-01-30 21:20:54]	 Serialization, waiting for request of type LOAD, reason = 0
[2018-01-30 21:21:44]	 Serialization Request. Type: 1, Location Type: 1, Device: 1, Options 00000004
[2018-01-30 21:21:44]	 Serialization, writing Game State
[2018-01-30 21:21:44]	 Serialization, waiting for request of type SAVE, reason = 1
[2018-01-30 21:21:45]	 Serialization, waiting for request of type LOAD, reason = 0
[2018-01-30 21:22:32]	 Serialization Request. Type: 1, Location Type: 1, Device: 1, Options 00000004
[2018-01-30 21:22:32]	 Serialization, writing Game State
[2018-01-30 21:22:32]	 Serialization, waiting for request of type SAVE, reason = 1
[2018-01-30 21:22:33]	 Serialization, waiting for request of type LOAD, reason = 0
[2018-01-30 21:24:18]	 Serialization Request. Type: 1, Location Type: 1, Device: 1, Options 00000004
[2018-01-30 21:24:18]	 Serialization, writing Game State
[2018-01-30 21:24:18]	 Serialization, waiting for request of type SAVE, reason = 1
[2018-01-30 21:24:18]	 Serialization, waiting for request of type LOAD, reason = 0
[2018-01-30 21:24:30]	 Serialization Request. Type: 1, Location Type: 1, Device: 1, Options 00000004
[2018-01-30 21:24:30]	 Serialization, writing Game State
[2018-01-30 21:24:30]	 Serialization, waiting for request of type SAVE, reason = 1
[2018-01-30 21:24:31]	 Serialization, waiting for request of type LOAD, reason = 0
[2018-01-30 21:25:24]	 Serialization Request. Type: 1, Location Type: 1, Device: 1, Options 00000004
[2018-01-30 21:25:24]	 Serialization, writing Game State
[2018-01-30 21:25:24]	 Serialization, waiting for request of type SAVE, reason = 1
[2018-01-30 21:25:25]	 Serialization, waiting for request of type LOAD, reason = 0
[2018-01-30 21:26:19]	 Serialization Request. Type: 1, Location Type: 1, Device: 1, Options 00000004
[2018-01-30 21:26:19]	 Serialization, writing Game State
[2018-01-30 21:26:19]	 Serialization, waiting for request of type SAVE, reason = 1
[2018-01-30 21:26:20]	 Serialization, waiting for request of type LOAD, reason = 0
[2018-01-30 21:29:16]	 Serialization Request. Type: 1, Location Type: 1, Device: 1, Options 00000004
[2018-01-30 21:29:16]	 Serialization, writing Game State
[2018-01-30 21:29:16]	 Serialization, waiting for request of type SAVE, reason = 1
[2018-01-30 21:29:16]	 Serialization, waiting for request of type LOAD, reason = 0
[2018-01-30 21:32:50]	 Serialization Request. Type: 1, Location Type: 1, Device: 1, Options 00000004
[2018-01-30 21:32:50]	 Serialization, writing Game State
[2018-01-30 21:32:50]	 Serialization, waiting for request of type SAVE, reason = 1
[2018-01-30 21:32:50]	 Serialization, waiting for request of type LOAD, reason = 0
[2018-01-30 21:34:19]	 Serialization Request. Type: 1, Location Type: 1, Device: 1, Options 00000004
[2018-01-30 21:34:19]	 Serialization, writing Game State
[2018-01-30 21:34:19]	 Serialization, waiting for request of type SAVE, reason = 1
[2018-01-30 21:34:20]	 Serialization, waiting for request of type LOAD, reason = 0
[2018-01-30 21:35:00]	 Serialization Request. Type: 1, Location Type: 1, Device: 1, Options 00000004
[2018-01-30 21:35:00]	 Serialization, writing Game State
[2018-01-30 21:35:00]	 Serialization, waiting for request of type SAVE, reason = 1
[2018-01-30 21:35:01]	 Serialization, waiting for request of type LOAD, reason = 0
[2018-01-30 21:36:06]	 Serialization Request. Type: 1, Location Type: 1, Device: 1, Options 00000004
[2018-01-30 21:36:06]	 Serialization, writing Game State
[2018-01-30 21:36:06]	 Serialization, waiting for request of type SAVE, reason = 1
[2018-01-30 21:36:07]	 Serialization, waiting for request of type LOAD, reason = 0
[2018-01-30 21:36:49]	 Serialization Request. Type: 1, Location Type: 1, Device: 1, Options 00000004
[2018-01-30 21:36:49]	 Serialization, writing Game State
[2018-01-30 21:36:49]	 Serialization, waiting for request of type SAVE, reason = 1
[2018-01-30 21:36:49]	 Serialization, waiting for request of type LOAD, reason = 0
[2018-01-30 21:37:53]	 Serialization Request. Type: 1, Location Type: 1, Device: 1, Options 00000004
[2018-01-30 21:37:53]	 Serialization, writing Game State
[2018-01-30 21:37:53]	 Serialization, waiting for request of type SAVE, reason = 1
[2018-01-30 21:37:53]	 Serialization, waiting for request of type LOAD, reason = 0
[2018-01-30 21:39:59]	 Serialization Request. Type: 1, Location Type: 1, Device: 1, Options 00000004
[2018-01-30 21:39:59]	 Serialization, writing Game State
[2018-01-30 21:39:59]	 Serialization, waiting for request of type SAVE, reason = 1
[2018-01-30 21:39:59]	 Serialization, waiting for request of type LOAD, reason = 0
[2018-01-30 21:41:21]	 Serialization Request. Type: 1, Location Type: 1, Device: 1, Options 00000004
[2018-01-30 21:41:21]	 Serialization, writing Game State
[2018-01-30 21:41:21]	 Serialization, waiting for request of type SAVE, reason = 1
[2018-01-30 21:41:21]	 Serialization, waiting for request of type LOAD, reason = 0
[2018-01-30 21:42:47]	 Serialization Request. Type: 1, Location Type: 1, Device: 1, Options 00000004
[2018-01-30 21:42:47]	 Serialization, writing Game State
[2018-01-30 21:42:47]	 Serialization, waiting for request of type SAVE, reason = 1
[2018-01-30 21:42:47]	 Serialization, waiting for request of type LOAD, reason = 0
[2018-01-30 21:45:01]	 Serialization Request. Type: 1, Location Type: 1, Device: 1, Options 00000004
[2018-01-30 21:45:01]	 Serialization, writing Game State
[2018-01-30 21:45:01]	 Serialization, waiting for request of type SAVE, reason = 1
[2018-01-30 21:45:02]	 Serialization, waiting for request of type LOAD, reason = 0
[2018-01-30 21:46:48]	 Serialization Request. Type: 1, Location Type: 1, Device: 1, Options 00000004
[2018-01-30 21:46:48]	 Serialization, writing Game State
[2018-01-30 21:46:48]	 Serialization, waiting for request of type SAVE, reason = 1
[2018-01-30 21:46:49]	 Serialization, waiting for request of type LOAD, reason = 0
[2018-01-30 21:48:13]	 Serialization Request. Type: 1, Location Type: 1, Device: 1, Options 00000004
[2018-01-30 21:48:13]	 Serialization, writing Game State
[2018-01-30 21:48:13]	 Serialization, waiting for request of type SAVE, reason = 1
[2018-01-30 21:48:14]	 Serialization, waiting for request of type LOAD, reason = 0
[2018-01-30 21:50:17]	 Serialization Request. Type: 1, Location Type: 1, Device: 1, Options 00000004
[2018-01-30 21:50:17]	 Serialization, writing Game State
[2018-01-30 21:50:17]	 Serialization, waiting for request of type SAVE, reason = 1
[2018-01-30 21:50:18]	 Serialization, waiting for request of type LOAD, reason = 0
[2018-01-30 21:51:35]	 Serialization Request. Type: 1, Location Type: 1, Device: 1, Options 00000004
[2018-01-30 21:51:35]	 Serialization, writing Game State
[2018-01-30 21:51:35]	 Serialization, waiting for request of type SAVE, reason = 1
[2018-01-30 21:51:36]	 Serialization, waiting for request of type LOAD, reason = 0
[2018-01-30 21:52:19]	 Serialization Request. Type: 1, Location Type: 1, Device: 1, Options 00000004
[2018-01-30 21:52:19]	 Serialization, writing Game State
[2018-01-30 21:52:19]	 Serialization, waiting for request of type SAVE, reason = 1
[2018-01-30 21:52:19]	 Serialization, waiting for request of type LOAD, reason = 0
[2018-01-30 21:52:49]	 Serialization Request. Type: 1, Location Type: 1, Device: 1, Options 00000004
[2018-01-30 21:52:49]	 Serialization, writing Game State
[2018-01-30 21:52:49]	 Serialization, waiting for request of type SAVE, reason = 1
[2018-01-30 21:52:50]	 Serialization, waiting for request of type LOAD, reason = 0
[2018-01-30 21:57:42]	 Serialization Request. Type: 1, Location Type: 1, Device: 1, Options 00000004
[2018-01-30 21:57:42]	 Serialization, writing Game State
[2018-01-30 21:57:42]	 Serialization, waiting for request of type SAVE, reason = 1
[2018-01-30 21:57:42]	 Serialization, waiting for request of type LOAD, reason = 0
[2018-01-30 21:58:16]	 Serialization Request. Type: 1, Location Type: 1, Device: 1, Options 00000004
[2018-01-30 21:58:16]	 Serialization, writing Game State
[2018-01-30 21:58:16]	 Serialization, waiting for request of type SAVE, reason = 1
[2018-01-30 21:58:17]	 Serialization, waiting for request of type LOAD, reason = 0
[2018-01-30 21:59:45]	 Serialization Request. Type: 1, Location Type: 1, Device: 1, Options 00000004
[2018-01-30 21:59:45]	 Serialization, writing Game State
[2018-01-30 21:59:45]	 Serialization, waiting for request of type SAVE, reason = 1
[2018-01-30 21:59:46]	 Serialization, waiting for request of type LOAD, reason = 0
[2018-01-30 22:00:29]	 Serialization Request. Type: 1, Location Type: 1, Device: 1, Options 00000004
[2018-01-30 22:00:29]	 Serialization, writing Game State
[2018-01-30 22:00:29]	 Serialization, waiting for request of type SAVE, reason = 1
[2018-01-30 22:00:30]	 Serialization, waiting for request of type LOAD, reason = 0
[2018-01-30 22:02:46]	 Serialization Request. Type: 1, Location Type: 1, Device: 1, Options 00000004
[2018-01-30 22:02:46]	 Serialization, writing Game State
[2018-01-30 22:02:46]	 Serialization, waiting for request of type SAVE, reason = 1
[2018-01-30 22:02:47]	 Serialization, waiting for request of type LOAD, reason = 0
[2018-01-30 22:03:27]	 Serialization Request. Type: 1, Location Type: 1, Device: 1, Options 00000004
[2018-01-30 22:03:27]	 Serialization, writing Game State
[2018-01-30 22:03:27]	 Serialization, waiting for request of type SAVE, reason = 1
[2018-01-30 22:03:27]	 Serialization, waiting for request of type LOAD, reason = 0
[2018-01-30 22:03:37]	 Serialization Request. Type: 1, Location Type: 1, Device: 1, Options 00000002
[2018-01-30 22:03:37]	 Serialization, writing Game State
[2018-01-30 22:03:43]	 Serialization Request. Type: 1, Location Type: 1, Device: 1, Options 00000000
[2018-01-30 22:03:43]	 Serialization, writing Game State
[2018-01-30 22:30:06]	 Serialization Request. Type: 1, Location Type: 1, Device: 1, Options 00000004
[2018-01-30 22:30:06]	 Serialization, writing Game State
[2018-01-30 22:30:06]	 Serialization, waiting for request of type SAVE, reason = 1
