[2018-01-30 21:05:13]	 Civ6App::InitialInit start.
[2018-01-30 21:05:13]	 Running SetupErrorHandling() ...
[2018-01-30 21:05:13]	 Running DoGraphicsDeviceSelection() ...
[2018-01-30 21:05:13]	 Selected graphics device is: Intel(R) HD Graphics 520.  Device ID: 6422.  Index: 0
[2018-01-30 21:05:13]	 Running RegisterEvents() ...
[2018-01-30 21:05:13]	 Running SetupNetworkLobbyService() ...
[2018-01-30 21:05:13]	 SetupNetworkLobbyService()
[2018-01-30 21:05:13]	 Running SetupMemoryTracker() ...
[2018-01-30 21:05:13]	 Running SetupFileSystem() ...
[2018-01-30 21:05:15]	 Running SetupLogging() ...
[2018-01-30 21:05:15]	 Running SetupDedicatedServer() ...
[2018-01-30 21:05:15]	 Running SetupNetwork() ...
[2018-01-30 21:05:15]	 Running SetupDatabase() ...
[2018-01-30 21:05:25]	 Running SetupLocalization() ...
[2018-01-30 21:05:26]	 Running SetupOwnership() ...
[2018-01-30 21:05:26]	 Running GameCore::InitializeApplicationSupport() ...
[2018-01-30 21:05:27]	 Civ6App::InitialInit end.
[2018-01-30 21:05:27]	 Civ6App::GUIInit start.
[2018-01-30 21:05:27]	 Running SetupGraphics() ...
[2018-01-30 21:05:27]	 Successfully determined Graphics Performance Level. Default graphics settings to minimum.
[2018-01-30 21:05:27]	 Running SetupArtManager() ...
[2018-01-30 21:05:27]	 Running SetupUI() ...
[2018-01-30 21:05:29]	 Running SubscribeToEvents() ...
[2018-01-30 21:05:29]	 Running SetupGameStates() ...
[2018-01-30 21:05:29]	 Running SetupInput() ...
[2018-01-30 21:05:34]	 Starting search engine.
[2018-01-30 21:05:34]	 Setting up achievements.
[2018-01-30 21:05:34]	 Setting up scripting.
[2018-01-30 21:05:34]	 Setting up modding.
[2018-01-30 21:05:41]	 Running SetupTuner() ...
[2018-01-30 21:05:41]	 Setting up tuner.
[2018-01-30 21:05:41]	 Running SetupAudio(uiSystemInitFlags) ...
[2018-01-30 21:05:45]	 Running Granny::Initialize() ...
[2018-01-30 21:05:45]	 Running SetupBinarySerialization() ...
