ForgeUI started up!
START ContextBase::Initialize() id: ''		parent: 'NULL'		Context: 'NULL'
END   ContextBase::Initialize() id: 'TutorialOverlay'
START ContextBase::Initialize() id: ''		parent: 'NULL'		Context: 'NULL'
END   ContextBase::Initialize() id: 'ToolTips'
START ContextBase::Initialize() id: ''		parent: 'NULL'		Context: 'NULL'
END   ContextBase::Initialize() id: 'DebugPanel'
START ContextBase::Initialize() id: ''		parent: 'NULL'		Context: 'NULL'
END   ContextBase::Initialize() id: 'IntroScreen'
START ContextBase::Initialize() id: ''		parent: 'NULL'		Context: 'NULL'
START  LuaContext::Initialize() id: 'DebugHotloadCache'		parent: 'DebugContext'		Context: 'NULL'
END    LuaContext::Initialize() id: 'DebugHotloadCache'
END   ContextBase::Initialize() id: 'DebugContext'
START ContextBase::Initialize() id: ''		parent: 'NULL'		Context: 'NULL'
END   ContextBase::Initialize() id: 'SubtitleContext'
START ContextBase::Initialize() id: ''		parent: 'NULL'		Context: 'NULL'
START  LuaContext::Initialize() id: 'Intro'		parent: 'StartupScreen'		Context: 'NULL'
END    LuaContext::Initialize() id: 'Intro'
END   ContextBase::Initialize() id: 'StartupScreen'
START  LuaContext::Initialize() id: ''		parent: 'NULL'		Context: 'NULL'
START  LuaContext::Initialize() id: 'MainMenu'		parent: 'FrontEndContainer'		Context: 'FrontEnd'
START  LuaContext::Initialize() id: 'Options'		parent: 'MainMenu'		Context: 'FrontEnd'
START  LuaContext::Initialize() id: 'ModsContext'		parent: 'MainMenu'		Context: 'FrontEnd'
START  LuaContext::Initialize() id: 'AdvancedSetup'		parent: 'MainMenu'		Context: 'FrontEnd'
START  LuaContext::Initialize() id: 'ScenarioSetup'		parent: 'MainMenu'		Context: 'FrontEnd'
START  LuaContext::Initialize() id: 'CreditsScreen'		parent: 'MainMenu'		Context: 'FrontEnd'
END    LuaContext::Initialize() id: 'CreditsScreen'
START  LuaContext::Initialize() id: 'My2K'		parent: 'MainMenu'		Context: 'FrontEnd'
END    LuaContext::Initialize() id: 'My2K'
START  LuaContext::Initialize() id: 'WorldBuilder'		parent: 'MainMenu'		Context: 'FrontEnd'
START  LuaContext::Initialize() id: 'TutorialSetup'		parent: 'MainMenu'		Context: 'FrontEnd'
START  LuaContext::Initialize() id: 'Lobby'		parent: 'MainMenu'		Context: 'FrontEnd'
START  LuaContext::Initialize() id: 'LoadGameMenu'		parent: 'Lobby'		Context: 'FrontEnd'
END    LuaContext::Initialize() id: 'LoadGameMenu'
END    LuaContext::Initialize() id: 'Lobby'
START  LuaContext::Initialize() id: 'HostGame'		parent: 'MainMenu'		Context: 'FrontEnd'
START  LuaContext::Initialize() id: 'ModsMenu'		parent: 'HostGame'		Context: 'FrontEnd'
END    LuaContext::Initialize() id: 'ModsMenu'
START  LuaContext::Initialize() id: 'LoadGameMenu'		parent: 'HostGame'		Context: 'FrontEnd'
END    LuaContext::Initialize() id: 'LoadGameMenu'
END    LuaContext::Initialize() id: 'HostGame'
START  LuaContext::Initialize() id: 'StagingRoom'		parent: 'MainMenu'		Context: 'FrontEnd'
START  LuaContext::Initialize() id: 'ConfirmKick'		parent: 'StagingRoom'		Context: 'FrontEnd'
END    LuaContext::Initialize() id: 'ConfirmKick'
START  LuaContext::Initialize() id: 'EditHotseatPlayer'		parent: 'StagingRoom'		Context: 'FrontEnd'
END    LuaContext::Initialize() id: 'EditHotseatPlayer'
END    LuaContext::Initialize() id: 'StagingRoom'
START  LuaContext::Initialize() id: 'LoadGameMenu'		parent: 'MainMenu'		Context: 'FrontEnd'
END    LuaContext::Initialize() id: 'LoadGameMenu'
START  LuaContext::Initialize() id: 'SaveGameMenu'		parent: 'MainMenu'		Context: 'FrontEnd'
END    LuaContext::Initialize() id: 'SaveGameMenu'
START  LuaContext::Initialize() id: 'FrontEndPopup'		parent: 'MainMenu'		Context: 'FrontEnd'
END    LuaContext::Initialize() id: 'FrontEndPopup'
END    LuaContext::Initialize() id: 'MainMenu'
START  LuaContext::Initialize() id: 'JoiningRoom'		parent: 'FrontEndContainer'		Context: 'FrontEnd'
END    LuaContext::Initialize() id: 'JoiningRoom'
START  LuaContext::Initialize() id: 'UserSetupWarning'		parent: 'FrontEndContainer'		Context: 'FrontEnd'
END    LuaContext::Initialize() id: 'UserSetupWarning'
START  LuaContext::Initialize() id: 'Test'		parent: ''		Context: 'FrontEnd'
END    LuaContext::Initialize() id: 'Test'
END    LuaContext::Initialize() id: 'FrontEnd'
START  LuaContext::Initialize() id: ''		parent: 'NULL'		Context: 'NULL'
END    LuaContext::Initialize() id: 'LoadScreen'
START  LuaContext::Initialize() id: ''		parent: 'NULL'		Context: 'NULL'
START  LuaContext::Initialize() id: 'WorldInput'		parent: 'Core'		Context: 'InGame'
END    LuaContext::Initialize() id: 'WorldInput'
START  LuaContext::Initialize() id: 'StrategicView'		parent: 'Core'		Context: 'InGame'
END    LuaContext::Initialize() id: 'StrategicView'
START  LuaContext::Initialize() id: 'AI_Diplomacy'		parent: 'Core'		Context: 'InGame'
END    LuaContext::Initialize() id: 'AI_Diplomacy'
START  LuaContext::Initialize() id: 'ARXManager'		parent: 'Core'		Context: 'InGame'
END    LuaContext::Initialize() id: 'ARXManager'
START  LuaContext::Initialize() id: 'WorldViewIconsManager'		parent: 'WorldViewControls'		Context: 'InGame'
END    LuaContext::Initialize() id: 'WorldViewIconsManager'
START  LuaContext::Initialize() id: 'DistrictPlotIconManager'		parent: 'WorldViewControls'		Context: 'InGame'
END    LuaContext::Initialize() id: 'DistrictPlotIconManager'
START  LuaContext::Initialize() id: 'PlotInfo'		parent: 'WorldViewControls'		Context: 'InGame'
END    LuaContext::Initialize() id: 'PlotInfo'
START  LuaContext::Initialize() id: 'CityBannerManager'		parent: 'WorldViewControls'		Context: 'InGame'
END    LuaContext::Initialize() id: 'CityBannerManager'
START  LuaContext::Initialize() id: 'UnitFlagManager'		parent: 'WorldViewControls'		Context: 'InGame'
END    LuaContext::Initialize() id: 'UnitFlagManager'
START  LuaContext::Initialize() id: 'TourismBannerManager'		parent: 'WorldViewControls'		Context: 'InGame'
END    LuaContext::Initialize() id: 'TourismBannerManager'
START  LuaContext::Initialize() id: 'MapPinManager'		parent: 'WorldViewControls'		Context: 'InGame'
END    LuaContext::Initialize() id: 'MapPinManager'
START  LuaContext::Initialize() id: 'SelectedUnit'		parent: 'WorldViewControls'		Context: 'InGame'
END    LuaContext::Initialize() id: 'SelectedUnit'
START  LuaContext::Initialize() id: 'WorldViewPlotMessages'		parent: 'WorldViewControls'		Context: 'InGame'
END    LuaContext::Initialize() id: 'WorldViewPlotMessages'
START  LuaContext::Initialize() id: 'CameraManager'		parent: 'HUD'		Context: 'InGame'
END    LuaContext::Initialize() id: 'CameraManager'
START  LuaContext::Initialize() id: 'NotificationPanel'		parent: 'HUD'		Context: 'InGame'
END    LuaContext::Initialize() id: 'NotificationPanel'
START  LuaContext::Initialize() id: 'WorldTracker'		parent: 'HUD'		Context: 'InGame'
START  LuaContext::Initialize() id: ''		parent: 'ChatPanel'		Context: 'WorldTracker'
START  LuaContext::Initialize() id: 'ConfirmKick'		parent: ''		Context: 'WorldTracker'
END    LuaContext::Initialize() id: 'ConfirmKick'
END    LuaContext::Initialize() id: ''
START  LuaContext::Initialize() id: ''		parent: 'TutorialGoals'		Context: 'WorldTracker'
END    LuaContext::Initialize() id: 'TutorialGoals'
END    LuaContext::Initialize() id: 'WorldTracker'
START  LuaContext::Initialize() id: 'MinimapPanel'		parent: 'HUD'		Context: 'InGame'
START  LuaContext::Initialize() id: ''		parent: 'MapPinListPanel'		Context: 'MinimapPanel'
END    LuaContext::Initialize() id: ''
END    LuaContext::Initialize() id: 'MinimapPanel'
START  LuaContext::Initialize() id: 'CityPanel'		parent: 'HUD'		Context: 'InGame'
END    LuaContext::Initialize() id: 'CityPanel'
START  LuaContext::Initialize() id: 'UnitPanel'		parent: 'HUD'		Context: 'InGame'
END    LuaContext::Initialize() id: 'UnitPanel'
START  LuaContext::Initialize() id: 'ActionPanel'		parent: 'HUD'		Context: 'InGame'
END    LuaContext::Initialize() id: 'ActionPanel'
START  LuaContext::Initialize() id: 'MultiplayerTurnManager'		parent: 'HUD'		Context: 'InGame'
END    LuaContext::Initialize() id: 'MultiplayerTurnManager'
START  LuaContext::Initialize() id: 'PlotToolTip'		parent: 'HUD'		Context: 'InGame'
END    LuaContext::Initialize() id: 'PlotToolTip'
START  LuaContext::Initialize() id: 'TopPanel'		parent: 'PartialScreens'		Context: 'InGame'
END    LuaContext::Initialize() id: 'TopPanel'
START  LuaContext::Initialize() id: 'DiplomacyRibbon'		parent: 'PartialScreens'		Context: 'InGame'
END    LuaContext::Initialize() id: 'DiplomacyRibbon'
START  LuaContext::Initialize() id: 'CityStates'		parent: 'PartialScreens'		Context: 'InGame'
END    LuaContext::Initialize() id: 'CityStates'
START  LuaContext::Initialize() id: 'EspionageOverview'		parent: 'PartialScreens'		Context: 'InGame'
END    LuaContext::Initialize() id: 'EspionageOverview'
START  LuaContext::Initialize() id: 'WorldRankings'		parent: 'PartialScreens'		Context: 'InGame'
END    LuaContext::Initialize() id: 'WorldRankings'
START  LuaContext::Initialize() id: 'TradeOverview'		parent: 'PartialScreens'		Context: 'InGame'
END    LuaContext::Initialize() id: 'TradeOverview'
START  LuaContext::Initialize() id: 'PartialScreenHooks'		parent: 'PartialScreens'		Context: 'InGame'
END    LuaContext::Initialize() id: 'PartialScreenHooks'
START  LuaContext::Initialize() id: 'ProductionPanel'		parent: 'PartialScreens'		Context: 'InGame'
END    LuaContext::Initialize() id: 'ProductionPanel'
START  LuaContext::Initialize() id: 'TechTree'		parent: 'Screens'		Context: 'InGame'
DEPRECATED: 'full' size should be parent-sized to a root context
END    LuaContext::Initialize() id: 'TechTree'
START  LuaContext::Initialize() id: 'CivicsTree'		parent: 'Screens'		Context: 'InGame'
DEPRECATED: 'full' size should be parent-sized to a root context
END    LuaContext::Initialize() id: 'CivicsTree'
START  LuaContext::Initialize() id: 'GovernmentScreen'		parent: 'Screens'		Context: 'InGame'
END    LuaContext::Initialize() id: 'GovernmentScreen'
START  LuaContext::Initialize() id: 'ReligionScreen'		parent: 'Screens'		Context: 'InGame'
END    LuaContext::Initialize() id: 'ReligionScreen'
START  LuaContext::Initialize() id: 'GreatWorksOverview'		parent: 'Screens'		Context: 'InGame'
END    LuaContext::Initialize() id: 'GreatWorksOverview'
START  LuaContext::Initialize() id: 'GreatWorkShowcase'		parent: 'Screens'		Context: 'InGame'
END    LuaContext::Initialize() id: 'GreatWorkShowcase'
START  LuaContext::Initialize() id: 'GreatPeoplePopup'		parent: 'Screens'		Context: 'InGame'
END    LuaContext::Initialize() id: 'GreatPeoplePopup'
START  LuaContext::Initialize() id: 'ReportScreen'		parent: 'Screens'		Context: 'InGame'
END    LuaContext::Initialize() id: 'ReportScreen'
START  LuaContext::Initialize() id: 'LaunchBar'		parent: 'TopLevelHUD'		Context: 'InGame'
END    LuaContext::Initialize() id: 'LaunchBar'
START  LuaContext::Initialize() id: 'TradeRouteChooser'		parent: 'TopLevelHUD'		Context: 'InGame'
END    LuaContext::Initialize() id: 'TradeRouteChooser'
START  LuaContext::Initialize() id: 'TradeOriginChooser'		parent: 'TopLevelHUD'		Context: 'InGame'
END    LuaContext::Initialize() id: 'TradeOriginChooser'
START  LuaContext::Initialize() id: 'CivicsChooser'		parent: 'TopLevelHUD'		Context: 'InGame'
END    LuaContext::Initialize() id: 'CivicsChooser'
START  LuaContext::Initialize() id: 'ResearchChooser'		parent: 'TopLevelHUD'		Context: 'InGame'
END    LuaContext::Initialize() id: 'ResearchChooser'
START  LuaContext::Initialize() id: 'EspionageChooser'		parent: 'TopLevelHUD'		Context: 'InGame'
END    LuaContext::Initialize() id: 'EspionageChooser'
START  LuaContext::Initialize() id: 'CityPanelOverview'		parent: 'TopLevelHUD'		Context: 'InGame'
END    LuaContext::Initialize() id: 'CityPanelOverview'
START  LuaContext::Initialize() id: 'ModalLensPanel'		parent: 'TopLevelHUD'		Context: 'InGame'
END    LuaContext::Initialize() id: 'ModalLensPanel'
START  LuaContext::Initialize() id: 'StatusMessagePanel'		parent: 'TopLevelHUD'		Context: 'InGame'
END    LuaContext::Initialize() id: 'StatusMessagePanel'
START  LuaContext::Initialize() id: 'EraCompletePopup'		parent: 'WorldPopups'		Context: 'InGame'
END    LuaContext::Initialize() id: 'EraCompletePopup'
START  LuaContext::Initialize() id: 'NaturalWonderPopup'		parent: 'WorldPopups'		Context: 'InGame'
END    LuaContext::Initialize() id: 'NaturalWonderPopup'
START  LuaContext::Initialize() id: 'UnitCaptured'		parent: 'WorldPopups'		Context: 'InGame'
END    LuaContext::Initialize() id: 'UnitCaptured'
START  LuaContext::Initialize() id: 'WonderBuiltPopup'		parent: 'WorldPopups'		Context: 'InGame'
END    LuaContext::Initialize() id: 'WonderBuiltPopup'
START  LuaContext::Initialize() id: 'ProjectBuiltPopup'		parent: 'WorldPopups'		Context: 'InGame'
END    LuaContext::Initialize() id: 'ProjectBuiltPopup'
START  LuaContext::Initialize() id: 'MapPinPopup'		parent: 'WorldPopups'		Context: 'InGame'
END    LuaContext::Initialize() id: 'MapPinPopup'
START  LuaContext::Initialize() id: 'RazeCity'		parent: 'WorldPopups'		Context: 'InGame'
END    LuaContext::Initialize() id: 'RazeCity'
START  LuaContext::Initialize() id: 'ChooseArtifact'		parent: 'WorldPopups'		Context: 'InGame'
END    LuaContext::Initialize() id: 'ChooseArtifact'
START  LuaContext::Initialize() id: 'BoostUnlockedPopup'		parent: 'WorldPopups'		Context: 'InGame'
END    LuaContext::Initialize() id: 'BoostUnlockedPopup'
START  LuaContext::Initialize() id: 'TechCivicCompletedPopup'		parent: 'WorldPopups'		Context: 'InGame'
END    LuaContext::Initialize() id: 'TechCivicCompletedPopup'
START  LuaContext::Initialize() id: 'UnitPromotionPopup'		parent: 'WorldPopups'		Context: 'InGame'
END    LuaContext::Initialize() id: 'UnitPromotionPopup'
START  LuaContext::Initialize() id: 'EspionagePopup'		parent: 'WorldPopups'		Context: 'InGame'
END    LuaContext::Initialize() id: 'EspionagePopup'
START  LuaContext::Initialize() id: 'EspionageEscape'		parent: 'WorldPopups'		Context: 'InGame'
END    LuaContext::Initialize() id: 'EspionageEscape'
START  LuaContext::Initialize() id: 'EventPopup'		parent: 'WorldPopups'		Context: 'InGame'
END    LuaContext::Initialize() id: 'EventPopup'
START  LuaContext::Initialize() id: 'InGamePopup'		parent: 'WorldPopups'		Context: 'InGame'
END    LuaContext::Initialize() id: 'InGamePopup'
START  LuaContext::Initialize() id: 'Automation_NarrationPopup'		parent: 'WorldPopups'		Context: 'InGame'
END    LuaContext::Initialize() id: 'Automation_NarrationPopup'
START  LuaContext::Initialize() id: 'EndGameMenu'		parent: 'EndGame'		Context: 'InGame'
END    LuaContext::Initialize() id: 'EndGameMenu'
START  LuaContext::Initialize() id: 'LeaderScene'		parent: 'Diplomacy'		Context: 'InGame'
END    LuaContext::Initialize() id: 'LeaderScene'
START  LuaContext::Initialize() id: 'DiplomacyActionView'		parent: 'Diplomacy'		Context: 'InGame'
END    LuaContext::Initialize() id: 'DiplomacyActionView'
START  LuaContext::Initialize() id: 'DiplomacyDealView'		parent: 'Diplomacy'		Context: 'InGame'
END    LuaContext::Initialize() id: 'DiplomacyDealView'
START  LuaContext::Initialize() id: 'DeclareWarPopup'		parent: 'Diplomacy'		Context: 'InGame'
END    LuaContext::Initialize() id: 'DeclareWarPopup'
START  LuaContext::Initialize() id: 'PlayerChange'		parent: 'Network'		Context: 'InGame'
START  LuaContext::Initialize() id: 'SaveGameMenu'		parent: 'PlayerChange'		Context: 'InGame'
END    LuaContext::Initialize() id: 'SaveGameMenu'
END    LuaContext::Initialize() id: 'PlayerChange'
START  LuaContext::Initialize() id: 'NewTurnPanel'		parent: 'Network'		Context: 'InGame'
END    LuaContext::Initialize() id: 'NewTurnPanel'
START  LuaContext::Initialize() id: 'Civilopedia'		parent: 'InGame'		Context: 'NULL'
END    LuaContext::Initialize() id: 'Civilopedia'
START  LuaContext::Initialize() id: 'PausePanel'		parent: 'InGame'		Context: 'NULL'
END    LuaContext::Initialize() id: 'PausePanel'
START  LuaContext::Initialize() id: 'TopOptionsBackground'		parent: 'InGame'		Context: 'NULL'
END    LuaContext::Initialize() id: 'TopOptionsBackground'
START  LuaContext::Initialize() id: 'TopOptionsMenu'		parent: 'InGame'		Context: 'NULL'
START  LuaContext::Initialize() id: 'LoadGameMenu'		parent: 'TopOptionsMenu'		Context: 'NULL'
END    LuaContext::Initialize() id: 'LoadGameMenu'
START  LuaContext::Initialize() id: 'SaveGameMenu'		parent: 'TopOptionsMenu'		Context: 'NULL'
END    LuaContext::Initialize() id: 'SaveGameMenu'
START  LuaContext::Initialize() id: 'Options'		parent: 'TopOptionsMenu'		Context: 'NULL'
END    LuaContext::Initialize() id: 'Options'
END    LuaContext::Initialize() id: 'TopOptionsMenu'
END    LuaContext::Initialize() id: 'InGame'
START  LuaContext::Initialize() id: ''		parent: 'NULL'		Context: 'NULL'
START  LuaContext::Initialize() id: 'AdvisorPopup'		parent: 'TutorialUIRoot'		Context: 'NULL'
END    LuaContext::Initialize() id: 'AdvisorPopup'
START  LuaContext::Initialize() id: 'TutorialWorldAnchor'		parent: 'TutorialUIRoot'		Context: 'NULL'
END    LuaContext::Initialize() id: 'TutorialWorldAnchor'
END    LuaContext::Initialize() id: 'TutorialUIRoot'

NumBlocks:   4 
Allocated: 16.00 mb, Used: 16.00 mb, Free: 0.00 mb 

NumControls: 49307 

ControlBase Size: 184 

Active, 		Total, 		Object Size,		 Total Size		 Name

Num Child Nodes: 23705

Child Node distribution
14246 nodes have     0 children
 5225 nodes have     1 children
 2068 nodes have     2 children
  725 nodes have     3 children
  241 nodes have     4 children
  186 nodes have     5 children
  278 nodes have     6 children
  264 nodes have     7 children
   47 nodes have     8 children
   37 nodes have     9 children
   12 nodes have    10 children
    5 nodes have    11 children
  219 nodes have    12 children
    6 nodes have    13 children
    4 nodes have    14 children
  123 nodes have    15 children
    3 nodes have    16 children
    3 nodes have    18 children
    1 nodes have    23 children
    1 nodes have    24 children
    1 nodes have    26 children
    1 nodes have    27 children
    1 nodes have    28 children
    1 nodes have    32 children
    1 nodes have    33 children
    1 nodes have    35 children
    1 nodes have    43 children
    1 nodes have    48 children
    1 nodes have   176 children
    1 nodes have   299 children
    1 nodes have   355 children

Controls ID distribution
 6355 nodes have control IDs with     0 characters
   30 nodes have control IDs with     2 characters
  275 nodes have control IDs with     3 characters
  748 nodes have control IDs with     4 characters
  159 nodes have control IDs with     5 characters
  439 nodes have control IDs with     6 characters
  368 nodes have control IDs with     7 characters
 1274 nodes have control IDs with     8 characters
 1479 nodes have control IDs with     9 characters
 1950 nodes have control IDs with    10 characters
 1801 nodes have control IDs with    11 characters
 1299 nodes have control IDs with    12 characters
  697 nodes have control IDs with    13 characters
  892 nodes have control IDs with    14 characters
 1515 nodes have control IDs with    15 characters
  965 nodes have control IDs with    16 characters
 1194 nodes have control IDs with    17 characters
  385 nodes have control IDs with    18 characters
  768 nodes have control IDs with    19 characters
  238 nodes have control IDs with    20 characters
  192 nodes have control IDs with    21 characters
  227 nodes have control IDs with    22 characters
  109 nodes have control IDs with    23 characters
   37 nodes have control IDs with    24 characters
   76 nodes have control IDs with    25 characters
   22 nodes have control IDs with    26 characters
   77 nodes have control IDs with    27 characters
   13 nodes have control IDs with    28 characters
   52 nodes have control IDs with    29 characters
    3 nodes have control IDs with    30 characters
   10 nodes have control IDs with    31 characters
    7 nodes have control IDs with    32 characters
    1 nodes have control IDs with    33 characters
    1 nodes have control IDs with    34 characters
   45 nodes have control IDs with    35 characters
    1 nodes have control IDs with    37 characters
    1 nodes have control IDs with    38 characters

Contexts containing controls:
 8778 controls in context "UnitFlagManager"
 2151 controls in context "TechTree"
 2134 controls in context "CityBannerManager"
 1905 controls in context "CivicsTree"
 1134 controls in context "GreatPeoplePopup"
  727 controls in context "Options"
  627 controls in context "[NO CONTEXT]"
  567 controls in context "InGame"
  439 controls in context "WorldRankings"
  434 controls in context "DebugContext"
  430 controls in context "WorldViewIconsManager"
  259 controls in context "GovernmentScreen"
  257 controls in context "CityPanelOverview"
  244 controls in context "SaveGameMenu"
  239 controls in context "ReligionScreen"
  220 controls in context "DiplomacyDealView"
  180 controls in context "ResearchChooser"
  135 controls in context "ReportScreen"
  130 controls in context "EndGameMenu"
  128 controls in context "CityStates"
  119 controls in context "ActionPanel"
  118 controls in context "Civilopedia"
  116 controls in context "CityPanel"
  110 controls in context "LoadGameMenu"
  103 controls in context "MapPinPopup"
   97 controls in context "CivicsChooser"
   88 controls in context "WorldTracker"
   77 controls in context "TopPanel"
   71 controls in context "TradeOverview"
   69 controls in context "EspionageOverview"
   66 controls in context "EspionagePopup"
   62 controls in context "TradeRouteChooser"
   60 controls in context "DiplomacyActionView"
   59 controls in context "DeclareWarPopup"
   58 controls in context "LaunchBar"
   57 controls in context "EspionageEscape"
   54 controls in context "MinimapPanel"
   52 controls in context ""
   48 controls in context "EspionageChooser"
   44 controls in context "RazeCity"
   38 controls in context "GreatWorksOverview"
   33 controls in context "Automation_NarrationPopup"
   31 controls in context "AdvisorPopup"
   30 controls in context "NotificationPanel"
   29 controls in context "TechCivicCompletedPopup"
   25 controls in context "BoostUnlockedPopup"
   24 controls in context "EventPopup"
   23 controls in context "WonderBuiltPopup"
   22 controls in context "ChooseArtifact"
   18 controls in context "ProjectBuiltPopup"
   15 controls in context "TutorialWorldAnchor"
   14 controls in context "DebugPanel"
   13 controls in context "WorldInput"
   12 controls in context "ConfirmKick"
   11 controls in context "ModalLensPanel"
   10 controls in context "TopOptionsBackground"
    9 controls in context "TradeOriginChooser"
    7 controls in context "InGamePopup"
    6 controls in context "EraCompletePopup"
    5 controls in context "NewTurnPanel"
    2 controls in context "MultiplayerTurnManager"
